ci starts bisection 2022-10-10 17:29:42.751139953 +0000 UTC m=+201327.772551772
bisecting cause commit starting from b357fd1c2afc1a3e1b73dc4574bb7ac0e3bd4193
building syzkaller on feb5635181eb12a6e3516172a3f5af06a3bc93e1
ensuring issue is reproducible on original commit b357fd1c2afc1a3e1b73dc4574bb7ac0e3bd4193

testing commit b357fd1c2afc1a3e1b73dc4574bb7ac0e3bd4193 gcc
compiler: gcc (Debian 10.2.1-6) 10.2.1 20210110, GNU ld (GNU Binutils for Debian) 2.35.2
kernel signature: c2bf3cb71d864f3cf20971e61b9a7b610041ec677b9bb2a6e4e68b2652f9398f
all runs: crashed: KASAN: slab-out-of-bounds Read in ea_get
testing release v5.19
testing commit 3d7cb6b04c3f3115719235cc6866b10326de34cd gcc
compiler: gcc (Debian 10.2.1-6) 10.2.1 20210110, GNU ld (GNU Binutils for Debian) 2.35.2
kernel signature: 2326f6deea28e47c3ceb2341fd73eb35af4e4f7ace4a5c935de18ab6445cfc66
all runs: crashed: KASAN: slab-out-of-bounds Read in ea_get
testing release v5.18
testing commit 4b0986a3613c92f4ec1bdc7f60ec66fea135991f gcc
compiler: gcc (Debian 10.2.1-6) 10.2.1 20210110, GNU ld (GNU Binutils for Debian) 2.35.2
kernel signature: 505964a6b6b6035353cfa5f39170d1223fd00a4da7e7a3ea5301c97102993881
run #0: basic kernel testing failed: BUG: program execution failed: executor NUM: failed to write control pipe: write |NUM: broken pipe
run #1: crashed: KASAN: slab-out-of-bounds Read in ea_get
run #2: crashed: KASAN: slab-out-of-bounds Read in ea_get
run #3: crashed: KASAN: slab-out-of-bounds Read in ea_get
run #4: crashed: KASAN: slab-out-of-bounds Read in ea_get
run #5: crashed: KASAN: slab-out-of-bounds Read in ea_get
run #6: crashed: KASAN: slab-out-of-bounds Read in ea_get
run #7: crashed: KASAN: slab-out-of-bounds Read in ea_get
run #8: crashed: KASAN: slab-out-of-bounds Read in ea_get
run #9: crashed: KASAN: slab-out-of-bounds Read in ea_get
testing release v5.17
testing commit f443e374ae131c168a065ea1748feac6b2e76613 gcc
compiler: gcc (Debian 10.2.1-6) 10.2.1 20210110, GNU ld (GNU Binutils for Debian) 2.35.2
kernel signature: e3590184cb61d13a2380bfb9f88a302e8244164d861800dc0875578fe87d0080
all runs: crashed: KASAN: slab-out-of-bounds Read in ea_get
testing release v5.16
testing commit df0cc57e057f18e44dac8e6c18aba47ab53202f9 gcc
compiler: gcc (Debian 10.2.1-6) 10.2.1 20210110, GNU ld (GNU Binutils for Debian) 2.35.2
kernel signature: aeefca5016a78ceaf94e8691fe0002482b2a1f4e913afb3b96518893a0dd81ae
all runs: crashed: KASAN: slab-out-of-bounds Read in ea_get
testing release v5.15
testing commit 8bb7eca972ad531c9b149c0a51ab43a417385813 gcc
compiler: gcc (Debian 10.2.1-6) 10.2.1 20210110, GNU ld (GNU Binutils for Debian) 2.35.2
kernel signature: 4b619c2a09841d7be5525c8f779d074e3a6f792ede702d4f29f9582f304d1c72
all runs: crashed: KASAN: slab-out-of-bounds Read in ea_get
testing release v5.14
testing commit 7d2a07b769330c34b4deabeed939325c77a7ec2f gcc
compiler: gcc (Debian 10.2.1-6) 10.2.1 20210110, GNU ld (GNU Binutils for Debian) 2.35.2
kernel signature: 9c3f9a4badb036d162e14a962307bddcc48422f6af2cf82ae16e345f0ec777c7
all runs: crashed: KASAN: slab-out-of-bounds Read in ea_get
testing release v5.13
testing commit 62fb9874f5da54fdb243003b386128037319b219 gcc
compiler: gcc (Debian 10.2.1-6) 10.2.1 20210110, GNU ld (GNU Binutils for Debian) 2.35.2
kernel signature: f3e6975c67831dec2eee163c105a3966a08067106486a4411240224cefc7883e
all runs: crashed: KASAN: slab-out-of-bounds Read in ea_get
testing release v5.12
testing commit 9f4ad9e425a1d3b6a34617b8ea226d56a119a717 gcc
compiler: gcc (Debian 10.2.1-6) 10.2.1 20210110, GNU ld (GNU Binutils for Debian) 2.35.2
kernel signature: 1e8981fc17d8540ac2ab5df3f1940c74ae0e2e585adaf3a990d24f74ec1d09fb
all runs: crashed: KASAN: slab-out-of-bounds Read in ea_get
testing release v5.11
testing commit f40ddce88593482919761f74910f42f4b84c004b gcc
compiler: gcc (Debian 10.2.1-6) 10.2.1 20210110, GNU ld (GNU Binutils for Debian) 2.35.2
kernel signature: 2bb1c5ba19c92e627db9e57faefed30c0a7f579e7a8a20ec5902972a1bb34212
all runs: crashed: KASAN: slab-out-of-bounds Read in ea_get
testing release v5.10
testing commit 2c85ebc57b3e1817b6ce1a6b703928e113a90442 gcc
compiler: gcc (Debian 10.2.1-6) 10.2.1 20210110, GNU ld (GNU Binutils for Debian) 2.35.2
kernel signature: 1cf9d06c5301e0da62866d9c56010e4c35d31e714261fcc023ca30542e75f25c
all runs: basic kernel testing failed: KASAN: use-after-free Read in task_active_pid_ns
testing release v5.9
testing commit bbf5c979011a099af5dc76498918ed7df445635b gcc
compiler: gcc (Debian 10.2.1-6) 10.2.1 20210110, GNU ld (GNU Binutils for Debian) 2.35.2
kernel signature: 9e27cb0e9f21c37a96ca3576ee3404a49cc5a6f3c22264551d800090b6b56a8c
all runs: basic kernel testing failed: KASAN: use-after-free Read in task_active_pid_ns
testing release v5.8
testing commit bcf876870b95592b52519ed4aafcf9d95999bc9c gcc
compiler: gcc (GCC) 8.4.1 20210217, GNU ld (GNU Binutils for Debian) 2.35.2
kernel signature: f3c3a166489060afd1cecced0ab325b5be002a8a96e0f7130102f9a9146c33fd
all runs: basic kernel testing failed: KASAN: use-after-free Read in task_active_pid_ns
testing release v5.7
testing commit 3d77e6a8804abcc0504c904bd6e5cdf3a5cf8162 gcc
compiler: gcc version 8.4.1 20210217 (GCC), GNU ld (GNU Binutils for Debian) 2.35.2
kernel signature: 7b9288ad1bfd7c42808ce5861843c1870eedcfda693c2dc107b29532a3ac96fa
all runs: basic kernel testing failed: KASAN: use-after-free Read in task_active_pid_ns
testing release v5.6
testing commit 7111951b8d4973bda27ff663f2cf18b663d15b48 gcc
compiler: gcc version 8.4.1 20210217 (GCC)
kernel signature: 6aac14a512abd296f7239348a2c99101f7e2805a939ff604a9c22750e049f6ec
all runs: basic kernel testing failed: KASAN: use-after-free Read in task_active_pid_ns
testing release v5.5
testing commit d5226fa6dbae0569ee43ecfc08bdcd6770fc4755 gcc
compiler: gcc version 8.4.1 20210217 (GCC)
kernel signature: 8021ad24b5c1a9cac8bb0b90bba87efe2a92f84220a5f423e1c3e010ca83b864
all runs: basic kernel testing failed: KASAN: use-after-free Read in task_active_pid_ns
testing release v5.4
testing commit 219d54332a09e8d8741c1e1982f5eae56099de85 gcc
compiler: gcc version 8.4.1 20210217 (GCC)
kernel signature: ab79bbb75c6f05b6da807007a1e36520f2b23c32effe8308a316e3deff4ea022
run #0: basic kernel testing failed: KASAN: use-after-free Read in task_active_pid_ns
run #1: basic kernel testing failed: KASAN: use-after-free Read in task_active_pid_ns
run #2: basic kernel testing failed: KASAN: use-after-free Read in task_active_pid_ns
run #3: basic kernel testing failed: KASAN: use-after-free Read in task_active_pid_ns
run #4: basic kernel testing failed: KASAN: use-after-free Read in task_active_pid_ns
run #5: basic kernel testing failed: KASAN: use-after-free Read in __task_pid_nr_ns
run #6: basic kernel testing failed: KASAN: use-after-free Read in task_active_pid_ns
run #7: basic kernel testing failed: KASAN: use-after-free Read in __task_pid_nr_ns
run #8: basic kernel testing failed: KASAN: use-after-free Read in task_active_pid_ns
run #9: basic kernel testing failed: KASAN: use-after-free Read in task_active_pid_ns
testing release v5.3
testing commit 4d856f72c10ecb060868ed10ff1b1453943fc6c8 gcc
compiler: gcc version 8.4.1 20210217 (GCC)
kernel signature: 904fa5b0b09bf23751e6ca666681800dfd46059993cbabc86cd01ab00e012b86
run #0: basic kernel testing failed: failed to copy test binary to VM: failed to run ["scp" "-P" "22" "-F" "/dev/null" "-o" "UserKnownHostsFile=/dev/null" "-o" "BatchMode=yes" "-o" "IdentitiesOnly=yes" "-o" "StrictHostKeyChecking=no" "-o" "ConnectTimeout=10" "/syzkaller/jobs/linux/gopath/src/github.com/google/syzkaller/bin/linux_amd64/syz-fuzzer" "root@10.128.10.55:./syz-fuzzer"]: exit status 1
Warning: Permanently added '10.128.10.55' (ECDSA) to the list of known hosts.
scp: ./syz-fuzzer: Read-only file system

run #1: basic kernel testing failed: failed to copy test binary to VM: failed to run ["scp" "-P" "22" "-F" "/dev/null" "-o" "UserKnownHostsFile=/dev/null" "-o" "BatchMode=yes" "-o" "IdentitiesOnly=yes" "-o" "StrictHostKeyChecking=no" "-o" "ConnectTimeout=10" "/syzkaller/jobs/linux/gopath/src/github.com/google/syzkaller/bin/linux_amd64/syz-fuzzer" "root@10.128.10.57:./syz-fuzzer"]: exit status 1
Warning: Permanently added '10.128.10.57' (ECDSA) to the list of known hosts.
scp: ./syz-fuzzer: Read-only file system

run #2: basic kernel testing failed: failed to copy test binary to VM: failed to run ["scp" "-P" "22" "-F" "/dev/null" "-o" "UserKnownHostsFile=/dev/null" "-o" "BatchMode=yes" "-o" "IdentitiesOnly=yes" "-o" "StrictHostKeyChecking=no" "-o" "ConnectTimeout=10" "/syzkaller/jobs/linux/gopath/src/github.com/google/syzkaller/bin/linux_amd64/syz-fuzzer" "root@10.128.15.192:./syz-fuzzer"]: exit status 1
Warning: Permanently added '10.128.15.192' (ECDSA) to the list of known hosts.
scp: ./syz-fuzzer: Read-only file system

run #3: basic kernel testing failed: failed to copy test binary to VM: failed to run ["scp" "-P" "22" "-F" "/dev/null" "-o" "UserKnownHostsFile=/dev/null" "-o" "BatchMode=yes" "-o" "IdentitiesOnly=yes" "-o" "StrictHostKeyChecking=no" "-o" "ConnectTimeout=10" "/syzkaller/jobs/linux/gopath/src/github.com/google/syzkaller/bin/linux_amd64/syz-fuzzer" "root@10.128.10.62:./syz-fuzzer"]: exit status 1
Warning: Permanently added '10.128.10.62' (ECDSA) to the list of known hosts.
scp: ./syz-fuzzer: Read-only file system

run #4: basic kernel testing failed: failed to copy test binary to VM: failed to run ["scp" "-P" "22" "-F" "/dev/null" "-o" "UserKnownHostsFile=/dev/null" "-o" "BatchMode=yes" "-o" "IdentitiesOnly=yes" "-o" "StrictHostKeyChecking=no" "-o" "ConnectTimeout=10" "/syzkaller/jobs/linux/gopath/src/github.com/google/syzkaller/bin/linux_amd64/syz-fuzzer" "root@10.128.15.193:./syz-fuzzer"]: exit status 1
Warning: Permanently added '10.128.15.193' (ECDSA) to the list of known hosts.
scp: ./syz-fuzzer: Read-only file system

run #5: basic kernel testing failed: failed to copy test binary to VM: failed to run ["scp" "-P" "22" "-F" "/dev/null" "-o" "UserKnownHostsFile=/dev/null" "-o" "BatchMode=yes" "-o" "IdentitiesOnly=yes" "-o" "StrictHostKeyChecking=no" "-o" "ConnectTimeout=10" "/syzkaller/jobs/linux/gopath/src/github.com/google/syzkaller/bin/linux_amd64/syz-fuzzer" "root@10.128.10.60:./syz-fuzzer"]: exit status 1
Warning: Permanently added '10.128.10.60' (ECDSA) to the list of known hosts.
scp: ./syz-fuzzer: Read-only file system

run #6: basic kernel testing failed: failed to copy test binary to VM: failed to run ["scp" "-P" "22" "-F" "/dev/null" "-o" "UserKnownHostsFile=/dev/null" "-o" "BatchMode=yes" "-o" "IdentitiesOnly=yes" "-o" "StrictHostKeyChecking=no" "-o" "ConnectTimeout=10" "/syzkaller/jobs/linux/gopath/src/github.com/google/syzkaller/bin/linux_amd64/syz-fuzzer" "root@10.128.15.195:./syz-fuzzer"]: exit status 1
Warning: Permanently added '10.128.15.195' (ECDSA) to the list of known hosts.
scp: ./syz-fuzzer: Read-only file system

run #7: basic kernel testing failed: failed to copy test binary to VM: failed to run ["scp" "-P" "22" "-F" "/dev/null" "-o" "UserKnownHostsFile=/dev/null" "-o" "BatchMode=yes" "-o" "IdentitiesOnly=yes" "-o" "StrictHostKeyChecking=no" "-o" "ConnectTimeout=10" "/syzkaller/jobs/linux/gopath/src/github.com/google/syzkaller/bin/linux_amd64/syz-fuzzer" "root@10.128.10.63:./syz-fuzzer"]: exit status 1
Warning: Permanently added '10.128.10.63' (ECDSA) to the list of known hosts.
scp: ./syz-fuzzer: Read-only file system

run #8: basic kernel testing failed: failed to copy test binary to VM: failed to run ["scp" "-P" "22" "-F" "/dev/null" "-o" "UserKnownHostsFile=/dev/null" "-o" "BatchMode=yes" "-o" "IdentitiesOnly=yes" "-o" "StrictHostKeyChecking=no" "-o" "ConnectTimeout=10" "/syzkaller/jobs/linux/gopath/src/github.com/google/syzkaller/bin/linux_amd64/syz-fuzzer" "root@10.128.0.147:./syz-fuzzer"]: exit status 1
Warning: Permanently added '10.128.0.147' (ECDSA) to the list of known hosts.
scp: ./syz-fuzzer: Read-only file system

run #9: basic kernel testing failed: failed to copy test binary to VM: failed to run ["scp" "-P" "22" "-F" "/dev/null" "-o" "UserKnownHostsFile=/dev/null" "-o" "BatchMode=yes" "-o" "IdentitiesOnly=yes" "-o" "StrictHostKeyChecking=no" "-o" "ConnectTimeout=10" "/syzkaller/jobs/linux/gopath/src/github.com/google/syzkaller/bin/linux_amd64/syz-fuzzer" "root@10.128.0.55:./syz-fuzzer"]: exit status 1
Warning: Permanently added '10.128.0.55' (ECDSA) to the list of known hosts.
scp: ./syz-fuzzer: Read-only file system

testing release v5.2
testing commit 0ecfebd2b52404ae0c54a878c872bb93363ada36 gcc
compiler: gcc version 8.4.1 20210217 (GCC)
kernel signature: b30fc6790b0fee1f03cb0ecc08f0f1d62ee0b39b563e1ff6e22e3c12cd2bb532
run #0: basic kernel testing failed: failed to copy test binary to VM: failed to run ["scp" "-P" "22" "-F" "/dev/null" "-o" "UserKnownHostsFile=/dev/null" "-o" "BatchMode=yes" "-o" "IdentitiesOnly=yes" "-o" "StrictHostKeyChecking=no" "-o" "ConnectTimeout=10" "/syzkaller/jobs/linux/gopath/src/github.com/google/syzkaller/bin/linux_amd64/syz-fuzzer" "root@10.128.10.44:./syz-fuzzer"]: exit status 1
Warning: Permanently added '10.128.10.44' (ECDSA) to the list of known hosts.
scp: ./syz-fuzzer: Read-only file system

run #1: basic kernel testing failed: failed to copy test binary to VM: failed to run ["scp" "-P" "22" "-F" "/dev/null" "-o" "UserKnownHostsFile=/dev/null" "-o" "BatchMode=yes" "-o" "IdentitiesOnly=yes" "-o" "StrictHostKeyChecking=no" "-o" "ConnectTimeout=10" "/syzkaller/jobs/linux/gopath/src/github.com/google/syzkaller/bin/linux_amd64/syz-fuzzer" "root@10.128.10.63:./syz-fuzzer"]: exit status 1
Warning: Permanently added '10.128.10.63' (ECDSA) to the list of known hosts.
scp: ./syz-fuzzer: Read-only file system

run #2: basic kernel testing failed: failed to copy test binary to VM: failed to run ["scp" "-P" "22" "-F" "/dev/null" "-o" "UserKnownHostsFile=/dev/null" "-o" "BatchMode=yes" "-o" "IdentitiesOnly=yes" "-o" "StrictHostKeyChecking=no" "-o" "ConnectTimeout=10" "/syzkaller/jobs/linux/gopath/src/github.com/google/syzkaller/bin/linux_amd64/syz-fuzzer" "root@10.128.15.194:./syz-fuzzer"]: exit status 1
Warning: Permanently added '10.128.15.194' (ECDSA) to the list of known hosts.
scp: ./syz-fuzzer: Read-only file system

run #3: basic kernel testing failed: failed to copy test binary to VM: failed to run ["scp" "-P" "22" "-F" "/dev/null" "-o" "UserKnownHostsFile=/dev/null" "-o" "BatchMode=yes" "-o" "IdentitiesOnly=yes" "-o" "StrictHostKeyChecking=no" "-o" "ConnectTimeout=10" "/syzkaller/jobs/linux/gopath/src/github.com/google/syzkaller/bin/linux_amd64/syz-fuzzer" "root@10.128.10.47:./syz-fuzzer"]: exit status 1
Warning: Permanently added '10.128.10.47' (ECDSA) to the list of known hosts.
scp: ./syz-fuzzer: Read-only file system

run #4: basic kernel testing failed: failed to copy test binary to VM: failed to run ["scp" "-P" "22" "-F" "/dev/null" "-o" "UserKnownHostsFile=/dev/null" "-o" "BatchMode=yes" "-o" "IdentitiesOnly=yes" "-o" "StrictHostKeyChecking=no" "-o" "ConnectTimeout=10" "/syzkaller/jobs/linux/gopath/src/github.com/google/syzkaller/bin/linux_amd64/syz-fuzzer" "root@10.128.15.192:./syz-fuzzer"]: exit status 1
Warning: Permanently added '10.128.15.192' (ECDSA) to the list of known hosts.
scp: ./syz-fuzzer: Read-only file system

run #5: basic kernel testing failed: failed to copy test binary to VM: failed to run ["scp" "-P" "22" "-F" "/dev/null" "-o" "UserKnownHostsFile=/dev/null" "-o" "BatchMode=yes" "-o" "IdentitiesOnly=yes" "-o" "StrictHostKeyChecking=no" "-o" "ConnectTimeout=10" "/syzkaller/jobs/linux/gopath/src/github.com/google/syzkaller/bin/linux_amd64/syz-fuzzer" "root@10.128.15.195:./syz-fuzzer"]: exit status 1
Warning: Permanently added '10.128.15.195' (ECDSA) to the list of known hosts.
scp: ./syz-fuzzer: Read-only file system

run #6: basic kernel testing failed: failed to copy test binary to VM: failed to run ["scp" "-P" "22" "-F" "/dev/null" "-o" "UserKnownHostsFile=/dev/null" "-o" "BatchMode=yes" "-o" "IdentitiesOnly=yes" "-o" "StrictHostKeyChecking=no" "-o" "ConnectTimeout=10" "/syzkaller/jobs/linux/gopath/src/github.com/google/syzkaller/bin/linux_amd64/syz-fuzzer" "root@10.128.10.6:./syz-fuzzer"]: exit status 1
Warning: Permanently added '10.128.10.6' (ECDSA) to the list of known hosts.
scp: ./syz-fuzzer: Read-only file system

run #7: basic kernel testing failed: failed to copy test binary to VM: failed to run ["scp" "-P" "22" "-F" "/dev/null" "-o" "UserKnownHostsFile=/dev/null" "-o" "BatchMode=yes" "-o" "IdentitiesOnly=yes" "-o" "StrictHostKeyChecking=no" "-o" "ConnectTimeout=10" "/syzkaller/jobs/linux/gopath/src/github.com/google/syzkaller/bin/linux_amd64/syz-fuzzer" "root@10.128.0.202:./syz-fuzzer"]: exit status 1
Warning: Permanently added '10.128.0.202' (ECDSA) to the list of known hosts.
scp: ./syz-fuzzer: Read-only file system

run #8: basic kernel testing failed: failed to copy test binary to VM: failed to run ["scp" "-P" "22" "-F" "/dev/null" "-o" "UserKnownHostsFile=/dev/null" "-o" "BatchMode=yes" "-o" "IdentitiesOnly=yes" "-o" "StrictHostKeyChecking=no" "-o" "ConnectTimeout=10" "/syzkaller/jobs/linux/gopath/src/github.com/google/syzkaller/bin/linux_amd64/syz-fuzzer" "root@10.128.0.79:./syz-fuzzer"]: exit status 1
Warning: Permanently added '10.128.0.79' (ECDSA) to the list of known hosts.
scp: ./syz-fuzzer: Read-only file system

run #9: basic kernel testing failed: failed to copy test binary to VM: failed to run ["scp" "-P" "22" "-F" "/dev/null" "-o" "UserKnownHostsFile=/dev/null" "-o" "BatchMode=yes" "-o" "IdentitiesOnly=yes" "-o" "StrictHostKeyChecking=no" "-o" "ConnectTimeout=10" "/syzkaller/jobs/linux/gopath/src/github.com/google/syzkaller/bin/linux_amd64/syz-fuzzer" "root@10.128.10.26:./syz-fuzzer"]: exit status 1
Warning: Permanently added '10.128.10.26' (ECDSA) to the list of known hosts.
scp: ./syz-fuzzer: Read-only file system

testing release v5.1
testing commit e93c9c99a629c61837d5a7fc2120cd2b6c70dbdd gcc
compiler: gcc version 8.4.1 20210217 (GCC)
kernel signature: e163a553718bb700051c879a54a9dd61647b32f8edf53198741434e027c5008d
run #0: basic kernel testing failed: failed to copy test binary to VM: failed to run ["scp" "-P" "22" "-F" "/dev/null" "-o" "UserKnownHostsFile=/dev/null" "-o" "BatchMode=yes" "-o" "IdentitiesOnly=yes" "-o" "StrictHostKeyChecking=no" "-o" "ConnectTimeout=10" "/syzkaller/jobs/linux/gopath/src/github.com/google/syzkaller/bin/linux_amd64/syz-fuzzer" "root@10.128.0.15:./syz-fuzzer"]: exit status 1
Warning: Permanently added '10.128.0.15' (ECDSA) to the list of known hosts.
scp: ./syz-fuzzer: Read-only file system

run #1: basic kernel testing failed: failed to copy test binary to VM: failed to run ["scp" "-P" "22" "-F" "/dev/null" "-o" "UserKnownHostsFile=/dev/null" "-o" "BatchMode=yes" "-o" "IdentitiesOnly=yes" "-o" "StrictHostKeyChecking=no" "-o" "ConnectTimeout=10" "/syzkaller/jobs/linux/gopath/src/github.com/google/syzkaller/bin/linux_amd64/syz-fuzzer" "root@10.128.0.119:./syz-fuzzer"]: exit status 1
Warning: Permanently added '10.128.0.119' (ECDSA) to the list of known hosts.
scp: ./syz-fuzzer: Read-only file system

run #2: basic kernel testing failed: failed to copy test binary to VM: failed to run ["scp" "-P" "22" "-F" "/dev/null" "-o" "UserKnownHostsFile=/dev/null" "-o" "BatchMode=yes" "-o" "IdentitiesOnly=yes" "-o" "StrictHostKeyChecking=no" "-o" "ConnectTimeout=10" "/syzkaller/jobs/linux/gopath/src/github.com/google/syzkaller/bin/linux_amd64/syz-fuzzer" "root@10.128.1.86:./syz-fuzzer"]: exit status 1
Warning: Permanently added '10.128.1.86' (ECDSA) to the list of known hosts.
scp: ./syz-fuzzer: Read-only file system

run #3: basic kernel testing failed: failed to copy test binary to VM: failed to run ["scp" "-P" "22" "-F" "/dev/null" "-o" "UserKnownHostsFile=/dev/null" "-o" "BatchMode=yes" "-o" "IdentitiesOnly=yes" "-o" "StrictHostKeyChecking=no" "-o" "ConnectTimeout=10" "/syzkaller/jobs/linux/gopath/src/github.com/google/syzkaller/bin/linux_amd64/syz-fuzzer" "root@10.128.1.82:./syz-fuzzer"]: exit status 1
Warning: Permanently added '10.128.1.82' (ECDSA) to the list of known hosts.
scp: ./syz-fuzzer: Read-only file system

run #4: basic kernel testing failed: failed to copy test binary to VM: failed to run ["scp" "-P" "22" "-F" "/dev/null" "-o" "UserKnownHostsFile=/dev/null" "-o" "BatchMode=yes" "-o" "IdentitiesOnly=yes" "-o" "StrictHostKeyChecking=no" "-o" "ConnectTimeout=10" "/syzkaller/jobs/linux/gopath/src/github.com/google/syzkaller/bin/linux_amd64/syz-fuzzer" "root@10.128.1.22:./syz-fuzzer"]: exit status 1
Warning: Permanently added '10.128.1.22' (ECDSA) to the list of known hosts.
scp: ./syz-fuzzer: Read-only file system

run #5: basic kernel testing failed: failed to copy test binary to VM: failed to run ["scp" "-P" "22" "-F" "/dev/null" "-o" "UserKnownHostsFile=/dev/null" "-o" "BatchMode=yes" "-o" "IdentitiesOnly=yes" "-o" "StrictHostKeyChecking=no" "-o" "ConnectTimeout=10" "/syzkaller/jobs/linux/gopath/src/github.com/google/syzkaller/bin/linux_amd64/syz-fuzzer" "root@10.128.1.10:./syz-fuzzer"]: exit status 1
Warning: Permanently added '10.128.1.10' (ECDSA) to the list of known hosts.
scp: ./syz-fuzzer: Read-only file system

run #6: basic kernel testing failed: failed to copy test binary to VM: failed to run ["scp" "-P" "22" "-F" "/dev/null" "-o" "UserKnownHostsFile=/dev/null" "-o" "BatchMode=yes" "-o" "IdentitiesOnly=yes" "-o" "StrictHostKeyChecking=no" "-o" "ConnectTimeout=10" "/syzkaller/jobs/linux/gopath/src/github.com/google/syzkaller/bin/linux_amd64/syz-fuzzer" "root@10.128.1.87:./syz-fuzzer"]: exit status 1
Warning: Permanently added '10.128.1.87' (ECDSA) to the list of known hosts.
scp: ./syz-fuzzer: Read-only file system

run #7: basic kernel testing failed: failed to copy test binary to VM: failed to run ["scp" "-P" "22" "-F" "/dev/null" "-o" "UserKnownHostsFile=/dev/null" "-o" "BatchMode=yes" "-o" "IdentitiesOnly=yes" "-o" "StrictHostKeyChecking=no" "-o" "ConnectTimeout=10" "/syzkaller/jobs/linux/gopath/src/github.com/google/syzkaller/bin/linux_amd64/syz-fuzzer" "root@10.128.1.89:./syz-fuzzer"]: exit status 1
Warning: Permanently added '10.128.1.89' (ECDSA) to the list of known hosts.
scp: ./syz-fuzzer: Read-only file system

run #8: basic kernel testing failed: failed to copy test binary to VM: failed to run ["scp" "-P" "22" "-F" "/dev/null" "-o" "UserKnownHostsFile=/dev/null" "-o" "BatchMode=yes" "-o" "IdentitiesOnly=yes" "-o" "StrictHostKeyChecking=no" "-o" "ConnectTimeout=10" "/syzkaller/jobs/linux/gopath/src/github.com/google/syzkaller/bin/linux_amd64/syz-fuzzer" "root@10.128.0.10:./syz-fuzzer"]: exit status 1
Warning: Permanently added '10.128.0.10' (ECDSA) to the list of known hosts.
scp: ./syz-fuzzer: Read-only file system

run #9: basic kernel testing failed: failed to copy test binary to VM: failed to run ["scp" "-P" "22" "-F" "/dev/null" "-o" "UserKnownHostsFile=/dev/null" "-o" "BatchMode=yes" "-o" "IdentitiesOnly=yes" "-o" "StrictHostKeyChecking=no" "-o" "ConnectTimeout=10" "/syzkaller/jobs/linux/gopath/src/github.com/google/syzkaller/bin/linux_amd64/syz-fuzzer" "root@10.128.1.119:./syz-fuzzer"]: exit status 1
Warning: Permanently added '10.128.1.119' (ECDSA) to the list of known hosts.
scp: ./syz-fuzzer: Read-only file system

testing release v5.0
testing commit 1c163f4c7b3f621efff9b28a47abb36f7378d783 gcc
compiler: gcc version 8.4.1 20210217 (GCC)
kernel signature: a660e96cfb7a10225a7a8e59e1ab5aa065521028721635358578b199434d5d0b
run #0: basic kernel testing failed: failed to copy test binary to VM: failed to run ["scp" "-P" "22" "-F" "/dev/null" "-o" "UserKnownHostsFile=/dev/null" "-o" "BatchMode=yes" "-o" "IdentitiesOnly=yes" "-o" "StrictHostKeyChecking=no" "-o" "ConnectTimeout=10" "/syzkaller/jobs/linux/gopath/src/github.com/google/syzkaller/bin/linux_amd64/syz-fuzzer" "root@10.128.1.24:./syz-fuzzer"]: exit status 1
Warning: Permanently added '10.128.1.24' (ECDSA) to the list of known hosts.
scp: ./syz-fuzzer: Read-only file system

run #1: basic kernel testing failed: failed to copy test binary to VM: failed to run ["scp" "-P" "22" "-F" "/dev/null" "-o" "UserKnownHostsFile=/dev/null" "-o" "BatchMode=yes" "-o" "IdentitiesOnly=yes" "-o" "StrictHostKeyChecking=no" "-o" "ConnectTimeout=10" "/syzkaller/jobs/linux/gopath/src/github.com/google/syzkaller/bin/linux_amd64/syz-fuzzer" "root@10.128.0.60:./syz-fuzzer"]: exit status 1
Warning: Permanently added '10.128.0.60' (ECDSA) to the list of known hosts.
scp: ./syz-fuzzer: Read-only file system

run #2: basic kernel testing failed: failed to copy test binary to VM: failed to run ["scp" "-P" "22" "-F" "/dev/null" "-o" "UserKnownHostsFile=/dev/null" "-o" "BatchMode=yes" "-o" "IdentitiesOnly=yes" "-o" "StrictHostKeyChecking=no" "-o" "ConnectTimeout=10" "/syzkaller/jobs/linux/gopath/src/github.com/google/syzkaller/bin/linux_amd64/syz-fuzzer" "root@10.128.10.44:./syz-fuzzer"]: exit status 1
Warning: Permanently added '10.128.10.44' (ECDSA) to the list of known hosts.
scp: ./syz-fuzzer: Read-only file system

run #3: basic kernel testing failed: failed to copy test binary to VM: failed to run ["scp" "-P" "22" "-F" "/dev/null" "-o" "UserKnownHostsFile=/dev/null" "-o" "BatchMode=yes" "-o" "IdentitiesOnly=yes" "-o" "StrictHostKeyChecking=no" "-o" "ConnectTimeout=10" "/syzkaller/jobs/linux/gopath/src/github.com/google/syzkaller/bin/linux_amd64/syz-fuzzer" "root@10.128.0.77:./syz-fuzzer"]: exit status 1
Warning: Permanently added '10.128.0.77' (ECDSA) to the list of known hosts.
scp: ./syz-fuzzer: Read-only file system

run #4: basic kernel testing failed: failed to copy test binary to VM: failed to run ["scp" "-P" "22" "-F" "/dev/null" "-o" "UserKnownHostsFile=/dev/null" "-o" "BatchMode=yes" "-o" "IdentitiesOnly=yes" "-o" "StrictHostKeyChecking=no" "-o" "ConnectTimeout=10" "/syzkaller/jobs/linux/gopath/src/github.com/google/syzkaller/bin/linux_amd64/syz-fuzzer" "root@10.128.15.194:./syz-fuzzer"]: exit status 1
Warning: Permanently added '10.128.15.194' (ECDSA) to the list of known hosts.
scp: ./syz-fuzzer: Read-only file system

run #5: basic kernel testing failed: failed to copy test binary to VM: failed to run ["scp" "-P" "22" "-F" "/dev/null" "-o" "UserKnownHostsFile=/dev/null" "-o" "BatchMode=yes" "-o" "IdentitiesOnly=yes" "-o" "StrictHostKeyChecking=no" "-o" "ConnectTimeout=10" "/syzkaller/jobs/linux/gopath/src/github.com/google/syzkaller/bin/linux_amd64/syz-fuzzer" "root@10.128.15.196:./syz-fuzzer"]: exit status 1
Warning: Permanently added '10.128.15.196' (ECDSA) to the list of known hosts.
scp: ./syz-fuzzer: Read-only file system

run #6: basic kernel testing failed: failed to copy test binary to VM: failed to run ["scp" "-P" "22" "-F" "/dev/null" "-o" "UserKnownHostsFile=/dev/null" "-o" "BatchMode=yes" "-o" "IdentitiesOnly=yes" "-o" "StrictHostKeyChecking=no" "-o" "ConnectTimeout=10" "/syzkaller/jobs/linux/gopath/src/github.com/google/syzkaller/bin/linux_amd64/syz-fuzzer" "root@10.128.15.197:./syz-fuzzer"]: exit status 1
Warning: Permanently added '10.128.15.197' (ECDSA) to the list of known hosts.
scp: ./syz-fuzzer: Read-only file system

run #7: basic kernel testing failed: failed to copy test binary to VM: failed to run ["scp" "-P" "22" "-F" "/dev/null" "-o" "UserKnownHostsFile=/dev/null" "-o" "BatchMode=yes" "-o" "IdentitiesOnly=yes" "-o" "StrictHostKeyChecking=no" "-o" "ConnectTimeout=10" "/syzkaller/jobs/linux/gopath/src/github.com/google/syzkaller/bin/linux_amd64/syz-fuzzer" "root@10.128.15.199:./syz-fuzzer"]: exit status 1
Warning: Permanently added '10.128.15.199' (ECDSA) to the list of known hosts.
scp: ./syz-fuzzer: Read-only file system

run #8: basic kernel testing failed: failed to copy test binary to VM: failed to run ["scp" "-P" "22" "-F" "/dev/null" "-o" "UserKnownHostsFile=/dev/null" "-o" "BatchMode=yes" "-o" "IdentitiesOnly=yes" "-o" "StrictHostKeyChecking=no" "-o" "ConnectTimeout=10" "/syzkaller/jobs/linux/gopath/src/github.com/google/syzkaller/bin/linux_amd64/syz-fuzzer" "root@10.128.15.202:./syz-fuzzer"]: exit status 1
Warning: Permanently added '10.128.15.202' (ECDSA) to the list of known hosts.
scp: ./syz-fuzzer: Read-only file system

run #9: basic kernel testing failed: failed to copy test binary to VM: failed to run ["scp" "-P" "22" "-F" "/dev/null" "-o" "UserKnownHostsFile=/dev/null" "-o" "BatchMode=yes" "-o" "IdentitiesOnly=yes" "-o" "StrictHostKeyChecking=no" "-o" "ConnectTimeout=10" "/syzkaller/jobs/linux/gopath/src/github.com/google/syzkaller/bin/linux_amd64/syz-fuzzer" "root@10.128.15.204:./syz-fuzzer"]: exit status 1
Warning: Permanently added '10.128.15.204' (ECDSA) to the list of known hosts.
scp: ./syz-fuzzer: Read-only file system

testing release v4.20
testing commit 8fe28cb58bcb235034b64cbbb7550a8a43fd88be gcc
compiler: gcc version 8.4.1 20210217 (GCC)
kernel signature: 7623c39e251af533edc43607b5303efdfd7dcbd1bf976d43a72aae5a57612741
run #0: basic kernel testing failed: failed to copy test binary to VM: failed to run ["scp" "-P" "22" "-F" "/dev/null" "-o" "UserKnownHostsFile=/dev/null" "-o" "BatchMode=yes" "-o" "IdentitiesOnly=yes" "-o" "StrictHostKeyChecking=no" "-o" "ConnectTimeout=10" "/syzkaller/jobs/linux/gopath/src/github.com/google/syzkaller/bin/linux_amd64/syz-fuzzer" "root@10.128.0.131:./syz-fuzzer"]: exit status 1
Warning: Permanently added '10.128.0.131' (ECDSA) to the list of known hosts.
scp: ./syz-fuzzer: Read-only file system

run #1: basic kernel testing failed: failed to copy test binary to VM: failed to run ["scp" "-P" "22" "-F" "/dev/null" "-o" "UserKnownHostsFile=/dev/null" "-o" "BatchMode=yes" "-o" "IdentitiesOnly=yes" "-o" "StrictHostKeyChecking=no" "-o" "ConnectTimeout=10" "/syzkaller/jobs/linux/gopath/src/github.com/google/syzkaller/bin/linux_amd64/syz-fuzzer" "root@10.128.1.88:./syz-fuzzer"]: exit status 1
Warning: Permanently added '10.128.1.88' (ECDSA) to the list of known hosts.
scp: ./syz-fuzzer: Read-only file system

run #2: basic kernel testing failed: failed to copy test binary to VM: failed to run ["scp" "-P" "22" "-F" "/dev/null" "-o" "UserKnownHostsFile=/dev/null" "-o" "BatchMode=yes" "-o" "IdentitiesOnly=yes" "-o" "StrictHostKeyChecking=no" "-o" "ConnectTimeout=10" "/syzkaller/jobs/linux/gopath/src/github.com/google/syzkaller/bin/linux_amd64/syz-fuzzer" "root@10.128.15.195:./syz-fuzzer"]: exit status 1
Warning: Permanently added '10.128.15.195' (ECDSA) to the list of known hosts.
scp: ./syz-fuzzer: Read-only file system

run #3: basic kernel testing failed: failed to copy test binary to VM: failed to run ["scp" "-P" "22" "-F" "/dev/null" "-o" "UserKnownHostsFile=/dev/null" "-o" "BatchMode=yes" "-o" "IdentitiesOnly=yes" "-o" "StrictHostKeyChecking=no" "-o" "ConnectTimeout=10" "/syzkaller/jobs/linux/gopath/src/github.com/google/syzkaller/bin/linux_amd64/syz-fuzzer" "root@10.128.15.194:./syz-fuzzer"]: exit status 1
Warning: Permanently added '10.128.15.194' (ECDSA) to the list of known hosts.
scp: ./syz-fuzzer: Read-only file system

run #4: basic kernel testing failed: failed to copy test binary to VM: failed to run ["scp" "-P" "22" "-F" "/dev/null" "-o" "UserKnownHostsFile=/dev/null" "-o" "BatchMode=yes" "-o" "IdentitiesOnly=yes" "-o" "StrictHostKeyChecking=no" "-o" "ConnectTimeout=10" "/syzkaller/jobs/linux/gopath/src/github.com/google/syzkaller/bin/linux_amd64/syz-fuzzer" "root@10.128.0.143:./syz-fuzzer"]: exit status 1
Warning: Permanently added '10.128.0.143' (ECDSA) to the list of known hosts.
scp: ./syz-fuzzer: Read-only file system

run #5: basic kernel testing failed: failed to copy test binary to VM: failed to run ["scp" "-P" "22" "-F" "/dev/null" "-o" "UserKnownHostsFile=/dev/null" "-o" "BatchMode=yes" "-o" "IdentitiesOnly=yes" "-o" "StrictHostKeyChecking=no" "-o" "ConnectTimeout=10" "/syzkaller/jobs/linux/gopath/src/github.com/google/syzkaller/bin/linux_amd64/syz-fuzzer" "root@10.128.15.192:./syz-fuzzer"]: exit status 1
Warning: Permanently added '10.128.15.192' (ECDSA) to the list of known hosts.
scp: ./syz-fuzzer: Read-only file system

run #6: basic kernel testing failed: failed to copy test binary to VM: failed to run ["scp" "-P" "22" "-F" "/dev/null" "-o" "UserKnownHostsFile=/dev/null" "-o" "BatchMode=yes" "-o" "IdentitiesOnly=yes" "-o" "StrictHostKeyChecking=no" "-o" "ConnectTimeout=10" "/syzkaller/jobs/linux/gopath/src/github.com/google/syzkaller/bin/linux_amd64/syz-fuzzer" "root@10.128.10.21:./syz-fuzzer"]: exit status 1
Warning: Permanently added '10.128.10.21' (ECDSA) to the list of known hosts.
scp: ./syz-fuzzer: Read-only file system

run #7: basic kernel testing failed: failed to copy test binary to VM: failed to run ["scp" "-P" "22" "-F" "/dev/null" "-o" "UserKnownHostsFile=/dev/null" "-o" "BatchMode=yes" "-o" "IdentitiesOnly=yes" "-o" "StrictHostKeyChecking=no" "-o" "ConnectTimeout=10" "/syzkaller/jobs/linux/gopath/src/github.com/google/syzkaller/bin/linux_amd64/syz-fuzzer" "root@10.128.10.56:./syz-fuzzer"]: exit status 1
Warning: Permanently added '10.128.10.56' (ECDSA) to the list of known hosts.
scp: ./syz-fuzzer: Read-only file system

run #8: basic kernel testing failed: failed to copy test binary to VM: failed to run ["scp" "-P" "22" "-F" "/dev/null" "-o" "UserKnownHostsFile=/dev/null" "-o" "BatchMode=yes" "-o" "IdentitiesOnly=yes" "-o" "StrictHostKeyChecking=no" "-o" "ConnectTimeout=10" "/syzkaller/jobs/linux/gopath/src/github.com/google/syzkaller/bin/linux_amd64/syz-fuzzer" "root@10.128.1.55:./syz-fuzzer"]: exit status 1
Warning: Permanently added '10.128.1.55' (ECDSA) to the list of known hosts.
scp: ./syz-fuzzer: Read-only file system

run #9: basic kernel testing failed: failed to copy test binary to VM: failed to run ["scp" "-P" "22" "-F" "/dev/null" "-o" "UserKnownHostsFile=/dev/null" "-o" "BatchMode=yes" "-o" "IdentitiesOnly=yes" "-o" "StrictHostKeyChecking=no" "-o" "ConnectTimeout=10" "/syzkaller/jobs/linux/gopath/src/github.com/google/syzkaller/bin/linux_amd64/syz-fuzzer" "root@10.128.1.19:./syz-fuzzer"]: exit status 1
Warning: Permanently added '10.128.1.19' (ECDSA) to the list of known hosts.
scp: ./syz-fuzzer: Read-only file system

testing release v4.19
testing commit 84df9525b0c27f3ebc2ebb1864fa62a97fdedb7d gcc
compiler: gcc version 8.4.1 20210217 (GCC)
kernel signature: fb57560375d1e329764743644de4ed11973abc1f9c7eb048c6d3b55a6e9919a0
run #0: basic kernel testing failed: failed to copy test binary to VM: failed to run ["scp" "-P" "22" "-F" "/dev/null" "-o" "UserKnownHostsFile=/dev/null" "-o" "BatchMode=yes" "-o" "IdentitiesOnly=yes" "-o" "StrictHostKeyChecking=no" "-o" "ConnectTimeout=10" "/syzkaller/jobs/linux/gopath/src/github.com/google/syzkaller/bin/linux_amd64/syz-fuzzer" "root@10.128.1.37:./syz-fuzzer"]: exit status 1
Warning: Permanently added '10.128.1.37' (ECDSA) to the list of known hosts.
scp: ./syz-fuzzer: Read-only file system

run #1: basic kernel testing failed: failed to copy test binary to VM: failed to run ["scp" "-P" "22" "-F" "/dev/null" "-o" "UserKnownHostsFile=/dev/null" "-o" "BatchMode=yes" "-o" "IdentitiesOnly=yes" "-o" "StrictHostKeyChecking=no" "-o" "ConnectTimeout=10" "/syzkaller/jobs/linux/gopath/src/github.com/google/syzkaller/bin/linux_amd64/syz-fuzzer" "root@10.128.1.18:./syz-fuzzer"]: exit status 1
Warning: Permanently added '10.128.1.18' (ECDSA) to the list of known hosts.
scp: ./syz-fuzzer: Read-only file system

run #2: basic kernel testing failed: failed to copy test binary to VM: failed to run ["scp" "-P" "22" "-F" "/dev/null" "-o" "UserKnownHostsFile=/dev/null" "-o" "BatchMode=yes" "-o" "IdentitiesOnly=yes" "-o" "StrictHostKeyChecking=no" "-o" "ConnectTimeout=10" "/syzkaller/jobs/linux/gopath/src/github.com/google/syzkaller/bin/linux_amd64/syz-fuzzer" "root@10.128.10.50:./syz-fuzzer"]: exit status 1
Warning: Permanently added '10.128.10.50' (ECDSA) to the list of known hosts.
scp: ./syz-fuzzer: Read-only file system

run #3: basic kernel testing failed: failed to copy test binary to VM: failed to run ["scp" "-P" "22" "-F" "/dev/null" "-o" "UserKnownHostsFile=/dev/null" "-o" "BatchMode=yes" "-o" "IdentitiesOnly=yes" "-o" "StrictHostKeyChecking=no" "-o" "ConnectTimeout=10" "/syzkaller/jobs/linux/gopath/src/github.com/google/syzkaller/bin/linux_amd64/syz-fuzzer" "root@10.128.10.46:./syz-fuzzer"]: exit status 1
Warning: Permanently added '10.128.10.46' (ECDSA) to the list of known hosts.
scp: ./syz-fuzzer: Read-only file system

run #4: basic kernel testing failed: failed to copy test binary to VM: failed to run ["scp" "-P" "22" "-F" "/dev/null" "-o" "UserKnownHostsFile=/dev/null" "-o" "BatchMode=yes" "-o" "IdentitiesOnly=yes" "-o" "StrictHostKeyChecking=no" "-o" "ConnectTimeout=10" "/syzkaller/jobs/linux/gopath/src/github.com/google/syzkaller/bin/linux_amd64/syz-fuzzer" "root@10.128.1.86:./syz-fuzzer"]: exit status 1
Warning: Permanently added '10.128.1.86' (ECDSA) to the list of known hosts.
scp: ./syz-fuzzer: Read-only file system

run #5: basic kernel testing failed: failed to copy test binary to VM: failed to run ["scp" "-P" "22" "-F" "/dev/null" "-o" "UserKnownHostsFile=/dev/null" "-o" "BatchMode=yes" "-o" "IdentitiesOnly=yes" "-o" "StrictHostKeyChecking=no" "-o" "ConnectTimeout=10" "/syzkaller/jobs/linux/gopath/src/github.com/google/syzkaller/bin/linux_amd64/syz-fuzzer" "root@10.128.1.53:./syz-fuzzer"]: exit status 1
Warning: Permanently added '10.128.1.53' (ECDSA) to the list of known hosts.
scp: ./syz-fuzzer: Read-only file system

run #6: basic kernel testing failed: failed to copy test binary to VM: failed to run ["scp" "-P" "22" "-F" "/dev/null" "-o" "UserKnownHostsFile=/dev/null" "-o" "BatchMode=yes" "-o" "IdentitiesOnly=yes" "-o" "StrictHostKeyChecking=no" "-o" "ConnectTimeout=10" "/syzkaller/jobs/linux/gopath/src/github.com/google/syzkaller/bin/linux_amd64/syz-fuzzer" "root@10.128.10.51:./syz-fuzzer"]: exit status 1
Warning: Permanently added '10.128.10.51' (ECDSA) to the list of known hosts.
scp: ./syz-fuzzer: Read-only file system

run #7: basic kernel testing failed: failed to copy test binary to VM: failed to run ["scp" "-P" "22" "-F" "/dev/null" "-o" "UserKnownHostsFile=/dev/null" "-o" "BatchMode=yes" "-o" "IdentitiesOnly=yes" "-o" "StrictHostKeyChecking=no" "-o" "ConnectTimeout=10" "/syzkaller/jobs/linux/gopath/src/github.com/google/syzkaller/bin/linux_amd64/syz-fuzzer" "root@10.128.10.52:./syz-fuzzer"]: exit status 1
Warning: Permanently added '10.128.10.52' (ECDSA) to the list of known hosts.
scp: ./syz-fuzzer: Read-only file system

run #8: basic kernel testing failed: failed to copy test binary to VM: failed to run ["scp" "-P" "22" "-F" "/dev/null" "-o" "UserKnownHostsFile=/dev/null" "-o" "BatchMode=yes" "-o" "IdentitiesOnly=yes" "-o" "StrictHostKeyChecking=no" "-o" "ConnectTimeout=10" "/syzkaller/jobs/linux/gopath/src/github.com/google/syzkaller/bin/linux_amd64/syz-fuzzer" "root@10.128.10.55:./syz-fuzzer"]: exit status 1
Warning: Permanently added '10.128.10.55' (ECDSA) to the list of known hosts.
scp: ./syz-fuzzer: Read-only file system

run #9: basic kernel testing failed: failed to copy test binary to VM: failed to run ["scp" "-P" "22" "-F" "/dev/null" "-o" "UserKnownHostsFile=/dev/null" "-o" "BatchMode=yes" "-o" "IdentitiesOnly=yes" "-o" "StrictHostKeyChecking=no" "-o" "ConnectTimeout=10" "/syzkaller/jobs/linux/gopath/src/github.com/google/syzkaller/bin/linux_amd64/syz-fuzzer" "root@10.128.0.235:./syz-fuzzer"]: exit status 1
Warning: Permanently added '10.128.0.235' (ECDSA) to the list of known hosts.
scp: ./syz-fuzzer: Read-only file system

testing release v4.18
testing commit 94710cac0ef4ee177a63b5227664b38c95bbf703 gcc
compiler: gcc version 8.4.1 20210217 (GCC)
kernel signature: 445d41db9e9ac1b17862740165df0f8ef89711b978ef7f7455dc949191bc876f
all runs: boot failed: kernel panic: Attempted to kill init!
testing release v4.17
testing commit 29dcea88779c856c7dc92040a0c01233263101d4 gcc
compiler: gcc (GCC) 8.4.1 20210217
./security/selinux/include/classmap.h:247:2: error: #error New address family defined, please update secclass_map.
testing release v4.16
testing commit 0adb32858b0bddf4ada5f364a84ed60b196dbcda gcc
compiler: gcc (GCC) 8.4.1 20210217
./security/selinux/include/classmap.h:247:2: error: #error New address family defined, please update secclass_map.
testing release v4.15
testing commit d8a5b80568a9cb66810e75b182018e9edb68e8ff gcc
compiler: gcc (GCC) 8.4.1 20210217
./security/selinux/include/classmap.h:247:2: error: #error New address family defined, please update secclass_map.
testing release v4.14
testing commit bebc6082da0a9f5d47a1ea2edc099bf671058bd4 gcc
compiler: gcc (GCC) 8.4.1 20210217
./security/selinux/include/classmap.h:245:2: error: #error New address family defined, please update secclass_map.
testing release v4.13
testing commit 569dbb88e80deb68974ef6fdd6a13edb9d686261 gcc
compiler: gcc (GCC) 8.4.1 20210217
./security/selinux/include/classmap.h:242:2: error: #error New address family defined, please update secclass_map.
testing release v4.12
testing commit 6f7da290413ba713f0cdd9ff1a2a9bb129ef4f6c gcc
compiler: gcc (GCC) 8.4.1 20210217
./security/selinux/include/classmap.h:238:2: error: #error New address family defined, please update secclass_map.
testing release v4.11
testing commit a351e9b9fc24e982ec2f0e76379a49826036da12 gcc
compiler: gcc version 7.5.0 (GCC) 
kernel signature: 1b05658dae05e4ae79fae54ba7e294418f24864dbf7f72d1194046bb66b422b1
all runs: boot failed: can't ssh into the instance
testing release v4.10
testing commit c470abd4fde40ea6a0846a2beab642a578c0b8cd gcc
compiler: gcc version 5.5.0 (GCC) 
kernel signature: 742799bf7e109606bc11d76eb95452c34f8d00d9f5e8ff401c619ef6a5d0a211
all runs: boot failed: can't ssh into the instance
testing release v4.9
testing commit 69973b830859bc6529a7a0468ba0d80ee5117826 gcc
compiler: gcc version 5.5.0 (GCC) 
kernel signature: a1e3ba51ec6f91dc818e6053a18f97e6897cfe8eb1000fd8b3ceb4904f60a96b
all runs: boot failed: can't ssh into the instance
testing release v4.8
testing commit c8d2bc9bc39ebea8437fd974fdbc21847bb897a3 gcc
compiler: gcc version 5.5.0 (GCC) 
kernel signature: d032bb04940112c7be54110db6ed366b26ecdd351fb2b5f0aa738c314f1c9f24
all runs: boot failed: can't ssh into the instance
testing release v4.7
testing commit 523d939ef98fd712632d93a5a2b588e477a7565e gcc
compiler: gcc version 5.5.0 (GCC) 
kernel signature: 59ad8ef1f146968c0ff8adb4aba6cdbdc3b287ad23d2b004a4fa0298ef9e164a
all runs: boot failed: can't ssh into the instance
testing release v4.6
testing commit 2dcd0af568b0cf583645c8a317dd12e344b1c72a gcc
compiler: gcc version 5.5.0 (GCC) 
kernel signature: 72793a47dcb4ca17a2f736bde99a1fc93be733f35a537b6d0c685b78f2d27d1f
all runs: boot failed: can't ssh into the instance
revisions tested: 30, total time: 6h21m46.831834062s (build: 3h57m4.186841057s, test: 2h13m49.114932328s)
the crash already happened on the oldest tested release
commit msg: Linux 5.11
crash: KASAN: slab-out-of-bounds Read in ea_get
00000000d50a0bcd: 58 a9 b2 34 80 88 ff ff 00 00 00 00 00 00 00 00  X..4............
0000000028c4b930: 70 a9 b2 34 80 88 ff ff 70 a9 b2 34 80 88 ff ff  p..4....p..4....
0000000019652ea8: 00 00 00 00 00 00 00 00 01 00 00 00 00 00 00 00  ................
00000000d5421e08: 00 00 00 00 00 00 00 00 00 00 00 00 00 00 00 00  ................
000000000e3c9119: 00 00 00 00 00 00 00 00 00 00 00 00 00 00 00 00  ................
==================================================================
BUG: KASAN: slab-out-of-bounds in hex_dump_to_buffer+0x893/0xad0 lib/hexdump.c:172
Read of size 1 at addr ffff888034b2a9b0 by task syz-executor.0/6023

CPU: 1 PID: 6023 Comm: syz-executor.0 Not tainted 5.11.0-syzkaller #0
Hardware name: Google Google Compute Engine/Google Compute Engine, BIOS Google 09/22/2022
Call Trace:
 __dump_stack lib/dump_stack.c:79 [inline]
 dump_stack+0x9a/0xcc lib/dump_stack.c:120
 print_address_description.constprop.0.cold+0x5b/0x2c6 mm/kasan/report.c:230
 __kasan_report mm/kasan/report.c:396 [inline]
 kasan_report.cold+0x79/0xd5 mm/kasan/report.c:413
 hex_dump_to_buffer+0x893/0xad0 lib/hexdump.c:172
 print_hex_dump+0xf7/0x180 lib/hexdump.c:255
 ea_get.cold+0xbe/0x277 fs/jfs/xattr.c:561
 __jfs_getxattr+0xba/0x330 fs/jfs/xattr.c:807
 jfs_xattr_get+0x27/0x30 fs/jfs/xattr.c:931
 __vfs_getxattr+0xb9/0x110 fs/xattr.c:386
 inode_doinit_use_xattr+0xab/0x2b0 security/selinux/hooks.c:1335
 inode_doinit_with_dentry+0xae7/0x11b0 security/selinux/hooks.c:1457
 security_d_instantiate+0x41/0xb0 security/security.c:1974
 d_splice_alias+0x6c/0xae0 fs/dcache.c:3036
 jfs_lookup+0x1a5/0x260 fs/jfs/namei.c:1466
 lookup_open.isra.0+0x73f/0x1540 fs/namei.c:3085
 open_last_lookups fs/namei.c:3180 [inline]
 path_openat+0x7a6/0x21d0 fs/namei.c:3368
 do_filp_open+0x16d/0x390 fs/namei.c:3398
 do_sys_openat2+0x11e/0x360 fs/open.c:1172
 do_sys_open fs/open.c:1188 [inline]
 __do_sys_open fs/open.c:1196 [inline]
 __se_sys_open fs/open.c:1192 [inline]
 __x64_sys_open+0xfd/0x1a0 fs/open.c:1192
 do_syscall_64+0x2d/0x40 arch/x86/entry/common.c:46
 entry_SYSCALL_64_after_hwframe+0x44/0xa9
RIP: 0033:0x7fecce0d45a9
Code: ff ff c3 66 2e 0f 1f 84 00 00 00 00 00 0f 1f 40 00 48 89 f8 48 89 f7 48 89 d6 48 89 ca 4d 89 c2 4d 89 c8 4c 8b 4c 24 08 0f 05 <48> 3d 01 f0 ff ff 73 01 c3 48 c7 c1 b8 ff ff ff f7 d8 64 89 01 48
RSP: 002b:00007feccd848168 EFLAGS: 00000246 ORIG_RAX: 0000000000000002
RAX: ffffffffffffffda RBX: 00007fecce1f5f80 RCX: 00007fecce0d45a9
RDX: 0000000000000000 RSI: 0000000000000000 RDI: 0000000020000340
RBP: 00007fecce12f580 R08: 0000000000000000 R09: 0000000000000000
R10: 0000000000000000 R11: 0000000000000246 R12: 0000000000000000
R13: 00007ffc03533bff R14: 00007feccd848300 R15: 0000000000022000

Allocated by task 6023:
 kasan_save_stack+0x1b/0x40 mm/kasan/common.c:38
 kasan_set_track mm/kasan/common.c:46 [inline]
 set_alloc_info mm/kasan/common.c:401 [inline]
 ____kasan_kmalloc.constprop.0+0x7f/0xa0 mm/kasan/common.c:429
 kasan_slab_alloc include/linux/kasan.h:209 [inline]
 slab_post_alloc_hook mm/slab.h:512 [inline]
 slab_alloc mm/slab.c:3315 [inline]
 kmem_cache_alloc+0x1ab/0x4c0 mm/slab.c:3486
 jfs_alloc_inode+0x13/0x40 fs/jfs/super.c:105
 alloc_inode+0x56/0x1e0 fs/inode.c:233
 iget_locked+0x15a/0x620 fs/inode.c:1192
 jfs_iget+0xd/0x420 fs/jfs/inode.c:29
 jfs_lookup+0x1d5/0x260 fs/jfs/namei.c:1461
 lookup_open.isra.0+0x73f/0x1540 fs/namei.c:3085
 open_last_lookups fs/namei.c:3180 [inline]
 path_openat+0x7a6/0x21d0 fs/namei.c:3368
 do_filp_open+0x16d/0x390 fs/namei.c:3398
 do_sys_openat2+0x11e/0x360 fs/open.c:1172
 do_sys_open fs/open.c:1188 [inline]
 __do_sys_open fs/open.c:1196 [inline]
 __se_sys_open fs/open.c:1192 [inline]
 __x64_sys_open+0xfd/0x1a0 fs/open.c:1192
 do_syscall_64+0x2d/0x40 arch/x86/entry/common.c:46
 entry_SYSCALL_64_after_hwframe+0x44/0xa9

The buggy address belongs to the object at ffff888034b2a180
 which belongs to the cache jfs_ip of size 2096
The buggy address is located 0 bytes to the right of
 2096-byte region [ffff888034b2a180, ffff888034b2a9b0)
The buggy address belongs to the page:
page:000000003d385f6a refcount:1 mapcount:0 mapping:0000000000000000 index:0xffff888034b2afff pfn:0x34b2a
flags: 0xfff00000000200(slab)
raw: 00fff00000000200 ffffea0000d2ca48 ffff88801835a450 ffff8881419e8400
raw: ffff888034b2afff ffff888034b2a180 0000000100000001 ffff888023ae7601
page dumped because: kasan: bad access detected
pages's memcg:ffff888023ae7601
page_owner tracks the page as allocated
page last allocated via order 0, migratetype Reclaimable, gfp_mask 0x342050(__GFP_IO|__GFP_NOWARN|__GFP_COMP|__GFP_HARDWALL|__GFP_THISNODE|__GFP_RECLAIMABLE), pid 6023, ts 79051039667
 set_page_owner include/linux/page_owner.h:31 [inline]
 post_alloc_hook+0x144/0x1c0 mm/page_alloc.c:2297
 prep_new_page mm/page_alloc.c:2306 [inline]
 get_page_from_freelist+0x1c6e/0x3f80 mm/page_alloc.c:3945
 __alloc_pages_nodemask+0x2d6/0x730 mm/page_alloc.c:4995
 __alloc_pages include/linux/gfp.h:511 [inline]
 __alloc_pages_node include/linux/gfp.h:524 [inline]
 kmem_getpages mm/slab.c:1376 [inline]
 cache_grow_begin+0x71/0x430 mm/slab.c:2593
 cache_alloc_refill+0x27f/0x380 mm/slab.c:2965
 ____cache_alloc mm/slab.c:3048 [inline]
 ____cache_alloc mm/slab.c:3031 [inline]
 __do_cache_alloc mm/slab.c:3271 [inline]
 slab_alloc mm/slab.c:3307 [inline]
 kmem_cache_alloc+0x3e7/0x4c0 mm/slab.c:3486
 jfs_alloc_inode+0x13/0x40 fs/jfs/super.c:105
 alloc_inode+0x56/0x1e0 fs/inode.c:233
 iget_locked+0x15a/0x620 fs/inode.c:1192
 jfs_iget+0xd/0x420 fs/jfs/inode.c:29
 jfs_lookup+0x1d5/0x260 fs/jfs/namei.c:1461
 lookup_open.isra.0+0x73f/0x1540 fs/namei.c:3085
 open_last_lookups fs/namei.c:3180 [inline]
 path_openat+0x7a6/0x21d0 fs/namei.c:3368
 do_filp_open+0x16d/0x390 fs/namei.c:3398
 do_sys_openat2+0x11e/0x360 fs/open.c:1172
 do_sys_open fs/open.c:1188 [inline]
 __do_sys_open fs/open.c:1196 [inline]
 __se_sys_open fs/open.c:1192 [inline]
 __x64_sys_open+0xfd/0x1a0 fs/open.c:1192
page_owner free stack trace missing

Memory state around the buggy address:
 ffff888034b2a880: 00 00 00 00 00 00 00 00 00 00 00 00 00 00 00 00
 ffff888034b2a900: 00 00 00 00 00 00 00 00 00 00 00 00 00 00 00 00
>ffff888034b2a980: 00 00 00 00 00 00 fc fc fc fc fc fc fc fc fc fc
                                     ^
 ffff888034b2aa00: fc fc fc fc fc fc fc fc fc fc fc fc fc fc fc fc
 ffff888034b2aa80: fc fc fc fc fc fc fc fc fc fc fc fc fc fc fc fc
==================================================================

