ci starts bisection 2023-03-04 20:21:56.951415742 +0000 UTC m=+295643.322668588
bisecting cause commit starting from 0988a0ea791999ebbf95693f2676381825b05033
building syzkaller on f8902b5747fbe3d5b860bd782eec63fc9c7da6e7
ensuring issue is reproducible on original commit 0988a0ea791999ebbf95693f2676381825b05033

testing commit 0988a0ea791999ebbf95693f2676381825b05033 gcc
compiler: Debian clang version 15.0.7, GNU ld (GNU Binutils for Debian) 2.35.2
kernel signature: 4a670a08916422d69ac51cc06d8899f5997ddeb6b0d2cb6c2d75f551666f8d0d
all runs: crashed: WARNING in ext4_xattr_block_set
testing release v6.2
testing commit c9c3395d5e3dcc6daee66c6908354d47bf98cb0c gcc
compiler: Debian clang version 15.0.7, GNU ld (GNU Binutils for Debian) 2.35.2
kernel signature: bf6af98d38e5dc49b9ec32ab92a8de5a18b1772d5861d99fe0b2279e14b6b1df
run #0: crashed: WARNING in ext4_xattr_block_set
run #1: crashed: WARNING in ext4_xattr_block_set
run #2: crashed: WARNING in ext4_xattr_block_set
run #3: crashed: WARNING in ext4_xattr_block_set
run #4: crashed: INFO: rcu detected stall in corrupted
run #5: crashed: INFO: rcu detected stall in corrupted
run #6: crashed: INFO: rcu detected stall in corrupted
run #7: crashed: WARNING in ext4_xattr_block_set
run #8: crashed: WARNING in ext4_xattr_block_set
run #9: crashed: WARNING in ext4_xattr_block_set
testing release v6.1
testing commit 830b3c68c1fb1e9176028d02ef86f3cf76aa2476 gcc
compiler: Debian clang version 15.0.7, GNU ld (GNU Binutils for Debian) 2.35.2
kernel signature: e375cbae94f14a6bb322c20b7084e0428bd8e4289ff4153e397ada903fa6b6a9
run #0: crashed: WARNING in ext4_xattr_block_set
run #1: crashed: WARNING in ext4_xattr_block_set
run #2: crashed: WARNING in ext4_xattr_block_set
run #3: crashed: WARNING in ext4_xattr_block_set
run #4: crashed: WARNING in ext4_xattr_block_set
run #5: crashed: INFO: rcu detected stall in corrupted
run #6: crashed: INFO: rcu detected stall in corrupted
run #7: crashed: INFO: rcu detected stall in corrupted
run #8: crashed: INFO: rcu detected stall in corrupted
run #9: crashed: INFO: rcu detected stall in corrupted
testing release v6.0
testing commit 4fe89d07dcc2804c8b562f6c7896a45643d34b2f gcc
compiler: Debian clang version 15.0.7, GNU ld (GNU Binutils for Debian) 2.35.2
kernel signature: d260dbd900f1c66e904b04d24d06279c3d162e037a065693c3dce1514d6c5018
run #0: crashed: WARNING in ext4_xattr_block_set
run #1: crashed: WARNING in ext4_xattr_block_set
run #2: crashed: INFO: rcu detected stall in corrupted
run #3: crashed: INFO: rcu detected stall in corrupted
run #4: crashed: INFO: rcu detected stall in corrupted
run #5: crashed: INFO: rcu detected stall in corrupted
run #6: crashed: INFO: rcu detected stall in corrupted
run #7: crashed: INFO: rcu detected stall in corrupted
run #8: crashed: WARNING in ext4_xattr_block_set
run #9: crashed: INFO: rcu detected stall in corrupted
testing release v5.19
testing commit 3d7cb6b04c3f3115719235cc6866b10326de34cd gcc
compiler: Debian clang version 15.0.7, GNU ld (GNU Binutils for Debian) 2.35.2
kernel signature: d2664543277b6ed6852259a01a9cd9817d871ad119e4276393174f000fecb552
all runs: crashed: WARNING in ext4_xattr_block_set
testing release v5.18
testing commit 4b0986a3613c92f4ec1bdc7f60ec66fea135991f gcc
compiler: Debian clang version 15.0.7, GNU ld (GNU Binutils for Debian) 2.35.2
kernel signature: 12a7e904d4538cf76d6c641b407492285eb0e29feff95504f48c966b5fd966cc
all runs: crashed: WARNING in ext4_xattr_block_set
testing release v5.17
testing commit f443e374ae131c168a065ea1748feac6b2e76613 gcc
compiler: Debian clang version 15.0.7, GNU ld (GNU Binutils for Debian) 2.35.2
kernel signature: 5adc02b10062a2da331ca344f8ccba27954cb1c1e3cd0ecf765cbe0154f32bc1
all runs: crashed: WARNING in ext4_xattr_block_set
testing release v5.16
testing commit df0cc57e057f18e44dac8e6c18aba47ab53202f9 gcc
compiler: Debian clang version 15.0.7, GNU ld (GNU Binutils for Debian) 2.35.2
kernel signature: 521de9003135eb3b752d08003814de1c568d2c45831abd3da479d55cad78c97e
all runs: boot failed: UBSAN: null-ptr-deref in corrupted
testing release v5.15
testing commit 8bb7eca972ad531c9b149c0a51ab43a417385813 gcc
compiler: Debian clang version 15.0.7, GNU ld (GNU Binutils for Debian) 2.35.2
drivers/usb/dwc2/hcd_queue.c:1744:25: error: expression requires  'long double' type support, but target 'x86_64-unknown-linux-gnu' does not support it
testing release v5.14
testing commit 7d2a07b769330c34b4deabeed939325c77a7ec2f gcc
compiler: Debian clang version 15.0.7, GNU ld (GNU Binutils for Debian) 2.35.2
drivers/usb/dwc2/hcd_queue.c:1744:25: error: expression requires  'long double' type support, but target 'x86_64-pc-linux-gnu' does not support it
testing release v5.13
testing commit 62fb9874f5da54fdb243003b386128037319b219 gcc
compiler: Debian clang version 15.0.7, GNU ld (GNU Binutils for Debian) 2.35.2
drivers/usb/dwc2/hcd_queue.c:1744:25: error: expression requires  'long double' type support, but target 'x86_64-pc-linux-gnu' does not support it
testing release v5.12
testing commit 9f4ad9e425a1d3b6a34617b8ea226d56a119a717 gcc
compiler: Debian clang version 15.0.7, GNU ld (GNU Binutils for Debian) 2.35.2
drivers/usb/dwc2/hcd_queue.c:1744:25: error: expression requires  'long double' type support, but target 'x86_64-pc-linux-gnu' does not support it
fs/nfs/callback.c:110:6: warning: variable 'error' set but not used [-Wunused-but-set-variable]
fs/xfs/xfs_trans.c:593:8: warning: variable 'error' set but not used [-Wunused-but-set-variable]
testing release v5.11
testing commit f40ddce88593482919761f74910f42f4b84c004b gcc
compiler: Debian clang version 15.0.7, GNU ld (GNU Binutils for Debian) 2.35.2
fs/nfs/callback.c:110:6: warning: variable 'error' set but not used [-Wunused-but-set-variable]
drivers/usb/dwc2/hcd_queue.c:1744:25: error: expression requires  'long double' type support, but target 'x86_64-pc-linux-gnu' does not support it
fs/xfs/xfs_trans.c:576:8: warning: variable 'error' set but not used [-Wunused-but-set-variable]
testing release v5.10
testing commit 2c85ebc57b3e1817b6ce1a6b703928e113a90442 gcc
compiler: Debian clang version 15.0.7, GNU ld (GNU Binutils for Debian) 2.35.2
fs/nfs/callback.c:110:6: warning: variable 'error' set but not used [-Wunused-but-set-variable]
fs/xfs/xfs_trans.c:576:8: warning: variable 'error' set but not used [-Wunused-but-set-variable]
drivers/usb/dwc2/hcd_queue.c:1744:25: error: expression requires  'long double' type support, but target 'x86_64-pc-linux-gnu' does not support it
testing release v5.9
testing commit bbf5c979011a099af5dc76498918ed7df445635b gcc
compiler: Debian clang version 15.0.7, GNU ld (GNU Binutils for Debian) 2.35.2
fs/nfs/callback.c:110:6: warning: variable 'error' set but not used [-Wunused-but-set-variable]
drivers/usb/dwc2/hcd_queue.c:1744:25: error: expression requires  'long double' type support, but target 'x86_64-pc-linux-gnu' does not support it
fs/xfs/xfs_trans.c:576:8: warning: variable 'error' set but not used [-Wunused-but-set-variable]
testing release v5.8
testing commit bcf876870b95592b52519ed4aafcf9d95999bc9c gcc
compiler: gcc (GCC) 8.4.1 20210217, GNU ld (GNU Binutils for Debian) 2.35.2
kernel signature: e899dcef85fea729dde9c6e99ca1ae708afeb04ef524148b5bbeb8dad45c995c
all runs: basic kernel testing failed: KASAN: use-after-free Read in task_active_pid_ns
testing release v5.7
testing commit 3d77e6a8804abcc0504c904bd6e5cdf3a5cf8162 gcc
compiler: gcc version 8.4.1 20210217 (GCC), GNU ld (GNU Binutils for Debian) 2.35.2
kernel signature: ae70b6a25a8068ea92528d015825e98fb1036733fe37fca4b217294dc2e0e54e
all runs: basic kernel testing failed: KASAN: use-after-free Read in task_active_pid_ns
testing release v5.6
testing commit 7111951b8d4973bda27ff663f2cf18b663d15b48 gcc
compiler: gcc version 8.4.1 20210217 (GCC)
kernel signature: dc28bedf8b21f105f9ad4e677c1354f72941991c586502d4d286470b005e0097
all runs: basic kernel testing failed: KASAN: use-after-free Read in task_active_pid_ns
testing release v5.5
testing commit d5226fa6dbae0569ee43ecfc08bdcd6770fc4755 gcc
compiler: gcc version 8.4.1 20210217 (GCC)
kernel signature: f17b4094e0c12f4047e3542f14df1743dd8627b368e4531e319df1ebcdca9efa
all runs: basic kernel testing failed: KASAN: use-after-free Read in task_active_pid_ns
testing release v5.4
testing commit 219d54332a09e8d8741c1e1982f5eae56099de85 gcc
compiler: gcc version 8.4.1 20210217 (GCC)
kernel signature: 355426539aee843389ed9af5fe9b55d2782cbef107105d606ec2fbc903a19c26
run #0: basic kernel testing failed: KASAN: use-after-free Read in task_active_pid_ns
run #1: basic kernel testing failed: KASAN: use-after-free Read in task_active_pid_ns
run #2: basic kernel testing failed: KASAN: use-after-free Read in task_active_pid_ns
run #3: basic kernel testing failed: KASAN: use-after-free Read in task_active_pid_ns
run #4: basic kernel testing failed: KASAN: use-after-free Read in task_active_pid_ns
run #5: basic kernel testing failed: KASAN: use-after-free Read in __task_pid_nr_ns
run #6: basic kernel testing failed: KASAN: use-after-free Read in task_active_pid_ns
run #7: basic kernel testing failed: KASAN: use-after-free Read in task_active_pid_ns
run #8: basic kernel testing failed: KASAN: use-after-free Read in task_active_pid_ns
run #9: basic kernel testing failed: KASAN: use-after-free Read in task_active_pid_ns
testing release v5.3
testing commit 4d856f72c10ecb060868ed10ff1b1453943fc6c8 gcc
compiler: gcc version 8.4.1 20210217 (GCC)
kernel signature: de56d3a72dc2cbc0c1a8a428f00112a6f5686f7634a8e7ebec68a6f84bb52e33
run #0: basic kernel testing failed: failed to copy test binary to VM: failed to run ["scp" "-P" "22" "-F" "/dev/null" "-o" "UserKnownHostsFile=/dev/null" "-o" "BatchMode=yes" "-o" "IdentitiesOnly=yes" "-o" "StrictHostKeyChecking=no" "-o" "ConnectTimeout=10" "/syzkaller/jobs/linux/gopath/src/github.com/google/syzkaller/bin/linux_amd64/syz-fuzzer" "root@10.128.0.181:./syz-fuzzer"]: exit status 1
Warning: Permanently added '10.128.0.181' (ECDSA) to the list of known hosts.
scp: ./syz-fuzzer: Read-only file system

run #1: basic kernel testing failed: failed to copy test binary to VM: failed to run ["scp" "-P" "22" "-F" "/dev/null" "-o" "UserKnownHostsFile=/dev/null" "-o" "BatchMode=yes" "-o" "IdentitiesOnly=yes" "-o" "StrictHostKeyChecking=no" "-o" "ConnectTimeout=10" "/syzkaller/jobs/linux/gopath/src/github.com/google/syzkaller/bin/linux_amd64/syz-fuzzer" "root@10.128.0.17:./syz-fuzzer"]: exit status 1
Warning: Permanently added '10.128.0.17' (ECDSA) to the list of known hosts.
scp: ./syz-fuzzer: Read-only file system

run #2: basic kernel testing failed: failed to copy test binary to VM: failed to run ["scp" "-P" "22" "-F" "/dev/null" "-o" "UserKnownHostsFile=/dev/null" "-o" "BatchMode=yes" "-o" "IdentitiesOnly=yes" "-o" "StrictHostKeyChecking=no" "-o" "ConnectTimeout=10" "/syzkaller/jobs/linux/gopath/src/github.com/google/syzkaller/bin/linux_amd64/syz-fuzzer" "root@10.128.10.19:./syz-fuzzer"]: exit status 1
Warning: Permanently added '10.128.10.19' (ECDSA) to the list of known hosts.
scp: ./syz-fuzzer: Read-only file system

run #3: basic kernel testing failed: failed to copy test binary to VM: failed to run ["scp" "-P" "22" "-F" "/dev/null" "-o" "UserKnownHostsFile=/dev/null" "-o" "BatchMode=yes" "-o" "IdentitiesOnly=yes" "-o" "StrictHostKeyChecking=no" "-o" "ConnectTimeout=10" "/syzkaller/jobs/linux/gopath/src/github.com/google/syzkaller/bin/linux_amd64/syz-fuzzer" "root@10.128.0.201:./syz-fuzzer"]: exit status 1
Warning: Permanently added '10.128.0.201' (ECDSA) to the list of known hosts.
scp: ./syz-fuzzer: Read-only file system

run #4: basic kernel testing failed: failed to copy test binary to VM: failed to run ["scp" "-P" "22" "-F" "/dev/null" "-o" "UserKnownHostsFile=/dev/null" "-o" "BatchMode=yes" "-o" "IdentitiesOnly=yes" "-o" "StrictHostKeyChecking=no" "-o" "ConnectTimeout=10" "/syzkaller/jobs/linux/gopath/src/github.com/google/syzkaller/bin/linux_amd64/syz-fuzzer" "root@10.128.10.22:./syz-fuzzer"]: exit status 1
Warning: Permanently added '10.128.10.22' (ECDSA) to the list of known hosts.
scp: ./syz-fuzzer: Read-only file system

run #5: basic kernel testing failed: failed to copy test binary to VM: failed to run ["scp" "-P" "22" "-F" "/dev/null" "-o" "UserKnownHostsFile=/dev/null" "-o" "BatchMode=yes" "-o" "IdentitiesOnly=yes" "-o" "StrictHostKeyChecking=no" "-o" "ConnectTimeout=10" "/syzkaller/jobs/linux/gopath/src/github.com/google/syzkaller/bin/linux_amd64/syz-fuzzer" "root@10.128.1.85:./syz-fuzzer"]: exit status 1
Warning: Permanently added '10.128.1.85' (ECDSA) to the list of known hosts.
scp: ./syz-fuzzer: Read-only file system

run #6: basic kernel testing failed: failed to copy test binary to VM: failed to run ["scp" "-P" "22" "-F" "/dev/null" "-o" "UserKnownHostsFile=/dev/null" "-o" "BatchMode=yes" "-o" "IdentitiesOnly=yes" "-o" "StrictHostKeyChecking=no" "-o" "ConnectTimeout=10" "/syzkaller/jobs/linux/gopath/src/github.com/google/syzkaller/bin/linux_amd64/syz-fuzzer" "root@10.128.10.24:./syz-fuzzer"]: exit status 1
Warning: Permanently added '10.128.10.24' (ECDSA) to the list of known hosts.
scp: ./syz-fuzzer: Read-only file system

run #7: basic kernel testing failed: failed to copy test binary to VM: failed to run ["scp" "-P" "22" "-F" "/dev/null" "-o" "UserKnownHostsFile=/dev/null" "-o" "BatchMode=yes" "-o" "IdentitiesOnly=yes" "-o" "StrictHostKeyChecking=no" "-o" "ConnectTimeout=10" "/syzkaller/jobs/linux/gopath/src/github.com/google/syzkaller/bin/linux_amd64/syz-fuzzer" "root@10.128.1.185:./syz-fuzzer"]: exit status 1
Warning: Permanently added '10.128.1.185' (ECDSA) to the list of known hosts.
scp: ./syz-fuzzer: Read-only file system

run #8: basic kernel testing failed: failed to copy test binary to VM: failed to run ["scp" "-P" "22" "-F" "/dev/null" "-o" "UserKnownHostsFile=/dev/null" "-o" "BatchMode=yes" "-o" "IdentitiesOnly=yes" "-o" "StrictHostKeyChecking=no" "-o" "ConnectTimeout=10" "/syzkaller/jobs/linux/gopath/src/github.com/google/syzkaller/bin/linux_amd64/syz-fuzzer" "root@10.128.10.28:./syz-fuzzer"]: exit status 1
Warning: Permanently added '10.128.10.28' (ECDSA) to the list of known hosts.
scp: ./syz-fuzzer: Read-only file system

run #9: basic kernel testing failed: failed to copy test binary to VM: failed to run ["scp" "-P" "22" "-F" "/dev/null" "-o" "UserKnownHostsFile=/dev/null" "-o" "BatchMode=yes" "-o" "IdentitiesOnly=yes" "-o" "StrictHostKeyChecking=no" "-o" "ConnectTimeout=10" "/syzkaller/jobs/linux/gopath/src/github.com/google/syzkaller/bin/linux_amd64/syz-fuzzer" "root@10.128.10.17:./syz-fuzzer"]: exit status 1
Warning: Permanently added '10.128.10.17' (ECDSA) to the list of known hosts.
scp: ./syz-fuzzer: Read-only file system

testing release v5.2
testing commit 0ecfebd2b52404ae0c54a878c872bb93363ada36 gcc
compiler: gcc version 8.4.1 20210217 (GCC)
kernel signature: 921bfb58b00345d0f16558a698221ae9800264f9adf13c1675aac10857681877
run #0: basic kernel testing failed: failed to copy test binary to VM: failed to run ["scp" "-P" "22" "-F" "/dev/null" "-o" "UserKnownHostsFile=/dev/null" "-o" "BatchMode=yes" "-o" "IdentitiesOnly=yes" "-o" "StrictHostKeyChecking=no" "-o" "ConnectTimeout=10" "/syzkaller/jobs/linux/gopath/src/github.com/google/syzkaller/bin/linux_amd64/syz-fuzzer" "root@10.128.1.178:./syz-fuzzer"]: exit status 1
Warning: Permanently added '10.128.1.178' (ECDSA) to the list of known hosts.
scp: ./syz-fuzzer: Read-only file system

run #1: basic kernel testing failed: failed to copy test binary to VM: failed to run ["scp" "-P" "22" "-F" "/dev/null" "-o" "UserKnownHostsFile=/dev/null" "-o" "BatchMode=yes" "-o" "IdentitiesOnly=yes" "-o" "StrictHostKeyChecking=no" "-o" "ConnectTimeout=10" "/syzkaller/jobs/linux/gopath/src/github.com/google/syzkaller/bin/linux_amd64/syz-fuzzer" "root@10.128.0.141:./syz-fuzzer"]: exit status 1
Warning: Permanently added '10.128.0.141' (ECDSA) to the list of known hosts.
scp: ./syz-fuzzer: Read-only file system

run #2: basic kernel testing failed: failed to copy test binary to VM: failed to run ["scp" "-P" "22" "-F" "/dev/null" "-o" "UserKnownHostsFile=/dev/null" "-o" "BatchMode=yes" "-o" "IdentitiesOnly=yes" "-o" "StrictHostKeyChecking=no" "-o" "ConnectTimeout=10" "/syzkaller/jobs/linux/gopath/src/github.com/google/syzkaller/bin/linux_amd64/syz-fuzzer" "root@10.128.1.184:./syz-fuzzer"]: exit status 1
Warning: Permanently added '10.128.1.184' (ECDSA) to the list of known hosts.
scp: ./syz-fuzzer: Read-only file system

run #3: basic kernel testing failed: failed to copy test binary to VM: failed to run ["scp" "-P" "22" "-F" "/dev/null" "-o" "UserKnownHostsFile=/dev/null" "-o" "BatchMode=yes" "-o" "IdentitiesOnly=yes" "-o" "StrictHostKeyChecking=no" "-o" "ConnectTimeout=10" "/syzkaller/jobs/linux/gopath/src/github.com/google/syzkaller/bin/linux_amd64/syz-fuzzer" "root@10.128.0.146:./syz-fuzzer"]: exit status 1
Warning: Permanently added '10.128.0.146' (ECDSA) to the list of known hosts.
scp: ./syz-fuzzer: Read-only file system

run #4: basic kernel testing failed: failed to copy test binary to VM: failed to run ["scp" "-P" "22" "-F" "/dev/null" "-o" "UserKnownHostsFile=/dev/null" "-o" "BatchMode=yes" "-o" "IdentitiesOnly=yes" "-o" "StrictHostKeyChecking=no" "-o" "ConnectTimeout=10" "/syzkaller/jobs/linux/gopath/src/github.com/google/syzkaller/bin/linux_amd64/syz-fuzzer" "root@10.128.1.194:./syz-fuzzer"]: exit status 1
Warning: Permanently added '10.128.1.194' (ECDSA) to the list of known hosts.
scp: ./syz-fuzzer: Read-only file system

run #5: basic kernel testing failed: failed to copy test binary to VM: failed to run ["scp" "-P" "22" "-F" "/dev/null" "-o" "UserKnownHostsFile=/dev/null" "-o" "BatchMode=yes" "-o" "IdentitiesOnly=yes" "-o" "StrictHostKeyChecking=no" "-o" "ConnectTimeout=10" "/syzkaller/jobs/linux/gopath/src/github.com/google/syzkaller/bin/linux_amd64/syz-fuzzer" "root@10.128.0.121:./syz-fuzzer"]: exit status 1
Warning: Permanently added '10.128.0.121' (ECDSA) to the list of known hosts.
scp: ./syz-fuzzer: Read-only file system

run #6: basic kernel testing failed: failed to copy test binary to VM: failed to run ["scp" "-P" "22" "-F" "/dev/null" "-o" "UserKnownHostsFile=/dev/null" "-o" "BatchMode=yes" "-o" "IdentitiesOnly=yes" "-o" "StrictHostKeyChecking=no" "-o" "ConnectTimeout=10" "/syzkaller/jobs/linux/gopath/src/github.com/google/syzkaller/bin/linux_amd64/syz-fuzzer" "root@10.128.1.212:./syz-fuzzer"]: exit status 1
Warning: Permanently added '10.128.1.212' (ECDSA) to the list of known hosts.
scp: ./syz-fuzzer: Read-only file system

run #7: basic kernel testing failed: failed to copy test binary to VM: failed to run ["scp" "-P" "22" "-F" "/dev/null" "-o" "UserKnownHostsFile=/dev/null" "-o" "BatchMode=yes" "-o" "IdentitiesOnly=yes" "-o" "StrictHostKeyChecking=no" "-o" "ConnectTimeout=10" "/syzkaller/jobs/linux/gopath/src/github.com/google/syzkaller/bin/linux_amd64/syz-fuzzer" "root@10.128.1.243:./syz-fuzzer"]: exit status 1
Warning: Permanently added '10.128.1.243' (ECDSA) to the list of known hosts.
scp: ./syz-fuzzer: Read-only file system

run #8: basic kernel testing failed: failed to copy test binary to VM: failed to run ["scp" "-P" "22" "-F" "/dev/null" "-o" "UserKnownHostsFile=/dev/null" "-o" "BatchMode=yes" "-o" "IdentitiesOnly=yes" "-o" "StrictHostKeyChecking=no" "-o" "ConnectTimeout=10" "/syzkaller/jobs/linux/gopath/src/github.com/google/syzkaller/bin/linux_amd64/syz-fuzzer" "root@10.128.1.176:./syz-fuzzer"]: exit status 1
Warning: Permanently added '10.128.1.176' (ECDSA) to the list of known hosts.
scp: ./syz-fuzzer: Read-only file system

run #9: basic kernel testing failed: failed to copy test binary to VM: failed to run ["scp" "-P" "22" "-F" "/dev/null" "-o" "UserKnownHostsFile=/dev/null" "-o" "BatchMode=yes" "-o" "IdentitiesOnly=yes" "-o" "StrictHostKeyChecking=no" "-o" "ConnectTimeout=10" "/syzkaller/jobs/linux/gopath/src/github.com/google/syzkaller/bin/linux_amd64/syz-fuzzer" "root@10.128.0.50:./syz-fuzzer"]: exit status 1
Warning: Permanently added '10.128.0.50' (ECDSA) to the list of known hosts.
scp: ./syz-fuzzer: Read-only file system

testing release v5.1
testing commit e93c9c99a629c61837d5a7fc2120cd2b6c70dbdd gcc
compiler: gcc version 8.4.1 20210217 (GCC)
kernel signature: f0973e7b9028199906642a575bf11af97f231ba86209ac1f9b02aa9eb540d1df
run #0: basic kernel testing failed: failed to copy test binary to VM: failed to run ["scp" "-P" "22" "-F" "/dev/null" "-o" "UserKnownHostsFile=/dev/null" "-o" "BatchMode=yes" "-o" "IdentitiesOnly=yes" "-o" "StrictHostKeyChecking=no" "-o" "ConnectTimeout=10" "/syzkaller/jobs/linux/gopath/src/github.com/google/syzkaller/bin/linux_amd64/syz-fuzzer" "root@10.128.0.104:./syz-fuzzer"]: exit status 1
Warning: Permanently added '10.128.0.104' (ECDSA) to the list of known hosts.
scp: ./syz-fuzzer: Read-only file system

run #1: basic kernel testing failed: failed to copy test binary to VM: failed to run ["scp" "-P" "22" "-F" "/dev/null" "-o" "UserKnownHostsFile=/dev/null" "-o" "BatchMode=yes" "-o" "IdentitiesOnly=yes" "-o" "StrictHostKeyChecking=no" "-o" "ConnectTimeout=10" "/syzkaller/jobs/linux/gopath/src/github.com/google/syzkaller/bin/linux_amd64/syz-fuzzer" "root@10.128.1.246:./syz-fuzzer"]: exit status 1
Warning: Permanently added '10.128.1.246' (ECDSA) to the list of known hosts.
scp: ./syz-fuzzer: Read-only file system

run #2: basic kernel testing failed: failed to copy test binary to VM: failed to run ["scp" "-P" "22" "-F" "/dev/null" "-o" "UserKnownHostsFile=/dev/null" "-o" "BatchMode=yes" "-o" "IdentitiesOnly=yes" "-o" "StrictHostKeyChecking=no" "-o" "ConnectTimeout=10" "/syzkaller/jobs/linux/gopath/src/github.com/google/syzkaller/bin/linux_amd64/syz-fuzzer" "root@10.128.1.245:./syz-fuzzer"]: exit status 1
Warning: Permanently added '10.128.1.245' (ECDSA) to the list of known hosts.
scp: ./syz-fuzzer: Read-only file system

run #3: basic kernel testing failed: failed to copy test binary to VM: failed to run ["scp" "-P" "22" "-F" "/dev/null" "-o" "UserKnownHostsFile=/dev/null" "-o" "BatchMode=yes" "-o" "IdentitiesOnly=yes" "-o" "StrictHostKeyChecking=no" "-o" "ConnectTimeout=10" "/syzkaller/jobs/linux/gopath/src/github.com/google/syzkaller/bin/linux_amd64/syz-fuzzer" "root@10.128.1.250:./syz-fuzzer"]: exit status 1
Warning: Permanently added '10.128.1.250' (ECDSA) to the list of known hosts.
scp: ./syz-fuzzer: Read-only file system

run #4: basic kernel testing failed: failed to copy test binary to VM: failed to run ["scp" "-P" "22" "-F" "/dev/null" "-o" "UserKnownHostsFile=/dev/null" "-o" "BatchMode=yes" "-o" "IdentitiesOnly=yes" "-o" "StrictHostKeyChecking=no" "-o" "ConnectTimeout=10" "/syzkaller/jobs/linux/gopath/src/github.com/google/syzkaller/bin/linux_amd64/syz-fuzzer" "root@10.128.1.252:./syz-fuzzer"]: exit status 1
Warning: Permanently added '10.128.1.252' (ECDSA) to the list of known hosts.
scp: ./syz-fuzzer: Read-only file system

run #5: basic kernel testing failed: failed to copy test binary to VM: failed to run ["scp" "-P" "22" "-F" "/dev/null" "-o" "UserKnownHostsFile=/dev/null" "-o" "BatchMode=yes" "-o" "IdentitiesOnly=yes" "-o" "StrictHostKeyChecking=no" "-o" "ConnectTimeout=10" "/syzkaller/jobs/linux/gopath/src/github.com/google/syzkaller/bin/linux_amd64/syz-fuzzer" "root@10.128.1.253:./syz-fuzzer"]: exit status 1
Warning: Permanently added '10.128.1.253' (ECDSA) to the list of known hosts.
scp: ./syz-fuzzer: Read-only file system

run #6: basic kernel testing failed: failed to copy test binary to VM: failed to run ["scp" "-P" "22" "-F" "/dev/null" "-o" "UserKnownHostsFile=/dev/null" "-o" "BatchMode=yes" "-o" "IdentitiesOnly=yes" "-o" "StrictHostKeyChecking=no" "-o" "ConnectTimeout=10" "/syzkaller/jobs/linux/gopath/src/github.com/google/syzkaller/bin/linux_amd64/syz-fuzzer" "root@10.128.1.234:./syz-fuzzer"]: exit status 1
Warning: Permanently added '10.128.1.234' (ECDSA) to the list of known hosts.
scp: ./syz-fuzzer: Read-only file system

run #7: basic kernel testing failed: failed to copy test binary to VM: failed to run ["scp" "-P" "22" "-F" "/dev/null" "-o" "UserKnownHostsFile=/dev/null" "-o" "BatchMode=yes" "-o" "IdentitiesOnly=yes" "-o" "StrictHostKeyChecking=no" "-o" "ConnectTimeout=10" "/syzkaller/jobs/linux/gopath/src/github.com/google/syzkaller/bin/linux_amd64/syz-fuzzer" "root@10.128.1.255:./syz-fuzzer"]: exit status 1
Warning: Permanently added '10.128.1.255' (ECDSA) to the list of known hosts.
scp: ./syz-fuzzer: Read-only file system

run #8: basic kernel testing failed: failed to copy test binary to VM: failed to run ["scp" "-P" "22" "-F" "/dev/null" "-o" "UserKnownHostsFile=/dev/null" "-o" "BatchMode=yes" "-o" "IdentitiesOnly=yes" "-o" "StrictHostKeyChecking=no" "-o" "ConnectTimeout=10" "/syzkaller/jobs/linux/gopath/src/github.com/google/syzkaller/bin/linux_amd64/syz-fuzzer" "root@10.128.1.243:./syz-fuzzer"]: exit status 1
Warning: Permanently added '10.128.1.243' (ECDSA) to the list of known hosts.
scp: ./syz-fuzzer: Read-only file system

run #9: basic kernel testing failed: failed to copy test binary to VM: failed to run ["scp" "-P" "22" "-F" "/dev/null" "-o" "UserKnownHostsFile=/dev/null" "-o" "BatchMode=yes" "-o" "IdentitiesOnly=yes" "-o" "StrictHostKeyChecking=no" "-o" "ConnectTimeout=10" "/syzkaller/jobs/linux/gopath/src/github.com/google/syzkaller/bin/linux_amd64/syz-fuzzer" "root@10.128.1.164:./syz-fuzzer"]: exit status 1
Warning: Permanently added '10.128.1.164' (ECDSA) to the list of known hosts.
scp: ./syz-fuzzer: Read-only file system

testing release v5.0
testing commit 1c163f4c7b3f621efff9b28a47abb36f7378d783 gcc
compiler: gcc version 8.4.1 20210217 (GCC)
kernel signature: f557d468d4672c1274bef9c6a71019b7428dc87b159064cc027089772eb23534
run #0: basic kernel testing failed: failed to copy test binary to VM: failed to run ["scp" "-P" "22" "-F" "/dev/null" "-o" "UserKnownHostsFile=/dev/null" "-o" "BatchMode=yes" "-o" "IdentitiesOnly=yes" "-o" "StrictHostKeyChecking=no" "-o" "ConnectTimeout=10" "/syzkaller/jobs/linux/gopath/src/github.com/google/syzkaller/bin/linux_amd64/syz-fuzzer" "root@10.128.10.0:./syz-fuzzer"]: exit status 1
Warning: Permanently added '10.128.10.0' (ECDSA) to the list of known hosts.
scp: ./syz-fuzzer: Read-only file system

run #1: basic kernel testing failed: failed to copy test binary to VM: failed to run ["scp" "-P" "22" "-F" "/dev/null" "-o" "UserKnownHostsFile=/dev/null" "-o" "BatchMode=yes" "-o" "IdentitiesOnly=yes" "-o" "StrictHostKeyChecking=no" "-o" "ConnectTimeout=10" "/syzkaller/jobs/linux/gopath/src/github.com/google/syzkaller/bin/linux_amd64/syz-fuzzer" "root@10.128.10.1:./syz-fuzzer"]: exit status 1
Warning: Permanently added '10.128.10.1' (ECDSA) to the list of known hosts.
scp: ./syz-fuzzer: Read-only file system

run #2: basic kernel testing failed: failed to copy test binary to VM: failed to run ["scp" "-P" "22" "-F" "/dev/null" "-o" "UserKnownHostsFile=/dev/null" "-o" "BatchMode=yes" "-o" "IdentitiesOnly=yes" "-o" "StrictHostKeyChecking=no" "-o" "ConnectTimeout=10" "/syzkaller/jobs/linux/gopath/src/github.com/google/syzkaller/bin/linux_amd64/syz-fuzzer" "root@10.128.1.255:./syz-fuzzer"]: exit status 1
Warning: Permanently added '10.128.1.255' (ECDSA) to the list of known hosts.
scp: ./syz-fuzzer: Read-only file system

run #3: basic kernel testing failed: failed to copy test binary to VM: failed to run ["scp" "-P" "22" "-F" "/dev/null" "-o" "UserKnownHostsFile=/dev/null" "-o" "BatchMode=yes" "-o" "IdentitiesOnly=yes" "-o" "StrictHostKeyChecking=no" "-o" "ConnectTimeout=10" "/syzkaller/jobs/linux/gopath/src/github.com/google/syzkaller/bin/linux_amd64/syz-fuzzer" "root@10.128.10.3:./syz-fuzzer"]: exit status 1
Warning: Permanently added '10.128.10.3' (ECDSA) to the list of known hosts.
scp: ./syz-fuzzer: Read-only file system

run #4: basic kernel testing failed: failed to copy test binary to VM: failed to run ["scp" "-P" "22" "-F" "/dev/null" "-o" "UserKnownHostsFile=/dev/null" "-o" "BatchMode=yes" "-o" "IdentitiesOnly=yes" "-o" "StrictHostKeyChecking=no" "-o" "ConnectTimeout=10" "/syzkaller/jobs/linux/gopath/src/github.com/google/syzkaller/bin/linux_amd64/syz-fuzzer" "root@10.128.1.253:./syz-fuzzer"]: exit status 1
Warning: Permanently added '10.128.1.253' (ECDSA) to the list of known hosts.
scp: ./syz-fuzzer: Read-only file system

run #5: basic kernel testing failed: failed to copy test binary to VM: failed to run ["scp" "-P" "22" "-F" "/dev/null" "-o" "UserKnownHostsFile=/dev/null" "-o" "BatchMode=yes" "-o" "IdentitiesOnly=yes" "-o" "StrictHostKeyChecking=no" "-o" "ConnectTimeout=10" "/syzkaller/jobs/linux/gopath/src/github.com/google/syzkaller/bin/linux_amd64/syz-fuzzer" "root@10.128.1.178:./syz-fuzzer"]: exit status 1
Warning: Permanently added '10.128.1.178' (ECDSA) to the list of known hosts.
scp: ./syz-fuzzer: Read-only file system

run #6: basic kernel testing failed: failed to copy test binary to VM: failed to run ["scp" "-P" "22" "-F" "/dev/null" "-o" "UserKnownHostsFile=/dev/null" "-o" "BatchMode=yes" "-o" "IdentitiesOnly=yes" "-o" "StrictHostKeyChecking=no" "-o" "ConnectTimeout=10" "/syzkaller/jobs/linux/gopath/src/github.com/google/syzkaller/bin/linux_amd64/syz-fuzzer" "root@10.128.0.125:./syz-fuzzer"]: exit status 1
Warning: Permanently added '10.128.0.125' (ECDSA) to the list of known hosts.
scp: ./syz-fuzzer: Read-only file system

run #7: basic kernel testing failed: failed to copy test binary to VM: failed to run ["scp" "-P" "22" "-F" "/dev/null" "-o" "UserKnownHostsFile=/dev/null" "-o" "BatchMode=yes" "-o" "IdentitiesOnly=yes" "-o" "StrictHostKeyChecking=no" "-o" "ConnectTimeout=10" "/syzkaller/jobs/linux/gopath/src/github.com/google/syzkaller/bin/linux_amd64/syz-fuzzer" "root@10.128.0.158:./syz-fuzzer"]: exit status 1
Warning: Permanently added '10.128.0.158' (ECDSA) to the list of known hosts.
scp: ./syz-fuzzer: Read-only file system

run #8: basic kernel testing failed: failed to copy test binary to VM: failed to run ["scp" "-P" "22" "-F" "/dev/null" "-o" "UserKnownHostsFile=/dev/null" "-o" "BatchMode=yes" "-o" "IdentitiesOnly=yes" "-o" "StrictHostKeyChecking=no" "-o" "ConnectTimeout=10" "/syzkaller/jobs/linux/gopath/src/github.com/google/syzkaller/bin/linux_amd64/syz-fuzzer" "root@10.128.10.6:./syz-fuzzer"]: exit status 1
Warning: Permanently added '10.128.10.6' (ECDSA) to the list of known hosts.
scp: ./syz-fuzzer: Read-only file system

run #9: basic kernel testing failed: failed to copy test binary to VM: failed to run ["scp" "-P" "22" "-F" "/dev/null" "-o" "UserKnownHostsFile=/dev/null" "-o" "BatchMode=yes" "-o" "IdentitiesOnly=yes" "-o" "StrictHostKeyChecking=no" "-o" "ConnectTimeout=10" "/syzkaller/jobs/linux/gopath/src/github.com/google/syzkaller/bin/linux_amd64/syz-fuzzer" "root@10.128.10.5:./syz-fuzzer"]: exit status 1
Warning: Permanently added '10.128.10.5' (ECDSA) to the list of known hosts.
scp: ./syz-fuzzer: Read-only file system

testing release v4.20
revisions tested: 17, total time: 8h11m2.766565983s (build: 7h8m18.922899879s, test: 56m2.290672858s)
error: bisection is taking too long (>8h0m0s), aborting
