ci2 starts bisection 2023-03-06 05:55:35.834212338 +0000 UTC m=+380750.772901679
bisecting cause commit starting from f915322fe014c5c515119381e886faf07b3c9d31
building syzkaller on f8902b5747fbe3d5b860bd782eec63fc9c7da6e7
ensuring issue is reproducible on original commit f915322fe014c5c515119381e886faf07b3c9d31

testing commit f915322fe014c5c515119381e886faf07b3c9d31 gcc
compiler: Debian clang version 15.0.7, GNU ld (GNU Binutils for Debian) 2.35.2
kernel signature: ed61b8c87cef50e892df6497e4454a683316425e5b1bde3bb8c1da1cfc27ff4d
run #0: crashed: general protection fault in gfs2_dump_glock
run #1: crashed: general protection fault in gfs2_dump_glock
run #2: crashed: general protection fault in gfs2_dump_glock
run #3: crashed: general protection fault in gfs2_dump_glock
run #4: crashed: general protection fault in gfs2_dump_glock
run #5: crashed: general protection fault in gfs2_dump_glock
run #6: crashed: general protection fault in gfs2_dump_glock
run #7: crashed: general protection fault in gfs2_dump_glock
run #8: crashed: general protection fault in gfs2_dump_glock
run #9: crashed: general protection fault in gfs2_dump_glock
run #10: crashed: general protection fault in gfs2_dump_glock
run #11: crashed: general protection fault in gfs2_dump_glock
run #12: OK
run #13: OK
run #14: OK
run #15: OK
run #16: OK
run #17: OK
run #18: OK
run #19: OK
testing release v6.2
testing commit c9c3395d5e3dcc6daee66c6908354d47bf98cb0c gcc
compiler: Debian clang version 15.0.7, GNU ld (GNU Binutils for Debian) 2.35.2
kernel signature: a57b6f17c13e35528c18e0a0dd5b90d8a80871f96f745cb4c23b28a3302884fd
run #0: crashed: INFO: rcu detected stall in corrupted
run #1: crashed: INFO: rcu detected stall in corrupted
run #2: crashed: INFO: rcu detected stall in corrupted
run #3: crashed: INFO: rcu detected stall in corrupted
run #4: crashed: INFO: rcu detected stall in corrupted
run #5: crashed: INFO: rcu detected stall in corrupted
run #6: crashed: INFO: rcu detected stall in corrupted
run #7: crashed: general protection fault in gfs2_dump_glock
run #8: crashed: general protection fault in gfs2_dump_glock
run #9: OK
testing release v6.1
testing commit 830b3c68c1fb1e9176028d02ef86f3cf76aa2476 gcc
compiler: Debian clang version 15.0.7, GNU ld (GNU Binutils for Debian) 2.35.2
kernel signature: 6a09b40b35c7f3e4ac42da770da234b86d7669180cfd4daf9b49f7a8c385e77b
run #0: crashed: INFO: rcu detected stall in corrupted
run #1: crashed: INFO: rcu detected stall in corrupted
run #2: crashed: INFO: rcu detected stall in corrupted
run #3: crashed: INFO: rcu detected stall in corrupted
run #4: crashed: INFO: rcu detected stall in corrupted
run #5: crashed: INFO: rcu detected stall in corrupted
run #6: crashed: general protection fault in gfs2_dump_glock
run #7: crashed: general protection fault in gfs2_dump_glock
run #8: crashed: general protection fault in gfs2_dump_glock
run #9: crashed: general protection fault in gfs2_dump_glock
testing release v6.0
testing commit 4fe89d07dcc2804c8b562f6c7896a45643d34b2f gcc
compiler: Debian clang version 15.0.7, GNU ld (GNU Binutils for Debian) 2.35.2
kernel signature: fe40fffebbb9ca5f01151ea408fce3f9cc037af2bb5feae944ddf4ee8ce7526e
run #0: crashed: INFO: rcu detected stall in corrupted
run #1: crashed: INFO: rcu detected stall in corrupted
run #2: crashed: INFO: rcu detected stall in corrupted
run #3: crashed: INFO: rcu detected stall in corrupted
run #4: crashed: INFO: rcu detected stall in corrupted
run #5: crashed: general protection fault in gfs2_dump_glock
run #6: crashed: general protection fault in gfs2_dump_glock
run #7: crashed: general protection fault in gfs2_dump_glock
run #8: crashed: general protection fault in gfs2_dump_glock
run #9: OK
testing release v5.19
testing commit 3d7cb6b04c3f3115719235cc6866b10326de34cd gcc
compiler: Debian clang version 15.0.7, GNU ld (GNU Binutils for Debian) 2.35.2
kernel signature: 331aa3bfe768222180d7e251b9a627eb0bc510728460f0af80ea1033602ede47
run #0: crashed: general protection fault in gfs2_dump_glock
run #1: crashed: general protection fault in gfs2_print_dbg
run #2: crashed: general protection fault in gfs2_dump_glock
run #3: crashed: general protection fault in gfs2_dump_glock
run #4: crashed: general protection fault in gfs2_dump_glock
run #5: crashed: general protection fault in gfs2_dump_glock
run #6: OK
run #7: OK
run #8: OK
run #9: OK
testing release v5.18
testing commit 4b0986a3613c92f4ec1bdc7f60ec66fea135991f gcc
compiler: Debian clang version 15.0.7, GNU ld (GNU Binutils for Debian) 2.35.2
kernel signature: 3c8bda6e477a7bd24d46c54d27da1decbae00b9e4a1741589794e3b123d1b547
run #0: crashed: general protection fault in gfs2_dump_glock
run #1: crashed: general protection fault in gfs2_dump_glock
run #2: crashed: general protection fault in gfs2_dump_glock
run #3: crashed: general protection fault in gfs2_dump_glock
run #4: OK
run #5: OK
run #6: OK
run #7: OK
run #8: OK
run #9: OK
reproducer seems to be flaky
testing release v5.17
testing commit f443e374ae131c168a065ea1748feac6b2e76613 gcc
compiler: Debian clang version 15.0.7, GNU ld (GNU Binutils for Debian) 2.35.2
kernel signature: 0bedb02c1254a5d0391ae32f4078ea4459bbf5d79fbdc110b76b4f82b026b0ad
run #0: crashed: KASAN: vmalloc-out-of-bounds Read in gfs2_dump_glock
run #1: crashed: general protection fault in gfs2_dump_glock
run #2: crashed: general protection fault in gfs2_dump_glock
run #3: crashed: general protection fault in gfs2_dump_glock
run #4: crashed: KASAN: vmalloc-out-of-bounds Read in gfs2_dump_glock
run #5: crashed: general protection fault in gfs2_dump_glock
run #6: crashed: KASAN: vmalloc-out-of-bounds Read in gfs2_dump_glock
run #7: crashed: KASAN: vmalloc-out-of-bounds Read in gfs2_dump_glock
run #8: crashed: general protection fault in gfs2_dump_glock
run #9: crashed: KASAN: vmalloc-out-of-bounds Read in gfs2_dump_glock
run #10: crashed: general protection fault in gfs2_dump_glock
run #11: crashed: KASAN: vmalloc-out-of-bounds Read in gfs2_dump_glock
run #12: crashed: general protection fault in gfs2_dump_glock
run #13: crashed: KASAN: vmalloc-out-of-bounds Read in gfs2_dump_glock
run #14: crashed: KASAN: vmalloc-out-of-bounds Read in gfs2_dump_glock
run #15: OK
run #16: OK
run #17: OK
run #18: OK
run #19: OK
testing release v5.16
testing commit df0cc57e057f18e44dac8e6c18aba47ab53202f9 gcc
compiler: Debian clang version 15.0.7, GNU ld (GNU Binutils for Debian) 2.35.2
kernel signature: 521de9003135eb3b752d08003814de1c568d2c45831abd3da479d55cad78c97e
all runs: boot failed: UBSAN: null-ptr-deref in corrupted
testing release v5.15
testing commit 8bb7eca972ad531c9b149c0a51ab43a417385813 gcc
compiler: Debian clang version 15.0.7, GNU ld (GNU Binutils for Debian) 2.35.2
drivers/usb/dwc2/hcd_queue.c:1744:25: error: expression requires  'long double' type support, but target 'x86_64-unknown-linux-gnu' does not support it
testing release v5.14
testing commit 7d2a07b769330c34b4deabeed939325c77a7ec2f gcc
compiler: Debian clang version 15.0.7, GNU ld (GNU Binutils for Debian) 2.35.2
drivers/usb/dwc2/hcd_queue.c:1744:25: error: expression requires  'long double' type support, but target 'x86_64-pc-linux-gnu' does not support it
testing release v5.13
testing commit 62fb9874f5da54fdb243003b386128037319b219 gcc
compiler: Debian clang version 15.0.7, GNU ld (GNU Binutils for Debian) 2.35.2
drivers/usb/dwc2/hcd_queue.c:1744:25: error: expression requires  'long double' type support, but target 'x86_64-pc-linux-gnu' does not support it
testing release v5.12
testing commit 9f4ad9e425a1d3b6a34617b8ea226d56a119a717 gcc
compiler: Debian clang version 15.0.7, GNU ld (GNU Binutils for Debian) 2.35.2
fs/nfs/callback.c:110:6: warning: variable 'error' set but not used [-Wunused-but-set-variable]
drivers/usb/dwc2/hcd_queue.c:1744:25: error: expression requires  'long double' type support, but target 'x86_64-pc-linux-gnu' does not support it
fs/xfs/xfs_trans.c:593:8: warning: variable 'error' set but not used [-Wunused-but-set-variable]
testing release v5.11
testing commit f40ddce88593482919761f74910f42f4b84c004b gcc
compiler: Debian clang version 15.0.7, GNU ld (GNU Binutils for Debian) 2.35.2
fs/nfs/callback.c:110:6: warning: variable 'error' set but not used [-Wunused-but-set-variable]
drivers/usb/dwc2/hcd_queue.c:1744:25: error: expression requires  'long double' type support, but target 'x86_64-pc-linux-gnu' does not support it
fs/xfs/xfs_trans.c:576:8: warning: variable 'error' set but not used [-Wunused-but-set-variable]
testing release v5.10
testing commit 2c85ebc57b3e1817b6ce1a6b703928e113a90442 gcc
compiler: Debian clang version 15.0.7, GNU ld (GNU Binutils for Debian) 2.35.2
fs/nfs/callback.c:110:6: warning: variable 'error' set but not used [-Wunused-but-set-variable]
fs/xfs/xfs_trans.c:576:8: warning: variable 'error' set but not used [-Wunused-but-set-variable]
drivers/usb/dwc2/hcd_queue.c:1744:25: error: expression requires  'long double' type support, but target 'x86_64-pc-linux-gnu' does not support it
testing release v5.9
testing commit bbf5c979011a099af5dc76498918ed7df445635b gcc
compiler: Debian clang version 15.0.7, GNU ld (GNU Binutils for Debian) 2.35.2
drivers/usb/dwc2/hcd_queue.c:1744:25: error: expression requires  'long double' type support, but target 'x86_64-pc-linux-gnu' does not support it
fs/nfs/callback.c:110:6: warning: variable 'error' set but not used [-Wunused-but-set-variable]
fs/xfs/xfs_trans.c:576:8: warning: variable 'error' set but not used [-Wunused-but-set-variable]
testing release v5.8
testing commit bcf876870b95592b52519ed4aafcf9d95999bc9c gcc
compiler: gcc (GCC) 8.4.1 20210217, GNU ld (GNU Binutils for Debian) 2.35.2
kernel signature: e899dcef85fea729dde9c6e99ca1ae708afeb04ef524148b5bbeb8dad45c995c
all runs: basic kernel testing failed: KASAN: use-after-free Read in task_active_pid_ns
testing release v5.7
testing commit 3d77e6a8804abcc0504c904bd6e5cdf3a5cf8162 gcc
compiler: gcc version 8.4.1 20210217 (GCC), GNU ld (GNU Binutils for Debian) 2.35.2
kernel signature: ae70b6a25a8068ea92528d015825e98fb1036733fe37fca4b217294dc2e0e54e
all runs: basic kernel testing failed: KASAN: use-after-free Read in task_active_pid_ns
testing release v5.6
testing commit 7111951b8d4973bda27ff663f2cf18b663d15b48 gcc
compiler: gcc version 8.4.1 20210217 (GCC)
kernel signature: dc28bedf8b21f105f9ad4e677c1354f72941991c586502d4d286470b005e0097
all runs: basic kernel testing failed: KASAN: use-after-free Read in task_active_pid_ns
testing release v5.5
Reproducer flagged being flaky
revisions tested: 11, total time: 8h7m58.886462739s (build: 6h16m20.776964486s, test: 1h37m36.796284017s)
error: bisection is taking too long (>8h0m0s), aborting
