bisecting cause commit starting from 4fe34d61a3a9d9ed954cbc90713506a7598d6b36
building syzkaller on 8c88c9c1c99c8cd8dabc951164c820b9c9f25114
testing commit 4fe34d61a3a9d9ed954cbc90713506a7598d6b36 with gcc (GCC) 8.1.0
run #0: crashed: BUG: unable to handle kernel paging request in bpf_prog_kallsyms_find
run #1: crashed: KASAN: use-after-free Read in bpf_prog_kallsyms_find
run #2: crashed: BUG: unable to handle kernel paging request in bpf_prog_kallsyms_find
run #3: crashed: BUG: unable to handle kernel paging request in bpf_prog_kallsyms_find
run #4: crashed: KASAN: use-after-free Read in bpf_prog_kallsyms_find
run #5: crashed: BUG: unable to handle kernel paging request in bpf_prog_kallsyms_find
run #6: crashed: BUG: unable to handle kernel paging request in bpf_prog_kallsyms_find
run #7: crashed: KASAN: use-after-free Read in bpf_prog_kallsyms_find
run #8: crashed: BUG: unable to handle kernel paging request in bpf_prog_kallsyms_find
run #9: crashed: KASAN: use-after-free Read in bpf_prog_kallsyms_find
testing release v5.3
testing commit 4d856f72c10ecb060868ed10ff1b1453943fc6c8 with gcc (GCC) 8.1.0
run #0: crashed: BUG: unable to handle kernel paging request in bpf_prog_kallsyms_find
run #1: crashed: BUG: unable to handle kernel paging request in bpf_prog_kallsyms_find
run #2: crashed: BUG: unable to handle kernel paging request in bpf_prog_kallsyms_find
run #3: crashed: BUG: unable to handle kernel paging request in bpf_prog_kallsyms_find
run #4: crashed: BUG: unable to handle kernel paging request in bpf_prog_kallsyms_find
run #5: crashed: BUG: unable to handle kernel paging request in bpf_prog_kallsyms_find
run #6: crashed: BUG: unable to handle kernel paging request in bpf_prog_kallsyms_find
run #7: crashed: KASAN: use-after-free Read in bpf_prog_kallsyms_find
run #8: crashed: BUG: unable to handle kernel paging request in bpf_prog_kallsyms_find
run #9: crashed: BUG: unable to handle kernel paging request in bpf_prog_kallsyms_find
testing release v5.2
testing commit 0ecfebd2b52404ae0c54a878c872bb93363ada36 with gcc (GCC) 8.1.0
run #0: crashed: BUG: unable to handle kernel paging request in bpf_prog_kallsyms_find
run #1: crashed: BUG: unable to handle kernel paging request in bpf_prog_kallsyms_find
run #2: crashed: KASAN: use-after-free Read in bpf_prog_kallsyms_find
run #3: crashed: KASAN: use-after-free Read in bpf_prog_kallsyms_find
run #4: crashed: BUG: unable to handle kernel paging request in bpf_prog_kallsyms_find
run #5: crashed: KASAN: use-after-free Read in bpf_prog_kallsyms_find
run #6: crashed: BUG: unable to handle kernel paging request in bpf_prog_kallsyms_find
run #7: crashed: KASAN: use-after-free Read in bpf_prog_kallsyms_find
run #8: crashed: BUG: unable to handle kernel paging request in bpf_prog_kallsyms_find
run #9: crashed: BUG: unable to handle kernel paging request in bpf_prog_kallsyms_find
testing release v5.1
testing commit e93c9c99a629c61837d5a7fc2120cd2b6c70dbdd with gcc (GCC) 8.1.0
run #0: crashed: BUG: unable to handle kernel paging request in bpf_prog_kallsyms_find
run #1: crashed: KASAN: use-after-free Read in bpf_prog_kallsyms_find
run #2: crashed: BUG: unable to handle kernel paging request in bpf_prog_kallsyms_find
run #3: crashed: BUG: unable to handle kernel paging request in bpf_prog_kallsyms_find
run #4: crashed: BUG: unable to handle kernel paging request in bpf_prog_kallsyms_find
run #5: crashed: BUG: unable to handle kernel paging request in bpf_prog_kallsyms_find
run #6: crashed: BUG: unable to handle kernel paging request in bpf_prog_kallsyms_find
run #7: crashed: BUG: unable to handle kernel paging request in bpf_prog_kallsyms_find
run #8: crashed: KASAN: use-after-free Read in bpf_prog_kallsyms_find
run #9: crashed: BUG: unable to handle kernel paging request in bpf_prog_kallsyms_find
testing release v5.0
testing commit 1c163f4c7b3f621efff9b28a47abb36f7378d783 with gcc (GCC) 8.1.0
run #0: crashed: BUG: unable to handle kernel paging request in bpf_prog_kallsyms_find
run #1: crashed: BUG: unable to handle kernel paging request in corrupted
run #2: crashed: BUG: unable to handle kernel paging request in bpf_prog_kallsyms_find
run #3: crashed: BUG: unable to handle kernel paging request in bpf_prog_kallsyms_find
run #4: crashed: KASAN: use-after-free Read in bpf_prog_kallsyms_find
run #5: crashed: BUG: unable to handle kernel paging request in bpf_prog_kallsyms_find
run #6: crashed: BUG: unable to handle kernel paging request in bpf_prog_kallsyms_find
run #7: crashed: KASAN: use-after-free Read in bpf_prog_kallsyms_find
run #8: crashed: BUG: unable to handle kernel paging request in bpf_prog_kallsyms_find
run #9: crashed: BUG: unable to handle kernel paging request in bpf_prog_kallsyms_find
testing release v4.20
testing commit 8fe28cb58bcb235034b64cbbb7550a8a43fd88be with gcc (GCC) 8.1.0
run #0: crashed: BUG: unable to handle kernel paging request in bpf_prog_kallsyms_find
run #1: crashed: BUG: unable to handle kernel paging request in bpf_prog_kallsyms_find
run #2: crashed: KASAN: use-after-free Read in bpf_prog_kallsyms_find
run #3: crashed: BUG: unable to handle kernel paging request in bpf_prog_kallsyms_find
run #4: crashed: BUG: unable to handle kernel paging request in bpf_prog_kallsyms_find
run #5: crashed: BUG: unable to handle kernel paging request in bpf_prog_kallsyms_find
run #6: crashed: KASAN: use-after-free Read in bpf_prog_kallsyms_find
run #7: crashed: BUG: unable to handle kernel paging request in bpf_prog_kallsyms_find
run #8: crashed: KASAN: use-after-free Read in bpf_prog_kallsyms_find
run #9: crashed: BUG: unable to handle kernel paging request in bpf_prog_kallsyms_find
testing release v4.19
testing commit 84df9525b0c27f3ebc2ebb1864fa62a97fdedb7d with gcc (GCC) 8.1.0
run #0: crashed: BUG: unable to handle kernel paging request in bpf_prog_kallsyms_find
run #1: crashed: KASAN: use-after-free Read in bpf_prog_kallsyms_find
run #2: crashed: BUG: unable to handle kernel paging request in bpf_prog_kallsyms_find
run #3: crashed: BUG: unable to handle kernel paging request in bpf_prog_kallsyms_find
run #4: crashed: BUG: unable to handle kernel paging request in bpf_prog_kallsyms_find
run #5: crashed: BUG: unable to handle kernel paging request in bpf_prog_kallsyms_find
run #6: crashed: BUG: unable to handle kernel paging request in bpf_prog_kallsyms_find
run #7: crashed: BUG: unable to handle kernel paging request in bpf_prog_kallsyms_find
run #8: crashed: KASAN: use-after-free Read in bpf_prog_kallsyms_find
run #9: crashed: BUG: unable to handle kernel paging request in bpf_prog_kallsyms_find
testing release v4.18
testing commit 94710cac0ef4ee177a63b5227664b38c95bbf703 with gcc (GCC) 8.1.0
run #0: crashed: BUG: unable to handle kernel paging request in bpf_prog_kallsyms_find
run #1: crashed: KASAN: use-after-free Read in bpf_prog_kallsyms_find
run #2: crashed: BUG: unable to handle kernel paging request in bpf_prog_kallsyms_find
run #3: crashed: BUG: unable to handle kernel paging request in bpf_prog_kallsyms_find
run #4: crashed: BUG: unable to handle kernel paging request in bpf_prog_kallsyms_find
run #5: crashed: KASAN: use-after-free Read in bpf_prog_kallsyms_find
run #6: crashed: KASAN: use-after-free Read in bpf_prog_kallsyms_find
run #7: crashed: BUG: unable to handle kernel paging request in bpf_prog_kallsyms_find
run #8: crashed: BUG: unable to handle kernel paging request in bpf_prog_kallsyms_find
run #9: crashed: BUG: unable to handle kernel paging request in bpf_prog_kallsyms_find
testing release v4.17
testing commit 29dcea88779c856c7dc92040a0c01233263101d4 with gcc (GCC) 8.1.0
all runs: crashed: WARNING in bpf_jit_free
testing release v4.16
testing commit 0adb32858b0bddf4ada5f364a84ed60b196dbcda with gcc (GCC) 8.1.0
all runs: crashed: WARNING in bpf_jit_free
testing release v4.15
testing commit d8a5b80568a9cb66810e75b182018e9edb68e8ff with gcc (GCC) 8.1.0
all runs: OK
# git bisect start v4.16 v4.15
Bisecting: 7566 revisions left to test after this (roughly 13 steps)
[c14376de3a1befa70d9811ca2872d47367b48767] printk: Wake klogd when passing console_lock owner
testing commit c14376de3a1befa70d9811ca2872d47367b48767 with gcc (GCC) 8.1.0
all runs: crashed: WARNING in bpf_jit_free
# git bisect bad c14376de3a1befa70d9811ca2872d47367b48767
Bisecting: 3620 revisions left to test after this (roughly 12 steps)
[a103950e0dd2058df5e8a8d4a915707bdcf205f0] Merge branch 'linus' of git://git.kernel.org/pub/scm/linux/kernel/git/herbert/crypto-2.6
testing commit a103950e0dd2058df5e8a8d4a915707bdcf205f0 with gcc (GCC) 8.1.0
all runs: OK
# git bisect good a103950e0dd2058df5e8a8d4a915707bdcf205f0
Bisecting: 1810 revisions left to test after this (roughly 11 steps)
[0542e13b5f5663ffdc18e0e028413b2cd09f426f] Merge branch '10GbE' of git://git.kernel.org/pub/scm/linux/kernel/git/jkirsher/next-queue
testing commit 0542e13b5f5663ffdc18e0e028413b2cd09f426f with gcc (GCC) 8.1.0
run #0: crashed: WARNING in corrupted
run #1: crashed: WARNING in corrupted
run #2: crashed: WARNING in corrupted
run #3: crashed: WARNING in bpf_jit_free
run #4: crashed: WARNING in bpf_jit_free
run #5: crashed: WARNING in bpf_jit_free
run #6: crashed: WARNING in bpf_jit_free
run #7: crashed: WARNING in bpf_jit_free
run #8: crashed: no output from test machine
run #9: crashed: no output from test machine
# git bisect bad 0542e13b5f5663ffdc18e0e028413b2cd09f426f
Bisecting: 914 revisions left to test after this (roughly 10 steps)
[8a4816cad00bf14642f0ed6043b32d29a05006ce] tg3: Add Macronix NVRAM support
testing commit 8a4816cad00bf14642f0ed6043b32d29a05006ce with gcc (GCC) 8.1.0
run #0: crashed: WARNING in bpf_jit_free
run #1: crashed: WARNING in bpf_jit_free
run #2: crashed: WARNING in bpf_jit_free
run #3: crashed: WARNING in bpf_jit_free
run #4: crashed: WARNING in bpf_jit_free
run #5: crashed: WARNING in bpf_jit_free
run #6: crashed: WARNING in bpf_jit_free
run #7: crashed: WARNING in corrupted
run #8: crashed: WARNING in bpf_jit_free
run #9: crashed: no output from test machine
# git bisect bad 8a4816cad00bf14642f0ed6043b32d29a05006ce
Bisecting: 447 revisions left to test after this (roughly 9 steps)
[30e43f13342bbe1dd96fa032030063ed5bfb6d04] net: phy: meson-gxl: leave CONFIG_A6 untouched
testing commit 30e43f13342bbe1dd96fa032030063ed5bfb6d04 with gcc (GCC) 8.1.0
net/wireless/shipped-certs.c:92:10: error: redefinition of ‘shipped_regdb_certs’
# git bisect skip 30e43f13342bbe1dd96fa032030063ed5bfb6d04
Bisecting: 447 revisions left to test after this (roughly 9 steps)
[ad05a7a05ede28ba6dd935d9e932264a22518b1f] sctp: add basic structures and make chunk function for idata
testing commit ad05a7a05ede28ba6dd935d9e932264a22518b1f with gcc (GCC) 8.1.0
net/wireless/shipped-certs.c:92:10: error: redefinition of ‘shipped_regdb_certs’
# git bisect skip ad05a7a05ede28ba6dd935d9e932264a22518b1f
Bisecting: 447 revisions left to test after this (roughly 9 steps)
[6502ad5963a5307089bed395f63173e34cb251ea] bnxt_en: Add ETH_RESET_AP support
testing commit 6502ad5963a5307089bed395f63173e34cb251ea with gcc (GCC) 8.1.0
net/wireless/shipped-certs.c:92:10: error: redefinition of ‘shipped_regdb_certs’
# git bisect skip 6502ad5963a5307089bed395f63173e34cb251ea
Bisecting: 447 revisions left to test after this (roughly 9 steps)
[4eb50ceb5c156a166c0b00ac27f0ff3a0943cdfb] ibmvnic: Include header descriptor support for ARP packets
testing commit 4eb50ceb5c156a166c0b00ac27f0ff3a0943cdfb with gcc (GCC) 8.1.0
net/wireless/shipped-certs.c:92:10: error: redefinition of ‘shipped_regdb_certs’
# git bisect skip 4eb50ceb5c156a166c0b00ac27f0ff3a0943cdfb
Bisecting: 447 revisions left to test after this (roughly 9 steps)
[08859f159eaf7159a7a680c6151073f4451b222b] nfp: bpf: relax source operands check
testing commit 08859f159eaf7159a7a680c6151073f4451b222b with gcc (GCC) 8.1.0
net/wireless/shipped-certs.c:92:10: error: redefinition of ‘shipped_regdb_certs’
# git bisect skip 08859f159eaf7159a7a680c6151073f4451b222b
Bisecting: 447 revisions left to test after this (roughly 9 steps)
[eff2d68ca7388ee1c08811c6bbf4d8587cba01da] Bluetooth: btusb: Add a Kconfig option to enable USB autosuspend by default
testing commit eff2d68ca7388ee1c08811c6bbf4d8587cba01da with gcc (GCC) 8.1.0
net/wireless/shipped-certs.c:92:10: error: redefinition of ‘shipped_regdb_certs’
# git bisect skip eff2d68ca7388ee1c08811c6bbf4d8587cba01da
Bisecting: 447 revisions left to test after this (roughly 9 steps)
[0190ff24e55efd3e02479537c2d91835602fffa3] iwlwifi: mvm: request statistics when reading debugfs
testing commit 0190ff24e55efd3e02479537c2d91835602fffa3 with gcc (GCC) 8.1.0
net/wireless/shipped-certs.c:92:10: error: redefinition of ‘shipped_regdb_certs’
# git bisect skip 0190ff24e55efd3e02479537c2d91835602fffa3
Bisecting: 447 revisions left to test after this (roughly 9 steps)
[cdc0974f10cf02dde411ee96dbce54594249da4e] Merge branch 'hv_netvsc-Fix-default-and-limit-of-recv-buffer'
testing commit cdc0974f10cf02dde411ee96dbce54594249da4e with gcc (GCC) 8.1.0
net/wireless/shipped-certs.c:92:10: error: redefinition of ‘shipped_regdb_certs’
# git bisect skip cdc0974f10cf02dde411ee96dbce54594249da4e
Bisecting: 447 revisions left to test after this (roughly 9 steps)
[1971ab587bb087905ff94a079184b0608d0075ff] net: ethernet: ti: ale: use devm_kzalloc in cpsw_ale_create()
testing commit 1971ab587bb087905ff94a079184b0608d0075ff with gcc (GCC) 8.1.0
net/wireless/shipped-certs.c:92:10: error: redefinition of ‘shipped_regdb_certs’
# git bisect skip 1971ab587bb087905ff94a079184b0608d0075ff
Bisecting: 447 revisions left to test after this (roughly 9 steps)
[fc0f9f4d2f26b12fd2eda239bb8f18ceaf192c91] PCI: Add pcim_set_mwi(), a device-managed pci_set_mwi()
testing commit fc0f9f4d2f26b12fd2eda239bb8f18ceaf192c91 with gcc (GCC) 8.1.0
net/wireless/shipped-certs.c:92:10: error: redefinition of ‘shipped_regdb_certs’
# git bisect skip fc0f9f4d2f26b12fd2eda239bb8f18ceaf192c91
Bisecting: 447 revisions left to test after this (roughly 9 steps)
[3b8fac5d905ee15346ba2de1e2427ef43fbbd880] net: dsa: introduce dsa_towards_port helper
testing commit 3b8fac5d905ee15346ba2de1e2427ef43fbbd880 with gcc (GCC) 8.1.0
net/wireless/shipped-certs.c:92:10: error: redefinition of ‘shipped_regdb_certs’
# git bisect skip 3b8fac5d905ee15346ba2de1e2427ef43fbbd880
Bisecting: 447 revisions left to test after this (roughly 9 steps)
[345ac08990b8365294f9756da806f357c239d758] hv_netvsc: pass netvsc_device to receive callback
testing commit 345ac08990b8365294f9756da806f357c239d758 with gcc (GCC) 8.1.0
net/wireless/shipped-certs.c:92:10: error: redefinition of ‘shipped_regdb_certs’
# git bisect skip 345ac08990b8365294f9756da806f357c239d758
Bisecting: 447 revisions left to test after this (roughly 9 steps)
[a9add1944eb1432c28087eba2b5637657a90daa3] cxgb4: use CLIP with LIP6 on T6 for TCAM filters
testing commit a9add1944eb1432c28087eba2b5637657a90daa3 with gcc (GCC) 8.1.0
run #0: crashed: WARNING in bpf_jit_free
run #1: crashed: WARNING in bpf_jit_free
run #2: crashed: WARNING in bpf_jit_free
run #3: crashed: WARNING in bpf_jit_free
run #4: crashed: WARNING in bpf_jit_free
run #5: crashed: WARNING in bpf_jit_free
run #6: crashed: WARNING in bpf_jit_free
run #7: crashed: WARNING in corrupted
run #8: crashed: no output from test machine
run #9: crashed: no output from test machine
# git bisect bad a9add1944eb1432c28087eba2b5637657a90daa3
Bisecting: 426 revisions left to test after this (roughly 9 steps)
[c30abd5e40dd863f88e26be09b6ce949145a630a] Merge git://git.kernel.org/pub/scm/linux/kernel/git/davem/net
testing commit c30abd5e40dd863f88e26be09b6ce949145a630a with gcc (GCC) 8.1.0
net/wireless/shipped-certs.c:92:10: error: redefinition of ‘shipped_regdb_certs’
# git bisect skip c30abd5e40dd863f88e26be09b6ce949145a630a
Bisecting: 426 revisions left to test after this (roughly 9 steps)
[1dde35d0b8e3a9fbf24e13d16dc583f1cc5d027b] Merge ath-next from git://git.kernel.org/pub/scm/linux/kernel/git/kvalo/ath.git
testing commit 1dde35d0b8e3a9fbf24e13d16dc583f1cc5d027b with gcc (GCC) 8.1.0
net/wireless/shipped-certs.c:92:10: error: redefinition of ‘shipped_regdb_certs’
# git bisect skip 1dde35d0b8e3a9fbf24e13d16dc583f1cc5d027b
Bisecting: 426 revisions left to test after this (roughly 9 steps)
[87a23801e50273f66c68e3028cf610bf4124265c] nfp: extend NSP infrastructure for configurable timeouts
testing commit 87a23801e50273f66c68e3028cf610bf4124265c with gcc (GCC) 8.1.0
net/wireless/shipped-certs.c:92:10: error: redefinition of ‘shipped_regdb_certs’
# git bisect skip 87a23801e50273f66c68e3028cf610bf4124265c
Bisecting: 426 revisions left to test after this (roughly 9 steps)
[19e36da61a90fe95116634f66196cc9b2e61b368] s390/qeth: robustify qeth_get_ip_version()
testing commit 19e36da61a90fe95116634f66196cc9b2e61b368 with gcc (GCC) 8.1.0
net/wireless/shipped-certs.c:92:10: error: redefinition of ‘shipped_regdb_certs’
# git bisect skip 19e36da61a90fe95116634f66196cc9b2e61b368
Bisecting: 426 revisions left to test after this (roughly 9 steps)
[ac80c2a165af02a0cca3d17d534a85d37fdc1271] samples/bpf: add erspan v2 sample code
testing commit ac80c2a165af02a0cca3d17d534a85d37fdc1271 with gcc (GCC) 8.1.0
net/wireless/shipped-certs.c:92:10: error: redefinition of ‘shipped_regdb_certs’
# git bisect skip ac80c2a165af02a0cca3d17d534a85d37fdc1271
Bisecting: 426 revisions left to test after this (roughly 9 steps)
[096457b5523bbbb371c0099d4db5663fa084494a] macb: Kill PHY reset code
testing commit 096457b5523bbbb371c0099d4db5663fa084494a with gcc (GCC) 8.1.0
net/wireless/shipped-certs.c:92:10: error: redefinition of ‘shipped_regdb_certs’
# git bisect skip 096457b5523bbbb371c0099d4db5663fa084494a
Bisecting: 426 revisions left to test after this (roughly 9 steps)
[259c8618b0099bfa613997b43857752167cddc20] sfp: add sff module support
testing commit 259c8618b0099bfa613997b43857752167cddc20 with gcc (GCC) 8.1.0
net/wireless/shipped-certs.c:92:10: error: redefinition of ‘shipped_regdb_certs’
# git bisect skip 259c8618b0099bfa613997b43857752167cddc20
Bisecting: 426 revisions left to test after this (roughly 9 steps)
[60b84a9b3889a55503c6ffac56d69ecc060ad3b5] nfp: dump indirect ME CSRs
testing commit 60b84a9b3889a55503c6ffac56d69ecc060ad3b5 with gcc (GCC) 8.1.0
net/wireless/shipped-certs.c:92:10: error: redefinition of ‘shipped_regdb_certs’
# git bisect skip 60b84a9b3889a55503c6ffac56d69ecc060ad3b5
Bisecting: 426 revisions left to test after this (roughly 9 steps)
[71827443017789da691b402090c6be6138f43157] sfc: support VI strides other than 8k
testing commit 71827443017789da691b402090c6be6138f43157 with gcc (GCC) 8.1.0
net/wireless/shipped-certs.c:92:10: error: redefinition of ‘shipped_regdb_certs’
# git bisect skip 71827443017789da691b402090c6be6138f43157
Bisecting: 426 revisions left to test after this (roughly 9 steps)
[ce5c144f48d5e465bd9b9d676902cf4dcfcae4b9] net: bonding: Replace mac address parsing
testing commit ce5c144f48d5e465bd9b9d676902cf4dcfcae4b9 with gcc (GCC) 8.1.0
net/wireless/shipped-certs.c:92:10: error: redefinition of ‘shipped_regdb_certs’
# git bisect skip ce5c144f48d5e465bd9b9d676902cf4dcfcae4b9
Bisecting: 426 revisions left to test after this (roughly 9 steps)
[de60fe9105431f504de9f8793b1da237a7d7f7ed] sctp: implement handle_ftsn for sctp_stream_interleave
testing commit de60fe9105431f504de9f8793b1da237a7d7f7ed with gcc (GCC) 8.1.0
net/wireless/shipped-certs.c:92:10: error: redefinition of ‘shipped_regdb_certs’
# git bisect skip de60fe9105431f504de9f8793b1da237a7d7f7ed
Bisecting: 426 revisions left to test after this (roughly 9 steps)
[61afe07ad68e3c0b6672e65f4239a759491ccc58] Merge branch 'ibmvnic-Fix-and-increase-maximum-TX-RX-queues'
testing commit 61afe07ad68e3c0b6672e65f4239a759491ccc58 with gcc (GCC) 8.1.0
net/wireless/shipped-certs.c:92:10: error: redefinition of ‘shipped_regdb_certs’
# git bisect skip 61afe07ad68e3c0b6672e65f4239a759491ccc58
Bisecting: 426 revisions left to test after this (roughly 9 steps)
[28dc4c8f4557d82e9be020e85e2362239270e704] net: phy: broadcom: Add entry for 5395 switch PHYs
testing commit 28dc4c8f4557d82e9be020e85e2362239270e704 with gcc (GCC) 8.1.0
net/wireless/shipped-certs.c:92:10: error: redefinition of ‘shipped_regdb_certs’
# git bisect skip 28dc4c8f4557d82e9be020e85e2362239270e704
Bisecting: 426 revisions left to test after this (roughly 9 steps)
[d32442485df7633fc67245e3e614d29ac3c45dbd] tools: bpftool: create "uninstall", "doc-uninstall" make targets
testing commit d32442485df7633fc67245e3e614d29ac3c45dbd with gcc (GCC) 8.1.0
net/wireless/shipped-certs.c:92:10: error: redefinition of ‘shipped_regdb_certs’
# git bisect skip d32442485df7633fc67245e3e614d29ac3c45dbd
Bisecting: 426 revisions left to test after this (roughly 9 steps)
[78f012bc0e059725a7a209d073726fe81cf30145] net: ieee802154: adf7242: Add additional DEBUG information
testing commit 78f012bc0e059725a7a209d073726fe81cf30145 with gcc (GCC) 8.1.0
net/wireless/shipped-certs.c:92:10: error: redefinition of ‘shipped_regdb_certs’
# git bisect skip 78f012bc0e059725a7a209d073726fe81cf30145
Bisecting: 426 revisions left to test after this (roughly 9 steps)
[4a86a4cf68b4996a656d8c666617e8d839f8f839] net: skb_array: expose peek API
testing commit 4a86a4cf68b4996a656d8c666617e8d839f8f839 with gcc (GCC) 8.1.0
net/wireless/shipped-certs.c:92:10: error: redefinition of ‘shipped_regdb_certs’
# git bisect skip 4a86a4cf68b4996a656d8c666617e8d839f8f839
Bisecting: 426 revisions left to test after this (roughly 9 steps)
[8cfba951a0e65acb4ea9fe669a0aa09a44c5d1de] batman-adv: include kobject.h for kobject_* functions
testing commit 8cfba951a0e65acb4ea9fe669a0aa09a44c5d1de with gcc (GCC) 8.1.0
net/wireless/shipped-certs.c:92:10: error: redefinition of ‘shipped_regdb_certs’
# git bisect skip 8cfba951a0e65acb4ea9fe669a0aa09a44c5d1de
Bisecting: 426 revisions left to test after this (roughly 9 steps)
[c1219653f3a5dc16334c43cbb8b3f5c27586c98b] cxgb4: skip TX and RX payload regions in memory dumps
testing commit c1219653f3a5dc16334c43cbb8b3f5c27586c98b with gcc (GCC) 8.1.0
net/wireless/shipped-certs.c:92:10: error: redefinition of ‘shipped_regdb_certs’
# git bisect skip c1219653f3a5dc16334c43cbb8b3f5c27586c98b
Bisecting: 426 revisions left to test after this (roughly 9 steps)
[170e8e6176d480717b0603a988ce7e4c1be654a8] ath10k: re-enable TXQs for all devices
testing commit 170e8e6176d480717b0603a988ce7e4c1be654a8 with gcc (GCC) 8.1.0
net/wireless/shipped-certs.c:92:10: error: redefinition of ‘shipped_regdb_certs’
# git bisect skip 170e8e6176d480717b0603a988ce7e4c1be654a8
Bisecting: 426 revisions left to test after this (roughly 9 steps)
[60b58afc96c9df71871df2dbad42037757ceef26] bpf: fix net.core.bpf_jit_enable race
testing commit 60b58afc96c9df71871df2dbad42037757ceef26 with gcc (GCC) 8.1.0
net/wireless/shipped-certs.c:92:10: error: redefinition of ‘shipped_regdb_certs’
# git bisect skip 60b58afc96c9df71871df2dbad42037757ceef26
Bisecting: 426 revisions left to test after this (roughly 9 steps)
[705d2fde94b23cd76efbeedde643ffa7c32fac7f] wil6210: add block size checks during FW load
testing commit 705d2fde94b23cd76efbeedde643ffa7c32fac7f with gcc (GCC) 8.1.0
net/wireless/shipped-certs.c:92:10: error: redefinition of ‘shipped_regdb_certs’
# git bisect skip 705d2fde94b23cd76efbeedde643ffa7c32fac7f
Bisecting: 426 revisions left to test after this (roughly 9 steps)
[9162e0ed9e238c1f1d738cb36ee59d96b097f8e1] sctp: implement enqueue_event for sctp_stream_interleave
testing commit 9162e0ed9e238c1f1d738cb36ee59d96b097f8e1 with gcc (GCC) 8.1.0
net/wireless/shipped-certs.c:92:10: error: redefinition of ‘shipped_regdb_certs’
# git bisect skip 9162e0ed9e238c1f1d738cb36ee59d96b097f8e1
Bisecting: 426 revisions left to test after this (roughly 9 steps)
[05898dd98830f62e60faa41a4ec6acecb9d6cdd1] wil6210: remove suspend time statistics
testing commit 05898dd98830f62e60faa41a4ec6acecb9d6cdd1 with gcc (GCC) 8.1.0
net/wireless/shipped-certs.c:92:10: error: redefinition of ‘shipped_regdb_certs’
# git bisect skip 05898dd98830f62e60faa41a4ec6acecb9d6cdd1
Bisecting: 426 revisions left to test after this (roughly 9 steps)
[1b259904a2d0ad8c57feb498932bed5171112af3] Bluetooth: Use common error handling code in bt_init()
testing commit 1b259904a2d0ad8c57feb498932bed5171112af3 with gcc (GCC) 8.1.0
net/wireless/shipped-certs.c:92:10: error: redefinition of ‘shipped_regdb_certs’
# git bisect skip 1b259904a2d0ad8c57feb498932bed5171112af3
Bisecting: 426 revisions left to test after this (roughly 9 steps)
[dd8a2d49e4ed321ab8e7b679499c3a98ccc5ca24] brcmfmac: Rename bcmerror to err
testing commit dd8a2d49e4ed321ab8e7b679499c3a98ccc5ca24 with gcc (GCC) 8.1.0
net/wireless/shipped-certs.c:92:10: error: redefinition of ‘shipped_regdb_certs’
# git bisect skip dd8a2d49e4ed321ab8e7b679499c3a98ccc5ca24
Bisecting: 426 revisions left to test after this (roughly 9 steps)
[41f61db2cd24d5ad802386719cccde1479aa82a6] hv_netvsc: Fix the TX/RX buffer default sizes
testing commit 41f61db2cd24d5ad802386719cccde1479aa82a6 with gcc (GCC) 8.1.0
net/wireless/shipped-certs.c:92:10: error: redefinition of ‘shipped_regdb_certs’
# git bisect skip 41f61db2cd24d5ad802386719cccde1479aa82a6
Bisecting: 426 revisions left to test after this (roughly 9 steps)
[d0aef029b53c70d6261ef9d4bd827c861d51a8ef] net: ethernet: ti: ale: disable ale from stop()
testing commit d0aef029b53c70d6261ef9d4bd827c861d51a8ef with gcc (GCC) 8.1.0
net/wireless/shipped-certs.c:92:10: error: redefinition of ‘shipped_regdb_certs’
# git bisect skip d0aef029b53c70d6261ef9d4bd827c861d51a8ef
Bisecting: 426 revisions left to test after this (roughly 9 steps)
[22b371cbb949e1c8ee4accfead5ee9f3e7f0c114] Bluetooth: introduce DEFINE_SHOW_ATTRIBUTE() macro
testing commit 22b371cbb949e1c8ee4accfead5ee9f3e7f0c114 with gcc (GCC) 8.1.0
net/wireless/shipped-certs.c:92:10: error: redefinition of ‘shipped_regdb_certs’
# git bisect skip 22b371cbb949e1c8ee4accfead5ee9f3e7f0c114
Bisecting: 426 revisions left to test after this (roughly 9 steps)
[80e023607982faa6245507c45acf93bb0feb0ded] net: dsa: remove trans argument from vlan ops
testing commit 80e023607982faa6245507c45acf93bb0feb0ded with gcc (GCC) 8.1.0
net/wireless/shipped-certs.c:92:10: error: redefinition of ‘shipped_regdb_certs’
# git bisect skip 80e023607982faa6245507c45acf93bb0feb0ded
Bisecting: 426 revisions left to test after this (roughly 9 steps)
[1ac63e392e57ffbcd2b567f2c69474f3e9cb889d] net: phy: phylink: Allow setting a custom link state callback
testing commit 1ac63e392e57ffbcd2b567f2c69474f3e9cb889d with gcc (GCC) 8.1.0
net/wireless/shipped-certs.c:92:10: error: redefinition of ‘shipped_regdb_certs’
# git bisect skip 1ac63e392e57ffbcd2b567f2c69474f3e9cb889d
Bisecting: 426 revisions left to test after this (roughly 9 steps)
[136819a6e8df374e6b9b424586ff11c9e241a1cb] net: phy: realtek: add utility functions to read/write page addresses
testing commit 136819a6e8df374e6b9b424586ff11c9e241a1cb with gcc (GCC) 8.1.0
net/wireless/shipped-certs.c:92:10: error: redefinition of ‘shipped_regdb_certs’
# git bisect skip 136819a6e8df374e6b9b424586ff11c9e241a1cb
Bisecting: 426 revisions left to test after this (roughly 9 steps)
[bbd62d24f936f8efab95dea583f6b69da4f036e2] bcm63xx_enet: remove pointless mac_id check
testing commit bbd62d24f936f8efab95dea583f6b69da4f036e2 with gcc (GCC) 8.1.0
net/wireless/shipped-certs.c:92:10: error: redefinition of ‘shipped_regdb_certs’
# git bisect skip bbd62d24f936f8efab95dea583f6b69da4f036e2
Bisecting: 426 revisions left to test after this (roughly 9 steps)
[f16121c80c8ee4dab3c41363cb8b24f8d8eaf45f] net: hns3: add Asym Pause support to phy default features
testing commit f16121c80c8ee4dab3c41363cb8b24f8d8eaf45f with gcc (GCC) 8.1.0
all runs: OK
# git bisect good f16121c80c8ee4dab3c41363cb8b24f8d8eaf45f
Bisecting: 33 revisions left to test after this (roughly 5 steps)
[fcffe2edbd390cad499b27d20512ef000d7ecf54] Merge git://git.kernel.org/pub/scm/linux/kernel/git/bpf/bpf-next
testing commit fcffe2edbd390cad499b27d20512ef000d7ecf54 with gcc (GCC) 8.1.0
run #0: crashed: WARNING in bpf_jit_free
run #1: crashed: WARNING in bpf_jit_free
run #2: crashed: WARNING in bpf_jit_free
run #3: crashed: WARNING in corrupted
run #4: crashed: WARNING in corrupted
run #5: crashed: WARNING in bpf_jit_free
run #6: crashed: WARNING in corrupted
run #7: crashed: WARNING in bpf_jit_free
run #8: crashed: WARNING in bpf_jit_free
run #9: crashed: no output from test machine
# git bisect bad fcffe2edbd390cad499b27d20512ef000d7ecf54
Bisecting: 23 revisions left to test after this (roughly 5 steps)
[111856c758d9a06145da446e0db8f71988eebf02] tcp: push full zerocopy packets
testing commit 111856c758d9a06145da446e0db8f71988eebf02 with gcc (GCC) 8.1.0
all runs: OK
# git bisect good 111856c758d9a06145da446e0db8f71988eebf02
Bisecting: 11 revisions left to test after this (roughly 4 steps)
[5f5a641116391f6c8c5fb4dad717895d2da96678] bpf: sparc64: Add JIT support for multi-function programs.
testing commit 5f5a641116391f6c8c5fb4dad717895d2da96678 with gcc (GCC) 8.1.0
net/wireless/shipped-certs.c:92:10: error: redefinition of ‘shipped_regdb_certs’
# git bisect skip 5f5a641116391f6c8c5fb4dad717895d2da96678
Bisecting: 11 revisions left to test after this (roughly 4 steps)
[55b07a65e15bea6e253a907dacaf89b61fe504ca] Merge branch 'net-zerocopy-refine'
testing commit 55b07a65e15bea6e253a907dacaf89b61fe504ca with gcc (GCC) 8.1.0
all runs: OK
# git bisect good 55b07a65e15bea6e253a907dacaf89b61fe504ca
Bisecting: 10 revisions left to test after this (roughly 3 steps)
[7466177635be4d5f2452284085b5c2cc299367fe] Merge branch 'bpftool-improvements-kallsymfix'
testing commit 7466177635be4d5f2452284085b5c2cc299367fe with gcc (GCC) 8.1.0
net/wireless/shipped-certs.c:92:10: error: redefinition of ‘shipped_regdb_certs’
# git bisect skip 7466177635be4d5f2452284085b5c2cc299367fe
Bisecting: 10 revisions left to test after this (roughly 3 steps)
[5ee7f784cd32e63fbf54275b2b4f991ca085db61] bpf: arm64: fix uninitialized variable
testing commit 5ee7f784cd32e63fbf54275b2b4f991ca085db61 with gcc (GCC) 8.1.0
net/wireless/shipped-certs.c:92:10: error: redefinition of ‘shipped_regdb_certs’
# git bisect skip 5ee7f784cd32e63fbf54275b2b4f991ca085db61
Bisecting: 10 revisions left to test after this (roughly 3 steps)
[7105e828c087de970fcb5a9509db51bfe6bd7894] bpf: allow for correlation of maps and helpers in dump
testing commit 7105e828c087de970fcb5a9509db51bfe6bd7894 with gcc (GCC) 8.1.0
net/wireless/shipped-certs.c:92:10: error: redefinition of ‘shipped_regdb_certs’
# git bisect skip 7105e828c087de970fcb5a9509db51bfe6bd7894
Bisecting: 10 revisions left to test after this (roughly 3 steps)
[aada9ce644e53410954daa6beb1f7c4ca158abd7] bpf: fix max call depth check
testing commit aada9ce644e53410954daa6beb1f7c4ca158abd7 with gcc (GCC) 8.1.0
net/wireless/shipped-certs.c:92:10: error: redefinition of ‘shipped_regdb_certs’
# git bisect skip aada9ce644e53410954daa6beb1f7c4ca158abd7
Bisecting: 10 revisions left to test after this (roughly 3 steps)
[4f74d80971bce93d9e608c40324d662c70eb4664] bpf: fix kallsyms handling for subprogs
testing commit 4f74d80971bce93d9e608c40324d662c70eb4664 with gcc (GCC) 8.1.0
net/wireless/shipped-certs.c:92:10: error: redefinition of ‘shipped_regdb_certs’
# git bisect skip 4f74d80971bce93d9e608c40324d662c70eb4664
Bisecting: 10 revisions left to test after this (roughly 3 steps)
[4ca998fe46b1fce4988005851df2c85b7bf2addf] selftests/bpf: add netdevsim to config
testing commit 4ca998fe46b1fce4988005851df2c85b7bf2addf with gcc (GCC) 8.1.0
net/wireless/shipped-certs.c:92:10: error: redefinition of ‘shipped_regdb_certs’
# git bisect skip 4ca998fe46b1fce4988005851df2c85b7bf2addf
Bisecting: 10 revisions left to test after this (roughly 3 steps)
[c475ffad58a8a2f1d3a2bd433eaa491471981b49] tools/bpf: adjust rlimit RLIMIT_MEMLOCK for test_dev_cgroup
testing commit c475ffad58a8a2f1d3a2bd433eaa491471981b49 with gcc (GCC) 8.1.0
net/wireless/shipped-certs.c:92:10: error: redefinition of ‘shipped_regdb_certs’
# git bisect skip c475ffad58a8a2f1d3a2bd433eaa491471981b49
Bisecting: 10 revisions left to test after this (roughly 3 steps)
[c060bc6115b6a204cb60e6b03fe64135731bc6c8] bpf: make function xdp_do_generic_redirect_map() static
testing commit c060bc6115b6a204cb60e6b03fe64135731bc6c8 with gcc (GCC) 8.1.0
net/wireless/shipped-certs.c:92:10: error: redefinition of ‘shipped_regdb_certs’
# git bisect skip c060bc6115b6a204cb60e6b03fe64135731bc6c8
Bisecting: 10 revisions left to test after this (roughly 3 steps)
[fd05e57bb35ad5eb7e261b64e5cf46445250f842] bpf: fix stacksafe exploration when comparing states
testing commit fd05e57bb35ad5eb7e261b64e5cf46445250f842 with gcc (GCC) 8.1.0
net/wireless/shipped-certs.c:92:10: error: redefinition of ‘shipped_regdb_certs’
# git bisect skip fd05e57bb35ad5eb7e261b64e5cf46445250f842
Bisecting: 10 revisions left to test after this (roughly 3 steps)
[624588d9d6cc0a1a270a65fb4d5220f1ceddcf38] Merge branch 'bpf-stack-depth-tracking-fixes'
testing commit 624588d9d6cc0a1a270a65fb4d5220f1ceddcf38 with gcc (GCC) 8.1.0
net/wireless/shipped-certs.c:92:10: error: redefinition of ‘shipped_regdb_certs’
# git bisect skip 624588d9d6cc0a1a270a65fb4d5220f1ceddcf38
Bisecting: 10 revisions left to test after this (roughly 3 steps)
[6b80ad299208b44ba33cb6df80bdaa3f63cf03e2] bpf: selftest for late caller stack size increase
testing commit 6b80ad299208b44ba33cb6df80bdaa3f63cf03e2 with gcc (GCC) 8.1.0
net/wireless/shipped-certs.c:92:10: error: redefinition of ‘shipped_regdb_certs’
# git bisect skip 6b80ad299208b44ba33cb6df80bdaa3f63cf03e2
Bisecting: 10 revisions left to test after this (roughly 3 steps)
[6b86c4217c231cbd268bd8c6fda025b27047d3ed] selftests/bpf: additional stack depth tests
testing commit 6b86c4217c231cbd268bd8c6fda025b27047d3ed with gcc (GCC) 8.1.0
net/wireless/shipped-certs.c:92:10: error: redefinition of ‘shipped_regdb_certs’
# git bisect skip 6b86c4217c231cbd268bd8c6fda025b27047d3ed
Bisecting: 10 revisions left to test after this (roughly 3 steps)
[7d9890ef505a8c2a778d304535e26e827d58c466] libbpf: Fix build errors.
testing commit 7d9890ef505a8c2a778d304535e26e827d58c466 with gcc (GCC) 8.1.0
net/wireless/shipped-certs.c:92:10: error: redefinition of ‘shipped_regdb_certs’
# git bisect skip 7d9890ef505a8c2a778d304535e26e827d58c466
Bisecting: 10 revisions left to test after this (roughly 3 steps)
[fa2d41adb953235c4acaa98f6c980fd9eabe0062] bpf: make function skip_callee static and return NULL rather than 0
testing commit fa2d41adb953235c4acaa98f6c980fd9eabe0062 with gcc (GCC) 8.1.0
net/wireless/shipped-certs.c:92:10: error: redefinition of ‘shipped_regdb_certs’
# git bisect skip fa2d41adb953235c4acaa98f6c980fd9eabe0062
Bisecting: 10 revisions left to test after this (roughly 3 steps)
[06ef0ccb5a36e1feba9b413ff59a04ecc4407c1c] bpf/cgroup: fix a verification error for a CGROUP_DEVICE type prog
testing commit 06ef0ccb5a36e1feba9b413ff59a04ecc4407c1c with gcc (GCC) 8.1.0
net/wireless/shipped-certs.c:92:10: error: redefinition of ‘shipped_regdb_certs’
# git bisect skip 06ef0ccb5a36e1feba9b413ff59a04ecc4407c1c
Bisecting: 10 revisions left to test after this (roughly 3 steps)
[4f83435ad777358d9cdc138868feebbe2a23f577] nfp: bpf: allocate vNIC priv for keeping track of the offloaded program
testing commit 4f83435ad777358d9cdc138868feebbe2a23f577 with gcc (GCC) 8.1.0
all runs: OK
# git bisect good 4f83435ad777358d9cdc138868feebbe2a23f577
Bisecting: 9 revisions left to test after this (roughly 3 steps)
[70a87ffea8acc390ae315fa1930e849f656bdb88] bpf: fix maximum stack depth tracking logic
testing commit 70a87ffea8acc390ae315fa1930e849f656bdb88 with gcc (GCC) 8.1.0
net/wireless/shipped-certs.c:92:10: error: redefinition of ‘shipped_regdb_certs’
# git bisect skip 70a87ffea8acc390ae315fa1930e849f656bdb88
Bisecting: 9 revisions left to test after this (roughly 3 steps)
[e90004d56bf805db7d4401fe51a80a93c311cfe6] bpf: fix spelling mistake: "funcation"-> "function"
testing commit e90004d56bf805db7d4401fe51a80a93c311cfe6 with gcc (GCC) 8.1.0
net/wireless/shipped-certs.c:92:10: error: redefinition of ‘shipped_regdb_certs’
# git bisect skip e90004d56bf805db7d4401fe51a80a93c311cfe6
There are only 'skip'ped commits left to test.
The first bad commit could be any of:
7105e828c087de970fcb5a9509db51bfe6bd7894
7466177635be4d5f2452284085b5c2cc299367fe
4f74d80971bce93d9e608c40324d662c70eb4664
c475ffad58a8a2f1d3a2bd433eaa491471981b49
5f5a641116391f6c8c5fb4dad717895d2da96678
7d9890ef505a8c2a778d304535e26e827d58c466
06ef0ccb5a36e1feba9b413ff59a04ecc4407c1c
fd05e57bb35ad5eb7e261b64e5cf46445250f842
6b80ad299208b44ba33cb6df80bdaa3f63cf03e2
c060bc6115b6a204cb60e6b03fe64135731bc6c8
4ca998fe46b1fce4988005851df2c85b7bf2addf
70a87ffea8acc390ae315fa1930e849f656bdb88
5ee7f784cd32e63fbf54275b2b4f991ca085db61
6b86c4217c231cbd268bd8c6fda025b27047d3ed
aada9ce644e53410954daa6beb1f7c4ca158abd7
fa2d41adb953235c4acaa98f6c980fd9eabe0062
624588d9d6cc0a1a270a65fb4d5220f1ceddcf38
e90004d56bf805db7d4401fe51a80a93c311cfe6
fcffe2edbd390cad499b27d20512ef000d7ecf54
We cannot bisect more!
revisions tested: 83, total time: 8h3m27.890167107s (build: 4h54m45.508966654s, test: 2h49m11.034831518s)
bisection is inconclusive, the first bad commit could be any of:
7105e828c087de970fcb5a9509db51bfe6bd7894
7466177635be4d5f2452284085b5c2cc299367fe
4f74d80971bce93d9e608c40324d662c70eb4664
c475ffad58a8a2f1d3a2bd433eaa491471981b49
5f5a641116391f6c8c5fb4dad717895d2da96678
7d9890ef505a8c2a778d304535e26e827d58c466
06ef0ccb5a36e1feba9b413ff59a04ecc4407c1c
fd05e57bb35ad5eb7e261b64e5cf46445250f842
6b80ad299208b44ba33cb6df80bdaa3f63cf03e2
c060bc6115b6a204cb60e6b03fe64135731bc6c8
4ca998fe46b1fce4988005851df2c85b7bf2addf
70a87ffea8acc390ae315fa1930e849f656bdb88
5ee7f784cd32e63fbf54275b2b4f991ca085db61
6b86c4217c231cbd268bd8c6fda025b27047d3ed
aada9ce644e53410954daa6beb1f7c4ca158abd7
fa2d41adb953235c4acaa98f6c980fd9eabe0062
624588d9d6cc0a1a270a65fb4d5220f1ceddcf38
e90004d56bf805db7d4401fe51a80a93c311cfe6
fcffe2edbd390cad499b27d20512ef000d7ecf54
