ci2 starts bisection 2023-03-28 08:19:13.836232756 +0000 UTC m=+41458.756021618
bisecting cause commit starting from 3a93e40326c8f470e71d20b4c42d36767450f38f
building syzkaller on 47f3aaf18b57644f3c07714c9ce073a210f061b4
ensuring issue is reproducible on original commit 3a93e40326c8f470e71d20b4c42d36767450f38f

testing commit 3a93e40326c8f470e71d20b4c42d36767450f38f gcc
compiler: Debian clang version 15.0.7, GNU ld (GNU Binutils for Debian) 2.35.2
kernel signature: a13f183efc932499bf5ebd42af54916195ee7cc0ac565b3180cf81dd02ae5313
run #0: crashed: KASAN: slab-use-after-free Read in ext4_convert_inline_data_nolock
run #1: crashed: KASAN: slab-use-after-free Read in ext4_convert_inline_data_nolock
run #2: crashed: KASAN: slab-use-after-free Read in ext4_convert_inline_data_nolock
run #3: crashed: KASAN: slab-out-of-bounds Read in ext4_convert_inline_data_nolock
run #4: crashed: KASAN: slab-out-of-bounds Read in ext4_convert_inline_data_nolock
run #5: crashed: KASAN: slab-out-of-bounds Read in ext4_convert_inline_data_nolock
run #6: crashed: KASAN: slab-out-of-bounds Read in ext4_convert_inline_data_nolock
run #7: crashed: KASAN: slab-use-after-free Read in ext4_convert_inline_data_nolock
run #8: crashed: KASAN: use-after-free Read in ext4_convert_inline_data_nolock
run #9: crashed: KASAN: slab-out-of-bounds Read in ext4_convert_inline_data_nolock
run #10: crashed: KASAN: slab-use-after-free Read in ext4_convert_inline_data_nolock
run #11: crashed: KASAN: slab-out-of-bounds Read in ext4_convert_inline_data_nolock
run #12: crashed: KASAN: slab-use-after-free Read in ext4_convert_inline_data_nolock
run #13: crashed: KASAN: slab-out-of-bounds Read in ext4_convert_inline_data_nolock
run #14: crashed: KASAN: use-after-free Read in ext4_convert_inline_data_nolock
run #15: crashed: KASAN: slab-out-of-bounds Read in ext4_convert_inline_data_nolock
run #16: crashed: KASAN: slab-out-of-bounds Read in ext4_convert_inline_data_nolock
run #17: crashed: KASAN: slab-use-after-free Read in ext4_convert_inline_data_nolock
run #18: crashed: KASAN: slab-out-of-bounds Read in ext4_convert_inline_data_nolock
run #19: crashed: KASAN: slab-use-after-free Read in ext4_convert_inline_data_nolock
testing release v6.2
testing commit c9c3395d5e3dcc6daee66c6908354d47bf98cb0c gcc
compiler: Debian clang version 15.0.7, GNU ld (GNU Binutils for Debian) 2.35.2
kernel signature: bf6f06c1e5f81ce37e6f9b83e61d4b61dd39d0494cd94a2e53d5da8050b9ab4b
run #0: crashed: KASAN: use-after-free Read in ext4_convert_inline_data_nolock
run #1: crashed: KASAN: slab-out-of-bounds Read in ext4_convert_inline_data_nolock
run #2: crashed: KASAN: use-after-free Read in ext4_convert_inline_data_nolock
run #3: crashed: KASAN: use-after-free Read in ext4_convert_inline_data_nolock
run #4: crashed: KASAN: slab-out-of-bounds Read in ext4_convert_inline_data_nolock
run #5: crashed: KASAN: slab-out-of-bounds Read in ext4_convert_inline_data_nolock
run #6: crashed: KASAN: slab-out-of-bounds Read in ext4_convert_inline_data_nolock
run #7: crashed: KASAN: use-after-free Read in ext4_convert_inline_data_nolock
run #8: crashed: KASAN: slab-out-of-bounds Read in ext4_convert_inline_data_nolock
run #9: crashed: KASAN: slab-out-of-bounds Read in ext4_convert_inline_data_nolock
testing release v6.1
testing commit 830b3c68c1fb1e9176028d02ef86f3cf76aa2476 gcc
compiler: Debian clang version 15.0.7, GNU ld (GNU Binutils for Debian) 2.35.2
kernel signature: 02dc65e771ecafb960f7bdc8a63c16e6af406d2246d75ca1c58a0d826c47689b
run #0: crashed: KASAN: use-after-free Read in ext4_convert_inline_data_nolock
run #1: crashed: KASAN: use-after-free Read in ext4_convert_inline_data_nolock
run #2: crashed: KASAN: slab-out-of-bounds Read in ext4_convert_inline_data_nolock
run #3: crashed: KASAN: slab-out-of-bounds Read in ext4_convert_inline_data_nolock
run #4: crashed: KASAN: slab-out-of-bounds Read in ext4_convert_inline_data_nolock
run #5: crashed: KASAN: slab-out-of-bounds Read in ext4_convert_inline_data_nolock
run #6: crashed: KASAN: slab-out-of-bounds Read in ext4_convert_inline_data_nolock
run #7: crashed: KASAN: slab-out-of-bounds Read in ext4_convert_inline_data_nolock
run #8: crashed: KASAN: slab-out-of-bounds Read in ext4_convert_inline_data_nolock
run #9: crashed: KASAN: slab-out-of-bounds Read in ext4_convert_inline_data_nolock
testing release v6.0
testing commit 4fe89d07dcc2804c8b562f6c7896a45643d34b2f gcc
compiler: Debian clang version 15.0.7, GNU ld (GNU Binutils for Debian) 2.35.2
kernel signature: bf28468c5d6a64dd201b6c89957d20baea02edd226f1edeccab9abf388c3689f
run #0: crashed: KASAN: use-after-free Read in ext4_convert_inline_data_nolock
run #1: crashed: KASAN: use-after-free Read in ext4_convert_inline_data_nolock
run #2: crashed: KASAN: slab-out-of-bounds Read in ext4_convert_inline_data_nolock
run #3: crashed: KASAN: slab-out-of-bounds Read in ext4_convert_inline_data_nolock
run #4: crashed: KASAN: use-after-free Read in ext4_convert_inline_data_nolock
run #5: crashed: KASAN: use-after-free Read in ext4_convert_inline_data_nolock
run #6: crashed: KASAN: use-after-free Read in ext4_convert_inline_data_nolock
run #7: crashed: KASAN: slab-out-of-bounds Read in ext4_convert_inline_data_nolock
run #8: crashed: KASAN: use-after-free Read in ext4_convert_inline_data_nolock
run #9: crashed: KASAN: use-after-free Read in ext4_convert_inline_data_nolock
testing release v5.19
testing commit 3d7cb6b04c3f3115719235cc6866b10326de34cd gcc
compiler: Debian clang version 15.0.7, GNU ld (GNU Binutils for Debian) 2.35.2
kernel signature: 67820e10d3c8d4c240bfba5192b654679479b4525dd68a1702516813807e7779
run #0: crashed: KASAN: use-after-free Read in ext4_convert_inline_data_nolock
run #1: crashed: KASAN: slab-out-of-bounds Read in ext4_convert_inline_data_nolock
run #2: crashed: KASAN: slab-out-of-bounds Read in ext4_convert_inline_data_nolock
run #3: crashed: KASAN: use-after-free Read in ext4_convert_inline_data_nolock
run #4: crashed: KASAN: use-after-free Read in ext4_convert_inline_data_nolock
run #5: crashed: KASAN: slab-out-of-bounds Read in ext4_convert_inline_data_nolock
run #6: crashed: KASAN: use-after-free Read in ext4_convert_inline_data_nolock
run #7: crashed: KASAN: use-after-free Read in ext4_convert_inline_data_nolock
run #8: crashed: KASAN: use-after-free Read in ext4_convert_inline_data_nolock
run #9: crashed: KASAN: use-after-free Read in ext4_convert_inline_data_nolock
testing release v5.18
testing commit 4b0986a3613c92f4ec1bdc7f60ec66fea135991f gcc
compiler: Debian clang version 15.0.7, GNU ld (GNU Binutils for Debian) 2.35.2
kernel signature: ac80b85d33e40eb562b4d6bf7124df721dcf44b3c182c0dcb0e0362b2a298673
run #0: crashed: KASAN: use-after-free Read in ext4_convert_inline_data_nolock
run #1: crashed: KASAN: use-after-free Read in ext4_convert_inline_data_nolock
run #2: crashed: KASAN: slab-out-of-bounds Read in ext4_convert_inline_data_nolock
run #3: crashed: KASAN: slab-out-of-bounds Read in ext4_convert_inline_data_nolock
run #4: crashed: KASAN: use-after-free Read in ext4_convert_inline_data_nolock
run #5: crashed: KASAN: use-after-free Read in ext4_convert_inline_data_nolock
run #6: crashed: KASAN: use-after-free Read in ext4_convert_inline_data_nolock
run #7: crashed: KASAN: slab-out-of-bounds Read in ext4_convert_inline_data_nolock
run #8: crashed: KASAN: use-after-free Read in ext4_convert_inline_data_nolock
run #9: crashed: KASAN: slab-out-of-bounds Read in ext4_convert_inline_data_nolock
testing release v5.17
testing commit f443e374ae131c168a065ea1748feac6b2e76613 gcc
compiler: Debian clang version 15.0.7, GNU ld (GNU Binutils for Debian) 2.35.2
kernel signature: 52fbfe06ec72b0375a44778f381c6170398a168fe0e53c808f296943ee4501d7
all runs: crashed: KASAN: use-after-free Read in ext4_convert_inline_data_nolock
testing release v5.16
testing commit df0cc57e057f18e44dac8e6c18aba47ab53202f9 gcc
compiler: Debian clang version 15.0.7, GNU ld (GNU Binutils for Debian) 2.35.2
kernel signature: 521de9003135eb3b752d08003814de1c568d2c45831abd3da479d55cad78c97e
all runs: boot failed: UBSAN: null-ptr-deref in corrupted
testing release v5.15
testing commit 8bb7eca972ad531c9b149c0a51ab43a417385813 gcc
compiler: Debian clang version 15.0.7, GNU ld (GNU Binutils for Debian) 2.35.2
drivers/usb/dwc2/hcd_queue.c:1744:25: error: expression requires  'long double' type support, but target 'x86_64-unknown-linux-gnu' does not support it
testing release v5.14
testing commit 7d2a07b769330c34b4deabeed939325c77a7ec2f gcc
compiler: Debian clang version 15.0.7, GNU ld (GNU Binutils for Debian) 2.35.2
drivers/usb/dwc2/hcd_queue.c:1744:25: error: expression requires  'long double' type support, but target 'x86_64-pc-linux-gnu' does not support it
testing release v5.13
testing commit 62fb9874f5da54fdb243003b386128037319b219 gcc
compiler: Debian clang version 15.0.7, GNU ld (GNU Binutils for Debian) 2.35.2
drivers/usb/dwc2/hcd_queue.c:1744:25: error: expression requires  'long double' type support, but target 'x86_64-pc-linux-gnu' does not support it
testing release v5.12
testing commit 9f4ad9e425a1d3b6a34617b8ea226d56a119a717 gcc
compiler: Debian clang version 15.0.7, GNU ld (GNU Binutils for Debian) 2.35.2
fs/nfs/callback.c:110:6: warning: variable 'error' set but not used [-Wunused-but-set-variable]
drivers/usb/dwc2/hcd_queue.c:1744:25: error: expression requires  'long double' type support, but target 'x86_64-pc-linux-gnu' does not support it
fs/xfs/xfs_trans.c:593:8: warning: variable 'error' set but not used [-Wunused-but-set-variable]
testing release v5.11
testing commit f40ddce88593482919761f74910f42f4b84c004b gcc
compiler: Debian clang version 15.0.7, GNU ld (GNU Binutils for Debian) 2.35.2
fs/nfs/callback.c:110:6: warning: variable 'error' set but not used [-Wunused-but-set-variable]
drivers/usb/dwc2/hcd_queue.c:1744:25: error: expression requires  'long double' type support, but target 'x86_64-pc-linux-gnu' does not support it
fs/xfs/xfs_trans.c:576:8: warning: variable 'error' set but not used [-Wunused-but-set-variable]
testing release v5.10
testing commit 2c85ebc57b3e1817b6ce1a6b703928e113a90442 gcc
compiler: Debian clang version 15.0.7, GNU ld (GNU Binutils for Debian) 2.35.2
fs/nfs/callback.c:110:6: warning: variable 'error' set but not used [-Wunused-but-set-variable]
drivers/usb/dwc2/hcd_queue.c:1744:25: error: expression requires  'long double' type support, but target 'x86_64-pc-linux-gnu' does not support it
fs/xfs/xfs_trans.c:576:8: warning: variable 'error' set but not used [-Wunused-but-set-variable]
testing release v5.9
testing commit bbf5c979011a099af5dc76498918ed7df445635b gcc
compiler: Debian clang version 15.0.7, GNU ld (GNU Binutils for Debian) 2.35.2
fs/nfs/callback.c:110:6: warning: variable 'error' set but not used [-Wunused-but-set-variable]
drivers/usb/dwc2/hcd_queue.c:1744:25: error: expression requires  'long double' type support, but target 'x86_64-pc-linux-gnu' does not support it
fs/xfs/xfs_trans.c:576:8: warning: variable 'error' set but not used [-Wunused-but-set-variable]
testing release v5.8
testing commit bcf876870b95592b52519ed4aafcf9d95999bc9c gcc
compiler: gcc (GCC) 8.4.1 20210217, GNU ld (GNU Binutils for Debian) 2.35.2
kernel signature: e899dcef85fea729dde9c6e99ca1ae708afeb04ef524148b5bbeb8dad45c995c
all runs: basic kernel testing failed: KASAN: use-after-free Read in task_active_pid_ns
testing release v5.7
testing commit 3d77e6a8804abcc0504c904bd6e5cdf3a5cf8162 gcc
compiler: gcc version 8.4.1 20210217 (GCC), GNU ld (GNU Binutils for Debian) 2.35.2
kernel signature: ae70b6a25a8068ea92528d015825e98fb1036733fe37fca4b217294dc2e0e54e
all runs: basic kernel testing failed: KASAN: use-after-free Read in task_active_pid_ns
testing release v5.6
testing commit 7111951b8d4973bda27ff663f2cf18b663d15b48 gcc
compiler: gcc version 8.4.1 20210217 (GCC)
kernel signature: dc28bedf8b21f105f9ad4e677c1354f72941991c586502d4d286470b005e0097
all runs: basic kernel testing failed: KASAN: use-after-free Read in task_active_pid_ns
testing release v5.5
testing commit d5226fa6dbae0569ee43ecfc08bdcd6770fc4755 gcc
compiler: gcc version 8.4.1 20210217 (GCC)
kernel signature: f17b4094e0c12f4047e3542f14df1743dd8627b368e4531e319df1ebcdca9efa
all runs: basic kernel testing failed: KASAN: use-after-free Read in task_active_pid_ns
testing release v5.4
testing commit 219d54332a09e8d8741c1e1982f5eae56099de85 gcc
compiler: gcc version 8.4.1 20210217 (GCC)
kernel signature: 355426539aee843389ed9af5fe9b55d2782cbef107105d606ec2fbc903a19c26
all runs: basic kernel testing failed: KASAN: use-after-free Read in task_active_pid_ns
testing release v5.3
revisions tested: 13, total time: 8h21m32.199330523s (build: 7h20m23.69445339s, test: 46m45.592466574s)
error: bisection is taking too long (>8h0m0s), aborting
