ci2 starts bisection 2023-03-25 02:24:50.978787243 +0000 UTC m=+42338.976700091
bisecting cause commit starting from 1e760fa3596e8c7f08412712c168288b79670d78
building syzkaller on 9700afae0a79ffbe2070dec1a857a60356157e85
ensuring issue is reproducible on original commit 1e760fa3596e8c7f08412712c168288b79670d78

testing commit 1e760fa3596e8c7f08412712c168288b79670d78 gcc
compiler: Debian clang version 15.0.7, GNU ld (GNU Binutils for Debian) 2.35.2
kernel signature: 58cb380dca3869d2a18ec12bd2175c237e7ccba91853a146cad9e4ab9bcb122e
run #0: crashed: KASAN: use-after-free Read in reiserfs_get_unused_objectid
run #1: crashed: KASAN: use-after-free Read in reiserfs_get_unused_objectid
run #2: crashed: KASAN: use-after-free Read in reiserfs_get_unused_objectid
run #3: crashed: KASAN: use-after-free Read in reiserfs_get_unused_objectid
run #4: crashed: KASAN: use-after-free Read in reiserfs_get_unused_objectid
run #5: crashed: fatal error: notewakeup - double wakeup
run #6: crashed: KASAN: use-after-free Read in reiserfs_get_unused_objectid
run #7: crashed: KASAN: use-after-free Read in reiserfs_get_unused_objectid
run #8: crashed: KASAN: use-after-free Read in reiserfs_get_unused_objectid
run #9: crashed: KASAN: use-after-free Read in reiserfs_get_unused_objectid
run #10: crashed: KASAN: use-after-free Read in reiserfs_get_unused_objectid
run #11: crashed: KASAN: use-after-free Read in reiserfs_get_unused_objectid
run #12: crashed: KASAN: use-after-free Read in reiserfs_get_unused_objectid
run #13: crashed: KASAN: use-after-free Read in reiserfs_get_unused_objectid
run #14: crashed: KASAN: use-after-free Read in reiserfs_get_unused_objectid
run #15: crashed: KASAN: use-after-free Read in reiserfs_get_unused_objectid
run #16: crashed: KASAN: use-after-free Read in reiserfs_get_unused_objectid
run #17: crashed: KASAN: use-after-free Read in reiserfs_get_unused_objectid
run #18: crashed: KASAN: use-after-free Read in reiserfs_get_unused_objectid
run #19: crashed: KASAN: use-after-free Read in reiserfs_get_unused_objectid
testing release v6.2
testing commit c9c3395d5e3dcc6daee66c6908354d47bf98cb0c gcc
compiler: Debian clang version 15.0.7, GNU ld (GNU Binutils for Debian) 2.35.2
kernel signature: 044d79e4c9f200e37c156050f9a57f687de9795aa1dbd49bb8d00c1ea2861c35
run #0: crashed: KASAN: use-after-free Read in reiserfs_get_unused_objectid
run #1: crashed: KASAN: use-after-free Read in reiserfs_get_unused_objectid
run #2: crashed: KASAN: use-after-free Read in reiserfs_get_unused_objectid
run #3: crashed: KASAN: use-after-free Read in reiserfs_get_unused_objectid
run #4: crashed: KASAN: use-after-free Read in reiserfs_get_unused_objectid
run #5: crashed: KASAN: use-after-free Read in reiserfs_get_unused_objectid
run #6: crashed: KASAN: use-after-free Read in reiserfs_get_unused_objectid
run #7: crashed: fatal error: fault
run #8: crashed: KASAN: use-after-free Read in reiserfs_get_unused_objectid
run #9: crashed: KASAN: use-after-free Read in reiserfs_get_unused_objectid
testing release v6.1
testing commit 830b3c68c1fb1e9176028d02ef86f3cf76aa2476 gcc
compiler: Debian clang version 15.0.7, GNU ld (GNU Binutils for Debian) 2.35.2
kernel signature: e9fb33e15cf1aa20cced656b1ca1de1f1d450366fd257edb02f63af03affd0a3
run #0: crashed: fatal error: fault
run #1: crashed: KASAN: use-after-free Read in reiserfs_get_unused_objectid
run #2: crashed: KASAN: use-after-free Read in reiserfs_get_unused_objectid
run #3: crashed: KASAN: out-of-bounds Read in reiserfs_get_unused_objectid
run #4: crashed: KASAN: use-after-free Read in reiserfs_get_unused_objectid
run #5: crashed: KASAN: use-after-free Read in reiserfs_get_unused_objectid
run #6: crashed: KASAN: use-after-free Read in reiserfs_get_unused_objectid
run #7: crashed: KASAN: use-after-free Read in reiserfs_get_unused_objectid
run #8: crashed: KASAN: use-after-free Read in reiserfs_get_unused_objectid
run #9: crashed: fatal error: unexpected signal during runtime execution
testing release v6.0
testing commit 4fe89d07dcc2804c8b562f6c7896a45643d34b2f gcc
compiler: Debian clang version 15.0.7, GNU ld (GNU Binutils for Debian) 2.35.2
kernel signature: f0f9e4a8c52457ae05a5a4fe9ac4e6ff14f7e320fdd3e0c3d60e48582815c966
all runs: crashed: KASAN: use-after-free Read in reiserfs_get_unused_objectid
testing release v5.19
testing commit 3d7cb6b04c3f3115719235cc6866b10326de34cd gcc
compiler: Debian clang version 15.0.7, GNU ld (GNU Binutils for Debian) 2.35.2
kernel signature: e3f422d18bddcc2902b047446024b056fc2c519dc1868825733bd0603a79cb8f
all runs: crashed: KASAN: use-after-free Read in reiserfs_get_unused_objectid
testing release v5.18
testing commit 4b0986a3613c92f4ec1bdc7f60ec66fea135991f gcc
compiler: Debian clang version 15.0.7, GNU ld (GNU Binutils for Debian) 2.35.2
kernel signature: 645e3ee43e5a859ce07068316fda475bf45346b82a4c860d5edffc053d6e9167
run #0: crashed: KASAN: use-after-free Read in reiserfs_get_unused_objectid
run #1: crashed: KASAN: use-after-free Read in reiserfs_get_unused_objectid
run #2: crashed: KASAN: use-after-free Read in reiserfs_get_unused_objectid
run #3: crashed: KASAN: use-after-free Read in reiserfs_get_unused_objectid
run #4: crashed: KASAN: use-after-free Read in reiserfs_get_unused_objectid
run #5: crashed: KASAN: use-after-free Read in reiserfs_get_unused_objectid
run #6: crashed: KASAN: use-after-free Read in reiserfs_get_unused_objectid
run #7: crashed: KASAN: use-after-free Read in reiserfs_get_unused_objectid
run #8: crashed: KASAN: use-after-free Read in reiserfs_get_unused_objectid
run #9: crashed: KASAN: slab-out-of-bounds Read in reiserfs_get_unused_objectid
testing release v5.17
testing commit f443e374ae131c168a065ea1748feac6b2e76613 gcc
compiler: Debian clang version 15.0.7, GNU ld (GNU Binutils for Debian) 2.35.2
kernel signature: 72e218b541a9ebc605a50531fa7e78a085b2d9e51218cd856000afc8785829eb
run #0: crashed: KASAN: use-after-free Read in reiserfs_get_unused_objectid
run #1: crashed: KASAN: use-after-free Read in reiserfs_get_unused_objectid
run #2: crashed: KASAN: use-after-free Read in reiserfs_get_unused_objectid
run #3: crashed: KASAN: use-after-free Read in reiserfs_get_unused_objectid
run #4: crashed: KASAN: use-after-free Read in reiserfs_get_unused_objectid
run #5: crashed: KASAN: slab-out-of-bounds Read in reiserfs_get_unused_objectid
run #6: crashed: KASAN: use-after-free Read in reiserfs_get_unused_objectid
run #7: crashed: KASAN: use-after-free Read in reiserfs_get_unused_objectid
run #8: crashed: KASAN: use-after-free Read in reiserfs_get_unused_objectid
run #9: crashed: KASAN: use-after-free Read in reiserfs_get_unused_objectid
testing release v5.16
testing commit df0cc57e057f18e44dac8e6c18aba47ab53202f9 gcc
compiler: Debian clang version 15.0.7, GNU ld (GNU Binutils for Debian) 2.35.2
kernel signature: 521de9003135eb3b752d08003814de1c568d2c45831abd3da479d55cad78c97e
all runs: boot failed: UBSAN: null-ptr-deref in corrupted
testing release v5.15
testing commit 8bb7eca972ad531c9b149c0a51ab43a417385813 gcc
compiler: Debian clang version 15.0.7, GNU ld (GNU Binutils for Debian) 2.35.2
drivers/usb/dwc2/hcd_queue.c:1744:25: error: expression requires  'long double' type support, but target 'x86_64-unknown-linux-gnu' does not support it
testing release v5.14
testing commit 7d2a07b769330c34b4deabeed939325c77a7ec2f gcc
compiler: Debian clang version 15.0.7, GNU ld (GNU Binutils for Debian) 2.35.2
drivers/usb/dwc2/hcd_queue.c:1744:25: error: expression requires  'long double' type support, but target 'x86_64-pc-linux-gnu' does not support it
testing release v5.13
testing commit 62fb9874f5da54fdb243003b386128037319b219 gcc
compiler: Debian clang version 15.0.7, GNU ld (GNU Binutils for Debian) 2.35.2
drivers/usb/dwc2/hcd_queue.c:1744:25: error: expression requires  'long double' type support, but target 'x86_64-pc-linux-gnu' does not support it
testing release v5.12
testing commit 9f4ad9e425a1d3b6a34617b8ea226d56a119a717 gcc
compiler: Debian clang version 15.0.7, GNU ld (GNU Binutils for Debian) 2.35.2
fs/nfs/callback.c:110:6: warning: variable 'error' set but not used [-Wunused-but-set-variable]
drivers/usb/dwc2/hcd_queue.c:1744:25: error: expression requires  'long double' type support, but target 'x86_64-pc-linux-gnu' does not support it
fs/xfs/xfs_trans.c:593:8: warning: variable 'error' set but not used [-Wunused-but-set-variable]
testing release v5.11
testing commit f40ddce88593482919761f74910f42f4b84c004b gcc
compiler: Debian clang version 15.0.7, GNU ld (GNU Binutils for Debian) 2.35.2
fs/nfs/callback.c:110:6: warning: variable 'error' set but not used [-Wunused-but-set-variable]
drivers/usb/dwc2/hcd_queue.c:1744:25: error: expression requires  'long double' type support, but target 'x86_64-pc-linux-gnu' does not support it
fs/xfs/xfs_trans.c:576:8: warning: variable 'error' set but not used [-Wunused-but-set-variable]
testing release v5.10
testing commit 2c85ebc57b3e1817b6ce1a6b703928e113a90442 gcc
compiler: Debian clang version 15.0.7, GNU ld (GNU Binutils for Debian) 2.35.2
fs/nfs/callback.c:110:6: warning: variable 'error' set but not used [-Wunused-but-set-variable]
drivers/usb/dwc2/hcd_queue.c:1744:25: error: expression requires  'long double' type support, but target 'x86_64-pc-linux-gnu' does not support it
fs/xfs/xfs_trans.c:576:8: warning: variable 'error' set but not used [-Wunused-but-set-variable]
testing release v5.9
testing commit bbf5c979011a099af5dc76498918ed7df445635b gcc
compiler: Debian clang version 15.0.7, GNU ld (GNU Binutils for Debian) 2.35.2
fs/nfs/callback.c:110:6: warning: variable 'error' set but not used [-Wunused-but-set-variable]
drivers/usb/dwc2/hcd_queue.c:1744:25: error: expression requires  'long double' type support, but target 'x86_64-pc-linux-gnu' does not support it
fs/xfs/xfs_trans.c:576:8: warning: variable 'error' set but not used [-Wunused-but-set-variable]
testing release v5.8
testing commit bcf876870b95592b52519ed4aafcf9d95999bc9c gcc
compiler: gcc (GCC) 8.4.1 20210217, GNU ld (GNU Binutils for Debian) 2.35.2
kernel signature: e899dcef85fea729dde9c6e99ca1ae708afeb04ef524148b5bbeb8dad45c995c
all runs: basic kernel testing failed: KASAN: use-after-free Read in task_active_pid_ns
testing release v5.7
testing commit 3d77e6a8804abcc0504c904bd6e5cdf3a5cf8162 gcc
compiler: gcc version 8.4.1 20210217 (GCC), GNU ld (GNU Binutils for Debian) 2.35.2
kernel signature: ae70b6a25a8068ea92528d015825e98fb1036733fe37fca4b217294dc2e0e54e
all runs: basic kernel testing failed: KASAN: use-after-free Read in task_active_pid_ns
testing release v5.6
testing commit 7111951b8d4973bda27ff663f2cf18b663d15b48 gcc
compiler: gcc version 8.4.1 20210217 (GCC)
kernel signature: dc28bedf8b21f105f9ad4e677c1354f72941991c586502d4d286470b005e0097
all runs: basic kernel testing failed: KASAN: use-after-free Read in task_active_pid_ns
testing release v5.5
testing commit d5226fa6dbae0569ee43ecfc08bdcd6770fc4755 gcc
compiler: gcc version 8.4.1 20210217 (GCC)
kernel signature: f17b4094e0c12f4047e3542f14df1743dd8627b368e4531e319df1ebcdca9efa
all runs: basic kernel testing failed: KASAN: use-after-free Read in task_active_pid_ns
testing release v5.4
testing commit 219d54332a09e8d8741c1e1982f5eae56099de85 gcc
compiler: gcc version 8.4.1 20210217 (GCC)
kernel signature: 355426539aee843389ed9af5fe9b55d2782cbef107105d606ec2fbc903a19c26
run #0: basic kernel testing failed: KASAN: use-after-free Read in task_active_pid_ns
run #1: basic kernel testing failed: KASAN: use-after-free Read in task_active_pid_ns
run #2: basic kernel testing failed: KASAN: use-after-free Read in task_active_pid_ns
run #3: basic kernel testing failed: KASAN: use-after-free Read in task_active_pid_ns
run #4: basic kernel testing failed: KASAN: use-after-free Read in task_active_pid_ns
run #5: basic kernel testing failed: KASAN: use-after-free Read in __task_pid_nr_ns
run #6: basic kernel testing failed: KASAN: use-after-free Read in task_active_pid_ns
run #7: basic kernel testing failed: KASAN: use-after-free Read in task_active_pid_ns
run #8: basic kernel testing failed: KASAN: use-after-free Read in task_active_pid_ns
run #9: basic kernel testing failed: KASAN: use-after-free Read in task_active_pid_ns
testing release v5.3
testing commit 4d856f72c10ecb060868ed10ff1b1453943fc6c8 gcc
compiler: gcc version 8.4.1 20210217 (GCC)
kernel signature: de56d3a72dc2cbc0c1a8a428f00112a6f5686f7634a8e7ebec68a6f84bb52e33
run #0: basic kernel testing failed: failed to copy test binary to VM: failed to run ["scp" "-P" "22" "-F" "/dev/null" "-o" "UserKnownHostsFile=/dev/null" "-o" "BatchMode=yes" "-o" "IdentitiesOnly=yes" "-o" "StrictHostKeyChecking=no" "-o" "ConnectTimeout=10" "/syzkaller/jobs/linux/gopath/src/github.com/google/syzkaller/bin/linux_amd64/syz-fuzzer" "root@10.128.0.82:./syz-fuzzer"]: exit status 1
Warning: Permanently added '10.128.0.82' (ECDSA) to the list of known hosts.
scp: ./syz-fuzzer: Read-only file system

run #1: basic kernel testing failed: failed to copy test binary to VM: failed to run ["scp" "-P" "22" "-F" "/dev/null" "-o" "UserKnownHostsFile=/dev/null" "-o" "BatchMode=yes" "-o" "IdentitiesOnly=yes" "-o" "StrictHostKeyChecking=no" "-o" "ConnectTimeout=10" "/syzkaller/jobs/linux/gopath/src/github.com/google/syzkaller/bin/linux_amd64/syz-fuzzer" "root@10.128.10.25:./syz-fuzzer"]: exit status 1
Warning: Permanently added '10.128.10.25' (ECDSA) to the list of known hosts.
scp: ./syz-fuzzer: Read-only file system

run #2: basic kernel testing failed: failed to copy test binary to VM: failed to run ["scp" "-P" "22" "-F" "/dev/null" "-o" "UserKnownHostsFile=/dev/null" "-o" "BatchMode=yes" "-o" "IdentitiesOnly=yes" "-o" "StrictHostKeyChecking=no" "-o" "ConnectTimeout=10" "/syzkaller/jobs/linux/gopath/src/github.com/google/syzkaller/bin/linux_amd64/syz-fuzzer" "root@10.128.0.69:./syz-fuzzer"]: exit status 1
Warning: Permanently added '10.128.0.69' (ECDSA) to the list of known hosts.
scp: ./syz-fuzzer: Read-only file system

run #3: basic kernel testing failed: failed to copy test binary to VM: failed to run ["scp" "-P" "22" "-F" "/dev/null" "-o" "UserKnownHostsFile=/dev/null" "-o" "BatchMode=yes" "-o" "IdentitiesOnly=yes" "-o" "StrictHostKeyChecking=no" "-o" "ConnectTimeout=10" "/syzkaller/jobs/linux/gopath/src/github.com/google/syzkaller/bin/linux_amd64/syz-fuzzer" "root@10.128.10.21:./syz-fuzzer"]: exit status 1
Warning: Permanently added '10.128.10.21' (ECDSA) to the list of known hosts.
scp: ./syz-fuzzer: Read-only file system

run #4: basic kernel testing failed: failed to copy test binary to VM: failed to run ["scp" "-P" "22" "-F" "/dev/null" "-o" "UserKnownHostsFile=/dev/null" "-o" "BatchMode=yes" "-o" "IdentitiesOnly=yes" "-o" "StrictHostKeyChecking=no" "-o" "ConnectTimeout=10" "/syzkaller/jobs/linux/gopath/src/github.com/google/syzkaller/bin/linux_amd64/syz-fuzzer" "root@10.128.1.57:./syz-fuzzer"]: exit status 1
Warning: Permanently added '10.128.1.57' (ECDSA) to the list of known hosts.
scp: ./syz-fuzzer: Read-only file system

run #5: basic kernel testing failed: failed to copy test binary to VM: failed to run ["scp" "-P" "22" "-F" "/dev/null" "-o" "UserKnownHostsFile=/dev/null" "-o" "BatchMode=yes" "-o" "IdentitiesOnly=yes" "-o" "StrictHostKeyChecking=no" "-o" "ConnectTimeout=10" "/syzkaller/jobs/linux/gopath/src/github.com/google/syzkaller/bin/linux_amd64/syz-fuzzer" "root@10.128.10.28:./syz-fuzzer"]: exit status 1
Warning: Permanently added '10.128.10.28' (ECDSA) to the list of known hosts.
scp: ./syz-fuzzer: Read-only file system

run #6: basic kernel testing failed: failed to copy test binary to VM: failed to run ["scp" "-P" "22" "-F" "/dev/null" "-o" "UserKnownHostsFile=/dev/null" "-o" "BatchMode=yes" "-o" "IdentitiesOnly=yes" "-o" "StrictHostKeyChecking=no" "-o" "ConnectTimeout=10" "/syzkaller/jobs/linux/gopath/src/github.com/google/syzkaller/bin/linux_amd64/syz-fuzzer" "root@10.128.10.29:./syz-fuzzer"]: exit status 1
Warning: Permanently added '10.128.10.29' (ECDSA) to the list of known hosts.
scp: ./syz-fuzzer: Read-only file system

run #7: basic kernel testing failed: failed to copy test binary to VM: failed to run ["scp" "-P" "22" "-F" "/dev/null" "-o" "UserKnownHostsFile=/dev/null" "-o" "BatchMode=yes" "-o" "IdentitiesOnly=yes" "-o" "StrictHostKeyChecking=no" "-o" "ConnectTimeout=10" "/syzkaller/jobs/linux/gopath/src/github.com/google/syzkaller/bin/linux_amd64/syz-fuzzer" "root@10.128.10.30:./syz-fuzzer"]: exit status 1
Warning: Permanently added '10.128.10.30' (ECDSA) to the list of known hosts.
scp: ./syz-fuzzer: Read-only file system

run #8: basic kernel testing failed: failed to copy test binary to VM: failed to run ["scp" "-P" "22" "-F" "/dev/null" "-o" "UserKnownHostsFile=/dev/null" "-o" "BatchMode=yes" "-o" "IdentitiesOnly=yes" "-o" "StrictHostKeyChecking=no" "-o" "ConnectTimeout=10" "/syzkaller/jobs/linux/gopath/src/github.com/google/syzkaller/bin/linux_amd64/syz-fuzzer" "root@10.128.10.33:./syz-fuzzer"]: exit status 1
Warning: Permanently added '10.128.10.33' (ECDSA) to the list of known hosts.
scp: ./syz-fuzzer: Read-only file system

run #9: basic kernel testing failed: failed to copy test binary to VM: failed to run ["scp" "-P" "22" "-F" "/dev/null" "-o" "UserKnownHostsFile=/dev/null" "-o" "BatchMode=yes" "-o" "IdentitiesOnly=yes" "-o" "StrictHostKeyChecking=no" "-o" "ConnectTimeout=10" "/syzkaller/jobs/linux/gopath/src/github.com/google/syzkaller/bin/linux_amd64/syz-fuzzer" "root@10.128.1.12:./syz-fuzzer"]: exit status 1
Warning: Permanently added '10.128.1.12' (ECDSA) to the list of known hosts.
scp: ./syz-fuzzer: Read-only file system

testing release v5.2
testing commit 0ecfebd2b52404ae0c54a878c872bb93363ada36 gcc
compiler: gcc version 8.4.1 20210217 (GCC)
kernel signature: 921bfb58b00345d0f16558a698221ae9800264f9adf13c1675aac10857681877
run #0: basic kernel testing failed: failed to copy test binary to VM: failed to run ["scp" "-P" "22" "-F" "/dev/null" "-o" "UserKnownHostsFile=/dev/null" "-o" "BatchMode=yes" "-o" "IdentitiesOnly=yes" "-o" "StrictHostKeyChecking=no" "-o" "ConnectTimeout=10" "/syzkaller/jobs/linux/gopath/src/github.com/google/syzkaller/bin/linux_amd64/syz-fuzzer" "root@10.128.0.150:./syz-fuzzer"]: exit status 1
Warning: Permanently added '10.128.0.150' (ECDSA) to the list of known hosts.
scp: ./syz-fuzzer: Read-only file system

run #1: basic kernel testing failed: failed to copy test binary to VM: failed to run ["scp" "-P" "22" "-F" "/dev/null" "-o" "UserKnownHostsFile=/dev/null" "-o" "BatchMode=yes" "-o" "IdentitiesOnly=yes" "-o" "StrictHostKeyChecking=no" "-o" "ConnectTimeout=10" "/syzkaller/jobs/linux/gopath/src/github.com/google/syzkaller/bin/linux_amd64/syz-fuzzer" "root@10.128.1.4:./syz-fuzzer"]: exit status 1
Warning: Permanently added '10.128.1.4' (ECDSA) to the list of known hosts.
scp: ./syz-fuzzer: Read-only file system

run #2: basic kernel testing failed: failed to copy test binary to VM: failed to run ["scp" "-P" "22" "-F" "/dev/null" "-o" "UserKnownHostsFile=/dev/null" "-o" "BatchMode=yes" "-o" "IdentitiesOnly=yes" "-o" "StrictHostKeyChecking=no" "-o" "ConnectTimeout=10" "/syzkaller/jobs/linux/gopath/src/github.com/google/syzkaller/bin/linux_amd64/syz-fuzzer" "root@10.128.1.35:./syz-fuzzer"]: exit status 1
Warning: Permanently added '10.128.1.35' (ECDSA) to the list of known hosts.
scp: ./syz-fuzzer: Read-only file system

run #3: basic kernel testing failed: failed to copy test binary to VM: failed to run ["scp" "-P" "22" "-F" "/dev/null" "-o" "UserKnownHostsFile=/dev/null" "-o" "BatchMode=yes" "-o" "IdentitiesOnly=yes" "-o" "StrictHostKeyChecking=no" "-o" "ConnectTimeout=10" "/syzkaller/jobs/linux/gopath/src/github.com/google/syzkaller/bin/linux_amd64/syz-fuzzer" "root@10.128.1.37:./syz-fuzzer"]: exit status 1
Warning: Permanently added '10.128.1.37' (ECDSA) to the list of known hosts.
scp: ./syz-fuzzer: Read-only file system

run #4: basic kernel testing failed: failed to copy test binary to VM: failed to run ["scp" "-P" "22" "-F" "/dev/null" "-o" "UserKnownHostsFile=/dev/null" "-o" "BatchMode=yes" "-o" "IdentitiesOnly=yes" "-o" "StrictHostKeyChecking=no" "-o" "ConnectTimeout=10" "/syzkaller/jobs/linux/gopath/src/github.com/google/syzkaller/bin/linux_amd64/syz-fuzzer" "root@10.128.1.55:./syz-fuzzer"]: exit status 1
Warning: Permanently added '10.128.1.55' (ECDSA) to the list of known hosts.
scp: ./syz-fuzzer: Read-only file system

run #5: basic kernel testing failed: failed to copy test binary to VM: failed to run ["scp" "-P" "22" "-F" "/dev/null" "-o" "UserKnownHostsFile=/dev/null" "-o" "BatchMode=yes" "-o" "IdentitiesOnly=yes" "-o" "StrictHostKeyChecking=no" "-o" "ConnectTimeout=10" "/syzkaller/jobs/linux/gopath/src/github.com/google/syzkaller/bin/linux_amd64/syz-fuzzer" "root@10.128.1.71:./syz-fuzzer"]: exit status 1
Warning: Permanently added '10.128.1.71' (ECDSA) to the list of known hosts.
scp: ./syz-fuzzer: Read-only file system

run #6: basic kernel testing failed: failed to copy test binary to VM: failed to run ["scp" "-P" "22" "-F" "/dev/null" "-o" "UserKnownHostsFile=/dev/null" "-o" "BatchMode=yes" "-o" "IdentitiesOnly=yes" "-o" "StrictHostKeyChecking=no" "-o" "ConnectTimeout=10" "/syzkaller/jobs/linux/gopath/src/github.com/google/syzkaller/bin/linux_amd64/syz-fuzzer" "root@10.128.0.110:./syz-fuzzer"]: exit status 1
Warning: Permanently added '10.128.0.110' (ECDSA) to the list of known hosts.
scp: ./syz-fuzzer: Read-only file system

run #7: basic kernel testing failed: failed to copy test binary to VM: failed to run ["scp" "-P" "22" "-F" "/dev/null" "-o" "UserKnownHostsFile=/dev/null" "-o" "BatchMode=yes" "-o" "IdentitiesOnly=yes" "-o" "StrictHostKeyChecking=no" "-o" "ConnectTimeout=10" "/syzkaller/jobs/linux/gopath/src/github.com/google/syzkaller/bin/linux_amd64/syz-fuzzer" "root@10.128.1.72:./syz-fuzzer"]: exit status 1
Warning: Permanently added '10.128.1.72' (ECDSA) to the list of known hosts.
scp: ./syz-fuzzer: Read-only file system

run #8: basic kernel testing failed: failed to copy test binary to VM: failed to run ["scp" "-P" "22" "-F" "/dev/null" "-o" "UserKnownHostsFile=/dev/null" "-o" "BatchMode=yes" "-o" "IdentitiesOnly=yes" "-o" "StrictHostKeyChecking=no" "-o" "ConnectTimeout=10" "/syzkaller/jobs/linux/gopath/src/github.com/google/syzkaller/bin/linux_amd64/syz-fuzzer" "root@10.128.0.124:./syz-fuzzer"]: exit status 1
Warning: Permanently added '10.128.0.124' (ECDSA) to the list of known hosts.
scp: ./syz-fuzzer: Read-only file system

run #9: basic kernel testing failed: failed to copy test binary to VM: failed to run ["scp" "-P" "22" "-F" "/dev/null" "-o" "UserKnownHostsFile=/dev/null" "-o" "BatchMode=yes" "-o" "IdentitiesOnly=yes" "-o" "StrictHostKeyChecking=no" "-o" "ConnectTimeout=10" "/syzkaller/jobs/linux/gopath/src/github.com/google/syzkaller/bin/linux_amd64/syz-fuzzer" "root@10.128.1.85:./syz-fuzzer"]: exit status 1
Warning: Permanently added '10.128.1.85' (ECDSA) to the list of known hosts.
scp: ./syz-fuzzer: Read-only file system

testing release v5.1
testing commit e93c9c99a629c61837d5a7fc2120cd2b6c70dbdd gcc
compiler: gcc version 8.4.1 20210217 (GCC)
kernel signature: f0973e7b9028199906642a575bf11af97f231ba86209ac1f9b02aa9eb540d1df
run #0: basic kernel testing failed: failed to copy test binary to VM: failed to run ["scp" "-P" "22" "-F" "/dev/null" "-o" "UserKnownHostsFile=/dev/null" "-o" "BatchMode=yes" "-o" "IdentitiesOnly=yes" "-o" "StrictHostKeyChecking=no" "-o" "ConnectTimeout=10" "/syzkaller/jobs/linux/gopath/src/github.com/google/syzkaller/bin/linux_amd64/syz-fuzzer" "root@10.128.0.136:./syz-fuzzer"]: exit status 1
Warning: Permanently added '10.128.0.136' (ECDSA) to the list of known hosts.
scp: ./syz-fuzzer: Read-only file system

run #1: basic kernel testing failed: failed to copy test binary to VM: failed to run ["scp" "-P" "22" "-F" "/dev/null" "-o" "UserKnownHostsFile=/dev/null" "-o" "BatchMode=yes" "-o" "IdentitiesOnly=yes" "-o" "StrictHostKeyChecking=no" "-o" "ConnectTimeout=10" "/syzkaller/jobs/linux/gopath/src/github.com/google/syzkaller/bin/linux_amd64/syz-fuzzer" "root@10.128.1.106:./syz-fuzzer"]: exit status 1
Warning: Permanently added '10.128.1.106' (ECDSA) to the list of known hosts.
scp: ./syz-fuzzer: Read-only file system

run #2: basic kernel testing failed: failed to copy test binary to VM: failed to run ["scp" "-P" "22" "-F" "/dev/null" "-o" "UserKnownHostsFile=/dev/null" "-o" "BatchMode=yes" "-o" "IdentitiesOnly=yes" "-o" "StrictHostKeyChecking=no" "-o" "ConnectTimeout=10" "/syzkaller/jobs/linux/gopath/src/github.com/google/syzkaller/bin/linux_amd64/syz-fuzzer" "root@10.128.10.5:./syz-fuzzer"]: exit status 1
Warning: Permanently added '10.128.10.5' (ECDSA) to the list of known hosts.
scp: ./syz-fuzzer: Read-only file system

run #3: basic kernel testing failed: failed to copy test binary to VM: failed to run ["scp" "-P" "22" "-F" "/dev/null" "-o" "UserKnownHostsFile=/dev/null" "-o" "BatchMode=yes" "-o" "IdentitiesOnly=yes" "-o" "StrictHostKeyChecking=no" "-o" "ConnectTimeout=10" "/syzkaller/jobs/linux/gopath/src/github.com/google/syzkaller/bin/linux_amd64/syz-fuzzer" "root@10.128.0.181:./syz-fuzzer"]: exit status 1
Warning: Permanently added '10.128.0.181' (ECDSA) to the list of known hosts.
scp: ./syz-fuzzer: Read-only file system

run #4: basic kernel testing failed: failed to copy test binary to VM: failed to run ["scp" "-P" "22" "-F" "/dev/null" "-o" "UserKnownHostsFile=/dev/null" "-o" "BatchMode=yes" "-o" "IdentitiesOnly=yes" "-o" "StrictHostKeyChecking=no" "-o" "ConnectTimeout=10" "/syzkaller/jobs/linux/gopath/src/github.com/google/syzkaller/bin/linux_amd64/syz-fuzzer" "root@10.128.10.51:./syz-fuzzer"]: exit status 1
Warning: Permanently added '10.128.10.51' (ECDSA) to the list of known hosts.
scp: ./syz-fuzzer: Read-only file system

run #5: basic kernel testing failed: failed to copy test binary to VM: failed to run ["scp" "-P" "22" "-F" "/dev/null" "-o" "UserKnownHostsFile=/dev/null" "-o" "BatchMode=yes" "-o" "IdentitiesOnly=yes" "-o" "StrictHostKeyChecking=no" "-o" "ConnectTimeout=10" "/syzkaller/jobs/linux/gopath/src/github.com/google/syzkaller/bin/linux_amd64/syz-fuzzer" "root@10.128.10.57:./syz-fuzzer"]: exit status 1
Warning: Permanently added '10.128.10.57' (ECDSA) to the list of known hosts.
scp: ./syz-fuzzer: Read-only file system

run #6: basic kernel testing failed: failed to copy test binary to VM: failed to run ["scp" "-P" "22" "-F" "/dev/null" "-o" "UserKnownHostsFile=/dev/null" "-o" "BatchMode=yes" "-o" "IdentitiesOnly=yes" "-o" "StrictHostKeyChecking=no" "-o" "ConnectTimeout=10" "/syzkaller/jobs/linux/gopath/src/github.com/google/syzkaller/bin/linux_amd64/syz-fuzzer" "root@10.128.10.43:./syz-fuzzer"]: exit status 1
Warning: Permanently added '10.128.10.43' (ECDSA) to the list of known hosts.
scp: ./syz-fuzzer: Read-only file system

run #7: basic kernel testing failed: failed to copy test binary to VM: failed to run ["scp" "-P" "22" "-F" "/dev/null" "-o" "UserKnownHostsFile=/dev/null" "-o" "BatchMode=yes" "-o" "IdentitiesOnly=yes" "-o" "StrictHostKeyChecking=no" "-o" "ConnectTimeout=10" "/syzkaller/jobs/linux/gopath/src/github.com/google/syzkaller/bin/linux_amd64/syz-fuzzer" "root@10.128.10.60:./syz-fuzzer"]: exit status 1
Warning: Permanently added '10.128.10.60' (ECDSA) to the list of known hosts.
scp: ./syz-fuzzer: Read-only file system

run #8: basic kernel testing failed: failed to copy test binary to VM: failed to run ["scp" "-P" "22" "-F" "/dev/null" "-o" "UserKnownHostsFile=/dev/null" "-o" "BatchMode=yes" "-o" "IdentitiesOnly=yes" "-o" "StrictHostKeyChecking=no" "-o" "ConnectTimeout=10" "/syzkaller/jobs/linux/gopath/src/github.com/google/syzkaller/bin/linux_amd64/syz-fuzzer" "root@10.128.10.62:./syz-fuzzer"]: exit status 1
Warning: Permanently added '10.128.10.62' (ECDSA) to the list of known hosts.
scp: ./syz-fuzzer: Read-only file system

run #9: basic kernel testing failed: failed to copy test binary to VM: failed to run ["scp" "-P" "22" "-F" "/dev/null" "-o" "UserKnownHostsFile=/dev/null" "-o" "BatchMode=yes" "-o" "IdentitiesOnly=yes" "-o" "StrictHostKeyChecking=no" "-o" "ConnectTimeout=10" "/syzkaller/jobs/linux/gopath/src/github.com/google/syzkaller/bin/linux_amd64/syz-fuzzer" "root@10.128.10.63:./syz-fuzzer"]: exit status 1
Warning: Permanently added '10.128.10.63' (ECDSA) to the list of known hosts.
scp: ./syz-fuzzer: Read-only file system

testing release v5.0
testing commit 1c163f4c7b3f621efff9b28a47abb36f7378d783 gcc
compiler: gcc version 8.4.1 20210217 (GCC)
kernel signature: f557d468d4672c1274bef9c6a71019b7428dc87b159064cc027089772eb23534
run #0: basic kernel testing failed: failed to copy test binary to VM: failed to run ["scp" "-P" "22" "-F" "/dev/null" "-o" "UserKnownHostsFile=/dev/null" "-o" "BatchMode=yes" "-o" "IdentitiesOnly=yes" "-o" "StrictHostKeyChecking=no" "-o" "ConnectTimeout=10" "/syzkaller/jobs/linux/gopath/src/github.com/google/syzkaller/bin/linux_amd64/syz-fuzzer" "root@10.128.1.148:./syz-fuzzer"]: exit status 1
Warning: Permanently added '10.128.1.148' (ECDSA) to the list of known hosts.
scp: ./syz-fuzzer: Read-only file system

run #1: basic kernel testing failed: failed to copy test binary to VM: failed to run ["scp" "-P" "22" "-F" "/dev/null" "-o" "UserKnownHostsFile=/dev/null" "-o" "BatchMode=yes" "-o" "IdentitiesOnly=yes" "-o" "StrictHostKeyChecking=no" "-o" "ConnectTimeout=10" "/syzkaller/jobs/linux/gopath/src/github.com/google/syzkaller/bin/linux_amd64/syz-fuzzer" "root@10.128.1.48:./syz-fuzzer"]: exit status 1
Warning: Permanently added '10.128.1.48' (ECDSA) to the list of known hosts.
scp: ./syz-fuzzer: Read-only file system

run #2: basic kernel testing failed: failed to copy test binary to VM: failed to run ["scp" "-P" "22" "-F" "/dev/null" "-o" "UserKnownHostsFile=/dev/null" "-o" "BatchMode=yes" "-o" "IdentitiesOnly=yes" "-o" "StrictHostKeyChecking=no" "-o" "ConnectTimeout=10" "/syzkaller/jobs/linux/gopath/src/github.com/google/syzkaller/bin/linux_amd64/syz-fuzzer" "root@10.128.1.165:./syz-fuzzer"]: exit status 1
Warning: Permanently added '10.128.1.165' (ECDSA) to the list of known hosts.
scp: ./syz-fuzzer: Read-only file system

run #3: basic kernel testing failed: failed to copy test binary to VM: failed to run ["scp" "-P" "22" "-F" "/dev/null" "-o" "UserKnownHostsFile=/dev/null" "-o" "BatchMode=yes" "-o" "IdentitiesOnly=yes" "-o" "StrictHostKeyChecking=no" "-o" "ConnectTimeout=10" "/syzkaller/jobs/linux/gopath/src/github.com/google/syzkaller/bin/linux_amd64/syz-fuzzer" "root@10.128.10.16:./syz-fuzzer"]: exit status 1
Warning: Permanently added '10.128.10.16' (ECDSA) to the list of known hosts.
scp: ./syz-fuzzer: Read-only file system

run #4: basic kernel testing failed: failed to copy test binary to VM: failed to run ["scp" "-P" "22" "-F" "/dev/null" "-o" "UserKnownHostsFile=/dev/null" "-o" "BatchMode=yes" "-o" "IdentitiesOnly=yes" "-o" "StrictHostKeyChecking=no" "-o" "ConnectTimeout=10" "/syzkaller/jobs/linux/gopath/src/github.com/google/syzkaller/bin/linux_amd64/syz-fuzzer" "root@10.128.0.75:./syz-fuzzer"]: exit status 1
Warning: Permanently added '10.128.0.75' (ECDSA) to the list of known hosts.
scp: ./syz-fuzzer: Read-only file system

run #5: basic kernel testing failed: failed to copy test binary to VM: failed to run ["scp" "-P" "22" "-F" "/dev/null" "-o" "UserKnownHostsFile=/dev/null" "-o" "BatchMode=yes" "-o" "IdentitiesOnly=yes" "-o" "StrictHostKeyChecking=no" "-o" "ConnectTimeout=10" "/syzkaller/jobs/linux/gopath/src/github.com/google/syzkaller/bin/linux_amd64/syz-fuzzer" "root@10.128.1.170:./syz-fuzzer"]: exit status 1
Warning: Permanently added '10.128.1.170' (ECDSA) to the list of known hosts.
scp: ./syz-fuzzer: Read-only file system

run #6: basic kernel testing failed: failed to copy test binary to VM: failed to run ["scp" "-P" "22" "-F" "/dev/null" "-o" "UserKnownHostsFile=/dev/null" "-o" "BatchMode=yes" "-o" "IdentitiesOnly=yes" "-o" "StrictHostKeyChecking=no" "-o" "ConnectTimeout=10" "/syzkaller/jobs/linux/gopath/src/github.com/google/syzkaller/bin/linux_amd64/syz-fuzzer" "root@10.128.10.21:./syz-fuzzer"]: exit status 1
Warning: Permanently added '10.128.10.21' (ECDSA) to the list of known hosts.
scp: ./syz-fuzzer: Read-only file system

run #7: basic kernel testing failed: failed to copy test binary to VM: failed to run ["scp" "-P" "22" "-F" "/dev/null" "-o" "UserKnownHostsFile=/dev/null" "-o" "BatchMode=yes" "-o" "IdentitiesOnly=yes" "-o" "StrictHostKeyChecking=no" "-o" "ConnectTimeout=10" "/syzkaller/jobs/linux/gopath/src/github.com/google/syzkaller/bin/linux_amd64/syz-fuzzer" "root@10.128.10.25:./syz-fuzzer"]: exit status 1
Warning: Permanently added '10.128.10.25' (ECDSA) to the list of known hosts.
scp: ./syz-fuzzer: Read-only file system

run #8: basic kernel testing failed: failed to copy test binary to VM: failed to run ["scp" "-P" "22" "-F" "/dev/null" "-o" "UserKnownHostsFile=/dev/null" "-o" "BatchMode=yes" "-o" "IdentitiesOnly=yes" "-o" "StrictHostKeyChecking=no" "-o" "ConnectTimeout=10" "/syzkaller/jobs/linux/gopath/src/github.com/google/syzkaller/bin/linux_amd64/syz-fuzzer" "root@10.128.10.27:./syz-fuzzer"]: exit status 1
Warning: Permanently added '10.128.10.27' (ECDSA) to the list of known hosts.
scp: ./syz-fuzzer: Read-only file system

run #9: basic kernel testing failed: failed to copy test binary to VM: failed to run ["scp" "-P" "22" "-F" "/dev/null" "-o" "UserKnownHostsFile=/dev/null" "-o" "BatchMode=yes" "-o" "IdentitiesOnly=yes" "-o" "StrictHostKeyChecking=no" "-o" "ConnectTimeout=10" "/syzkaller/jobs/linux/gopath/src/github.com/google/syzkaller/bin/linux_amd64/syz-fuzzer" "root@10.128.10.28:./syz-fuzzer"]: exit status 1
Warning: Permanently added '10.128.10.28' (ECDSA) to the list of known hosts.
scp: ./syz-fuzzer: Read-only file system

testing release v4.20
testing commit 8fe28cb58bcb235034b64cbbb7550a8a43fd88be gcc
compiler: gcc version 8.4.1 20210217 (GCC)
kernel signature: 29a1179bca7021790bdf558e5c062a493e3b9086598d36ab8d542a7171c09467
run #0: basic kernel testing failed: failed to copy test binary to VM: failed to run ["scp" "-P" "22" "-F" "/dev/null" "-o" "UserKnownHostsFile=/dev/null" "-o" "BatchMode=yes" "-o" "IdentitiesOnly=yes" "-o" "StrictHostKeyChecking=no" "-o" "ConnectTimeout=10" "/syzkaller/jobs/linux/gopath/src/github.com/google/syzkaller/bin/linux_amd64/syz-fuzzer" "root@10.128.1.142:./syz-fuzzer"]: exit status 1
Warning: Permanently added '10.128.1.142' (ECDSA) to the list of known hosts.
scp: ./syz-fuzzer: Read-only file system

run #1: basic kernel testing failed: failed to copy test binary to VM: failed to run ["scp" "-P" "22" "-F" "/dev/null" "-o" "UserKnownHostsFile=/dev/null" "-o" "BatchMode=yes" "-o" "IdentitiesOnly=yes" "-o" "StrictHostKeyChecking=no" "-o" "ConnectTimeout=10" "/syzkaller/jobs/linux/gopath/src/github.com/google/syzkaller/bin/linux_amd64/syz-fuzzer" "root@10.128.1.191:./syz-fuzzer"]: exit status 1
Warning: Permanently added '10.128.1.191' (ECDSA) to the list of known hosts.
scp: ./syz-fuzzer: Read-only file system

run #2: basic kernel testing failed: failed to copy test binary to VM: failed to run ["scp" "-P" "22" "-F" "/dev/null" "-o" "UserKnownHostsFile=/dev/null" "-o" "BatchMode=yes" "-o" "IdentitiesOnly=yes" "-o" "StrictHostKeyChecking=no" "-o" "ConnectTimeout=10" "/syzkaller/jobs/linux/gopath/src/github.com/google/syzkaller/bin/linux_amd64/syz-fuzzer" "root@10.128.10.60:./syz-fuzzer"]: exit status 1
Warning: Permanently added '10.128.10.60' (ECDSA) to the list of known hosts.
scp: ./syz-fuzzer: Read-only file system

run #3: basic kernel testing failed: failed to copy test binary to VM: failed to run ["scp" "-P" "22" "-F" "/dev/null" "-o" "UserKnownHostsFile=/dev/null" "-o" "BatchMode=yes" "-o" "IdentitiesOnly=yes" "-o" "StrictHostKeyChecking=no" "-o" "ConnectTimeout=10" "/syzkaller/jobs/linux/gopath/src/github.com/google/syzkaller/bin/linux_amd64/syz-fuzzer" "root@10.128.0.46:./syz-fuzzer"]: exit status 1
Warning: Permanently added '10.128.0.46' (ECDSA) to the list of known hosts.
scp: ./syz-fuzzer: Read-only file system

run #4: basic kernel testing failed: failed to copy test binary to VM: failed to run ["scp" "-P" "22" "-F" "/dev/null" "-o" "UserKnownHostsFile=/dev/null" "-o" "BatchMode=yes" "-o" "IdentitiesOnly=yes" "-o" "StrictHostKeyChecking=no" "-o" "ConnectTimeout=10" "/syzkaller/jobs/linux/gopath/src/github.com/google/syzkaller/bin/linux_amd64/syz-fuzzer" "root@10.128.10.55:./syz-fuzzer"]: exit status 1
Warning: Permanently added '10.128.10.55' (ECDSA) to the list of known hosts.
scp: ./syz-fuzzer: Read-only file system

run #5: basic kernel testing failed: failed to copy test binary to VM: failed to run ["scp" "-P" "22" "-F" "/dev/null" "-o" "UserKnownHostsFile=/dev/null" "-o" "BatchMode=yes" "-o" "IdentitiesOnly=yes" "-o" "StrictHostKeyChecking=no" "-o" "ConnectTimeout=10" "/syzkaller/jobs/linux/gopath/src/github.com/google/syzkaller/bin/linux_amd64/syz-fuzzer" "root@10.128.15.194:./syz-fuzzer"]: exit status 1
Warning: Permanently added '10.128.15.194' (ECDSA) to the list of known hosts.
scp: ./syz-fuzzer: Read-only file system

run #6: basic kernel testing failed: failed to copy test binary to VM: failed to run ["scp" "-P" "22" "-F" "/dev/null" "-o" "UserKnownHostsFile=/dev/null" "-o" "BatchMode=yes" "-o" "IdentitiesOnly=yes" "-o" "StrictHostKeyChecking=no" "-o" "ConnectTimeout=10" "/syzkaller/jobs/linux/gopath/src/github.com/google/syzkaller/bin/linux_amd64/syz-fuzzer" "root@10.128.1.37:./syz-fuzzer"]: exit status 1
Warning: Permanently added '10.128.1.37' (ECDSA) to the list of known hosts.
scp: ./syz-fuzzer: Read-only file system

run #7: basic kernel testing failed: failed to copy test binary to VM: failed to run ["scp" "-P" "22" "-F" "/dev/null" "-o" "UserKnownHostsFile=/dev/null" "-o" "BatchMode=yes" "-o" "IdentitiesOnly=yes" "-o" "StrictHostKeyChecking=no" "-o" "ConnectTimeout=10" "/syzkaller/jobs/linux/gopath/src/github.com/google/syzkaller/bin/linux_amd64/syz-fuzzer" "root@10.128.10.62:./syz-fuzzer"]: exit status 1
Warning: Permanently added '10.128.10.62' (ECDSA) to the list of known hosts.
scp: ./syz-fuzzer: Read-only file system

run #8: basic kernel testing failed: failed to copy test binary to VM: failed to run ["scp" "-P" "22" "-F" "/dev/null" "-o" "UserKnownHostsFile=/dev/null" "-o" "BatchMode=yes" "-o" "IdentitiesOnly=yes" "-o" "StrictHostKeyChecking=no" "-o" "ConnectTimeout=10" "/syzkaller/jobs/linux/gopath/src/github.com/google/syzkaller/bin/linux_amd64/syz-fuzzer" "root@10.128.15.192:./syz-fuzzer"]: exit status 1
Warning: Permanently added '10.128.15.192' (ECDSA) to the list of known hosts.
scp: ./syz-fuzzer: Read-only file system

run #9: basic kernel testing failed: failed to copy test binary to VM: failed to run ["scp" "-P" "22" "-F" "/dev/null" "-o" "UserKnownHostsFile=/dev/null" "-o" "BatchMode=yes" "-o" "IdentitiesOnly=yes" "-o" "StrictHostKeyChecking=no" "-o" "ConnectTimeout=10" "/syzkaller/jobs/linux/gopath/src/github.com/google/syzkaller/bin/linux_amd64/syz-fuzzer" "root@10.128.0.188:./syz-fuzzer"]: exit status 1
Warning: Permanently added '10.128.0.188' (ECDSA) to the list of known hosts.
scp: ./syz-fuzzer: Read-only file system

testing release v4.19
revisions tested: 18, total time: 8h9m35.481994444s (build: 6h55m59.305322862s, test: 56m51.163278365s)
error: bisection is taking too long (>8h0m0s), aborting
