bisecting cause commit starting from eec4df26e24e978e49ccf9bcf49ca0f2ccdaeffe
building syzkaller on 2e49f10dbbcec83bf0aa7651c827503e1faec44c
testing commit eec4df26e24e978e49ccf9bcf49ca0f2ccdaeffe
compiler: gcc (GCC) 10.2.1 20210217, GNU ld (GNU Binutils for Debian) 2.35.2
kernel signature: b276f2a3e0c7d820aa61aec159c3e095c93dbc91d99d42e22fa0d4ffc23d7626
run #0: crashed: KASAN: slab-out-of-bounds Write in usb_hcd_poll_rh_status
run #1: crashed: KASAN: slab-out-of-bounds Write in usb_hcd_poll_rh_status
run #2: crashed: KASAN: slab-out-of-bounds Read in do_proc_bulk
run #3: crashed: KASAN: slab-out-of-bounds Write in usb_hcd_poll_rh_status
run #4: crashed: KASAN: slab-out-of-bounds Write in usb_hcd_poll_rh_status
run #5: crashed: KASAN: slab-out-of-bounds Write in usb_hcd_poll_rh_status
run #6: crashed: KASAN: slab-out-of-bounds Write in usb_hcd_poll_rh_status
run #7: crashed: KASAN: slab-out-of-bounds Write in usb_hcd_poll_rh_status
run #8: crashed: KASAN: slab-out-of-bounds Write in usb_hcd_poll_rh_status
run #9: crashed: KASAN: slab-out-of-bounds Write in usb_hcd_poll_rh_status
run #10: crashed: KASAN: slab-out-of-bounds Write in usb_hcd_poll_rh_status
run #11: crashed: KASAN: slab-out-of-bounds Write in usb_hcd_poll_rh_status
run #12: crashed: KASAN: slab-out-of-bounds Write in usb_hcd_poll_rh_status
run #13: crashed: KASAN: slab-out-of-bounds Write in usb_hcd_poll_rh_status
run #14: crashed: KASAN: slab-out-of-bounds Write in usb_hcd_poll_rh_status
run #15: crashed: KASAN: slab-out-of-bounds Read in do_proc_bulk
run #16: crashed: KASAN: slab-out-of-bounds Write in usb_hcd_poll_rh_status
run #17: crashed: KASAN: slab-out-of-bounds Write in usb_hcd_poll_rh_status
run #18: crashed: KASAN: slab-out-of-bounds Write in usb_hcd_poll_rh_status
run #19: crashed: KASAN: slab-out-of-bounds Write in usb_hcd_poll_rh_status
testing release v5.15
testing commit 8bb7eca972ad531c9b149c0a51ab43a417385813
compiler: gcc (GCC) 10.2.1 20210217, GNU ld (GNU Binutils for Debian) 2.35.2
kernel signature: c86a6c1a0f1a564c576c1804f5e79baaa0c1c0daad1f7593e7b7bb31c878dec1
all runs: crashed: KASAN: slab-out-of-bounds Write in usb_hcd_poll_rh_status
testing release v5.14
testing commit 7d2a07b769330c34b4deabeed939325c77a7ec2f
compiler: gcc (GCC) 10.2.1 20210217, GNU ld (GNU Binutils for Debian) 2.35.2
kernel signature: 6404d1cddce558a38d637e4c5fe2a88b6c537adb603b28608c52bddabbf3c18b
all runs: crashed: KASAN: slab-out-of-bounds Write in usb_hcd_poll_rh_status
testing release v5.13
testing commit 62fb9874f5da54fdb243003b386128037319b219
compiler: gcc (GCC) 10.2.1 20210217, GNU ld (GNU Binutils for Debian) 2.35.2
kernel signature: 33b874920432d47a50dc3d01e7aeacedfafbfe51471ecc204f52c6f771e2cb3f
all runs: crashed: KASAN: slab-out-of-bounds Write in usb_hcd_poll_rh_status
testing release v5.12
testing commit 9f4ad9e425a1d3b6a34617b8ea226d56a119a717
compiler: gcc (GCC) 10.2.1 20210217, GNU ld (GNU Binutils for Debian) 2.35.2
kernel signature: 01b2b200d27d7c345207a454397b625e55e580c1e366040ff036934c7d66c532
all runs: crashed: KASAN: slab-out-of-bounds Write in usb_hcd_poll_rh_status
testing release v5.11
testing commit f40ddce88593482919761f74910f42f4b84c004b
compiler: gcc (GCC) 10.2.1 20210217, GNU ld (GNU Binutils for Debian) 2.35.2
kernel signature: d67a9d18f4d2cf9c14dcd711f79bb72a51d2306c705186854d6fa8226acc00f4
all runs: crashed: KASAN: slab-out-of-bounds Write in usb_hcd_poll_rh_status
testing release v5.10
testing commit 2c85ebc57b3e1817b6ce1a6b703928e113a90442
compiler: gcc (GCC) 10.2.1 20210217, GNU ld (GNU Binutils for Debian) 2.35.2
kernel signature: b4e202a4717bd6aac47fcb45e6490e9bd07b7da60a432ab959d099f25ef5931a
all runs: basic kernel testing failed: KASAN: use-after-free Read in task_active_pid_ns
testing release v5.9
testing commit bbf5c979011a099af5dc76498918ed7df445635b
compiler: gcc (GCC) 10.2.1 20210217, GNU ld (GNU Binutils for Debian) 2.35.2
kernel signature: 68b25cdd33014028ab682e2919eb5ad5ea326a921550346f636732782130d636
all runs: basic kernel testing failed: KASAN: use-after-free Read in task_active_pid_ns
testing release v5.8
testing commit bcf876870b95592b52519ed4aafcf9d95999bc9c
compiler: gcc (GCC) 8.4.1 20210217, GNU ld (GNU Binutils for Debian) 2.35.2
kernel signature: 614ad6c55388f00ad6b278dd503c943525deb4ac59101fe62971687342713f9c
all runs: basic kernel testing failed: KASAN: use-after-free Read in task_active_pid_ns
testing release v5.7
testing commit 3d77e6a8804abcc0504c904bd6e5cdf3a5cf8162
compiler: gcc version 8.4.1 20210217 (GCC), GNU ld (GNU Binutils for Debian) 2.35.2
kernel signature: b80a7692591cb0c66c08f90e31f4d43291a81b6b524dea2c0cb74f23bd6c66b8
all runs: basic kernel testing failed: KASAN: use-after-free Read in task_active_pid_ns
testing release v5.6
testing commit 7111951b8d4973bda27ff663f2cf18b663d15b48
compiler: gcc version 8.4.1 20210217 (GCC)
kernel signature: cef0f93a53abcd814692c6a3a71b56ab84c0a161f2984bb4a1283cc89b39b8a8
all runs: basic kernel testing failed: KASAN: use-after-free Read in task_active_pid_ns
testing release v5.5
testing commit d5226fa6dbae0569ee43ecfc08bdcd6770fc4755
compiler: gcc version 8.4.1 20210217 (GCC)
kernel signature: 38693f6572e5468ae81143b4f04646051d0be4b3d5af71b28f434d87882bb50e
all runs: basic kernel testing failed: KASAN: use-after-free Read in task_active_pid_ns
testing release v5.4
testing commit 219d54332a09e8d8741c1e1982f5eae56099de85
compiler: gcc version 8.4.1 20210217 (GCC)
kernel signature: c1b0202d3b53595922f83adef5e2366d9ffee32aedea89a0ff001f9ff4e60812
run #0: basic kernel testing failed: KASAN: use-after-free Read in task_active_pid_ns
run #1: basic kernel testing failed: KASAN: use-after-free Read in task_active_pid_ns
run #2: basic kernel testing failed: KASAN: use-after-free Read in task_active_pid_ns
run #3: basic kernel testing failed: KASAN: use-after-free Read in task_active_pid_ns
run #4: basic kernel testing failed: KASAN: use-after-free Read in task_active_pid_ns
run #5: basic kernel testing failed: KASAN: use-after-free Read in __task_pid_nr_ns
run #6: basic kernel testing failed: KASAN: use-after-free Read in task_active_pid_ns
run #7: basic kernel testing failed: KASAN: use-after-free Read in __task_pid_nr_ns
run #8: basic kernel testing failed: KASAN: use-after-free Read in task_active_pid_ns
run #9: basic kernel testing failed: KASAN: use-after-free Read in task_active_pid_ns
testing release v5.3
testing commit 4d856f72c10ecb060868ed10ff1b1453943fc6c8
compiler: gcc version 8.4.1 20210217 (GCC)
kernel signature: df75db640cf6cb057279ab6e175170ed87b70b63967cd5c774ee6e660ce695a8
run #0: basic kernel testing failed: failed to copy test binary to VM: failed to run ["scp" "-P" "22" "-F" "/dev/null" "-o" "UserKnownHostsFile=/dev/null" "-o" "BatchMode=yes" "-o" "IdentitiesOnly=yes" "-o" "StrictHostKeyChecking=no" "-o" "ConnectTimeout=10" "/syzkaller/jobs/linux/gopath/src/github.com/google/syzkaller/bin/linux_amd64/syz-fuzzer" "root@10.128.0.229:./syz-fuzzer"]: exit status 1
Warning: Permanently added '10.128.0.229' (ECDSA) to the list of known hosts.
scp: ./syz-fuzzer: Read-only file system

run #1: basic kernel testing failed: failed to copy test binary to VM: failed to run ["scp" "-P" "22" "-F" "/dev/null" "-o" "UserKnownHostsFile=/dev/null" "-o" "BatchMode=yes" "-o" "IdentitiesOnly=yes" "-o" "StrictHostKeyChecking=no" "-o" "ConnectTimeout=10" "/syzkaller/jobs/linux/gopath/src/github.com/google/syzkaller/bin/linux_amd64/syz-fuzzer" "root@10.128.1.68:./syz-fuzzer"]: exit status 1
Warning: Permanently added '10.128.1.68' (ECDSA) to the list of known hosts.
scp: ./syz-fuzzer: Read-only file system

run #2: basic kernel testing failed: failed to copy test binary to VM: failed to run ["scp" "-P" "22" "-F" "/dev/null" "-o" "UserKnownHostsFile=/dev/null" "-o" "BatchMode=yes" "-o" "IdentitiesOnly=yes" "-o" "StrictHostKeyChecking=no" "-o" "ConnectTimeout=10" "/syzkaller/jobs/linux/gopath/src/github.com/google/syzkaller/bin/linux_amd64/syz-fuzzer" "root@10.128.1.91:./syz-fuzzer"]: exit status 1
Warning: Permanently added '10.128.1.91' (ECDSA) to the list of known hosts.
scp: ./syz-fuzzer: Read-only file system

run #3: basic kernel testing failed: failed to copy test binary to VM: failed to run ["scp" "-P" "22" "-F" "/dev/null" "-o" "UserKnownHostsFile=/dev/null" "-o" "BatchMode=yes" "-o" "IdentitiesOnly=yes" "-o" "StrictHostKeyChecking=no" "-o" "ConnectTimeout=10" "/syzkaller/jobs/linux/gopath/src/github.com/google/syzkaller/bin/linux_amd64/syz-fuzzer" "root@10.128.0.148:./syz-fuzzer"]: exit status 1
Warning: Permanently added '10.128.0.148' (ECDSA) to the list of known hosts.
scp: ./syz-fuzzer: Read-only file system

run #4: basic kernel testing failed: failed to copy test binary to VM: failed to run ["scp" "-P" "22" "-F" "/dev/null" "-o" "UserKnownHostsFile=/dev/null" "-o" "BatchMode=yes" "-o" "IdentitiesOnly=yes" "-o" "StrictHostKeyChecking=no" "-o" "ConnectTimeout=10" "/syzkaller/jobs/linux/gopath/src/github.com/google/syzkaller/bin/linux_amd64/syz-fuzzer" "root@10.128.10.30:./syz-fuzzer"]: exit status 1
Warning: Permanently added '10.128.10.30' (ECDSA) to the list of known hosts.
scp: ./syz-fuzzer: Read-only file system

run #5: basic kernel testing failed: failed to copy test binary to VM: failed to run ["scp" "-P" "22" "-F" "/dev/null" "-o" "UserKnownHostsFile=/dev/null" "-o" "BatchMode=yes" "-o" "IdentitiesOnly=yes" "-o" "StrictHostKeyChecking=no" "-o" "ConnectTimeout=10" "/syzkaller/jobs/linux/gopath/src/github.com/google/syzkaller/bin/linux_amd64/syz-fuzzer" "root@10.128.1.121:./syz-fuzzer"]: exit status 1
Warning: Permanently added '10.128.1.121' (ECDSA) to the list of known hosts.
scp: ./syz-fuzzer: Read-only file system

run #6: basic kernel testing failed: failed to copy test binary to VM: failed to run ["scp" "-P" "22" "-F" "/dev/null" "-o" "UserKnownHostsFile=/dev/null" "-o" "BatchMode=yes" "-o" "IdentitiesOnly=yes" "-o" "StrictHostKeyChecking=no" "-o" "ConnectTimeout=10" "/syzkaller/jobs/linux/gopath/src/github.com/google/syzkaller/bin/linux_amd64/syz-fuzzer" "root@10.128.10.6:./syz-fuzzer"]: exit status 1
Warning: Permanently added '10.128.10.6' (ECDSA) to the list of known hosts.
scp: ./syz-fuzzer: Read-only file system

run #7: basic kernel testing failed: failed to copy test binary to VM: failed to run ["scp" "-P" "22" "-F" "/dev/null" "-o" "UserKnownHostsFile=/dev/null" "-o" "BatchMode=yes" "-o" "IdentitiesOnly=yes" "-o" "StrictHostKeyChecking=no" "-o" "ConnectTimeout=10" "/syzkaller/jobs/linux/gopath/src/github.com/google/syzkaller/bin/linux_amd64/syz-fuzzer" "root@10.128.10.17:./syz-fuzzer"]: exit status 1
Warning: Permanently added '10.128.10.17' (ECDSA) to the list of known hosts.
scp: ./syz-fuzzer: Read-only file system

run #8: basic kernel testing failed: failed to copy test binary to VM: failed to run ["scp" "-P" "22" "-F" "/dev/null" "-o" "UserKnownHostsFile=/dev/null" "-o" "BatchMode=yes" "-o" "IdentitiesOnly=yes" "-o" "StrictHostKeyChecking=no" "-o" "ConnectTimeout=10" "/syzkaller/jobs/linux/gopath/src/github.com/google/syzkaller/bin/linux_amd64/syz-fuzzer" "root@10.128.10.20:./syz-fuzzer"]: exit status 1
Warning: Permanently added '10.128.10.20' (ECDSA) to the list of known hosts.
scp: ./syz-fuzzer: Read-only file system

run #9: basic kernel testing failed: failed to copy test binary to VM: failed to run ["scp" "-P" "22" "-F" "/dev/null" "-o" "UserKnownHostsFile=/dev/null" "-o" "BatchMode=yes" "-o" "IdentitiesOnly=yes" "-o" "StrictHostKeyChecking=no" "-o" "ConnectTimeout=10" "/syzkaller/jobs/linux/gopath/src/github.com/google/syzkaller/bin/linux_amd64/syz-fuzzer" "root@10.128.10.29:./syz-fuzzer"]: exit status 1
Warning: Permanently added '10.128.10.29' (ECDSA) to the list of known hosts.
scp: ./syz-fuzzer: Read-only file system

testing release v5.2
testing commit 0ecfebd2b52404ae0c54a878c872bb93363ada36
compiler: gcc version 8.4.1 20210217 (GCC)
kernel signature: ee01ae24bed2390428cf55ace195076a4e8a6c8b059657be41f232ff3ba44adc
run #0: basic kernel testing failed: failed to copy test binary to VM: failed to run ["scp" "-P" "22" "-F" "/dev/null" "-o" "UserKnownHostsFile=/dev/null" "-o" "BatchMode=yes" "-o" "IdentitiesOnly=yes" "-o" "StrictHostKeyChecking=no" "-o" "ConnectTimeout=10" "/syzkaller/jobs/linux/gopath/src/github.com/google/syzkaller/bin/linux_amd64/syz-fuzzer" "root@10.128.1.27:./syz-fuzzer"]: exit status 1
Warning: Permanently added '10.128.1.27' (ECDSA) to the list of known hosts.
scp: ./syz-fuzzer: Read-only file system

run #1: basic kernel testing failed: failed to copy test binary to VM: failed to run ["scp" "-P" "22" "-F" "/dev/null" "-o" "UserKnownHostsFile=/dev/null" "-o" "BatchMode=yes" "-o" "IdentitiesOnly=yes" "-o" "StrictHostKeyChecking=no" "-o" "ConnectTimeout=10" "/syzkaller/jobs/linux/gopath/src/github.com/google/syzkaller/bin/linux_amd64/syz-fuzzer" "root@10.128.1.115:./syz-fuzzer"]: exit status 1
Warning: Permanently added '10.128.1.115' (ECDSA) to the list of known hosts.
scp: ./syz-fuzzer: Read-only file system

run #2: basic kernel testing failed: failed to copy test binary to VM: failed to run ["scp" "-P" "22" "-F" "/dev/null" "-o" "UserKnownHostsFile=/dev/null" "-o" "BatchMode=yes" "-o" "IdentitiesOnly=yes" "-o" "StrictHostKeyChecking=no" "-o" "ConnectTimeout=10" "/syzkaller/jobs/linux/gopath/src/github.com/google/syzkaller/bin/linux_amd64/syz-fuzzer" "root@10.128.10.30:./syz-fuzzer"]: exit status 1
Warning: Permanently added '10.128.10.30' (ECDSA) to the list of known hosts.
scp: ./syz-fuzzer: Read-only file system

run #3: basic kernel testing failed: failed to copy test binary to VM: failed to run ["scp" "-P" "22" "-F" "/dev/null" "-o" "UserKnownHostsFile=/dev/null" "-o" "BatchMode=yes" "-o" "IdentitiesOnly=yes" "-o" "StrictHostKeyChecking=no" "-o" "ConnectTimeout=10" "/syzkaller/jobs/linux/gopath/src/github.com/google/syzkaller/bin/linux_amd64/syz-fuzzer" "root@10.128.1.71:./syz-fuzzer"]: exit status 1
Warning: Permanently added '10.128.1.71' (ECDSA) to the list of known hosts.
scp: ./syz-fuzzer: Read-only file system

run #4: basic kernel testing failed: failed to copy test binary to VM: failed to run ["scp" "-P" "22" "-F" "/dev/null" "-o" "UserKnownHostsFile=/dev/null" "-o" "BatchMode=yes" "-o" "IdentitiesOnly=yes" "-o" "StrictHostKeyChecking=no" "-o" "ConnectTimeout=10" "/syzkaller/jobs/linux/gopath/src/github.com/google/syzkaller/bin/linux_amd64/syz-fuzzer" "root@10.128.10.20:./syz-fuzzer"]: exit status 1
Warning: Permanently added '10.128.10.20' (ECDSA) to the list of known hosts.
scp: ./syz-fuzzer: Read-only file system

run #5: basic kernel testing failed: failed to copy test binary to VM: failed to run ["scp" "-P" "22" "-F" "/dev/null" "-o" "UserKnownHostsFile=/dev/null" "-o" "BatchMode=yes" "-o" "IdentitiesOnly=yes" "-o" "StrictHostKeyChecking=no" "-o" "ConnectTimeout=10" "/syzkaller/jobs/linux/gopath/src/github.com/google/syzkaller/bin/linux_amd64/syz-fuzzer" "root@10.128.0.210:./syz-fuzzer"]: exit status 1
Warning: Permanently added '10.128.0.210' (ECDSA) to the list of known hosts.
scp: ./syz-fuzzer: Read-only file system

run #6: basic kernel testing failed: failed to copy test binary to VM: failed to run ["scp" "-P" "22" "-F" "/dev/null" "-o" "UserKnownHostsFile=/dev/null" "-o" "BatchMode=yes" "-o" "IdentitiesOnly=yes" "-o" "StrictHostKeyChecking=no" "-o" "ConnectTimeout=10" "/syzkaller/jobs/linux/gopath/src/github.com/google/syzkaller/bin/linux_amd64/syz-fuzzer" "root@10.128.1.66:./syz-fuzzer"]: exit status 1
Warning: Permanently added '10.128.1.66' (ECDSA) to the list of known hosts.
scp: ./syz-fuzzer: Read-only file system

run #7: basic kernel testing failed: failed to copy test binary to VM: failed to run ["scp" "-P" "22" "-F" "/dev/null" "-o" "UserKnownHostsFile=/dev/null" "-o" "BatchMode=yes" "-o" "IdentitiesOnly=yes" "-o" "StrictHostKeyChecking=no" "-o" "ConnectTimeout=10" "/syzkaller/jobs/linux/gopath/src/github.com/google/syzkaller/bin/linux_amd64/syz-fuzzer" "root@10.128.10.21:./syz-fuzzer"]: exit status 1
Warning: Permanently added '10.128.10.21' (ECDSA) to the list of known hosts.
scp: ./syz-fuzzer: Read-only file system

run #8: basic kernel testing failed: failed to copy test binary to VM: failed to run ["scp" "-P" "22" "-F" "/dev/null" "-o" "UserKnownHostsFile=/dev/null" "-o" "BatchMode=yes" "-o" "IdentitiesOnly=yes" "-o" "StrictHostKeyChecking=no" "-o" "ConnectTimeout=10" "/syzkaller/jobs/linux/gopath/src/github.com/google/syzkaller/bin/linux_amd64/syz-fuzzer" "root@10.128.10.29:./syz-fuzzer"]: exit status 1
Warning: Permanently added '10.128.10.29' (ECDSA) to the list of known hosts.
scp: ./syz-fuzzer: Read-only file system

run #9: basic kernel testing failed: failed to copy test binary to VM: failed to run ["scp" "-P" "22" "-F" "/dev/null" "-o" "UserKnownHostsFile=/dev/null" "-o" "BatchMode=yes" "-o" "IdentitiesOnly=yes" "-o" "StrictHostKeyChecking=no" "-o" "ConnectTimeout=10" "/syzkaller/jobs/linux/gopath/src/github.com/google/syzkaller/bin/linux_amd64/syz-fuzzer" "root@10.128.0.54:./syz-fuzzer"]: exit status 1
Warning: Permanently added '10.128.0.54' (ECDSA) to the list of known hosts.
scp: ./syz-fuzzer: Read-only file system

testing release v5.1
testing commit e93c9c99a629c61837d5a7fc2120cd2b6c70dbdd
compiler: gcc version 8.4.1 20210217 (GCC)
kernel signature: a7ec345be781c52db620b2b0e021fdea74445393dfa653b8daedbc1d80468630
run #0: basic kernel testing failed: failed to copy test binary to VM: failed to run ["scp" "-P" "22" "-F" "/dev/null" "-o" "UserKnownHostsFile=/dev/null" "-o" "BatchMode=yes" "-o" "IdentitiesOnly=yes" "-o" "StrictHostKeyChecking=no" "-o" "ConnectTimeout=10" "/syzkaller/jobs/linux/gopath/src/github.com/google/syzkaller/bin/linux_amd64/syz-fuzzer" "root@10.128.1.90:./syz-fuzzer"]: exit status 1
Warning: Permanently added '10.128.1.90' (ECDSA) to the list of known hosts.
scp: ./syz-fuzzer: Read-only file system

run #1: basic kernel testing failed: failed to copy test binary to VM: failed to run ["scp" "-P" "22" "-F" "/dev/null" "-o" "UserKnownHostsFile=/dev/null" "-o" "BatchMode=yes" "-o" "IdentitiesOnly=yes" "-o" "StrictHostKeyChecking=no" "-o" "ConnectTimeout=10" "/syzkaller/jobs/linux/gopath/src/github.com/google/syzkaller/bin/linux_amd64/syz-fuzzer" "root@10.128.1.97:./syz-fuzzer"]: exit status 1
Warning: Permanently added '10.128.1.97' (ECDSA) to the list of known hosts.
scp: ./syz-fuzzer: Read-only file system

run #2: basic kernel testing failed: failed to copy test binary to VM: failed to run ["scp" "-P" "22" "-F" "/dev/null" "-o" "UserKnownHostsFile=/dev/null" "-o" "BatchMode=yes" "-o" "IdentitiesOnly=yes" "-o" "StrictHostKeyChecking=no" "-o" "ConnectTimeout=10" "/syzkaller/jobs/linux/gopath/src/github.com/google/syzkaller/bin/linux_amd64/syz-fuzzer" "root@10.128.1.100:./syz-fuzzer"]: exit status 1
Warning: Permanently added '10.128.1.100' (ECDSA) to the list of known hosts.
scp: ./syz-fuzzer: Read-only file system

run #3: basic kernel testing failed: failed to copy test binary to VM: failed to run ["scp" "-P" "22" "-F" "/dev/null" "-o" "UserKnownHostsFile=/dev/null" "-o" "BatchMode=yes" "-o" "IdentitiesOnly=yes" "-o" "StrictHostKeyChecking=no" "-o" "ConnectTimeout=10" "/syzkaller/jobs/linux/gopath/src/github.com/google/syzkaller/bin/linux_amd64/syz-fuzzer" "root@10.128.1.102:./syz-fuzzer"]: exit status 1
Warning: Permanently added '10.128.1.102' (ECDSA) to the list of known hosts.
scp: ./syz-fuzzer: Read-only file system

run #4: basic kernel testing failed: failed to copy test binary to VM: failed to run ["scp" "-P" "22" "-F" "/dev/null" "-o" "UserKnownHostsFile=/dev/null" "-o" "BatchMode=yes" "-o" "IdentitiesOnly=yes" "-o" "StrictHostKeyChecking=no" "-o" "ConnectTimeout=10" "/syzkaller/jobs/linux/gopath/src/github.com/google/syzkaller/bin/linux_amd64/syz-fuzzer" "root@10.128.10.13:./syz-fuzzer"]: exit status 1
Warning: Permanently added '10.128.10.13' (ECDSA) to the list of known hosts.
scp: ./syz-fuzzer: Read-only file system

run #5: basic kernel testing failed: failed to copy test binary to VM: failed to run ["scp" "-P" "22" "-F" "/dev/null" "-o" "UserKnownHostsFile=/dev/null" "-o" "BatchMode=yes" "-o" "IdentitiesOnly=yes" "-o" "StrictHostKeyChecking=no" "-o" "ConnectTimeout=10" "/syzkaller/jobs/linux/gopath/src/github.com/google/syzkaller/bin/linux_amd64/syz-fuzzer" "root@10.128.1.108:./syz-fuzzer"]: exit status 1
Warning: Permanently added '10.128.1.108' (ECDSA) to the list of known hosts.
scp: ./syz-fuzzer: Read-only file system

run #6: basic kernel testing failed: failed to copy test binary to VM: failed to run ["scp" "-P" "22" "-F" "/dev/null" "-o" "UserKnownHostsFile=/dev/null" "-o" "BatchMode=yes" "-o" "IdentitiesOnly=yes" "-o" "StrictHostKeyChecking=no" "-o" "ConnectTimeout=10" "/syzkaller/jobs/linux/gopath/src/github.com/google/syzkaller/bin/linux_amd64/syz-fuzzer" "root@10.128.1.120:./syz-fuzzer"]: exit status 1
Warning: Permanently added '10.128.1.120' (ECDSA) to the list of known hosts.
scp: ./syz-fuzzer: Read-only file system

run #7: basic kernel testing failed: failed to copy test binary to VM: failed to run ["scp" "-P" "22" "-F" "/dev/null" "-o" "UserKnownHostsFile=/dev/null" "-o" "BatchMode=yes" "-o" "IdentitiesOnly=yes" "-o" "StrictHostKeyChecking=no" "-o" "ConnectTimeout=10" "/syzkaller/jobs/linux/gopath/src/github.com/google/syzkaller/bin/linux_amd64/syz-fuzzer" "root@10.128.1.123:./syz-fuzzer"]: exit status 1
Warning: Permanently added '10.128.1.123' (ECDSA) to the list of known hosts.
scp: ./syz-fuzzer: Read-only file system

run #8: basic kernel testing failed: failed to copy test binary to VM: failed to run ["scp" "-P" "22" "-F" "/dev/null" "-o" "UserKnownHostsFile=/dev/null" "-o" "BatchMode=yes" "-o" "IdentitiesOnly=yes" "-o" "StrictHostKeyChecking=no" "-o" "ConnectTimeout=10" "/syzkaller/jobs/linux/gopath/src/github.com/google/syzkaller/bin/linux_amd64/syz-fuzzer" "root@10.128.1.124:./syz-fuzzer"]: exit status 1
Warning: Permanently added '10.128.1.124' (ECDSA) to the list of known hosts.
scp: ./syz-fuzzer: Read-only file system

run #9: basic kernel testing failed: failed to copy test binary to VM: failed to run ["scp" "-P" "22" "-F" "/dev/null" "-o" "UserKnownHostsFile=/dev/null" "-o" "BatchMode=yes" "-o" "IdentitiesOnly=yes" "-o" "StrictHostKeyChecking=no" "-o" "ConnectTimeout=10" "/syzkaller/jobs/linux/gopath/src/github.com/google/syzkaller/bin/linux_amd64/syz-fuzzer" "root@10.128.10.8:./syz-fuzzer"]: exit status 1
Warning: Permanently added '10.128.10.8' (ECDSA) to the list of known hosts.
scp: ./syz-fuzzer: Read-only file system

testing release v5.0
testing commit 1c163f4c7b3f621efff9b28a47abb36f7378d783
compiler: gcc version 8.4.1 20210217 (GCC)
kernel signature: 4384f20b14d342aa35350b7165959d033ab144fab9a52adf3dae4aab39528d4e
run #0: basic kernel testing failed: failed to copy test binary to VM: failed to run ["scp" "-P" "22" "-F" "/dev/null" "-o" "UserKnownHostsFile=/dev/null" "-o" "BatchMode=yes" "-o" "IdentitiesOnly=yes" "-o" "StrictHostKeyChecking=no" "-o" "ConnectTimeout=10" "/syzkaller/jobs/linux/gopath/src/github.com/google/syzkaller/bin/linux_amd64/syz-fuzzer" "root@10.128.0.81:./syz-fuzzer"]: exit status 1
Warning: Permanently added '10.128.0.81' (ECDSA) to the list of known hosts.
scp: ./syz-fuzzer: Read-only file system

run #1: basic kernel testing failed: failed to copy test binary to VM: failed to run ["scp" "-P" "22" "-F" "/dev/null" "-o" "UserKnownHostsFile=/dev/null" "-o" "BatchMode=yes" "-o" "IdentitiesOnly=yes" "-o" "StrictHostKeyChecking=no" "-o" "ConnectTimeout=10" "/syzkaller/jobs/linux/gopath/src/github.com/google/syzkaller/bin/linux_amd64/syz-fuzzer" "root@10.128.0.60:./syz-fuzzer"]: exit status 1
Warning: Permanently added '10.128.0.60' (ECDSA) to the list of known hosts.
scp: ./syz-fuzzer: Read-only file system

run #2: basic kernel testing failed: failed to copy test binary to VM: failed to run ["scp" "-P" "22" "-F" "/dev/null" "-o" "UserKnownHostsFile=/dev/null" "-o" "BatchMode=yes" "-o" "IdentitiesOnly=yes" "-o" "StrictHostKeyChecking=no" "-o" "ConnectTimeout=10" "/syzkaller/jobs/linux/gopath/src/github.com/google/syzkaller/bin/linux_amd64/syz-fuzzer" "root@10.128.0.89:./syz-fuzzer"]: exit status 1
Warning: Permanently added '10.128.0.89' (ECDSA) to the list of known hosts.
scp: ./syz-fuzzer: Read-only file system

run #3: basic kernel testing failed: failed to copy test binary to VM: failed to run ["scp" "-P" "22" "-F" "/dev/null" "-o" "UserKnownHostsFile=/dev/null" "-o" "BatchMode=yes" "-o" "IdentitiesOnly=yes" "-o" "StrictHostKeyChecking=no" "-o" "ConnectTimeout=10" "/syzkaller/jobs/linux/gopath/src/github.com/google/syzkaller/bin/linux_amd64/syz-fuzzer" "root@10.128.0.104:./syz-fuzzer"]: exit status 1
Warning: Permanently added '10.128.0.104' (ECDSA) to the list of known hosts.
scp: ./syz-fuzzer: Read-only file system

run #4: basic kernel testing failed: failed to copy test binary to VM: failed to run ["scp" "-P" "22" "-F" "/dev/null" "-o" "UserKnownHostsFile=/dev/null" "-o" "BatchMode=yes" "-o" "IdentitiesOnly=yes" "-o" "StrictHostKeyChecking=no" "-o" "ConnectTimeout=10" "/syzkaller/jobs/linux/gopath/src/github.com/google/syzkaller/bin/linux_amd64/syz-fuzzer" "root@10.128.10.4:./syz-fuzzer"]: exit status 1
Warning: Permanently added '10.128.10.4' (ECDSA) to the list of known hosts.
scp: ./syz-fuzzer: Read-only file system

run #5: basic kernel testing failed: failed to copy test binary to VM: failed to run ["scp" "-P" "22" "-F" "/dev/null" "-o" "UserKnownHostsFile=/dev/null" "-o" "BatchMode=yes" "-o" "IdentitiesOnly=yes" "-o" "StrictHostKeyChecking=no" "-o" "ConnectTimeout=10" "/syzkaller/jobs/linux/gopath/src/github.com/google/syzkaller/bin/linux_amd64/syz-fuzzer" "root@10.128.10.14:./syz-fuzzer"]: exit status 1
Warning: Permanently added '10.128.10.14' (ECDSA) to the list of known hosts.
scp: ./syz-fuzzer: Read-only file system

run #6: basic kernel testing failed: failed to copy test binary to VM: failed to run ["scp" "-P" "22" "-F" "/dev/null" "-o" "UserKnownHostsFile=/dev/null" "-o" "BatchMode=yes" "-o" "IdentitiesOnly=yes" "-o" "StrictHostKeyChecking=no" "-o" "ConnectTimeout=10" "/syzkaller/jobs/linux/gopath/src/github.com/google/syzkaller/bin/linux_amd64/syz-fuzzer" "root@10.128.10.13:./syz-fuzzer"]: exit status 1
Warning: Permanently added '10.128.10.13' (ECDSA) to the list of known hosts.
scp: ./syz-fuzzer: Read-only file system

run #7: basic kernel testing failed: failed to copy test binary to VM: failed to run ["scp" "-P" "22" "-F" "/dev/null" "-o" "UserKnownHostsFile=/dev/null" "-o" "BatchMode=yes" "-o" "IdentitiesOnly=yes" "-o" "StrictHostKeyChecking=no" "-o" "ConnectTimeout=10" "/syzkaller/jobs/linux/gopath/src/github.com/google/syzkaller/bin/linux_amd64/syz-fuzzer" "root@10.128.10.6:./syz-fuzzer"]: exit status 1
Warning: Permanently added '10.128.10.6' (ECDSA) to the list of known hosts.
scp: ./syz-fuzzer: Read-only file system

run #8: basic kernel testing failed: failed to copy test binary to VM: failed to run ["scp" "-P" "22" "-F" "/dev/null" "-o" "UserKnownHostsFile=/dev/null" "-o" "BatchMode=yes" "-o" "IdentitiesOnly=yes" "-o" "StrictHostKeyChecking=no" "-o" "ConnectTimeout=10" "/syzkaller/jobs/linux/gopath/src/github.com/google/syzkaller/bin/linux_amd64/syz-fuzzer" "root@10.128.10.8:./syz-fuzzer"]: exit status 1
Warning: Permanently added '10.128.10.8' (ECDSA) to the list of known hosts.
scp: ./syz-fuzzer: Read-only file system

run #9: basic kernel testing failed: failed to copy test binary to VM: failed to run ["scp" "-P" "22" "-F" "/dev/null" "-o" "UserKnownHostsFile=/dev/null" "-o" "BatchMode=yes" "-o" "IdentitiesOnly=yes" "-o" "StrictHostKeyChecking=no" "-o" "ConnectTimeout=10" "/syzkaller/jobs/linux/gopath/src/github.com/google/syzkaller/bin/linux_amd64/syz-fuzzer" "root@10.128.1.65:./syz-fuzzer"]: exit status 1
Warning: Permanently added '10.128.1.65' (ECDSA) to the list of known hosts.
scp: ./syz-fuzzer: Read-only file system

testing release v4.20
testing commit 8fe28cb58bcb235034b64cbbb7550a8a43fd88be
compiler: gcc version 8.4.1 20210217 (GCC)
kernel signature: fc1a9bb4dd175f8f839e3df2ff83ae4bc9f0d7175d6854df6257a808ede92408
run #0: basic kernel testing failed: failed to copy test binary to VM: failed to run ["scp" "-P" "22" "-F" "/dev/null" "-o" "UserKnownHostsFile=/dev/null" "-o" "BatchMode=yes" "-o" "IdentitiesOnly=yes" "-o" "StrictHostKeyChecking=no" "-o" "ConnectTimeout=10" "/syzkaller/jobs/linux/gopath/src/github.com/google/syzkaller/bin/linux_amd64/syz-fuzzer" "root@10.128.1.124:./syz-fuzzer"]: exit status 1
Warning: Permanently added '10.128.1.124' (ECDSA) to the list of known hosts.
scp: ./syz-fuzzer: Read-only file system

run #1: basic kernel testing failed: failed to copy test binary to VM: failed to run ["scp" "-P" "22" "-F" "/dev/null" "-o" "UserKnownHostsFile=/dev/null" "-o" "BatchMode=yes" "-o" "IdentitiesOnly=yes" "-o" "StrictHostKeyChecking=no" "-o" "ConnectTimeout=10" "/syzkaller/jobs/linux/gopath/src/github.com/google/syzkaller/bin/linux_amd64/syz-fuzzer" "root@10.128.10.18:./syz-fuzzer"]: exit status 1
Warning: Permanently added '10.128.10.18' (ECDSA) to the list of known hosts.
scp: ./syz-fuzzer: Read-only file system

run #2: basic kernel testing failed: failed to copy test binary to VM: failed to run ["scp" "-P" "22" "-F" "/dev/null" "-o" "UserKnownHostsFile=/dev/null" "-o" "BatchMode=yes" "-o" "IdentitiesOnly=yes" "-o" "StrictHostKeyChecking=no" "-o" "ConnectTimeout=10" "/syzkaller/jobs/linux/gopath/src/github.com/google/syzkaller/bin/linux_amd64/syz-fuzzer" "root@10.128.10.19:./syz-fuzzer"]: exit status 1
Warning: Permanently added '10.128.10.19' (ECDSA) to the list of known hosts.
scp: ./syz-fuzzer: Read-only file system

run #3: basic kernel testing failed: failed to copy test binary to VM: failed to run ["scp" "-P" "22" "-F" "/dev/null" "-o" "UserKnownHostsFile=/dev/null" "-o" "BatchMode=yes" "-o" "IdentitiesOnly=yes" "-o" "StrictHostKeyChecking=no" "-o" "ConnectTimeout=10" "/syzkaller/jobs/linux/gopath/src/github.com/google/syzkaller/bin/linux_amd64/syz-fuzzer" "root@10.128.10.40:./syz-fuzzer"]: exit status 1
Warning: Permanently added '10.128.10.40' (ECDSA) to the list of known hosts.
scp: ./syz-fuzzer: Read-only file system

run #4: basic kernel testing failed: failed to copy test binary to VM: failed to run ["scp" "-P" "22" "-F" "/dev/null" "-o" "UserKnownHostsFile=/dev/null" "-o" "BatchMode=yes" "-o" "IdentitiesOnly=yes" "-o" "StrictHostKeyChecking=no" "-o" "ConnectTimeout=10" "/syzkaller/jobs/linux/gopath/src/github.com/google/syzkaller/bin/linux_amd64/syz-fuzzer" "root@10.128.10.42:./syz-fuzzer"]: exit status 1
Warning: Permanently added '10.128.10.42' (ECDSA) to the list of known hosts.
scp: ./syz-fuzzer: Read-only file system

run #5: basic kernel testing failed: failed to copy test binary to VM: failed to run ["scp" "-P" "22" "-F" "/dev/null" "-o" "UserKnownHostsFile=/dev/null" "-o" "BatchMode=yes" "-o" "IdentitiesOnly=yes" "-o" "StrictHostKeyChecking=no" "-o" "ConnectTimeout=10" "/syzkaller/jobs/linux/gopath/src/github.com/google/syzkaller/bin/linux_amd64/syz-fuzzer" "root@10.128.10.20:./syz-fuzzer"]: exit status 1
Warning: Permanently added '10.128.10.20' (ECDSA) to the list of known hosts.
scp: ./syz-fuzzer: Read-only file system

run #6: basic kernel testing failed: failed to copy test binary to VM: failed to run ["scp" "-P" "22" "-F" "/dev/null" "-o" "UserKnownHostsFile=/dev/null" "-o" "BatchMode=yes" "-o" "IdentitiesOnly=yes" "-o" "StrictHostKeyChecking=no" "-o" "ConnectTimeout=10" "/syzkaller/jobs/linux/gopath/src/github.com/google/syzkaller/bin/linux_amd64/syz-fuzzer" "root@10.128.10.29:./syz-fuzzer"]: exit status 1
Warning: Permanently added '10.128.10.29' (ECDSA) to the list of known hosts.
scp: ./syz-fuzzer: Read-only file system

run #7: basic kernel testing failed: failed to copy test binary to VM: failed to run ["scp" "-P" "22" "-F" "/dev/null" "-o" "UserKnownHostsFile=/dev/null" "-o" "BatchMode=yes" "-o" "IdentitiesOnly=yes" "-o" "StrictHostKeyChecking=no" "-o" "ConnectTimeout=10" "/syzkaller/jobs/linux/gopath/src/github.com/google/syzkaller/bin/linux_amd64/syz-fuzzer" "root@10.128.10.31:./syz-fuzzer"]: exit status 1
Warning: Permanently added '10.128.10.31' (ECDSA) to the list of known hosts.
scp: ./syz-fuzzer: Read-only file system

run #8: basic kernel testing failed: failed to copy test binary to VM: failed to run ["scp" "-P" "22" "-F" "/dev/null" "-o" "UserKnownHostsFile=/dev/null" "-o" "BatchMode=yes" "-o" "IdentitiesOnly=yes" "-o" "StrictHostKeyChecking=no" "-o" "ConnectTimeout=10" "/syzkaller/jobs/linux/gopath/src/github.com/google/syzkaller/bin/linux_amd64/syz-fuzzer" "root@10.128.10.32:./syz-fuzzer"]: exit status 1
Warning: Permanently added '10.128.10.32' (ECDSA) to the list of known hosts.
scp: ./syz-fuzzer: Read-only file system

run #9: basic kernel testing failed: failed to copy test binary to VM: failed to run ["scp" "-P" "22" "-F" "/dev/null" "-o" "UserKnownHostsFile=/dev/null" "-o" "BatchMode=yes" "-o" "IdentitiesOnly=yes" "-o" "StrictHostKeyChecking=no" "-o" "ConnectTimeout=10" "/syzkaller/jobs/linux/gopath/src/github.com/google/syzkaller/bin/linux_amd64/syz-fuzzer" "root@10.128.10.34:./syz-fuzzer"]: exit status 1
Warning: Permanently added '10.128.10.34' (ECDSA) to the list of known hosts.
scp: ./syz-fuzzer: Read-only file system

testing release v4.19
testing commit 84df9525b0c27f3ebc2ebb1864fa62a97fdedb7d
compiler: gcc version 8.4.1 20210217 (GCC)
kernel signature: 76a4782fe862c773a7475a1342a8a88ef18e13dbf2814918d1d52957c9a42a6b
run #0: basic kernel testing failed: failed to copy test binary to VM: failed to run ["scp" "-P" "22" "-F" "/dev/null" "-o" "UserKnownHostsFile=/dev/null" "-o" "BatchMode=yes" "-o" "IdentitiesOnly=yes" "-o" "StrictHostKeyChecking=no" "-o" "ConnectTimeout=10" "/syzkaller/jobs/linux/gopath/src/github.com/google/syzkaller/bin/linux_amd64/syz-fuzzer" "root@10.128.10.8:./syz-fuzzer"]: exit status 1
Warning: Permanently added '10.128.10.8' (ECDSA) to the list of known hosts.
scp: ./syz-fuzzer: Read-only file system

run #1: basic kernel testing failed: failed to copy test binary to VM: failed to run ["scp" "-P" "22" "-F" "/dev/null" "-o" "UserKnownHostsFile=/dev/null" "-o" "BatchMode=yes" "-o" "IdentitiesOnly=yes" "-o" "StrictHostKeyChecking=no" "-o" "ConnectTimeout=10" "/syzkaller/jobs/linux/gopath/src/github.com/google/syzkaller/bin/linux_amd64/syz-fuzzer" "root@10.128.10.28:./syz-fuzzer"]: exit status 1
Warning: Permanently added '10.128.10.28' (ECDSA) to the list of known hosts.
scp: ./syz-fuzzer: Read-only file system

run #2: basic kernel testing failed: failed to copy test binary to VM: failed to run ["scp" "-P" "22" "-F" "/dev/null" "-o" "UserKnownHostsFile=/dev/null" "-o" "BatchMode=yes" "-o" "IdentitiesOnly=yes" "-o" "StrictHostKeyChecking=no" "-o" "ConnectTimeout=10" "/syzkaller/jobs/linux/gopath/src/github.com/google/syzkaller/bin/linux_amd64/syz-fuzzer" "root@10.128.10.15:./syz-fuzzer"]: exit status 1
Warning: Permanently added '10.128.10.15' (ECDSA) to the list of known hosts.
scp: ./syz-fuzzer: Read-only file system

run #3: basic kernel testing failed: failed to copy test binary to VM: failed to run ["scp" "-P" "22" "-F" "/dev/null" "-o" "UserKnownHostsFile=/dev/null" "-o" "BatchMode=yes" "-o" "IdentitiesOnly=yes" "-o" "StrictHostKeyChecking=no" "-o" "ConnectTimeout=10" "/syzkaller/jobs/linux/gopath/src/github.com/google/syzkaller/bin/linux_amd64/syz-fuzzer" "root@10.128.0.235:./syz-fuzzer"]: exit status 1
Warning: Permanently added '10.128.0.235' (ECDSA) to the list of known hosts.
scp: ./syz-fuzzer: Read-only file system

run #4: basic kernel testing failed: failed to copy test binary to VM: failed to run ["scp" "-P" "22" "-F" "/dev/null" "-o" "UserKnownHostsFile=/dev/null" "-o" "BatchMode=yes" "-o" "IdentitiesOnly=yes" "-o" "StrictHostKeyChecking=no" "-o" "ConnectTimeout=10" "/syzkaller/jobs/linux/gopath/src/github.com/google/syzkaller/bin/linux_amd64/syz-fuzzer" "root@10.128.10.19:./syz-fuzzer"]: exit status 1
Warning: Permanently added '10.128.10.19' (ECDSA) to the list of known hosts.
scp: ./syz-fuzzer: Read-only file system

run #5: basic kernel testing failed: failed to copy test binary to VM: failed to run ["scp" "-P" "22" "-F" "/dev/null" "-o" "UserKnownHostsFile=/dev/null" "-o" "BatchMode=yes" "-o" "IdentitiesOnly=yes" "-o" "StrictHostKeyChecking=no" "-o" "ConnectTimeout=10" "/syzkaller/jobs/linux/gopath/src/github.com/google/syzkaller/bin/linux_amd64/syz-fuzzer" "root@10.128.10.0:./syz-fuzzer"]: exit status 1
Warning: Permanently added '10.128.10.0' (ECDSA) to the list of known hosts.
scp: ./syz-fuzzer: Read-only file system

run #6: basic kernel testing failed: failed to copy test binary to VM: failed to run ["scp" "-P" "22" "-F" "/dev/null" "-o" "UserKnownHostsFile=/dev/null" "-o" "BatchMode=yes" "-o" "IdentitiesOnly=yes" "-o" "StrictHostKeyChecking=no" "-o" "ConnectTimeout=10" "/syzkaller/jobs/linux/gopath/src/github.com/google/syzkaller/bin/linux_amd64/syz-fuzzer" "root@10.128.10.31:./syz-fuzzer"]: exit status 1
Warning: Permanently added '10.128.10.31' (ECDSA) to the list of known hosts.
scp: ./syz-fuzzer: Read-only file system

run #7: basic kernel testing failed: failed to copy test binary to VM: failed to run ["scp" "-P" "22" "-F" "/dev/null" "-o" "UserKnownHostsFile=/dev/null" "-o" "BatchMode=yes" "-o" "IdentitiesOnly=yes" "-o" "StrictHostKeyChecking=no" "-o" "ConnectTimeout=10" "/syzkaller/jobs/linux/gopath/src/github.com/google/syzkaller/bin/linux_amd64/syz-fuzzer" "root@10.128.10.20:./syz-fuzzer"]: exit status 1
Warning: Permanently added '10.128.10.20' (ECDSA) to the list of known hosts.
scp: ./syz-fuzzer: Read-only file system

run #8: basic kernel testing failed: failed to copy test binary to VM: failed to run ["scp" "-P" "22" "-F" "/dev/null" "-o" "UserKnownHostsFile=/dev/null" "-o" "BatchMode=yes" "-o" "IdentitiesOnly=yes" "-o" "StrictHostKeyChecking=no" "-o" "ConnectTimeout=10" "/syzkaller/jobs/linux/gopath/src/github.com/google/syzkaller/bin/linux_amd64/syz-fuzzer" "root@10.128.10.21:./syz-fuzzer"]: exit status 1
Warning: Permanently added '10.128.10.21' (ECDSA) to the list of known hosts.
scp: ./syz-fuzzer: Read-only file system

run #9: basic kernel testing failed: failed to copy test binary to VM: failed to run ["scp" "-P" "22" "-F" "/dev/null" "-o" "UserKnownHostsFile=/dev/null" "-o" "BatchMode=yes" "-o" "IdentitiesOnly=yes" "-o" "StrictHostKeyChecking=no" "-o" "ConnectTimeout=10" "/syzkaller/jobs/linux/gopath/src/github.com/google/syzkaller/bin/linux_amd64/syz-fuzzer" "root@10.128.10.22:./syz-fuzzer"]: exit status 1
Warning: Permanently added '10.128.10.22' (ECDSA) to the list of known hosts.
scp: ./syz-fuzzer: Read-only file system

testing release v4.18
testing commit 94710cac0ef4ee177a63b5227664b38c95bbf703
compiler: gcc version 8.4.1 20210217 (GCC)
kernel signature: 94295185892508eff1f2fa94245e8615bfbf918be893b47fcd578a01813cc792
all runs: boot failed: kernel panic: Attempted to kill init!
testing release v4.17
testing commit 29dcea88779c856c7dc92040a0c01233263101d4
compiler: gcc (GCC) 8.4.1 20210217
failed to run ["make" "-j" "64" "ARCH=x86_64" "CC=/syzkaller/shared/bisect_bin/gcc-8.1.0/bin/gcc" "bzImage"]: exit status 2
testing release v4.16
testing commit 0adb32858b0bddf4ada5f364a84ed60b196dbcda
compiler: gcc (GCC) 8.4.1 20210217
orc_dump.c:106:2: error: 'elf_getshnum' is deprecated [-Werror=deprecated-declarations]
orc_dump.c:111:2: error: 'elf_getshstrndx' is deprecated [-Werror=deprecated-declarations]
elf.c:135:2: error: 'elf_getshnum' is deprecated [-Werror=deprecated-declarations]
elf.c:140:2: error: 'elf_getshstrndx' is deprecated [-Werror=deprecated-declarations]
testing release v4.15
testing commit d8a5b80568a9cb66810e75b182018e9edb68e8ff
compiler: gcc (GCC) 8.4.1 20210217
orc_dump.c:106:2: error: 'elf_getshnum' is deprecated [-Werror=deprecated-declarations]
orc_dump.c:111:2: error: 'elf_getshstrndx' is deprecated [-Werror=deprecated-declarations]
pager.c:36:12: error: passing argument 2 to 'restrict'-qualified parameter aliases with argument 4 [-Werror=restrict]
elf.c:135:2: error: 'elf_getshnum' is deprecated [-Werror=deprecated-declarations]
elf.c:140:2: error: 'elf_getshstrndx' is deprecated [-Werror=deprecated-declarations]
testing release v4.14
testing commit bebc6082da0a9f5d47a1ea2edc099bf671058bd4
compiler: gcc (GCC) 8.4.1 20210217
orc_dump.c:105:2: error: 'elf_getshnum' is deprecated [-Werror=deprecated-declarations]
orc_dump.c:110:2: error: 'elf_getshstrndx' is deprecated [-Werror=deprecated-declarations]
elf.c:134:2: error: 'elf_getshnum' is deprecated [-Werror=deprecated-declarations]
elf.c:139:2: error: 'elf_getshstrndx' is deprecated [-Werror=deprecated-declarations]
pager.c:36:12: error: passing argument 2 to 'restrict'-qualified parameter aliases with argument 4 [-Werror=restrict]
testing release v4.13
testing commit 569dbb88e80deb68974ef6fdd6a13edb9d686261
compiler: gcc (GCC) 8.4.1 20210217
pager.c:35:12: error: passing argument 2 to 'restrict'-qualified parameter aliases with argument 4 [-Werror=restrict]
elf.c:144:2: error: 'elf_getshnum' is deprecated [-Werror=deprecated-declarations]
elf.c:149:2: error: 'elf_getshstrndx' is deprecated [-Werror=deprecated-declarations]
testing release v4.12
testing commit 6f7da290413ba713f0cdd9ff1a2a9bb129ef4f6c
compiler: gcc (GCC) 8.4.1 20210217
pager.c:35:12: error: passing argument 2 to 'restrict'-qualified parameter aliases with argument 4 [-Werror=restrict]
elf.c:141:2: error: 'elf_getshnum' is deprecated [-Werror=deprecated-declarations]
elf.c:146:2: error: 'elf_getshstrndx' is deprecated [-Werror=deprecated-declarations]
testing release v4.11
testing commit a351e9b9fc24e982ec2f0e76379a49826036da12
compiler: gcc (GCC) 7.5.0
elf.c:141:2: error: 'elf_getshnum' is deprecated [-Werror=deprecated-declarations]
elf.c:146:2: error: 'elf_getshstrndx' is deprecated [-Werror=deprecated-declarations]
pager.c:35:12: error: passing argument 2 to 'restrict'-qualified parameter aliases with argument 4 [-Werror=restrict]
testing release v4.10
testing commit c470abd4fde40ea6a0846a2beab642a578c0b8cd
compiler: gcc (GCC) 5.5.0
tools/include/linux/log2.h:19:1: error: ignoring attribute 'noreturn' because it conflicts with attribute 'const' [-Werror=attributes]
elf.c:129:2: error: 'elf_getshnum' is deprecated [-Werror=deprecated-declarations]
elf.c:134:2: error: 'elf_getshstrndx' is deprecated [-Werror=deprecated-declarations]
pager.c:35:12: error: passing argument 2 to 'restrict'-qualified parameter aliases with argument 4 [-Werror=restrict]
testing release v4.9
testing commit 69973b830859bc6529a7a0468ba0d80ee5117826
compiler: gcc (GCC) 5.5.0
tools/include/linux/log2.h:19:1: error: ignoring attribute 'noreturn' because it conflicts with attribute 'const' [-Werror=attributes]
elf.c:129:2: error: 'elf_getshnum' is deprecated [-Werror=deprecated-declarations]
elf.c:134:2: error: 'elf_getshstrndx' is deprecated [-Werror=deprecated-declarations]
pager.c:35:12: error: passing argument 2 to 'restrict'-qualified parameter aliases with argument 4 [-Werror=restrict]
testing release v4.8
testing commit c8d2bc9bc39ebea8437fd974fdbc21847bb897a3
compiler: gcc (GCC) 5.5.0
tools/include/linux/log2.h:19:1: error: ignoring attribute 'noreturn' because it conflicts with attribute 'const' [-Werror=attributes]
elf.c:129:2: error: 'elf_getshnum' is deprecated [-Werror=deprecated-declarations]
elf.c:134:2: error: 'elf_getshstrndx' is deprecated [-Werror=deprecated-declarations]
pager.c:33:12: error: passing argument 2 to 'restrict'-qualified parameter aliases with argument 4 [-Werror=restrict]
testing release v4.7
testing commit 523d939ef98fd712632d93a5a2b588e477a7565e
compiler: gcc (GCC) 5.5.0
tools/include/linux/log2.h:19:1: error: ignoring attribute 'noreturn' because it conflicts with attribute 'const' [-Werror=attributes]
elf.c:122:2: error: 'elf_getshnum' is deprecated [-Werror=deprecated-declarations]
elf.c:127:2: error: 'elf_getshstrndx' is deprecated [-Werror=deprecated-declarations]
pager.c:33:12: error: passing argument 2 to 'restrict'-qualified parameter aliases with argument 4 [-Werror=restrict]
testing release v4.6
testing commit 2dcd0af568b0cf583645c8a317dd12e344b1c72a
compiler: gcc (GCC) 5.5.0
tools/include/linux/log2.h:19:1: error: ignoring attribute 'noreturn' because it conflicts with attribute 'const' [-Werror=attributes]
pager.c:33:12: error: passing argument 2 to 'restrict'-qualified parameter aliases with argument 4 [-Werror=restrict]
revisions tested: 20, total time: 3h17m22.016403382s (build: 2h11m57.545228036s, test: 1h0m21.290733204s)
the crash already happened on the oldest tested release
commit msg: Linux 5.11
crash: KASAN: slab-out-of-bounds Write in usb_hcd_poll_rh_status
==================================================================
BUG: KASAN: slab-out-of-bounds in usb_hcd_poll_rh_status+0x2d2/0x660 drivers/usb/core/hcd.c:774
Write of size 2 at addr ffff88801e1e0438 by task syslogd/4786

CPU: 1 PID: 4786 Comm: syslogd Not tainted 5.11.0-syzkaller #0
Hardware name: Google Google Compute Engine/Google Compute Engine, BIOS Google 01/01/2011
Call Trace:
 <IRQ>
 __dump_stack lib/dump_stack.c:79 [inline]
 dump_stack+0x9a/0xcc lib/dump_stack.c:120
 print_address_description.constprop.0.cold+0x5b/0x2f8 mm/kasan/report.c:230
 __kasan_report mm/kasan/report.c:396 [inline]
 kasan_report.cold+0x79/0xd5 mm/kasan/report.c:413
 check_memory_region_inline mm/kasan/generic.c:179 [inline]
 check_memory_region+0x13d/0x180 mm/kasan/generic.c:185
 memcpy+0x39/0x60 mm/kasan/shadow.c:65
 usb_hcd_poll_rh_status+0x2d2/0x660 drivers/usb/core/hcd.c:774
 call_timer_fn+0x163/0x4b0 kernel/time/timer.c:1417
 expire_timers kernel/time/timer.c:1462 [inline]
 __run_timers.part.0+0x52a/0x8b0 kernel/time/timer.c:1731
 __run_timers kernel/time/timer.c:1712 [inline]
 run_timer_softirq+0x9c/0x190 kernel/time/timer.c:1744
 __do_softirq+0x29b/0x9f6 kernel/softirq.c:343
 asm_call_irq_on_stack+0xf/0x20
 </IRQ>
 __run_on_irqstack arch/x86/include/asm/irq_stack.h:26 [inline]
 run_on_irqstack_cond arch/x86/include/asm/irq_stack.h:77 [inline]
 do_softirq_own_stack+0xaa/0xd0 arch/x86/kernel/irq_64.c:77
 invoke_softirq kernel/softirq.c:226 [inline]
 __irq_exit_rcu kernel/softirq.c:420 [inline]
 irq_exit_rcu+0x134/0x200 kernel/softirq.c:432
 sysvec_apic_timer_interrupt+0x4d/0x100 arch/x86/kernel/apic/apic.c:1100
 asm_sysvec_apic_timer_interrupt+0x12/0x20 arch/x86/include/asm/idtentry.h:629
RIP: 0010:copy_user_enhanced_fast_string+0x3/0x40 arch/x86/lib/copy_user_64.S:203
Code: 07 48 ff c6 48 ff c7 ff c9 75 f2 89 d1 c1 e9 03 83 e2 07 f3 48 a5 89 d1 f3 a4 31 c0 0f 01 ca c3 0f 1f 80 00 00 00 00 0f 01 cb <83> fa 40 0f 82 70 ff ff ff 89 d1 f3 a4 31 c0 0f 01 ca c3 66 2e 0f
RSP: 0018:ffffc9000a91f898 EFLAGS: 00040246
RAX: 0000000000000001 RBX: 0000000000000087 RCX: ffffffff836c5726
RDX: 0000000000000087 RSI: ffff88801a0a6400 RDI: 000055904afb2950
RBP: 000055904afb2950 R08: 0000000000000000 R09: ffff88801a0a6486
R10: ffffed1003414c90 R11: 0000000000000000 R12: ffff88801a0a6400
R13: 0000000000000087 R14: 0000000000000000 R15: ffffc9000a91fc58
 copy_user_generic arch/x86/include/asm/uaccess_64.h:37 [inline]
 raw_copy_to_user arch/x86/include/asm/uaccess_64.h:58 [inline]
 copyout.part.0+0x83/0xa0 lib/iov_iter.c:148
 copyout lib/iov_iter.c:637 [inline]
 _copy_to_iter+0x1fe/0xed0 lib/iov_iter.c:637
 __skb_datagram_iter+0xec/0x6b0 net/core/datagram.c:425
 skb_copy_datagram_iter+0x37/0x40 net/core/datagram.c:533
 skb_copy_datagram_msg include/linux/skbuff.h:3538 [inline]
 unix_dgram_recvmsg+0x3d8/0xb80 net/unix/af_unix.c:2138
 sock_recvmsg_nosec net/socket.c:886 [inline]
 sock_recvmsg net/socket.c:904 [inline]
 sock_recvmsg net/socket.c:900 [inline]
 sock_read_iter+0x2b4/0x3f0 net/socket.c:977
 call_read_iter include/linux/fs.h:1895 [inline]
 new_sync_read+0x4a2/0x5f0 fs/read_write.c:415
 vfs_read+0x264/0x470 fs/read_write.c:496
 ksys_read+0x171/0x1d0 fs/read_write.c:634
 do_syscall_64+0x2d/0x70 arch/x86/entry/common.c:46
 entry_SYSCALL_64_after_hwframe+0x44/0xa9
RIP: 0033:0x7f1331a208fe
Code: c0 e9 e6 fe ff ff 50 48 8d 3d 0e c7 09 00 e8 c9 cf 01 00 66 0f 1f 84 00 00 00 00 00 64 8b 04 25 18 00 00 00 85 c0 75 14 0f 05 <48> 3d 00 f0 ff ff 77 5a c3 66 0f 1f 84 00 00 00 00 00 48 83 ec 28
RSP: 002b:00007ffdc0c52ce8 EFLAGS: 00000246 ORIG_RAX: 0000000000000000
RAX: ffffffffffffffda RBX: 0000000000000002 RCX: 00007f1331a208fe
RDX: 00000000000000ff RSI: 000055904afb2950 RDI: 0000000000000000
RBP: 000055904afb2910 R08: 00007f1331ab0040 R09: 00007f1331ab00c0
R10: 00007f1331aaffc0 R11: 0000000000000246 R12: 000055904afb299b
R13: 000055904afb2950 R14: 0000000000000000 R15: 0000000000000000

Allocated by task 7187:
 kasan_save_stack+0x1b/0x40 mm/kasan/common.c:38
 kasan_set_track mm/kasan/common.c:46 [inline]
 set_alloc_info mm/kasan/common.c:401 [inline]
 ____kasan_kmalloc.constprop.0+0x82/0xa0 mm/kasan/common.c:429
 kmalloc include/linux/slab.h:557 [inline]
 do_proc_bulk+0x252/0x630 drivers/usb/core/devio.c:1221
 proc_bulk drivers/usb/core/devio.c:1268 [inline]
 usbdev_do_ioctl drivers/usb/core/devio.c:2542 [inline]
 usbdev_ioctl+0x475/0x2e80 drivers/usb/core/devio.c:2708
 vfs_ioctl fs/ioctl.c:48 [inline]
 __do_sys_ioctl fs/ioctl.c:753 [inline]
 __se_sys_ioctl fs/ioctl.c:739 [inline]
 __x64_sys_ioctl+0x11f/0x190 fs/ioctl.c:739
 do_syscall_64+0x2d/0x70 arch/x86/entry/common.c:46
 entry_SYSCALL_64_after_hwframe+0x44/0xa9

The buggy address belongs to the object at ffff88801e1e0438
 which belongs to the cache kmalloc-8 of size 8
The buggy address is located 0 bytes inside of
 8-byte region [ffff88801e1e0438, ffff88801e1e0440)
The buggy address belongs to the page:
page:00000000a3745732 refcount:1 mapcount:0 mapping:0000000000000000 index:0x0 pfn:0x1e1e0
flags: 0xfff00000000200(slab)
raw: 00fff00000000200 dead000000000100 dead000000000122 ffff88800f441c80
raw: 0000000000000000 0000000080660066 00000001ffffffff 0000000000000000
page dumped because: kasan: bad access detected
page_owner tracks the page as allocated
page last allocated via order 0, migratetype Unmovable, gfp_mask 0x12c00(GFP_NOIO|__GFP_NOWARN|__GFP_NORETRY), pid 1, ts 7237232271
 set_page_owner include/linux/page_owner.h:31 [inline]
 post_alloc_hook+0x144/0x1c0 mm/page_alloc.c:2297
 prep_new_page mm/page_alloc.c:2306 [inline]
 get_page_from_freelist+0x1c6e/0x3f80 mm/page_alloc.c:3945
 __alloc_pages_nodemask+0x2d6/0x730 mm/page_alloc.c:4995
 __alloc_pages include/linux/gfp.h:511 [inline]
 alloc_page_interleave+0xf/0x190 mm/mempolicy.c:2133
 alloc_pages include/linux/gfp.h:547 [inline]
 alloc_slab_page mm/slub.c:1618 [inline]
 allocate_slab+0x2b6/0x4a0 mm/slub.c:1758
 new_slab mm/slub.c:1821 [inline]
 new_slab_objects mm/slub.c:2578 [inline]
 ___slab_alloc+0x476/0x790 mm/slub.c:2741
 __slab_alloc.constprop.0+0x95/0xe0 mm/slub.c:2781
 slab_alloc_node mm/slub.c:2857 [inline]
 slab_alloc mm/slub.c:2900 [inline]
 kmem_cache_alloc_trace+0x2cc/0x360 mm/slub.c:2917
 kmalloc include/linux/slab.h:552 [inline]
 usb_control_msg+0xae/0x460 drivers/usb/core/message.c:143
 usb_get_string+0x9a/0x130 drivers/usb/core/message.c:837
 usb_string_sub+0xa8/0x2a0 drivers/usb/core/message.c:876
 usb_string+0x250/0x480 drivers/usb/core/message.c:981
 usb_cache_string+0x63/0xd0 drivers/usb/core/message.c:1023
 usb_enumerate_device drivers/usb/core/hub.c:2401 [inline]
 usb_new_device+0x226/0x7b0 drivers/usb/core/hub.c:2524
 register_root_hub drivers/usb/core/hcd.c:1010 [inline]
 usb_add_hcd.cold+0x110f/0x1433 drivers/usb/core/hcd.c:2805
 vhci_hcd_probe+0x176/0x310 drivers/usb/usbip/vhci_hcd.c:1371
page last free stack trace:
 reset_page_owner include/linux/page_owner.h:24 [inline]
 free_pages_prepare mm/page_alloc.c:1271 [inline]
 free_pcp_prepare+0x2cb/0x410 mm/page_alloc.c:1306
 free_unref_page_prepare mm/page_alloc.c:3200 [inline]
 free_unref_page+0x12/0x1b0 mm/page_alloc.c:3248
 __vunmap+0x59e/0x940 mm/vmalloc.c:2286
 free_work+0x4b/0x70 mm/vmalloc.c:67
 process_one_work+0x828/0x1390 kernel/workqueue.c:2275
 worker_thread+0x598/0xf80 kernel/workqueue.c:2421
 kthread+0x36f/0x450 kernel/kthread.c:292
 ret_from_fork+0x1f/0x30 arch/x86/entry/entry_64.S:296

Memory state around the buggy address:
 ffff88801e1e0300: fc fc fc fc fb fc fc fc fc 00 fc fc fc fc 00 fc
 ffff88801e1e0380: fc fc fc 00 fc fc fc fc 00 fc fc fc fc 00 fc fc
>ffff88801e1e0400: fc fc 00 fc fc fc fc 01 fc fc fc fc 00 fc fc fc
                                        ^
 ffff88801e1e0480: fc fa fc fc fc fc fa fc fc fc fc fa fc fc fc fc
 ffff88801e1e0500: fa fc fc fc fc fa fc fc fc fc fa fc fc fc fc 00
==================================================================
----------------
Code disassembly (best guess), 1 bytes skipped:
   0:	48 ff c6             	inc    %rsi
   3:	48 ff c7             	inc    %rdi
   6:	ff c9                	dec    %ecx
   8:	75 f2                	jne    0xfffffffc
   a:	89 d1                	mov    %edx,%ecx
   c:	c1 e9 03             	shr    $0x3,%ecx
   f:	83 e2 07             	and    $0x7,%edx
  12:	f3 48 a5             	rep movsq %ds:(%rsi),%es:(%rdi)
  15:	89 d1                	mov    %edx,%ecx
  17:	f3 a4                	rep movsb %ds:(%rsi),%es:(%rdi)
  19:	31 c0                	xor    %eax,%eax
  1b:	0f 01 ca             	clac
  1e:	c3                   	retq
  1f:	0f 1f 80 00 00 00 00 	nopl   0x0(%rax)
  26:	0f 01 cb             	stac
* 29:	83 fa 40             	cmp    $0x40,%edx <-- trapping instruction
  2c:	0f 82 70 ff ff ff    	jb     0xffffffa2
  32:	89 d1                	mov    %edx,%ecx
  34:	f3 a4                	rep movsb %ds:(%rsi),%es:(%rdi)
  36:	31 c0                	xor    %eax,%eax
  38:	0f 01 ca             	clac
  3b:	c3                   	retq
  3c:	66                   	data16
  3d:	2e                   	cs
  3e:	0f                   	.byte 0xf

