bisecting cause commit starting from aae5ab854e38151e69f261dbf0e3b7e396403178
building syzkaller on a0092f9dfdd33924abe5cf5565e4ec4748217c7b
testing commit aae5ab854e38151e69f261dbf0e3b7e396403178 with gcc (GCC) 8.1.0
kernel signature: 823593c24c4616d715da2a2a39a5855b7e6f1c74ee7309e2fab3a2795338aa9c
all runs: crashed: UBSAN: array-index-out-of-bounds in ieee80211_del_key
testing release v5.9
testing commit bbf5c979011a099af5dc76498918ed7df445635b with gcc (GCC) 8.1.0
kernel signature: ae997c81c8480492441e712d3c127e3da959156d4e937c464609e101fa84e28c
all runs: crashed: UBSAN: array-index-out-of-bounds in ieee80211_del_key
testing release v5.8
testing commit bcf876870b95592b52519ed4aafcf9d95999bc9c with gcc (GCC) 8.1.0
kernel signature: 564d400b258121a59fd078dbf7c8b7f09da4cfb1512f654dcb1a9f98d3676daf
all runs: crashed: UBSAN: array-index-out-of-bounds in ieee80211_del_key
testing release v5.7
testing commit 3d77e6a8804abcc0504c904bd6e5cdf3a5cf8162 with gcc (GCC) 8.1.0
kernel signature: 03e471e8cd8d84e16a9ff6a3dbcec09c579b68cfa125584dcae4b629d7261e28
all runs: crashed: UBSAN: array-index-out-of-bounds in ieee80211_del_key
testing release v5.6
testing commit 7111951b8d4973bda27ff663f2cf18b663d15b48 with gcc (GCC) 8.1.0
kernel signature: 5593ee453513c7b19de6d8c0de3a01d6226d3129b2cf07a7d02882efb811b071
all runs: crashed: UBSAN: undefined-behaviour in ieee80211_del_key
testing release v5.5
testing commit d5226fa6dbae0569ee43ecfc08bdcd6770fc4755 with gcc (GCC) 8.1.0
kernel signature: 65eea13ddc652e79a312f327f6a0e75a302d95d85fc94e5f2fa6b02cb225f2be
all runs: crashed: UBSAN: undefined-behaviour in ieee80211_del_key
testing release v5.4
testing commit 219d54332a09e8d8741c1e1982f5eae56099de85 with gcc (GCC) 8.1.0
kernel signature: 8c05250c5f3378271bc4a038b521dee136b4ac7982c41a849b91d0eb16099fa4
all runs: crashed: UBSAN: undefined-behaviour in ieee80211_del_key
testing release v5.3
testing commit 4d856f72c10ecb060868ed10ff1b1453943fc6c8 with gcc (GCC) 8.1.0
kernel signature: 20ba57603f6377c5e073ce6a66b762e7782253146a352daa80104ec2b5a98d86
all runs: crashed: UBSAN: undefined-behaviour in ieee80211_del_key
testing release v5.2
testing commit 0ecfebd2b52404ae0c54a878c872bb93363ada36 with gcc (GCC) 8.1.0
kernel signature: 671d4b1d247e018930d04001b74feca42e2262a7ea06aaa729f3b7bbc46790d8
run #0: crashed: KASAN: use-after-free Read in ieee80211_key_free
run #1: crashed: KASAN: use-after-free Read in ieee80211_key_free
run #2: crashed: KASAN: use-after-free Read in ieee80211_key_free
run #3: crashed: KASAN: slab-out-of-bounds Read in ieee80211_key_free
run #4: crashed: KASAN: use-after-free Read in ieee80211_key_free
run #5: crashed: KASAN: use-after-free Read in ieee80211_key_free
run #6: crashed: KASAN: use-after-free Read in ieee80211_key_free
run #7: crashed: KASAN: use-after-free Read in ieee80211_key_free
run #8: crashed: KASAN: use-after-free Read in ieee80211_key_free
run #9: crashed: KASAN: use-after-free Read in ieee80211_key_free
testing release v5.1
testing commit e93c9c99a629c61837d5a7fc2120cd2b6c70dbdd with gcc (GCC) 8.1.0
kernel signature: c713242be38d96e897ea468e01561f06506deeaf2302297b1273b9d24d8d5bc6
run #0: crashed: KASAN: use-after-free Read in ieee80211_key_free
run #1: crashed: KASAN: use-after-free Read in ieee80211_key_free
run #2: crashed: KASAN: slab-out-of-bounds Read in ieee80211_key_free
run #3: crashed: KASAN: use-after-free Read in ieee80211_key_free
run #4: crashed: KASAN: use-after-free Read in ieee80211_key_free
run #5: crashed: KASAN: use-after-free Read in ieee80211_key_free
run #6: crashed: KASAN: use-after-free Read in ieee80211_key_free
run #7: crashed: KASAN: use-after-free Read in ieee80211_key_free
run #8: crashed: KASAN: use-after-free Read in ieee80211_key_free
run #9: crashed: KASAN: use-after-free Read in ieee80211_key_free
testing release v5.0
testing commit 1c163f4c7b3f621efff9b28a47abb36f7378d783 with gcc (GCC) 8.1.0
kernel signature: 1e87b48aacdcb9ed6e0241257d28f1c16157b62d35c1755795f115d7e6331864
run #0: crashed: KASAN: use-after-free Read in ieee80211_key_free
run #1: crashed: KASAN: slab-out-of-bounds Read in ieee80211_key_free
run #2: crashed: KASAN: slab-out-of-bounds Read in ieee80211_key_free
run #3: crashed: KASAN: slab-out-of-bounds Read in ieee80211_key_free
run #4: crashed: KASAN: slab-out-of-bounds Read in ieee80211_key_free
run #5: crashed: KASAN: slab-out-of-bounds Read in ieee80211_key_free
run #6: crashed: KASAN: use-after-free Read in ieee80211_key_free
run #7: crashed: KASAN: use-after-free Read in ieee80211_key_free
run #8: crashed: KASAN: slab-out-of-bounds Read in ieee80211_key_free
run #9: crashed: KASAN: slab-out-of-bounds Read in ieee80211_key_free
testing release v4.20
testing commit 8fe28cb58bcb235034b64cbbb7550a8a43fd88be with gcc (GCC) 8.1.0
kernel signature: d7b6e31fcdfc5f2803cc936213521200022f30d6609785689bc51f217d4c03fd
run #0: crashed: KASAN: use-after-free Read in ieee80211_key_free
run #1: crashed: KASAN: slab-out-of-bounds Read in ieee80211_key_free
run #2: crashed: KASAN: slab-out-of-bounds Read in ieee80211_key_free
run #3: crashed: KASAN: use-after-free Read in ieee80211_key_free
run #4: crashed: KASAN: slab-out-of-bounds Read in ieee80211_key_free
run #5: crashed: KASAN: use-after-free Read in ieee80211_key_free
run #6: crashed: KASAN: use-after-free Read in ieee80211_key_free
run #7: crashed: KASAN: use-after-free Read in ieee80211_key_free
run #8: crashed: KASAN: use-after-free Read in ieee80211_key_free
run #9: crashed: KASAN: use-after-free Read in ieee80211_key_free
testing release v4.19
testing commit 84df9525b0c27f3ebc2ebb1864fa62a97fdedb7d with gcc (GCC) 8.1.0
kernel signature: 23dd9120a453ddd70a78cf804a943d8909a96b2a0f9fe67178b625503f9c8af0
run #0: basic kernel testing failed: general protection fault in batadv_iv_ogm_queue_add
run #1: crashed: KASAN: use-after-free Read in ieee80211_key_free
run #2: crashed: KASAN: use-after-free Read in ieee80211_key_free
run #3: crashed: KASAN: use-after-free Read in ieee80211_key_free
run #4: crashed: KASAN: use-after-free Read in ieee80211_key_free
run #5: crashed: KASAN: use-after-free Read in ieee80211_key_free
run #6: crashed: KASAN: slab-out-of-bounds Read in ieee80211_key_free
run #7: crashed: KASAN: use-after-free Read in ieee80211_key_free
run #8: crashed: KASAN: use-after-free Read in ieee80211_key_free
run #9: crashed: KASAN: slab-out-of-bounds Read in ieee80211_key_free
testing release v4.18
testing commit 94710cac0ef4ee177a63b5227664b38c95bbf703 with gcc (GCC) 8.1.0
kernel signature: 0bc01fc98bd4f529adc41556bfbe84f6e61f786ba8ac7d4d3eb00bf2800f84cb
all runs: crashed: KASAN: use-after-free Read in ieee80211_key_free
testing release v4.17
testing commit 29dcea88779c856c7dc92040a0c01233263101d4 with gcc (GCC) 8.1.0
kernel signature: 5348d2d25cf1701f4e5a987b21b6fa9ef44e1c01620beeef8acafbbda8ad58fa
run #0: crashed: KASAN: use-after-free Read in ieee80211_key_free
run #1: crashed: KASAN: use-after-free Read in ieee80211_key_free
run #2: crashed: KASAN: use-after-free Read in ieee80211_key_free
run #3: crashed: KASAN: use-after-free Read in ieee80211_key_free
run #4: crashed: KASAN: slab-out-of-bounds Read in ieee80211_key_free
run #5: crashed: KASAN: use-after-free Read in ieee80211_key_free
run #6: crashed: KASAN: slab-out-of-bounds Read in ieee80211_key_free
run #7: crashed: KASAN: use-after-free Read in ieee80211_key_free
run #8: crashed: KASAN: use-after-free Read in ieee80211_key_free
run #9: crashed: KASAN: use-after-free Read in ieee80211_key_free
testing release v4.16
testing commit 0adb32858b0bddf4ada5f364a84ed60b196dbcda with gcc (GCC) 8.1.0
kernel signature: 6708fb623e36d2b3f5296fe3a1801aed301f6b12d6c1260bb33bd513c6091862
run #0: crashed: general protection fault in batadv_iv_ogm_queue_add
run #1: OK
run #2: OK
run #3: OK
run #4: OK
run #5: OK
run #6: OK
run #7: OK
run #8: OK
run #9: OK
reproducer seems to be flaky
testing release v4.15
testing commit d8a5b80568a9cb66810e75b182018e9edb68e8ff with gcc (GCC) 8.1.0
kernel signature: f31055134d13daeffb9dc15ea1bea944c2c53303584aa0a15880e6d9998fe58c
all runs: OK
# git bisect start 0adb32858b0bddf4ada5f364a84ed60b196dbcda d8a5b80568a9cb66810e75b182018e9edb68e8ff
Bisecting: 7566 revisions left to test after this (roughly 13 steps)
[c14376de3a1befa70d9811ca2872d47367b48767] printk: Wake klogd when passing console_lock owner
testing commit c14376de3a1befa70d9811ca2872d47367b48767 with gcc (GCC) 8.1.0
kernel signature: df09549f752ccd85f93f84280e61d9b5d6b5999b987b201169fbd7f1a4af89c6
all runs: OK
# git bisect good c14376de3a1befa70d9811ca2872d47367b48767
Bisecting: 3893 revisions left to test after this (roughly 12 steps)
[2246edfaf88dc368e8671b04afd54412625df60a] Merge tag 'for-linus' of git://git.kernel.org/pub/scm/linux/kernel/git/rdma/rdma
testing commit 2246edfaf88dc368e8671b04afd54412625df60a with gcc (GCC) 8.1.0
kernel signature: d447e76a71b20bb0c712e58fb9e1783e12203bd449e5c2d7babed4cf0e57ae89
run #0: crashed: general protection fault in batadv_iv_ogm_queue_add
run #1: OK
run #2: OK
run #3: OK
run #4: OK
run #5: OK
run #6: OK
run #7: OK
run #8: OK
run #9: OK
# git bisect bad 2246edfaf88dc368e8671b04afd54412625df60a
Bisecting: 2163 revisions left to test after this (roughly 11 steps)
[24b8ef699e8221d2b7f813adaab13eec053e1507] drm/ast: Load lut in crtc_commit
testing commit 24b8ef699e8221d2b7f813adaab13eec053e1507 with gcc (GCC) 8.1.0
kernel signature: fa9cab71f9bfc39f940ff9ab6420812e319733427abcdce8a313cad695b3890a
all runs: OK
# git bisect good 24b8ef699e8221d2b7f813adaab13eec053e1507
Bisecting: 1062 revisions left to test after this (roughly 10 steps)
[3879ae653a3e98380fe2daf653338830b7ca0097] Merge tag 'clk-for-linus' of git://git.kernel.org/pub/scm/linux/kernel/git/clk/linux
testing commit 3879ae653a3e98380fe2daf653338830b7ca0097 with gcc (GCC) 8.1.0
kernel signature: 8f208cfc892296f6d44fedc6aba07b85524f4337dec01788e0a6dbb7f50e1a33
all runs: OK
# git bisect good 3879ae653a3e98380fe2daf653338830b7ca0097
Bisecting: 531 revisions left to test after this (roughly 9 steps)
[3462ac57033e79a87dbae2497773f22b9c536fbc] Merge tag 'fscrypt_for_linus' of git://git.kernel.org/pub/scm/linux/kernel/git/tytso/fscrypt
testing commit 3462ac57033e79a87dbae2497773f22b9c536fbc with gcc (GCC) 8.1.0
kernel signature: 757522b96b5effcf7dbdd5646b595ea9d84237d51763c5ea3473559bceb8c9e0
all runs: OK
# git bisect good 3462ac57033e79a87dbae2497773f22b9c536fbc
Bisecting: 247 revisions left to test after this (roughly 8 steps)
[139351f1f98546c312a1942215977ea703b383b8] Merge branch 'overlayfs-linus' of git://git.kernel.org/pub/scm/linux/kernel/git/mszeredi/vfs
testing commit 139351f1f98546c312a1942215977ea703b383b8 with gcc (GCC) 8.1.0
kernel signature: 94de9daed83104ef1a61d316149b1fabd83441a60d59996257d780e61de8aeb0
all runs: OK
# git bisect good 139351f1f98546c312a1942215977ea703b383b8
Bisecting: 134 revisions left to test after this (roughly 7 steps)
[c7f75aecb2d9436c4bef8b413231f60deae3453c] Merge remote-tracking branch 'lorenzo/pci/cadence' into next
testing commit c7f75aecb2d9436c4bef8b413231f60deae3453c with gcc (GCC) 8.1.0
net/wireless/shipped-certs.c:92:10: error: redefinition of 'shipped_regdb_certs'
net/wireless/shipped-certs.c:774:14: error: redefinition of 'shipped_regdb_certs_len'
# git bisect skip c7f75aecb2d9436c4bef8b413231f60deae3453c
Bisecting: 134 revisions left to test after this (roughly 7 steps)
[06e8ccdab15f46dfd31292e2b75d744bc5fc2a7c] acpi: nfit: Add support for detect platform CPU cache flush on power loss
testing commit 06e8ccdab15f46dfd31292e2b75d744bc5fc2a7c with gcc (GCC) 8.1.0
kernel signature: 334737311ef34ce708b9af70ede75c475c0b6e8068c707e498e65fbeea1f5d66
all runs: OK
# git bisect good 06e8ccdab15f46dfd31292e2b75d744bc5fc2a7c
Bisecting: 133 revisions left to test after this (roughly 7 steps)
[4c3f9e9cfe5ddacd2af978043056767ac0bb00d2] bindings: PCI: artpec: Add support for the ARTPEC-7 SoC
testing commit 4c3f9e9cfe5ddacd2af978043056767ac0bb00d2 with gcc (GCC) 8.1.0
net/wireless/shipped-certs.c:92:10: error: redefinition of 'shipped_regdb_certs'
net/wireless/shipped-certs.c:774:14: error: redefinition of 'shipped_regdb_certs_len'
# git bisect skip 4c3f9e9cfe5ddacd2af978043056767ac0bb00d2
Bisecting: 133 revisions left to test after this (roughly 7 steps)
[7c1efb686817881d7dc0b06572785ec8f17d2823] PCI: Mark Ceton InfiniTV4 INTx masking as broken
testing commit 7c1efb686817881d7dc0b06572785ec8f17d2823 with gcc (GCC) 8.1.0
net/wireless/shipped-certs.c:92:10: error: redefinition of 'shipped_regdb_certs'
net/wireless/shipped-certs.c:774:14: error: redefinition of 'shipped_regdb_certs_len'
# git bisect skip 7c1efb686817881d7dc0b06572785ec8f17d2823
Bisecting: 133 revisions left to test after this (roughly 7 steps)
[77dd66a3c67c93ab401ccc15efff25578be281fd] mm: Fix devm_memremap_pages() collision handling
testing commit 77dd66a3c67c93ab401ccc15efff25578be281fd with gcc (GCC) 8.1.0
kernel signature: 8f18066d68df0cdccc8f2ce97cfb289c67c292ffdf6b9aec200cb8774171b89c
all runs: OK
# git bisect good 77dd66a3c67c93ab401ccc15efff25578be281fd
Bisecting: 114 revisions left to test after this (roughly 7 steps)
[f2ba5a5baecf795c2150826bd0c95fc3f7f3d226] libnvdimm, namespace: make min namespace size 4K
testing commit f2ba5a5baecf795c2150826bd0c95fc3f7f3d226 with gcc (GCC) 8.1.0
kernel signature: 323e3c2003ac14fc126916ae44c652db3ea050e21740ebf714df91923a118bea
all runs: OK
# git bisect good f2ba5a5baecf795c2150826bd0c95fc3f7f3d226
Bisecting: 106 revisions left to test after this (roughly 7 steps)
[c27991198c94e6def78002a70a404f8b309a8d5e] RDMA/hns: Remove unnecessary operator
testing commit c27991198c94e6def78002a70a404f8b309a8d5e with gcc (GCC) 8.1.0
kernel signature: a19d26a41939002abc5107bcba7678ce5a4435451bdef52c4f76f1f699acac4b
all runs: OK
# git bisect good c27991198c94e6def78002a70a404f8b309a8d5e
Bisecting: 106 revisions left to test after this (roughly 7 steps)
[a07ae842e209196ffe0fe8feacd489aba772d8a0] Merge branch 'pci/virtualization' into next
testing commit a07ae842e209196ffe0fe8feacd489aba772d8a0 with gcc (GCC) 8.1.0
net/wireless/shipped-certs.c:92:10: error: redefinition of 'shipped_regdb_certs'
net/wireless/shipped-certs.c:774:14: error: redefinition of 'shipped_regdb_certs_len'
# git bisect skip a07ae842e209196ffe0fe8feacd489aba772d8a0
Bisecting: 106 revisions left to test after this (roughly 7 steps)
[f34727a1351362c8f349d29efcd0e72702571e6a] RDMA/nldev: missing error code in nldev_res_get_doit()
testing commit f34727a1351362c8f349d29efcd0e72702571e6a with gcc (GCC) 8.1.0
kernel signature: 5f72c48fb123e9cc57d41479a4040659b13d5cac3a6dc0702348a0d667e8ac57
all runs: OK
# git bisect good f34727a1351362c8f349d29efcd0e72702571e6a
Bisecting: 103 revisions left to test after this (roughly 7 steps)
[c68febfd68e0f01d90da15bd10e94b42544f0f68] PCI: dwc: artpec6: Fix return value check in artpec6_add_pcie_ep()
testing commit c68febfd68e0f01d90da15bd10e94b42544f0f68 with gcc (GCC) 8.1.0
net/wireless/shipped-certs.c:92:10: error: redefinition of 'shipped_regdb_certs'
net/wireless/shipped-certs.c:774:14: error: redefinition of 'shipped_regdb_certs_len'
# git bisect skip c68febfd68e0f01d90da15bd10e94b42544f0f68
Bisecting: 103 revisions left to test after this (roughly 7 steps)
[2b1e7fe16124e86ee9242aeeee859c79a843e3a2] IB/hfi1: Fix for potential refcount leak in hfi1_open_file()
testing commit 2b1e7fe16124e86ee9242aeeee859c79a843e3a2 with gcc (GCC) 8.1.0
kernel signature: 5f72c48fb123e9cc57d41479a4040659b13d5cac3a6dc0702348a0d667e8ac57
all runs: OK
# git bisect good 2b1e7fe16124e86ee9242aeeee859c79a843e3a2
Bisecting: 100 revisions left to test after this (roughly 7 steps)
[09b2d20349e37a03a0951ab69524b516c8f1cc5b] PCI: dra7xx: Iterate over INTx status bits
testing commit 09b2d20349e37a03a0951ab69524b516c8f1cc5b with gcc (GCC) 8.1.0
net/wireless/shipped-certs.c:92:10: error: redefinition of 'shipped_regdb_certs'
net/wireless/shipped-certs.c:774:14: error: redefinition of 'shipped_regdb_certs_len'
# git bisect skip 09b2d20349e37a03a0951ab69524b516c8f1cc5b
Bisecting: 100 revisions left to test after this (roughly 7 steps)
[569d0365f571fa6421a5c80bc30d1b2cdab857fe] dax: require 'struct page' by default for filesystem dax
testing commit 569d0365f571fa6421a5c80bc30d1b2cdab857fe with gcc (GCC) 8.1.0
kernel signature: 3e21e968686abf6fc1ff8f77df569867469b47a28118af7f4e7737388c10e645
all runs: OK
# git bisect good 569d0365f571fa6421a5c80bc30d1b2cdab857fe
Bisecting: 96 revisions left to test after this (roughly 7 steps)
[2fd0c9d966cc11bb5f73556dd788d12f501d8755] PCI: designware-ep: Pre-allocate memory for MSI in dw_pcie_ep_init
testing commit 2fd0c9d966cc11bb5f73556dd788d12f501d8755 with gcc (GCC) 8.1.0
net/wireless/shipped-certs.c:92:10: error: redefinition of 'shipped_regdb_certs'
net/wireless/shipped-certs.c:774:14: error: redefinition of 'shipped_regdb_certs_len'
# git bisect skip 2fd0c9d966cc11bb5f73556dd788d12f501d8755
Bisecting: 96 revisions left to test after this (roughly 7 steps)
[7dd113b7caf54b7c45a9627da5d6392784377e7c] Merge remote-tracking branch 'lorenzo/pci/endpoint' into next
testing commit 7dd113b7caf54b7c45a9627da5d6392784377e7c with gcc (GCC) 8.1.0
net/wireless/shipped-certs.c:92:10: error: redefinition of 'shipped_regdb_certs'
net/wireless/shipped-certs.c:774:14: error: redefinition of 'shipped_regdb_certs_len'
# git bisect skip 7dd113b7caf54b7c45a9627da5d6392784377e7c
Bisecting: 96 revisions left to test after this (roughly 7 steps)
[2040fae4b22f419ed5cbc40ce8ec4d0fbc798a64] dt-bindings: PCI: cadence: Add DT bindings for Cadence PCIe host controller
testing commit 2040fae4b22f419ed5cbc40ce8ec4d0fbc798a64 with gcc (GCC) 8.1.0
net/wireless/shipped-certs.c:92:10: error: redefinition of 'shipped_regdb_certs'
net/wireless/shipped-certs.c:774:14: error: redefinition of 'shipped_regdb_certs_len'
# git bisect skip 2040fae4b22f419ed5cbc40ce8ec4d0fbc798a64
Bisecting: 96 revisions left to test after this (roughly 7 steps)
[16093362d66ac205811b666ce7c38a0f34ace623] Merge remote-tracking branch 'lorenzo/pci/dwc' into next
testing commit 16093362d66ac205811b666ce7c38a0f34ace623 with gcc (GCC) 8.1.0
net/wireless/shipped-certs.c:92:10: error: redefinition of 'shipped_regdb_certs'
net/wireless/shipped-certs.c:774:14: error: redefinition of 'shipped_regdb_certs_len'
# git bisect skip 16093362d66ac205811b666ce7c38a0f34ace623
Bisecting: 96 revisions left to test after this (roughly 7 steps)
[6391214f4d80e32caf622bacab64ed99ed43e1eb] IB/hfi1: Do not override given pcie_pset value
testing commit 6391214f4d80e32caf622bacab64ed99ed43e1eb with gcc (GCC) 8.1.0
kernel signature: 5f72c48fb123e9cc57d41479a4040659b13d5cac3a6dc0702348a0d667e8ac57
all runs: OK
# git bisect good 6391214f4d80e32caf622bacab64ed99ed43e1eb
Bisecting: 94 revisions left to test after this (roughly 7 steps)
[01f095e46ba3a91b06709170c19bc3936e872541] Merge branch 'pci/trivial' into next
testing commit 01f095e46ba3a91b06709170c19bc3936e872541 with gcc (GCC) 8.1.0
net/wireless/shipped-certs.c:92:10: error: redefinition of 'shipped_regdb_certs'
net/wireless/shipped-certs.c:774:14: error: redefinition of 'shipped_regdb_certs_len'
# git bisect skip 01f095e46ba3a91b06709170c19bc3936e872541
Bisecting: 94 revisions left to test after this (roughly 7 steps)
[0bbe0eb85fecce825158f2e1e3f03f53d01e0a7b] PCI/DPC: Squash dpc_rp_pio_print_tlp_header() into dpc_rp_pio_print_error()
testing commit 0bbe0eb85fecce825158f2e1e3f03f53d01e0a7b with gcc (GCC) 8.1.0
net/wireless/shipped-certs.c:92:10: error: redefinition of 'shipped_regdb_certs'
net/wireless/shipped-certs.c:774:14: error: redefinition of 'shipped_regdb_certs_len'
# git bisect skip 0bbe0eb85fecce825158f2e1e3f03f53d01e0a7b
Bisecting: 94 revisions left to test after this (roughly 7 steps)
[d57f0b8c81393e7105331ac037fa465d5a45c65f] PCI: Make PCI_SCAN_ALL_PCIE_DEVS work for Root as well as Downstream Ports
testing commit d57f0b8c81393e7105331ac037fa465d5a45c65f with gcc (GCC) 8.1.0
net/wireless/shipped-certs.c:92:10: error: redefinition of 'shipped_regdb_certs'
net/wireless/shipped-certs.c:774:14: error: redefinition of 'shipped_regdb_certs_len'
# git bisect skip d57f0b8c81393e7105331ac037fa465d5a45c65f
Bisecting: 94 revisions left to test after this (roughly 7 steps)
[6618f4d3f5d614d5cd4cbc4e81f0fef8e22a36c7] dt-bindings: PCI: cadence: Add DT bindings for Cadence PCIe endpoint controller
testing commit 6618f4d3f5d614d5cd4cbc4e81f0fef8e22a36c7 with gcc (GCC) 8.1.0
net/wireless/shipped-certs.c:92:10: error: redefinition of 'shipped_regdb_certs'
net/wireless/shipped-certs.c:774:14: error: redefinition of 'shipped_regdb_certs_len'
# git bisect skip 6618f4d3f5d614d5cd4cbc4e81f0fef8e22a36c7
Bisecting: 94 revisions left to test after this (roughly 7 steps)
[83c75ddd816e979802bd244ad494139f28152921] PCI: rcar: Handle rcar_pcie_parse_request_of_pci_ranges() failures
testing commit 83c75ddd816e979802bd244ad494139f28152921 with gcc (GCC) 8.1.0
net/wireless/shipped-certs.c:92:10: error: redefinition of 'shipped_regdb_certs'
net/wireless/shipped-certs.c:774:14: error: redefinition of 'shipped_regdb_certs_len'
# git bisect skip 83c75ddd816e979802bd244ad494139f28152921
Bisecting: 94 revisions left to test after this (roughly 7 steps)
[68b673a039195f47d640b585c3b74710ed0f155b] PCI: dwc: artpec6: Remove unused defines
testing commit 68b673a039195f47d640b585c3b74710ed0f155b with gcc (GCC) 8.1.0
net/wireless/shipped-certs.c:92:10: error: redefinition of 'shipped_regdb_certs'
net/wireless/shipped-certs.c:774:14: error: redefinition of 'shipped_regdb_certs_len'
# git bisect skip 68b673a039195f47d640b585c3b74710ed0f155b
Bisecting: 94 revisions left to test after this (roughly 7 steps)
[30e6d7bf29daa79d80711d35211c9b60894dbc44] acpi: nfit: add persistent memory control flag for nd_region
testing commit 30e6d7bf29daa79d80711d35211c9b60894dbc44 with gcc (GCC) 8.1.0
kernel signature: f0012523ec0f093dbb62c6db5fcfd891d21603944e597cf0e27fd62d1ce1a022
all runs: OK
# git bisect good 30e6d7bf29daa79d80711d35211c9b60894dbc44
Bisecting: 93 revisions left to test after this (roughly 7 steps)
[2572cf57d75a7f91835d9a38771e9e76d575d122] mlx5: fix mlx5_get_vector_affinity to start from completion vector 0
testing commit 2572cf57d75a7f91835d9a38771e9e76d575d122 with gcc (GCC) 8.1.0
kernel signature: 06a56865f9f38a2f711dc88d3d58bc010a8bb6504c86894f80db5a16ef566480
all runs: OK
# git bisect good 2572cf57d75a7f91835d9a38771e9e76d575d122
Bisecting: 87 revisions left to test after this (roughly 7 steps)
[414ae7609e19580a56647344e61f13f3768e0820] Merge branch 'pci/resource' into next
testing commit 414ae7609e19580a56647344e61f13f3768e0820 with gcc (GCC) 8.1.0
net/wireless/shipped-certs.c:92:10: error: redefinition of 'shipped_regdb_certs'
net/wireless/shipped-certs.c:774:14: error: redefinition of 'shipped_regdb_certs_len'
# git bisect skip 414ae7609e19580a56647344e61f13f3768e0820
Bisecting: 87 revisions left to test after this (roughly 7 steps)
[116a6063cac3107d5abfe7bd14fc01a19271b14a] PCI: Use dev_info() rather than dev_err() for ROM validation
testing commit 116a6063cac3107d5abfe7bd14fc01a19271b14a with gcc (GCC) 8.1.0
net/wireless/shipped-certs.c:92:10: error: redefinition of 'shipped_regdb_certs'
net/wireless/shipped-certs.c:774:14: error: redefinition of 'shipped_regdb_certs_len'
# git bisect skip 116a6063cac3107d5abfe7bd14fc01a19271b14a
Bisecting: 87 revisions left to test after this (roughly 7 steps)
[e2281080835434a5a1a151df79161954726da371] video: fbdev: riva: deprecate pci_get_bus_and_slot()
testing commit e2281080835434a5a1a151df79161954726da371 with gcc (GCC) 8.1.0
net/wireless/shipped-certs.c:92:10: error: redefinition of 'shipped_regdb_certs'
net/wireless/shipped-certs.c:774:14: error: redefinition of 'shipped_regdb_certs_len'
# git bisect skip e2281080835434a5a1a151df79161954726da371
Bisecting: 87 revisions left to test after this (roughly 7 steps)
[b19ed63cbcdc756acd240a63acee0ae0f4e85e0f] MAINTAINERS: Include more PCI files
testing commit b19ed63cbcdc756acd240a63acee0ae0f4e85e0f with gcc (GCC) 8.1.0
net/wireless/shipped-certs.c:92:10: error: redefinition of 'shipped_regdb_certs'
net/wireless/shipped-certs.c:774:14: error: redefinition of 'shipped_regdb_certs_len'
# git bisect skip b19ed63cbcdc756acd240a63acee0ae0f4e85e0f
Bisecting: 87 revisions left to test after this (roughly 7 steps)
[163b716d056304fdfaed02badbf97e6cd1403491] Merge remote-tracking branch 'lorenzo/pci/tegra' into next
testing commit 163b716d056304fdfaed02badbf97e6cd1403491 with gcc (GCC) 8.1.0
net/wireless/shipped-certs.c:92:10: error: redefinition of 'shipped_regdb_certs'
net/wireless/shipped-certs.c:774:14: error: redefinition of 'shipped_regdb_certs_len'
# git bisect skip 163b716d056304fdfaed02badbf97e6cd1403491
Bisecting: 87 revisions left to test after this (roughly 7 steps)
[1cab826b30c6275d479a6ab1dea1067e15dbec62] PCI: designware-ep: Read-only registers need DBI_RO_WR_EN to be writable
testing commit 1cab826b30c6275d479a6ab1dea1067e15dbec62 with gcc (GCC) 8.1.0
net/wireless/shipped-certs.c:92:10: error: redefinition of 'shipped_regdb_certs'
net/wireless/shipped-certs.c:774:14: error: redefinition of 'shipped_regdb_certs_len'
# git bisect skip 1cab826b30c6275d479a6ab1dea1067e15dbec62
Bisecting: 87 revisions left to test after this (roughly 7 steps)
[88af81297b602fe300e88b196f663a3fcb6d6dd5] Merge remote-tracking branch 'lorenzo/pci/rcar' into next
testing commit 88af81297b602fe300e88b196f663a3fcb6d6dd5 with gcc (GCC) 8.1.0
net/wireless/shipped-certs.c:92:10: error: redefinition of 'shipped_regdb_certs'
net/wireless/shipped-certs.c:774:14: error: redefinition of 'shipped_regdb_certs_len'
# git bisect skip 88af81297b602fe300e88b196f663a3fcb6d6dd5
Bisecting: 87 revisions left to test after this (roughly 7 steps)
[84f8cbf7488a8631bf29e022e5f0fee190762f7c] agp: nvidia: Deprecate pci_get_bus_and_slot()
Reproducer flagged being flaky
revisions tested: 33, total time: 8h0m57.043382009s (build: 3h57m55.776063675s, test: 3h57m58.841809519s)
error: bisection is taking too long (>8h0m0s), aborting
