bisecting cause commit starting from 2293be58d6a18cab800e25e42081bacb75c05752
building syzkaller on 45a13a7381e60020d94d037d88a75727984b7a9a
testing commit 2293be58d6a18cab800e25e42081bacb75c05752
compiler: gcc (GCC) 10.2.1 20210217, GNU ld (GNU Binutils for Debian) 2.35.2
kernel signature: ae33a6aff1f03823b73c92f864c5386321667a5bec066f62bd8daa5179f56a32
run #0: crashed: WARNING in usbtmc_ioctl/usb_submit_urb
run #1: crashed: WARNING in usbtmc_ioctl/usb_submit_urb
run #2: crashed: WARNING in usbtmc_ioctl/usb_submit_urb
run #3: crashed: WARNING in usbtmc_ioctl/usb_submit_urb
run #4: crashed: WARNING in usbtmc_ioctl/usb_submit_urb
run #5: crashed: WARNING in usbtmc_ioctl/usb_submit_urb
run #6: crashed: WARNING in usbtmc_ioctl/usb_submit_urb
run #7: crashed: WARNING in usbtmc_ioctl/usb_submit_urb
run #8: crashed: WARNING in usbtmc_ioctl/usb_submit_urb
run #9: crashed: WARNING in usbtmc_ioctl/usb_submit_urb
run #10: crashed: WARNING in usbtmc_ioctl/usb_submit_urb
run #11: crashed: WARNING in usbtmc_ioctl/usb_submit_urb
run #12: crashed: WARNING in usbtmc_ioctl/usb_submit_urb
run #13: crashed: WARNING in usbtmc_ioctl/usb_submit_urb
run #14: crashed: WARNING in usbtmc_ioctl/usb_submit_urb
run #15: crashed: WARNING in usbtmc_ioctl/usb_submit_urb
run #16: crashed: WARNING in usbtmc_ioctl/usb_submit_urb
run #17: crashed: WARNING in usbtmc_ioctl/usb_submit_urb
run #18: OK
run #19: OK
testing release v5.16
testing commit df0cc57e057f18e44dac8e6c18aba47ab53202f9
compiler: gcc (GCC) 10.2.1 20210217, GNU ld (GNU Binutils for Debian) 2.35.2
kernel signature: e691f2e6f0694b2cdb15f5acb3df79ccbb612ce82dcd42d431aae2eb1a891a66
run #0: crashed: WARNING in usbtmc_ioctl/usb_submit_urb
run #1: crashed: WARNING in usbtmc_ioctl/usb_submit_urb
run #2: crashed: WARNING in usbtmc_ioctl/usb_submit_urb
run #3: crashed: WARNING in usbtmc_ioctl/usb_submit_urb
run #4: crashed: WARNING in usbtmc_ioctl/usb_submit_urb
run #5: crashed: WARNING in usbtmc_ioctl/usb_submit_urb
run #6: crashed: WARNING in usbtmc_ioctl/usb_submit_urb
run #7: OK
run #8: OK
run #9: OK
testing release v5.15
testing commit 8bb7eca972ad531c9b149c0a51ab43a417385813
compiler: gcc (GCC) 10.2.1 20210217, GNU ld (GNU Binutils for Debian) 2.35.2
kernel signature: 1a719ebe4aea0934551b80c7c0d57ca1490764ea8ec788e720a63d9dff8f18e6
all runs: crashed: WARNING in usbtmc_ioctl/usb_submit_urb
testing release v5.14
testing commit 7d2a07b769330c34b4deabeed939325c77a7ec2f
compiler: gcc (GCC) 10.2.1 20210217, GNU ld (GNU Binutils for Debian) 2.35.2
kernel signature: b1e64824e9617285c8d2946b379377ddfbeba3589ec322be37779359e66795ea
run #0: crashed: WARNING in usbtmc_ioctl/usb_submit_urb
run #1: crashed: WARNING in usbtmc_ioctl/usb_submit_urb
run #2: crashed: WARNING in usbtmc_ioctl/usb_submit_urb
run #3: crashed: WARNING in usbtmc_ioctl/usb_submit_urb
run #4: crashed: WARNING in usbtmc_ioctl/usb_submit_urb
run #5: crashed: WARNING in usbtmc_ioctl/usb_submit_urb
run #6: crashed: WARNING in usbtmc_ioctl/usb_submit_urb
run #7: crashed: WARNING in usbtmc_ioctl/usb_submit_urb
run #8: OK
run #9: crashed: WARNING in usbtmc_ioctl/usb_submit_urb
testing release v5.13
testing commit 62fb9874f5da54fdb243003b386128037319b219
compiler: gcc (GCC) 10.2.1 20210217, GNU ld (GNU Binutils for Debian) 2.35.2
kernel signature: 4458769abe6d82f3e9c990b36e14701c7906fd52259a29e137ffb02db4df26e3
run #0: crashed: INFO: rcu detected stall in dummy_timer
run #1: OK
run #2: OK
run #3: OK
run #4: OK
run #5: OK
run #6: OK
run #7: OK
run #8: OK
run #9: OK
reproducer seems to be flaky
testing release v5.12
testing commit 9f4ad9e425a1d3b6a34617b8ea226d56a119a717
compiler: gcc (GCC) 10.2.1 20210217, GNU ld (GNU Binutils for Debian) 2.35.2
kernel signature: fc58e95e74efaef3d784c325b4bf0e778683e3cd90da9ff692b6d978bed22213
run #0: OK
run #1: OK
run #2: crashed: INFO: rcu detected stall in dummy_timer
run #3: OK
run #4: OK
run #5: OK
run #6: crashed: INFO: rcu detected stall in dummy_timer
run #7: OK
run #8: OK
run #9: OK
run #10: OK
run #11: OK
run #12: OK
run #13: OK
run #14: OK
run #15: OK
run #16: OK
run #17: OK
run #18: OK
run #19: OK
testing release v5.11
testing commit f40ddce88593482919761f74910f42f4b84c004b
compiler: gcc (GCC) 10.2.1 20210217, GNU ld (GNU Binutils for Debian) 2.35.2
kernel signature: f2485be4f4c41ca761cd5892ea9cbeed6ee7b80f89386795716713ce691679c7
run #0: crashed: INFO: rcu detected stall in dummy_timer
run #1: crashed: INFO: rcu detected stall in dummy_timer
run #2: crashed: INFO: rcu detected stall in dummy_timer
run #3: OK
run #4: OK
run #5: crashed: INFO: rcu detected stall in dummy_timer
run #6: OK
run #7: OK
run #8: OK
run #9: OK
run #10: OK
run #11: OK
run #12: OK
run #13: OK
run #14: OK
run #15: OK
run #16: OK
run #17: OK
run #18: OK
run #19: OK
testing release v5.10
testing commit 2c85ebc57b3e1817b6ce1a6b703928e113a90442
compiler: gcc (GCC) 10.2.1 20210217, GNU ld (GNU Binutils for Debian) 2.35.2
kernel signature: 9b28ae698e094a2f647d8e4e7b12002b1eb9ee11844fa7594599e7cd95313af1
all runs: basic kernel testing failed: KASAN: use-after-free Read in task_active_pid_ns
testing release v5.9
testing commit bbf5c979011a099af5dc76498918ed7df445635b
compiler: gcc (GCC) 10.2.1 20210217, GNU ld (GNU Binutils for Debian) 2.35.2
kernel signature: 90970287874b6fa31b2f58a47e6de904693b3c99f6b8371bbf341d72dcce3e0a
all runs: basic kernel testing failed: KASAN: use-after-free Read in task_active_pid_ns
testing release v5.8
testing commit bcf876870b95592b52519ed4aafcf9d95999bc9c
compiler: gcc (GCC) 8.4.1 20210217, GNU ld (GNU Binutils for Debian) 2.35.2
kernel signature: 8d76d4a089817220d3684215d49b85d49d16f7ef96b8a2412777a7bbcd4f4272
all runs: basic kernel testing failed: KASAN: use-after-free Read in task_active_pid_ns
testing release v5.7
testing commit 3d77e6a8804abcc0504c904bd6e5cdf3a5cf8162
compiler: gcc version 8.4.1 20210217 (GCC), GNU ld (GNU Binutils for Debian) 2.35.2
kernel signature: 8eebcc07d462332849727786054b7948ce3a9ad088b39a9c442d73281f30ee0c
all runs: basic kernel testing failed: KASAN: use-after-free Read in task_active_pid_ns
testing release v5.6
testing commit 7111951b8d4973bda27ff663f2cf18b663d15b48
compiler: gcc version 8.4.1 20210217 (GCC)
kernel signature: 9fda726fcb81e733ca9e8850f3e8d4d238595caefe8803f267ae7b073050a07f
all runs: basic kernel testing failed: KASAN: use-after-free Read in task_active_pid_ns
testing release v5.5
testing commit d5226fa6dbae0569ee43ecfc08bdcd6770fc4755
compiler: gcc version 8.4.1 20210217 (GCC)
kernel signature: fff34c5433fcff38cae51120fc5f7f08079df22e3e54dee5aa6549627fcd1036
all runs: basic kernel testing failed: KASAN: use-after-free Read in task_active_pid_ns
testing release v5.4
testing commit 219d54332a09e8d8741c1e1982f5eae56099de85
compiler: gcc version 8.4.1 20210217 (GCC)
kernel signature: e729eb101fbfb82c9fb0816bcc057ad05041d26404a726237600a888457868aa
run #0: basic kernel testing failed: KASAN: use-after-free Read in task_active_pid_ns
run #1: basic kernel testing failed: KASAN: use-after-free Read in task_active_pid_ns
run #2: basic kernel testing failed: KASAN: use-after-free Read in task_active_pid_ns
run #3: basic kernel testing failed: KASAN: use-after-free Read in __task_pid_nr_ns
run #4: basic kernel testing failed: KASAN: use-after-free Read in task_active_pid_ns
run #5: basic kernel testing failed: KASAN: use-after-free Read in task_active_pid_ns
run #6: basic kernel testing failed: KASAN: use-after-free Read in task_active_pid_ns
run #7: basic kernel testing failed: KASAN: use-after-free Read in __task_pid_nr_ns
run #8: basic kernel testing failed: KASAN: use-after-free Read in task_active_pid_ns
run #9: basic kernel testing failed: KASAN: use-after-free Read in __task_pid_nr_ns
run #10: basic kernel testing failed: KASAN: use-after-free Read in __task_pid_nr_ns
run #11: basic kernel testing failed: KASAN: use-after-free Read in task_active_pid_ns
run #12: basic kernel testing failed: KASAN: use-after-free Read in task_active_pid_ns
run #13: basic kernel testing failed: KASAN: use-after-free Read in task_active_pid_ns
run #14: basic kernel testing failed: KASAN: use-after-free Read in task_active_pid_ns
run #15: basic kernel testing failed: KASAN: use-after-free Read in task_active_pid_ns
run #16: basic kernel testing failed: KASAN: use-after-free Read in __task_pid_nr_ns
run #17: basic kernel testing failed: KASAN: use-after-free Read in task_active_pid_ns
run #18: basic kernel testing failed: KASAN: use-after-free Read in task_active_pid_ns
run #19: basic kernel testing failed: KASAN: use-after-free Read in task_active_pid_ns
testing release v5.3
testing commit 4d856f72c10ecb060868ed10ff1b1453943fc6c8
compiler: gcc version 8.4.1 20210217 (GCC)
kernel signature: b51aeb20f909dd124fc9a13d04ef7de1e007e7197e9f5eecf808675299a254f3
run #0: basic kernel testing failed: failed to copy test binary to VM: failed to run ["scp" "-P" "22" "-F" "/dev/null" "-o" "UserKnownHostsFile=/dev/null" "-o" "BatchMode=yes" "-o" "IdentitiesOnly=yes" "-o" "StrictHostKeyChecking=no" "-o" "ConnectTimeout=10" "/syzkaller/jobs/linux/gopath/src/github.com/google/syzkaller/bin/linux_amd64/syz-fuzzer" "root@10.128.1.43:./syz-fuzzer"]: exit status 1
Warning: Permanently added '10.128.1.43' (ECDSA) to the list of known hosts.
scp: ./syz-fuzzer: Read-only file system

run #1: basic kernel testing failed: failed to copy test binary to VM: failed to run ["scp" "-P" "22" "-F" "/dev/null" "-o" "UserKnownHostsFile=/dev/null" "-o" "BatchMode=yes" "-o" "IdentitiesOnly=yes" "-o" "StrictHostKeyChecking=no" "-o" "ConnectTimeout=10" "/syzkaller/jobs/linux/gopath/src/github.com/google/syzkaller/bin/linux_amd64/syz-fuzzer" "root@10.128.1.113:./syz-fuzzer"]: exit status 1
Warning: Permanently added '10.128.1.113' (ECDSA) to the list of known hosts.
scp: ./syz-fuzzer: Read-only file system

run #2: basic kernel testing failed: failed to copy test binary to VM: failed to run ["scp" "-P" "22" "-F" "/dev/null" "-o" "UserKnownHostsFile=/dev/null" "-o" "BatchMode=yes" "-o" "IdentitiesOnly=yes" "-o" "StrictHostKeyChecking=no" "-o" "ConnectTimeout=10" "/syzkaller/jobs/linux/gopath/src/github.com/google/syzkaller/bin/linux_amd64/syz-fuzzer" "root@10.128.1.114:./syz-fuzzer"]: exit status 1
Warning: Permanently added '10.128.1.114' (ECDSA) to the list of known hosts.
scp: ./syz-fuzzer: Read-only file system

run #3: basic kernel testing failed: failed to copy test binary to VM: failed to run ["scp" "-P" "22" "-F" "/dev/null" "-o" "UserKnownHostsFile=/dev/null" "-o" "BatchMode=yes" "-o" "IdentitiesOnly=yes" "-o" "StrictHostKeyChecking=no" "-o" "ConnectTimeout=10" "/syzkaller/jobs/linux/gopath/src/github.com/google/syzkaller/bin/linux_amd64/syz-fuzzer" "root@10.128.1.123:./syz-fuzzer"]: exit status 1
Warning: Permanently added '10.128.1.123' (ECDSA) to the list of known hosts.
scp: ./syz-fuzzer: Read-only file system

run #4: basic kernel testing failed: failed to copy test binary to VM: failed to run ["scp" "-P" "22" "-F" "/dev/null" "-o" "UserKnownHostsFile=/dev/null" "-o" "BatchMode=yes" "-o" "IdentitiesOnly=yes" "-o" "StrictHostKeyChecking=no" "-o" "ConnectTimeout=10" "/syzkaller/jobs/linux/gopath/src/github.com/google/syzkaller/bin/linux_amd64/syz-fuzzer" "root@10.128.10.5:./syz-fuzzer"]: exit status 1
Warning: Permanently added '10.128.10.5' (ECDSA) to the list of known hosts.
scp: ./syz-fuzzer: Read-only file system

run #5: basic kernel testing failed: failed to copy test binary to VM: failed to run ["scp" "-P" "22" "-F" "/dev/null" "-o" "UserKnownHostsFile=/dev/null" "-o" "BatchMode=yes" "-o" "IdentitiesOnly=yes" "-o" "StrictHostKeyChecking=no" "-o" "ConnectTimeout=10" "/syzkaller/jobs/linux/gopath/src/github.com/google/syzkaller/bin/linux_amd64/syz-fuzzer" "root@10.128.1.96:./syz-fuzzer"]: exit status 1
Warning: Permanently added '10.128.1.96' (ECDSA) to the list of known hosts.
scp: ./syz-fuzzer: Read-only file system

run #6: basic kernel testing failed: failed to copy test binary to VM: failed to run ["scp" "-P" "22" "-F" "/dev/null" "-o" "UserKnownHostsFile=/dev/null" "-o" "BatchMode=yes" "-o" "IdentitiesOnly=yes" "-o" "StrictHostKeyChecking=no" "-o" "ConnectTimeout=10" "/syzkaller/jobs/linux/gopath/src/github.com/google/syzkaller/bin/linux_amd64/syz-fuzzer" "root@10.128.10.13:./syz-fuzzer"]: exit status 1
Warning: Permanently added '10.128.10.13' (ECDSA) to the list of known hosts.
scp: ./syz-fuzzer: Read-only file system

run #7: basic kernel testing failed: failed to copy test binary to VM: failed to run ["scp" "-P" "22" "-F" "/dev/null" "-o" "UserKnownHostsFile=/dev/null" "-o" "BatchMode=yes" "-o" "IdentitiesOnly=yes" "-o" "StrictHostKeyChecking=no" "-o" "ConnectTimeout=10" "/syzkaller/jobs/linux/gopath/src/github.com/google/syzkaller/bin/linux_amd64/syz-fuzzer" "root@10.128.10.21:./syz-fuzzer"]: exit status 1
Warning: Permanently added '10.128.10.21' (ECDSA) to the list of known hosts.
scp: ./syz-fuzzer: Read-only file system

run #8: basic kernel testing failed: failed to copy test binary to VM: failed to run ["scp" "-P" "22" "-F" "/dev/null" "-o" "UserKnownHostsFile=/dev/null" "-o" "BatchMode=yes" "-o" "IdentitiesOnly=yes" "-o" "StrictHostKeyChecking=no" "-o" "ConnectTimeout=10" "/syzkaller/jobs/linux/gopath/src/github.com/google/syzkaller/bin/linux_amd64/syz-fuzzer" "root@10.128.10.25:./syz-fuzzer"]: exit status 1
Warning: Permanently added '10.128.10.25' (ECDSA) to the list of known hosts.
scp: ./syz-fuzzer: Read-only file system

run #9: basic kernel testing failed: failed to copy test binary to VM: failed to run ["scp" "-P" "22" "-F" "/dev/null" "-o" "UserKnownHostsFile=/dev/null" "-o" "BatchMode=yes" "-o" "IdentitiesOnly=yes" "-o" "StrictHostKeyChecking=no" "-o" "ConnectTimeout=10" "/syzkaller/jobs/linux/gopath/src/github.com/google/syzkaller/bin/linux_amd64/syz-fuzzer" "root@10.128.10.34:./syz-fuzzer"]: exit status 1
Warning: Permanently added '10.128.10.34' (ECDSA) to the list of known hosts.
scp: ./syz-fuzzer: Read-only file system

run #10: basic kernel testing failed: failed to copy test binary to VM: failed to run ["scp" "-P" "22" "-F" "/dev/null" "-o" "UserKnownHostsFile=/dev/null" "-o" "BatchMode=yes" "-o" "IdentitiesOnly=yes" "-o" "StrictHostKeyChecking=no" "-o" "ConnectTimeout=10" "/syzkaller/jobs/linux/gopath/src/github.com/google/syzkaller/bin/linux_amd64/syz-fuzzer" "root@10.128.10.48:./syz-fuzzer"]: exit status 1
Warning: Permanently added '10.128.10.48' (ECDSA) to the list of known hosts.
scp: ./syz-fuzzer: Read-only file system

run #11: basic kernel testing failed: failed to copy test binary to VM: failed to run ["scp" "-P" "22" "-F" "/dev/null" "-o" "UserKnownHostsFile=/dev/null" "-o" "BatchMode=yes" "-o" "IdentitiesOnly=yes" "-o" "StrictHostKeyChecking=no" "-o" "ConnectTimeout=10" "/syzkaller/jobs/linux/gopath/src/github.com/google/syzkaller/bin/linux_amd64/syz-fuzzer" "root@10.128.15.192:./syz-fuzzer"]: exit status 1
Warning: Permanently added '10.128.15.192' (ECDSA) to the list of known hosts.
scp: ./syz-fuzzer: Read-only file system

run #12: basic kernel testing failed: failed to copy test binary to VM: failed to run ["scp" "-P" "22" "-F" "/dev/null" "-o" "UserKnownHostsFile=/dev/null" "-o" "BatchMode=yes" "-o" "IdentitiesOnly=yes" "-o" "StrictHostKeyChecking=no" "-o" "ConnectTimeout=10" "/syzkaller/jobs/linux/gopath/src/github.com/google/syzkaller/bin/linux_amd64/syz-fuzzer" "root@10.128.15.195:./syz-fuzzer"]: exit status 1
Warning: Permanently added '10.128.15.195' (ECDSA) to the list of known hosts.
scp: ./syz-fuzzer: Read-only file system

run #13: basic kernel testing failed: failed to copy test binary to VM: failed to run ["scp" "-P" "22" "-F" "/dev/null" "-o" "UserKnownHostsFile=/dev/null" "-o" "BatchMode=yes" "-o" "IdentitiesOnly=yes" "-o" "StrictHostKeyChecking=no" "-o" "ConnectTimeout=10" "/syzkaller/jobs/linux/gopath/src/github.com/google/syzkaller/bin/linux_amd64/syz-fuzzer" "root@10.128.15.202:./syz-fuzzer"]: exit status 1
Warning: Permanently added '10.128.15.202' (ECDSA) to the list of known hosts.
scp: ./syz-fuzzer: Read-only file system

run #14: basic kernel testing failed: failed to copy test binary to VM: failed to run ["scp" "-P" "22" "-F" "/dev/null" "-o" "UserKnownHostsFile=/dev/null" "-o" "BatchMode=yes" "-o" "IdentitiesOnly=yes" "-o" "StrictHostKeyChecking=no" "-o" "ConnectTimeout=10" "/syzkaller/jobs/linux/gopath/src/github.com/google/syzkaller/bin/linux_amd64/syz-fuzzer" "root@10.128.15.204:./syz-fuzzer"]: exit status 1
Warning: Permanently added '10.128.15.204' (ECDSA) to the list of known hosts.
scp: ./syz-fuzzer: Read-only file system

run #15: basic kernel testing failed: failed to copy test binary to VM: failed to run ["scp" "-P" "22" "-F" "/dev/null" "-o" "UserKnownHostsFile=/dev/null" "-o" "BatchMode=yes" "-o" "IdentitiesOnly=yes" "-o" "StrictHostKeyChecking=no" "-o" "ConnectTimeout=10" "/syzkaller/jobs/linux/gopath/src/github.com/google/syzkaller/bin/linux_amd64/syz-fuzzer" "root@10.128.15.209:./syz-fuzzer"]: exit status 1
Warning: Permanently added '10.128.15.209' (ECDSA) to the list of known hosts.
scp: ./syz-fuzzer: Read-only file system

run #16: basic kernel testing failed: failed to copy test binary to VM: failed to run ["scp" "-P" "22" "-F" "/dev/null" "-o" "UserKnownHostsFile=/dev/null" "-o" "BatchMode=yes" "-o" "IdentitiesOnly=yes" "-o" "StrictHostKeyChecking=no" "-o" "ConnectTimeout=10" "/syzkaller/jobs/linux/gopath/src/github.com/google/syzkaller/bin/linux_amd64/syz-fuzzer" "root@10.128.15.210:./syz-fuzzer"]: exit status 1
Warning: Permanently added '10.128.15.210' (ECDSA) to the list of known hosts.
scp: ./syz-fuzzer: Read-only file system

run #17: basic kernel testing failed: failed to copy test binary to VM: failed to run ["scp" "-P" "22" "-F" "/dev/null" "-o" "UserKnownHostsFile=/dev/null" "-o" "BatchMode=yes" "-o" "IdentitiesOnly=yes" "-o" "StrictHostKeyChecking=no" "-o" "ConnectTimeout=10" "/syzkaller/jobs/linux/gopath/src/github.com/google/syzkaller/bin/linux_amd64/syz-fuzzer" "root@10.128.15.212:./syz-fuzzer"]: exit status 1
Warning: Permanently added '10.128.15.212' (ECDSA) to the list of known hosts.
scp: ./syz-fuzzer: Read-only file system

run #18: basic kernel testing failed: failed to copy test binary to VM: failed to run ["scp" "-P" "22" "-F" "/dev/null" "-o" "UserKnownHostsFile=/dev/null" "-o" "BatchMode=yes" "-o" "IdentitiesOnly=yes" "-o" "StrictHostKeyChecking=no" "-o" "ConnectTimeout=10" "/syzkaller/jobs/linux/gopath/src/github.com/google/syzkaller/bin/linux_amd64/syz-fuzzer" "root@10.128.15.213:./syz-fuzzer"]: exit status 1
Warning: Permanently added '10.128.15.213' (ECDSA) to the list of known hosts.
scp: ./syz-fuzzer: Read-only file system

run #19: basic kernel testing failed: failed to copy test binary to VM: failed to run ["scp" "-P" "22" "-F" "/dev/null" "-o" "UserKnownHostsFile=/dev/null" "-o" "BatchMode=yes" "-o" "IdentitiesOnly=yes" "-o" "StrictHostKeyChecking=no" "-o" "ConnectTimeout=10" "/syzkaller/jobs/linux/gopath/src/github.com/google/syzkaller/bin/linux_amd64/syz-fuzzer" "root@10.128.15.214:./syz-fuzzer"]: exit status 1
Warning: Permanently added '10.128.15.214' (ECDSA) to the list of known hosts.
scp: ./syz-fuzzer: Read-only file system

testing release v5.2
testing commit 0ecfebd2b52404ae0c54a878c872bb93363ada36
compiler: gcc version 8.4.1 20210217 (GCC)
kernel signature: 55948bfde04bed2e5236266ecd0d3519f5ce7d5176fecd4fbf5d2ca761f85915
run #0: basic kernel testing failed: failed to copy test binary to VM: failed to run ["scp" "-P" "22" "-F" "/dev/null" "-o" "UserKnownHostsFile=/dev/null" "-o" "BatchMode=yes" "-o" "IdentitiesOnly=yes" "-o" "StrictHostKeyChecking=no" "-o" "ConnectTimeout=10" "/syzkaller/jobs/linux/gopath/src/github.com/google/syzkaller/bin/linux_amd64/syz-fuzzer" "root@10.128.1.110:./syz-fuzzer"]: exit status 1
Warning: Permanently added '10.128.1.110' (ECDSA) to the list of known hosts.
scp: ./syz-fuzzer: Read-only file system

run #1: basic kernel testing failed: failed to copy test binary to VM: failed to run ["scp" "-P" "22" "-F" "/dev/null" "-o" "UserKnownHostsFile=/dev/null" "-o" "BatchMode=yes" "-o" "IdentitiesOnly=yes" "-o" "StrictHostKeyChecking=no" "-o" "ConnectTimeout=10" "/syzkaller/jobs/linux/gopath/src/github.com/google/syzkaller/bin/linux_amd64/syz-fuzzer" "root@10.128.1.114:./syz-fuzzer"]: exit status 1
Warning: Permanently added '10.128.1.114' (ECDSA) to the list of known hosts.
scp: ./syz-fuzzer: Read-only file system

run #2: basic kernel testing failed: failed to copy test binary to VM: failed to run ["scp" "-P" "22" "-F" "/dev/null" "-o" "UserKnownHostsFile=/dev/null" "-o" "BatchMode=yes" "-o" "IdentitiesOnly=yes" "-o" "StrictHostKeyChecking=no" "-o" "ConnectTimeout=10" "/syzkaller/jobs/linux/gopath/src/github.com/google/syzkaller/bin/linux_amd64/syz-fuzzer" "root@10.128.1.117:./syz-fuzzer"]: exit status 1
Warning: Permanently added '10.128.1.117' (ECDSA) to the list of known hosts.
scp: ./syz-fuzzer: Read-only file system

run #3: basic kernel testing failed: failed to copy test binary to VM: failed to run ["scp" "-P" "22" "-F" "/dev/null" "-o" "UserKnownHostsFile=/dev/null" "-o" "BatchMode=yes" "-o" "IdentitiesOnly=yes" "-o" "StrictHostKeyChecking=no" "-o" "ConnectTimeout=10" "/syzkaller/jobs/linux/gopath/src/github.com/google/syzkaller/bin/linux_amd64/syz-fuzzer" "root@10.128.1.122:./syz-fuzzer"]: exit status 1
Warning: Permanently added '10.128.1.122' (ECDSA) to the list of known hosts.
scp: ./syz-fuzzer: Read-only file system

run #4: basic kernel testing failed: failed to copy test binary to VM: failed to run ["scp" "-P" "22" "-F" "/dev/null" "-o" "UserKnownHostsFile=/dev/null" "-o" "BatchMode=yes" "-o" "IdentitiesOnly=yes" "-o" "StrictHostKeyChecking=no" "-o" "ConnectTimeout=10" "/syzkaller/jobs/linux/gopath/src/github.com/google/syzkaller/bin/linux_amd64/syz-fuzzer" "root@10.128.1.124:./syz-fuzzer"]: exit status 1
Warning: Permanently added '10.128.1.124' (ECDSA) to the list of known hosts.
scp: ./syz-fuzzer: Read-only file system

run #5: basic kernel testing failed: failed to copy test binary to VM: failed to run ["scp" "-P" "22" "-F" "/dev/null" "-o" "UserKnownHostsFile=/dev/null" "-o" "BatchMode=yes" "-o" "IdentitiesOnly=yes" "-o" "StrictHostKeyChecking=no" "-o" "ConnectTimeout=10" "/syzkaller/jobs/linux/gopath/src/github.com/google/syzkaller/bin/linux_amd64/syz-fuzzer" "root@10.128.10.0:./syz-fuzzer"]: exit status 1
Warning: Permanently added '10.128.10.0' (ECDSA) to the list of known hosts.
scp: ./syz-fuzzer: Read-only file system

run #6: basic kernel testing failed: failed to copy test binary to VM: failed to run ["scp" "-P" "22" "-F" "/dev/null" "-o" "UserKnownHostsFile=/dev/null" "-o" "BatchMode=yes" "-o" "IdentitiesOnly=yes" "-o" "StrictHostKeyChecking=no" "-o" "ConnectTimeout=10" "/syzkaller/jobs/linux/gopath/src/github.com/google/syzkaller/bin/linux_amd64/syz-fuzzer" "root@10.128.10.2:./syz-fuzzer"]: exit status 1
Warning: Permanently added '10.128.10.2' (ECDSA) to the list of known hosts.
scp: ./syz-fuzzer: Read-only file system

run #7: basic kernel testing failed: failed to copy test binary to VM: failed to run ["scp" "-P" "22" "-F" "/dev/null" "-o" "UserKnownHostsFile=/dev/null" "-o" "BatchMode=yes" "-o" "IdentitiesOnly=yes" "-o" "StrictHostKeyChecking=no" "-o" "ConnectTimeout=10" "/syzkaller/jobs/linux/gopath/src/github.com/google/syzkaller/bin/linux_amd64/syz-fuzzer" "root@10.128.10.3:./syz-fuzzer"]: exit status 1
Warning: Permanently added '10.128.10.3' (ECDSA) to the list of known hosts.
scp: ./syz-fuzzer: Read-only file system

run #8: basic kernel testing failed: failed to copy test binary to VM: failed to run ["scp" "-P" "22" "-F" "/dev/null" "-o" "UserKnownHostsFile=/dev/null" "-o" "BatchMode=yes" "-o" "IdentitiesOnly=yes" "-o" "StrictHostKeyChecking=no" "-o" "ConnectTimeout=10" "/syzkaller/jobs/linux/gopath/src/github.com/google/syzkaller/bin/linux_amd64/syz-fuzzer" "root@10.128.10.7:./syz-fuzzer"]: exit status 1
Warning: Permanently added '10.128.10.7' (ECDSA) to the list of known hosts.
scp: ./syz-fuzzer: Read-only file system

run #9: basic kernel testing failed: failed to copy test binary to VM: failed to run ["scp" "-P" "22" "-F" "/dev/null" "-o" "UserKnownHostsFile=/dev/null" "-o" "BatchMode=yes" "-o" "IdentitiesOnly=yes" "-o" "StrictHostKeyChecking=no" "-o" "ConnectTimeout=10" "/syzkaller/jobs/linux/gopath/src/github.com/google/syzkaller/bin/linux_amd64/syz-fuzzer" "root@10.128.10.8:./syz-fuzzer"]: exit status 1
Warning: Permanently added '10.128.10.8' (ECDSA) to the list of known hosts.
scp: ./syz-fuzzer: Read-only file system

run #10: basic kernel testing failed: failed to copy test binary to VM: failed to run ["scp" "-P" "22" "-F" "/dev/null" "-o" "UserKnownHostsFile=/dev/null" "-o" "BatchMode=yes" "-o" "IdentitiesOnly=yes" "-o" "StrictHostKeyChecking=no" "-o" "ConnectTimeout=10" "/syzkaller/jobs/linux/gopath/src/github.com/google/syzkaller/bin/linux_amd64/syz-fuzzer" "root@10.128.1.113:./syz-fuzzer"]: exit status 1
Warning: Permanently added '10.128.1.113' (ECDSA) to the list of known hosts.
scp: ./syz-fuzzer: Read-only file system

run #11: basic kernel testing failed: failed to copy test binary to VM: failed to run ["scp" "-P" "22" "-F" "/dev/null" "-o" "UserKnownHostsFile=/dev/null" "-o" "BatchMode=yes" "-o" "IdentitiesOnly=yes" "-o" "StrictHostKeyChecking=no" "-o" "ConnectTimeout=10" "/syzkaller/jobs/linux/gopath/src/github.com/google/syzkaller/bin/linux_amd64/syz-fuzzer" "root@10.128.10.11:./syz-fuzzer"]: exit status 1
Warning: Permanently added '10.128.10.11' (ECDSA) to the list of known hosts.
scp: ./syz-fuzzer: Read-only file system

run #12: basic kernel testing failed: failed to copy test binary to VM: failed to run ["scp" "-P" "22" "-F" "/dev/null" "-o" "UserKnownHostsFile=/dev/null" "-o" "BatchMode=yes" "-o" "IdentitiesOnly=yes" "-o" "StrictHostKeyChecking=no" "-o" "ConnectTimeout=10" "/syzkaller/jobs/linux/gopath/src/github.com/google/syzkaller/bin/linux_amd64/syz-fuzzer" "root@10.128.10.12:./syz-fuzzer"]: exit status 1
Warning: Permanently added '10.128.10.12' (ECDSA) to the list of known hosts.
scp: ./syz-fuzzer: Read-only file system

run #13: basic kernel testing failed: failed to copy test binary to VM: failed to run ["scp" "-P" "22" "-F" "/dev/null" "-o" "UserKnownHostsFile=/dev/null" "-o" "BatchMode=yes" "-o" "IdentitiesOnly=yes" "-o" "StrictHostKeyChecking=no" "-o" "ConnectTimeout=10" "/syzkaller/jobs/linux/gopath/src/github.com/google/syzkaller/bin/linux_amd64/syz-fuzzer" "root@10.128.10.16:./syz-fuzzer"]: exit status 1
Warning: Permanently added '10.128.10.16' (ECDSA) to the list of known hosts.
scp: ./syz-fuzzer: Read-only file system

run #14: basic kernel testing failed: failed to copy test binary to VM: failed to run ["scp" "-P" "22" "-F" "/dev/null" "-o" "UserKnownHostsFile=/dev/null" "-o" "BatchMode=yes" "-o" "IdentitiesOnly=yes" "-o" "StrictHostKeyChecking=no" "-o" "ConnectTimeout=10" "/syzkaller/jobs/linux/gopath/src/github.com/google/syzkaller/bin/linux_amd64/syz-fuzzer" "root@10.128.10.17:./syz-fuzzer"]: exit status 1
Warning: Permanently added '10.128.10.17' (ECDSA) to the list of known hosts.
scp: ./syz-fuzzer: Read-only file system

run #15: basic kernel testing failed: failed to copy test binary to VM: failed to run ["scp" "-P" "22" "-F" "/dev/null" "-o" "UserKnownHostsFile=/dev/null" "-o" "BatchMode=yes" "-o" "IdentitiesOnly=yes" "-o" "StrictHostKeyChecking=no" "-o" "ConnectTimeout=10" "/syzkaller/jobs/linux/gopath/src/github.com/google/syzkaller/bin/linux_amd64/syz-fuzzer" "root@10.128.10.18:./syz-fuzzer"]: exit status 1
Warning: Permanently added '10.128.10.18' (ECDSA) to the list of known hosts.
scp: ./syz-fuzzer: Read-only file system

run #16: basic kernel testing failed: failed to copy test binary to VM: failed to run ["scp" "-P" "22" "-F" "/dev/null" "-o" "UserKnownHostsFile=/dev/null" "-o" "BatchMode=yes" "-o" "IdentitiesOnly=yes" "-o" "StrictHostKeyChecking=no" "-o" "ConnectTimeout=10" "/syzkaller/jobs/linux/gopath/src/github.com/google/syzkaller/bin/linux_amd64/syz-fuzzer" "root@10.128.10.19:./syz-fuzzer"]: exit status 1
Warning: Permanently added '10.128.10.19' (ECDSA) to the list of known hosts.
scp: ./syz-fuzzer: Read-only file system

run #17: basic kernel testing failed: failed to copy test binary to VM: failed to run ["scp" "-P" "22" "-F" "/dev/null" "-o" "UserKnownHostsFile=/dev/null" "-o" "BatchMode=yes" "-o" "IdentitiesOnly=yes" "-o" "StrictHostKeyChecking=no" "-o" "ConnectTimeout=10" "/syzkaller/jobs/linux/gopath/src/github.com/google/syzkaller/bin/linux_amd64/syz-fuzzer" "root@10.128.10.22:./syz-fuzzer"]: exit status 1
Warning: Permanently added '10.128.10.22' (ECDSA) to the list of known hosts.
scp: ./syz-fuzzer: Read-only file system

run #18: basic kernel testing failed: failed to copy test binary to VM: failed to run ["scp" "-P" "22" "-F" "/dev/null" "-o" "UserKnownHostsFile=/dev/null" "-o" "BatchMode=yes" "-o" "IdentitiesOnly=yes" "-o" "StrictHostKeyChecking=no" "-o" "ConnectTimeout=10" "/syzkaller/jobs/linux/gopath/src/github.com/google/syzkaller/bin/linux_amd64/syz-fuzzer" "root@10.128.1.123:./syz-fuzzer"]: exit status 1
Warning: Permanently added '10.128.1.123' (ECDSA) to the list of known hosts.
scp: ./syz-fuzzer: Read-only file system

run #19: basic kernel testing failed: failed to copy test binary to VM: failed to run ["scp" "-P" "22" "-F" "/dev/null" "-o" "UserKnownHostsFile=/dev/null" "-o" "BatchMode=yes" "-o" "IdentitiesOnly=yes" "-o" "StrictHostKeyChecking=no" "-o" "ConnectTimeout=10" "/syzkaller/jobs/linux/gopath/src/github.com/google/syzkaller/bin/linux_amd64/syz-fuzzer" "root@10.128.10.28:./syz-fuzzer"]: exit status 1
Warning: Permanently added '10.128.10.28' (ECDSA) to the list of known hosts.
scp: ./syz-fuzzer: Read-only file system

testing release v5.1
testing commit e93c9c99a629c61837d5a7fc2120cd2b6c70dbdd
compiler: gcc version 8.4.1 20210217 (GCC)
kernel signature: 5dfcbb3b7950c47081628f279414db2bab22c996162900ee97f86e4758ce4086
run #0: basic kernel testing failed: failed to copy test binary to VM: failed to run ["scp" "-P" "22" "-F" "/dev/null" "-o" "UserKnownHostsFile=/dev/null" "-o" "BatchMode=yes" "-o" "IdentitiesOnly=yes" "-o" "StrictHostKeyChecking=no" "-o" "ConnectTimeout=10" "/syzkaller/jobs/linux/gopath/src/github.com/google/syzkaller/bin/linux_amd64/syz-fuzzer" "root@10.128.0.97:./syz-fuzzer"]: exit status 1
Warning: Permanently added '10.128.0.97' (ECDSA) to the list of known hosts.
scp: ./syz-fuzzer: Read-only file system

run #1: basic kernel testing failed: failed to copy test binary to VM: failed to run ["scp" "-P" "22" "-F" "/dev/null" "-o" "UserKnownHostsFile=/dev/null" "-o" "BatchMode=yes" "-o" "IdentitiesOnly=yes" "-o" "StrictHostKeyChecking=no" "-o" "ConnectTimeout=10" "/syzkaller/jobs/linux/gopath/src/github.com/google/syzkaller/bin/linux_amd64/syz-fuzzer" "root@10.128.10.22:./syz-fuzzer"]: exit status 1
Warning: Permanently added '10.128.10.22' (ECDSA) to the list of known hosts.
scp: ./syz-fuzzer: Read-only file system

run #2: basic kernel testing failed: failed to copy test binary to VM: failed to run ["scp" "-P" "22" "-F" "/dev/null" "-o" "UserKnownHostsFile=/dev/null" "-o" "BatchMode=yes" "-o" "IdentitiesOnly=yes" "-o" "StrictHostKeyChecking=no" "-o" "ConnectTimeout=10" "/syzkaller/jobs/linux/gopath/src/github.com/google/syzkaller/bin/linux_amd64/syz-fuzzer" "root@10.128.10.24:./syz-fuzzer"]: exit status 1
Warning: Permanently added '10.128.10.24' (ECDSA) to the list of known hosts.
scp: ./syz-fuzzer: Read-only file system

run #3: basic kernel testing failed: failed to copy test binary to VM: failed to run ["scp" "-P" "22" "-F" "/dev/null" "-o" "UserKnownHostsFile=/dev/null" "-o" "BatchMode=yes" "-o" "IdentitiesOnly=yes" "-o" "StrictHostKeyChecking=no" "-o" "ConnectTimeout=10" "/syzkaller/jobs/linux/gopath/src/github.com/google/syzkaller/bin/linux_amd64/syz-fuzzer" "root@10.128.10.27:./syz-fuzzer"]: exit status 1
Warning: Permanently added '10.128.10.27' (ECDSA) to the list of known hosts.
scp: ./syz-fuzzer: Read-only file system

run #4: basic kernel testing failed: failed to copy test binary to VM: failed to run ["scp" "-P" "22" "-F" "/dev/null" "-o" "UserKnownHostsFile=/dev/null" "-o" "BatchMode=yes" "-o" "IdentitiesOnly=yes" "-o" "StrictHostKeyChecking=no" "-o" "ConnectTimeout=10" "/syzkaller/jobs/linux/gopath/src/github.com/google/syzkaller/bin/linux_amd64/syz-fuzzer" "root@10.128.10.28:./syz-fuzzer"]: exit status 1
Warning: Permanently added '10.128.10.28' (ECDSA) to the list of known hosts.
scp: ./syz-fuzzer: Read-only file system

run #5: basic kernel testing failed: failed to copy test binary to VM: failed to run ["scp" "-P" "22" "-F" "/dev/null" "-o" "UserKnownHostsFile=/dev/null" "-o" "BatchMode=yes" "-o" "IdentitiesOnly=yes" "-o" "StrictHostKeyChecking=no" "-o" "ConnectTimeout=10" "/syzkaller/jobs/linux/gopath/src/github.com/google/syzkaller/bin/linux_amd64/syz-fuzzer" "root@10.128.10.36:./syz-fuzzer"]: exit status 1
Warning: Permanently added '10.128.10.36' (ECDSA) to the list of known hosts.
scp: ./syz-fuzzer: Read-only file system

run #6: basic kernel testing failed: failed to copy test binary to VM: failed to run ["scp" "-P" "22" "-F" "/dev/null" "-o" "UserKnownHostsFile=/dev/null" "-o" "BatchMode=yes" "-o" "IdentitiesOnly=yes" "-o" "StrictHostKeyChecking=no" "-o" "ConnectTimeout=10" "/syzkaller/jobs/linux/gopath/src/github.com/google/syzkaller/bin/linux_amd64/syz-fuzzer" "root@10.128.10.38:./syz-fuzzer"]: exit status 1
Warning: Permanently added '10.128.10.38' (ECDSA) to the list of known hosts.
scp: ./syz-fuzzer: Read-only file system

run #7: basic kernel testing failed: failed to copy test binary to VM: failed to run ["scp" "-P" "22" "-F" "/dev/null" "-o" "UserKnownHostsFile=/dev/null" "-o" "BatchMode=yes" "-o" "IdentitiesOnly=yes" "-o" "StrictHostKeyChecking=no" "-o" "ConnectTimeout=10" "/syzkaller/jobs/linux/gopath/src/github.com/google/syzkaller/bin/linux_amd64/syz-fuzzer" "root@10.128.10.45:./syz-fuzzer"]: exit status 1
Warning: Permanently added '10.128.10.45' (ECDSA) to the list of known hosts.
scp: ./syz-fuzzer: Read-only file system

run #8: basic kernel testing failed: failed to copy test binary to VM: failed to run ["scp" "-P" "22" "-F" "/dev/null" "-o" "UserKnownHostsFile=/dev/null" "-o" "BatchMode=yes" "-o" "IdentitiesOnly=yes" "-o" "StrictHostKeyChecking=no" "-o" "ConnectTimeout=10" "/syzkaller/jobs/linux/gopath/src/github.com/google/syzkaller/bin/linux_amd64/syz-fuzzer" "root@10.128.10.46:./syz-fuzzer"]: exit status 1
Warning: Permanently added '10.128.10.46' (ECDSA) to the list of known hosts.
scp: ./syz-fuzzer: Read-only file system

run #9: basic kernel testing failed: failed to copy test binary to VM: failed to run ["scp" "-P" "22" "-F" "/dev/null" "-o" "UserKnownHostsFile=/dev/null" "-o" "BatchMode=yes" "-o" "IdentitiesOnly=yes" "-o" "StrictHostKeyChecking=no" "-o" "ConnectTimeout=10" "/syzkaller/jobs/linux/gopath/src/github.com/google/syzkaller/bin/linux_amd64/syz-fuzzer" "root@10.128.10.57:./syz-fuzzer"]: exit status 1
Warning: Permanently added '10.128.10.57' (ECDSA) to the list of known hosts.
scp: ./syz-fuzzer: Read-only file system

run #10: basic kernel testing failed: failed to copy test binary to VM: failed to run ["scp" "-P" "22" "-F" "/dev/null" "-o" "UserKnownHostsFile=/dev/null" "-o" "BatchMode=yes" "-o" "IdentitiesOnly=yes" "-o" "StrictHostKeyChecking=no" "-o" "ConnectTimeout=10" "/syzkaller/jobs/linux/gopath/src/github.com/google/syzkaller/bin/linux_amd64/syz-fuzzer" "root@10.128.10.58:./syz-fuzzer"]: exit status 1
Warning: Permanently added '10.128.10.58' (ECDSA) to the list of known hosts.
scp: ./syz-fuzzer: Read-only file system

run #11: basic kernel testing failed: failed to copy test binary to VM: failed to run ["scp" "-P" "22" "-F" "/dev/null" "-o" "UserKnownHostsFile=/dev/null" "-o" "BatchMode=yes" "-o" "IdentitiesOnly=yes" "-o" "StrictHostKeyChecking=no" "-o" "ConnectTimeout=10" "/syzkaller/jobs/linux/gopath/src/github.com/google/syzkaller/bin/linux_amd64/syz-fuzzer" "root@10.128.10.61:./syz-fuzzer"]: exit status 1
Warning: Permanently added '10.128.10.61' (ECDSA) to the list of known hosts.
scp: ./syz-fuzzer: Read-only file system

run #12: basic kernel testing failed: failed to copy test binary to VM: failed to run ["scp" "-P" "22" "-F" "/dev/null" "-o" "UserKnownHostsFile=/dev/null" "-o" "BatchMode=yes" "-o" "IdentitiesOnly=yes" "-o" "StrictHostKeyChecking=no" "-o" "ConnectTimeout=10" "/syzkaller/jobs/linux/gopath/src/github.com/google/syzkaller/bin/linux_amd64/syz-fuzzer" "root@10.128.15.192:./syz-fuzzer"]: exit status 1
Warning: Permanently added '10.128.15.192' (ECDSA) to the list of known hosts.
scp: ./syz-fuzzer: Read-only file system

run #13: basic kernel testing failed: failed to copy test binary to VM: failed to run ["scp" "-P" "22" "-F" "/dev/null" "-o" "UserKnownHostsFile=/dev/null" "-o" "BatchMode=yes" "-o" "IdentitiesOnly=yes" "-o" "StrictHostKeyChecking=no" "-o" "ConnectTimeout=10" "/syzkaller/jobs/linux/gopath/src/github.com/google/syzkaller/bin/linux_amd64/syz-fuzzer" "root@10.128.0.185:./syz-fuzzer"]: exit status 1
Warning: Permanently added '10.128.0.185' (ECDSA) to the list of known hosts.
scp: ./syz-fuzzer: Read-only file system

run #14: basic kernel testing failed: failed to copy test binary to VM: failed to run ["scp" "-P" "22" "-F" "/dev/null" "-o" "UserKnownHostsFile=/dev/null" "-o" "BatchMode=yes" "-o" "IdentitiesOnly=yes" "-o" "StrictHostKeyChecking=no" "-o" "ConnectTimeout=10" "/syzkaller/jobs/linux/gopath/src/github.com/google/syzkaller/bin/linux_amd64/syz-fuzzer" "root@10.128.10.59:./syz-fuzzer"]: exit status 1
Warning: Permanently added '10.128.10.59' (ECDSA) to the list of known hosts.
scp: ./syz-fuzzer: Read-only file system

run #15: basic kernel testing failed: failed to copy test binary to VM: failed to run ["scp" "-P" "22" "-F" "/dev/null" "-o" "UserKnownHostsFile=/dev/null" "-o" "BatchMode=yes" "-o" "IdentitiesOnly=yes" "-o" "StrictHostKeyChecking=no" "-o" "ConnectTimeout=10" "/syzkaller/jobs/linux/gopath/src/github.com/google/syzkaller/bin/linux_amd64/syz-fuzzer" "root@10.128.15.198:./syz-fuzzer"]: exit status 1
Warning: Permanently added '10.128.15.198' (ECDSA) to the list of known hosts.
scp: ./syz-fuzzer: Read-only file system

run #16: basic kernel testing failed: failed to copy test binary to VM: failed to run ["scp" "-P" "22" "-F" "/dev/null" "-o" "UserKnownHostsFile=/dev/null" "-o" "BatchMode=yes" "-o" "IdentitiesOnly=yes" "-o" "StrictHostKeyChecking=no" "-o" "ConnectTimeout=10" "/syzkaller/jobs/linux/gopath/src/github.com/google/syzkaller/bin/linux_amd64/syz-fuzzer" "root@10.128.15.202:./syz-fuzzer"]: exit status 1
Warning: Permanently added '10.128.15.202' (ECDSA) to the list of known hosts.
scp: ./syz-fuzzer: Read-only file system

run #17: basic kernel testing failed: failed to copy test binary to VM: failed to run ["scp" "-P" "22" "-F" "/dev/null" "-o" "UserKnownHostsFile=/dev/null" "-o" "BatchMode=yes" "-o" "IdentitiesOnly=yes" "-o" "StrictHostKeyChecking=no" "-o" "ConnectTimeout=10" "/syzkaller/jobs/linux/gopath/src/github.com/google/syzkaller/bin/linux_amd64/syz-fuzzer" "root@10.128.15.203:./syz-fuzzer"]: exit status 1
Warning: Permanently added '10.128.15.203' (ECDSA) to the list of known hosts.
scp: ./syz-fuzzer: Read-only file system

run #18: basic kernel testing failed: failed to copy test binary to VM: failed to run ["scp" "-P" "22" "-F" "/dev/null" "-o" "UserKnownHostsFile=/dev/null" "-o" "BatchMode=yes" "-o" "IdentitiesOnly=yes" "-o" "StrictHostKeyChecking=no" "-o" "ConnectTimeout=10" "/syzkaller/jobs/linux/gopath/src/github.com/google/syzkaller/bin/linux_amd64/syz-fuzzer" "root@10.128.0.170:./syz-fuzzer"]: exit status 1
Warning: Permanently added '10.128.0.170' (ECDSA) to the list of known hosts.
scp: ./syz-fuzzer: Read-only file system

run #19: basic kernel testing failed: failed to copy test binary to VM: failed to run ["scp" "-P" "22" "-F" "/dev/null" "-o" "UserKnownHostsFile=/dev/null" "-o" "BatchMode=yes" "-o" "IdentitiesOnly=yes" "-o" "StrictHostKeyChecking=no" "-o" "ConnectTimeout=10" "/syzkaller/jobs/linux/gopath/src/github.com/google/syzkaller/bin/linux_amd64/syz-fuzzer" "root@10.128.0.4:./syz-fuzzer"]: exit status 1
Warning: Permanently added '10.128.0.4' (ECDSA) to the list of known hosts.
scp: ./syz-fuzzer: Read-only file system

testing release v5.0
testing commit 1c163f4c7b3f621efff9b28a47abb36f7378d783
compiler: gcc version 8.4.1 20210217 (GCC)
kernel signature: a33c789e04bc6a14a2b18ce84f80f4120264ba69af0cdd697b26999e33be1e08
run #0: basic kernel testing failed: failed to copy test binary to VM: failed to run ["scp" "-P" "22" "-F" "/dev/null" "-o" "UserKnownHostsFile=/dev/null" "-o" "BatchMode=yes" "-o" "IdentitiesOnly=yes" "-o" "StrictHostKeyChecking=no" "-o" "ConnectTimeout=10" "/syzkaller/jobs/linux/gopath/src/github.com/google/syzkaller/bin/linux_amd64/syz-fuzzer" "root@10.128.1.119:./syz-fuzzer"]: exit status 1
Warning: Permanently added '10.128.1.119' (ECDSA) to the list of known hosts.
scp: ./syz-fuzzer: Read-only file system

run #1: basic kernel testing failed: failed to copy test binary to VM: failed to run ["scp" "-P" "22" "-F" "/dev/null" "-o" "UserKnownHostsFile=/dev/null" "-o" "BatchMode=yes" "-o" "IdentitiesOnly=yes" "-o" "StrictHostKeyChecking=no" "-o" "ConnectTimeout=10" "/syzkaller/jobs/linux/gopath/src/github.com/google/syzkaller/bin/linux_amd64/syz-fuzzer" "root@10.128.1.120:./syz-fuzzer"]: exit status 1
Warning: Permanently added '10.128.1.120' (ECDSA) to the list of known hosts.
scp: ./syz-fuzzer: Read-only file system

run #2: basic kernel testing failed: failed to copy test binary to VM: failed to run ["scp" "-P" "22" "-F" "/dev/null" "-o" "UserKnownHostsFile=/dev/null" "-o" "BatchMode=yes" "-o" "IdentitiesOnly=yes" "-o" "StrictHostKeyChecking=no" "-o" "ConnectTimeout=10" "/syzkaller/jobs/linux/gopath/src/github.com/google/syzkaller/bin/linux_amd64/syz-fuzzer" "root@10.128.10.4:./syz-fuzzer"]: exit status 1
Warning: Permanently added '10.128.10.4' (ECDSA) to the list of known hosts.
scp: ./syz-fuzzer: Read-only file system

run #3: basic kernel testing failed: failed to copy test binary to VM: failed to run ["scp" "-P" "22" "-F" "/dev/null" "-o" "UserKnownHostsFile=/dev/null" "-o" "BatchMode=yes" "-o" "IdentitiesOnly=yes" "-o" "StrictHostKeyChecking=no" "-o" "ConnectTimeout=10" "/syzkaller/jobs/linux/gopath/src/github.com/google/syzkaller/bin/linux_amd64/syz-fuzzer" "root@10.128.10.16:./syz-fuzzer"]: exit status 1
Warning: Permanently added '10.128.10.16' (ECDSA) to the list of known hosts.
scp: ./syz-fuzzer: Read-only file system

run #4: basic kernel testing failed: failed to copy test binary to VM: failed to run ["scp" "-P" "22" "-F" "/dev/null" "-o" "UserKnownHostsFile=/dev/null" "-o" "BatchMode=yes" "-o" "IdentitiesOnly=yes" "-o" "StrictHostKeyChecking=no" "-o" "ConnectTimeout=10" "/syzkaller/jobs/linux/gopath/src/github.com/google/syzkaller/bin/linux_amd64/syz-fuzzer" "root@10.128.10.22:./syz-fuzzer"]: exit status 1
Warning: Permanently added '10.128.10.22' (ECDSA) to the list of known hosts.
scp: ./syz-fuzzer: Read-only file system

run #5: basic kernel testing failed: failed to copy test binary to VM: failed to run ["scp" "-P" "22" "-F" "/dev/null" "-o" "UserKnownHostsFile=/dev/null" "-o" "BatchMode=yes" "-o" "IdentitiesOnly=yes" "-o" "StrictHostKeyChecking=no" "-o" "ConnectTimeout=10" "/syzkaller/jobs/linux/gopath/src/github.com/google/syzkaller/bin/linux_amd64/syz-fuzzer" "root@10.128.0.219:./syz-fuzzer"]: exit status 1
Warning: Permanently added '10.128.0.219' (ECDSA) to the list of known hosts.
scp: ./syz-fuzzer: Read-only file system

run #6: basic kernel testing failed: failed to copy test binary to VM: failed to run ["scp" "-P" "22" "-F" "/dev/null" "-o" "UserKnownHostsFile=/dev/null" "-o" "BatchMode=yes" "-o" "IdentitiesOnly=yes" "-o" "StrictHostKeyChecking=no" "-o" "ConnectTimeout=10" "/syzkaller/jobs/linux/gopath/src/github.com/google/syzkaller/bin/linux_amd64/syz-fuzzer" "root@10.128.10.24:./syz-fuzzer"]: exit status 1
Warning: Permanently added '10.128.10.24' (ECDSA) to the list of known hosts.
scp: ./syz-fuzzer: Read-only file system

run #7: basic kernel testing failed: failed to copy test binary to VM: failed to run ["scp" "-P" "22" "-F" "/dev/null" "-o" "UserKnownHostsFile=/dev/null" "-o" "BatchMode=yes" "-o" "IdentitiesOnly=yes" "-o" "StrictHostKeyChecking=no" "-o" "ConnectTimeout=10" "/syzkaller/jobs/linux/gopath/src/github.com/google/syzkaller/bin/linux_amd64/syz-fuzzer" "root@10.128.10.27:./syz-fuzzer"]: exit status 1
Warning: Permanently added '10.128.10.27' (ECDSA) to the list of known hosts.
scp: ./syz-fuzzer: Read-only file system

run #8: basic kernel testing failed: failed to copy test binary to VM: failed to run ["scp" "-P" "22" "-F" "/dev/null" "-o" "UserKnownHostsFile=/dev/null" "-o" "BatchMode=yes" "-o" "IdentitiesOnly=yes" "-o" "StrictHostKeyChecking=no" "-o" "ConnectTimeout=10" "/syzkaller/jobs/linux/gopath/src/github.com/google/syzkaller/bin/linux_amd64/syz-fuzzer" "root@10.128.10.28:./syz-fuzzer"]: exit status 1
Warning: Permanently added '10.128.10.28' (ECDSA) to the list of known hosts.
scp: ./syz-fuzzer: Read-only file system

run #9: basic kernel testing failed: failed to copy test binary to VM: failed to run ["scp" "-P" "22" "-F" "/dev/null" "-o" "UserKnownHostsFile=/dev/null" "-o" "BatchMode=yes" "-o" "IdentitiesOnly=yes" "-o" "StrictHostKeyChecking=no" "-o" "ConnectTimeout=10" "/syzkaller/jobs/linux/gopath/src/github.com/google/syzkaller/bin/linux_amd64/syz-fuzzer" "root@10.128.10.29:./syz-fuzzer"]: exit status 1
Warning: Permanently added '10.128.10.29' (ECDSA) to the list of known hosts.
scp: ./syz-fuzzer: Read-only file system

run #10: basic kernel testing failed: failed to copy test binary to VM: failed to run ["scp" "-P" "22" "-F" "/dev/null" "-o" "UserKnownHostsFile=/dev/null" "-o" "BatchMode=yes" "-o" "IdentitiesOnly=yes" "-o" "StrictHostKeyChecking=no" "-o" "ConnectTimeout=10" "/syzkaller/jobs/linux/gopath/src/github.com/google/syzkaller/bin/linux_amd64/syz-fuzzer" "root@10.128.10.36:./syz-fuzzer"]: exit status 1
Warning: Permanently added '10.128.10.36' (ECDSA) to the list of known hosts.
scp: ./syz-fuzzer: Read-only file system

run #11: basic kernel testing failed: failed to copy test binary to VM: failed to run ["scp" "-P" "22" "-F" "/dev/null" "-o" "UserKnownHostsFile=/dev/null" "-o" "BatchMode=yes" "-o" "IdentitiesOnly=yes" "-o" "StrictHostKeyChecking=no" "-o" "ConnectTimeout=10" "/syzkaller/jobs/linux/gopath/src/github.com/google/syzkaller/bin/linux_amd64/syz-fuzzer" "root@10.128.10.38:./syz-fuzzer"]: exit status 1
Warning: Permanently added '10.128.10.38' (ECDSA) to the list of known hosts.
scp: ./syz-fuzzer: Read-only file system

run #12: basic kernel testing failed: failed to copy test binary to VM: failed to run ["scp" "-P" "22" "-F" "/dev/null" "-o" "UserKnownHostsFile=/dev/null" "-o" "BatchMode=yes" "-o" "IdentitiesOnly=yes" "-o" "StrictHostKeyChecking=no" "-o" "ConnectTimeout=10" "/syzkaller/jobs/linux/gopath/src/github.com/google/syzkaller/bin/linux_amd64/syz-fuzzer" "root@10.128.10.45:./syz-fuzzer"]: exit status 1
Warning: Permanently added '10.128.10.45' (ECDSA) to the list of known hosts.
scp: ./syz-fuzzer: Read-only file system

run #13: basic kernel testing failed: failed to copy test binary to VM: failed to run ["scp" "-P" "22" "-F" "/dev/null" "-o" "UserKnownHostsFile=/dev/null" "-o" "BatchMode=yes" "-o" "IdentitiesOnly=yes" "-o" "StrictHostKeyChecking=no" "-o" "ConnectTimeout=10" "/syzkaller/jobs/linux/gopath/src/github.com/google/syzkaller/bin/linux_amd64/syz-fuzzer" "root@10.128.10.46:./syz-fuzzer"]: exit status 1
Warning: Permanently added '10.128.10.46' (ECDSA) to the list of known hosts.
scp: ./syz-fuzzer: Read-only file system

run #14: basic kernel testing failed: failed to copy test binary to VM: failed to run ["scp" "-P" "22" "-F" "/dev/null" "-o" "UserKnownHostsFile=/dev/null" "-o" "BatchMode=yes" "-o" "IdentitiesOnly=yes" "-o" "StrictHostKeyChecking=no" "-o" "ConnectTimeout=10" "/syzkaller/jobs/linux/gopath/src/github.com/google/syzkaller/bin/linux_amd64/syz-fuzzer" "root@10.128.10.48:./syz-fuzzer"]: exit status 1
Warning: Permanently added '10.128.10.48' (ECDSA) to the list of known hosts.
scp: ./syz-fuzzer: Read-only file system

run #15: basic kernel testing failed: failed to copy test binary to VM: failed to run ["scp" "-P" "22" "-F" "/dev/null" "-o" "UserKnownHostsFile=/dev/null" "-o" "BatchMode=yes" "-o" "IdentitiesOnly=yes" "-o" "StrictHostKeyChecking=no" "-o" "ConnectTimeout=10" "/syzkaller/jobs/linux/gopath/src/github.com/google/syzkaller/bin/linux_amd64/syz-fuzzer" "root@10.128.10.50:./syz-fuzzer"]: exit status 1
Warning: Permanently added '10.128.10.50' (ECDSA) to the list of known hosts.
scp: ./syz-fuzzer: Read-only file system

run #16: basic kernel testing failed: failed to copy test binary to VM: failed to run ["scp" "-P" "22" "-F" "/dev/null" "-o" "UserKnownHostsFile=/dev/null" "-o" "BatchMode=yes" "-o" "IdentitiesOnly=yes" "-o" "StrictHostKeyChecking=no" "-o" "ConnectTimeout=10" "/syzkaller/jobs/linux/gopath/src/github.com/google/syzkaller/bin/linux_amd64/syz-fuzzer" "root@10.128.10.51:./syz-fuzzer"]: exit status 1
Warning: Permanently added '10.128.10.51' (ECDSA) to the list of known hosts.
scp: ./syz-fuzzer: Read-only file system

run #17: basic kernel testing failed: failed to copy test binary to VM: failed to run ["scp" "-P" "22" "-F" "/dev/null" "-o" "UserKnownHostsFile=/dev/null" "-o" "BatchMode=yes" "-o" "IdentitiesOnly=yes" "-o" "StrictHostKeyChecking=no" "-o" "ConnectTimeout=10" "/syzkaller/jobs/linux/gopath/src/github.com/google/syzkaller/bin/linux_amd64/syz-fuzzer" "root@10.128.0.118:./syz-fuzzer"]: exit status 1
Warning: Permanently added '10.128.0.118' (ECDSA) to the list of known hosts.
scp: ./syz-fuzzer: Read-only file system

run #18: basic kernel testing failed: failed to copy test binary to VM: failed to run ["scp" "-P" "22" "-F" "/dev/null" "-o" "UserKnownHostsFile=/dev/null" "-o" "BatchMode=yes" "-o" "IdentitiesOnly=yes" "-o" "StrictHostKeyChecking=no" "-o" "ConnectTimeout=10" "/syzkaller/jobs/linux/gopath/src/github.com/google/syzkaller/bin/linux_amd64/syz-fuzzer" "root@10.128.10.35:./syz-fuzzer"]: exit status 1
Warning: Permanently added '10.128.10.35' (ECDSA) to the list of known hosts.
scp: ./syz-fuzzer: Read-only file system

run #19: basic kernel testing failed: failed to copy test binary to VM: failed to run ["scp" "-P" "22" "-F" "/dev/null" "-o" "UserKnownHostsFile=/dev/null" "-o" "BatchMode=yes" "-o" "IdentitiesOnly=yes" "-o" "StrictHostKeyChecking=no" "-o" "ConnectTimeout=10" "/syzkaller/jobs/linux/gopath/src/github.com/google/syzkaller/bin/linux_amd64/syz-fuzzer" "root@10.128.10.57:./syz-fuzzer"]: exit status 1
Warning: Permanently added '10.128.10.57' (ECDSA) to the list of known hosts.
scp: ./syz-fuzzer: Read-only file system

testing release v4.20
testing commit 8fe28cb58bcb235034b64cbbb7550a8a43fd88be
compiler: gcc version 8.4.1 20210217 (GCC)
kernel signature: 95905d80ddc914fe11ae034c10af268a099413ebbd90e24b11d0ca8c04de466c
run #0: basic kernel testing failed: failed to copy test binary to VM: failed to run ["scp" "-P" "22" "-F" "/dev/null" "-o" "UserKnownHostsFile=/dev/null" "-o" "BatchMode=yes" "-o" "IdentitiesOnly=yes" "-o" "StrictHostKeyChecking=no" "-o" "ConnectTimeout=10" "/syzkaller/jobs/linux/gopath/src/github.com/google/syzkaller/bin/linux_amd64/syz-fuzzer" "root@10.128.10.16:./syz-fuzzer"]: exit status 1
Warning: Permanently added '10.128.10.16' (ECDSA) to the list of known hosts.
scp: ./syz-fuzzer: Read-only file system

run #1: basic kernel testing failed: failed to copy test binary to VM: failed to run ["scp" "-P" "22" "-F" "/dev/null" "-o" "UserKnownHostsFile=/dev/null" "-o" "BatchMode=yes" "-o" "IdentitiesOnly=yes" "-o" "StrictHostKeyChecking=no" "-o" "ConnectTimeout=10" "/syzkaller/jobs/linux/gopath/src/github.com/google/syzkaller/bin/linux_amd64/syz-fuzzer" "root@10.128.10.21:./syz-fuzzer"]: exit status 1
Warning: Permanently added '10.128.10.21' (ECDSA) to the list of known hosts.
scp: ./syz-fuzzer: Read-only file system

run #2: basic kernel testing failed: failed to copy test binary to VM: failed to run ["scp" "-P" "22" "-F" "/dev/null" "-o" "UserKnownHostsFile=/dev/null" "-o" "BatchMode=yes" "-o" "IdentitiesOnly=yes" "-o" "StrictHostKeyChecking=no" "-o" "ConnectTimeout=10" "/syzkaller/jobs/linux/gopath/src/github.com/google/syzkaller/bin/linux_amd64/syz-fuzzer" "root@10.128.10.22:./syz-fuzzer"]: exit status 1
Warning: Permanently added '10.128.10.22' (ECDSA) to the list of known hosts.
scp: ./syz-fuzzer: Read-only file system

run #3: basic kernel testing failed: failed to copy test binary to VM: failed to run ["scp" "-P" "22" "-F" "/dev/null" "-o" "UserKnownHostsFile=/dev/null" "-o" "BatchMode=yes" "-o" "IdentitiesOnly=yes" "-o" "StrictHostKeyChecking=no" "-o" "ConnectTimeout=10" "/syzkaller/jobs/linux/gopath/src/github.com/google/syzkaller/bin/linux_amd64/syz-fuzzer" "root@10.128.10.37:./syz-fuzzer"]: exit status 1
Warning: Permanently added '10.128.10.37' (ECDSA) to the list of known hosts.
scp: ./syz-fuzzer: Read-only file system

run #4: basic kernel testing failed: failed to copy test binary to VM: failed to run ["scp" "-P" "22" "-F" "/dev/null" "-o" "UserKnownHostsFile=/dev/null" "-o" "BatchMode=yes" "-o" "IdentitiesOnly=yes" "-o" "StrictHostKeyChecking=no" "-o" "ConnectTimeout=10" "/syzkaller/jobs/linux/gopath/src/github.com/google/syzkaller/bin/linux_amd64/syz-fuzzer" "root@10.128.10.53:./syz-fuzzer"]: exit status 1
Warning: Permanently added '10.128.10.53' (ECDSA) to the list of known hosts.
scp: ./syz-fuzzer: Read-only file system

run #5: basic kernel testing failed: failed to copy test binary to VM: failed to run ["scp" "-P" "22" "-F" "/dev/null" "-o" "UserKnownHostsFile=/dev/null" "-o" "BatchMode=yes" "-o" "IdentitiesOnly=yes" "-o" "StrictHostKeyChecking=no" "-o" "ConnectTimeout=10" "/syzkaller/jobs/linux/gopath/src/github.com/google/syzkaller/bin/linux_amd64/syz-fuzzer" "root@10.128.10.54:./syz-fuzzer"]: exit status 1
Warning: Permanently added '10.128.10.54' (ECDSA) to the list of known hosts.
scp: ./syz-fuzzer: Read-only file system

run #6: basic kernel testing failed: failed to copy test binary to VM: failed to run ["scp" "-P" "22" "-F" "/dev/null" "-o" "UserKnownHostsFile=/dev/null" "-o" "BatchMode=yes" "-o" "IdentitiesOnly=yes" "-o" "StrictHostKeyChecking=no" "-o" "ConnectTimeout=10" "/syzkaller/jobs/linux/gopath/src/github.com/google/syzkaller/bin/linux_amd64/syz-fuzzer" "root@10.128.10.55:./syz-fuzzer"]: exit status 1
Warning: Permanently added '10.128.10.55' (ECDSA) to the list of known hosts.
scp: ./syz-fuzzer: Read-only file system

run #7: basic kernel testing failed: failed to copy test binary to VM: failed to run ["scp" "-P" "22" "-F" "/dev/null" "-o" "UserKnownHostsFile=/dev/null" "-o" "BatchMode=yes" "-o" "IdentitiesOnly=yes" "-o" "StrictHostKeyChecking=no" "-o" "ConnectTimeout=10" "/syzkaller/jobs/linux/gopath/src/github.com/google/syzkaller/bin/linux_amd64/syz-fuzzer" "root@10.128.10.59:./syz-fuzzer"]: exit status 1
Warning: Permanently added '10.128.10.59' (ECDSA) to the list of known hosts.
scp: ./syz-fuzzer: Read-only file system

run #8: basic kernel testing failed: failed to copy test binary to VM: failed to run ["scp" "-P" "22" "-F" "/dev/null" "-o" "UserKnownHostsFile=/dev/null" "-o" "BatchMode=yes" "-o" "IdentitiesOnly=yes" "-o" "StrictHostKeyChecking=no" "-o" "ConnectTimeout=10" "/syzkaller/jobs/linux/gopath/src/github.com/google/syzkaller/bin/linux_amd64/syz-fuzzer" "root@10.128.10.62:./syz-fuzzer"]: exit status 1
Warning: Permanently added '10.128.10.62' (ECDSA) to the list of known hosts.
scp: ./syz-fuzzer: Read-only file system

run #9: basic kernel testing failed: failed to copy test binary to VM: failed to run ["scp" "-P" "22" "-F" "/dev/null" "-o" "UserKnownHostsFile=/dev/null" "-o" "BatchMode=yes" "-o" "IdentitiesOnly=yes" "-o" "StrictHostKeyChecking=no" "-o" "ConnectTimeout=10" "/syzkaller/jobs/linux/gopath/src/github.com/google/syzkaller/bin/linux_amd64/syz-fuzzer" "root@10.128.15.195:./syz-fuzzer"]: exit status 1
Warning: Permanently added '10.128.15.195' (ECDSA) to the list of known hosts.
scp: ./syz-fuzzer: Read-only file system

run #10: basic kernel testing failed: failed to copy test binary to VM: failed to run ["scp" "-P" "22" "-F" "/dev/null" "-o" "UserKnownHostsFile=/dev/null" "-o" "BatchMode=yes" "-o" "IdentitiesOnly=yes" "-o" "StrictHostKeyChecking=no" "-o" "ConnectTimeout=10" "/syzkaller/jobs/linux/gopath/src/github.com/google/syzkaller/bin/linux_amd64/syz-fuzzer" "root@10.128.15.198:./syz-fuzzer"]: exit status 1
Warning: Permanently added '10.128.15.198' (ECDSA) to the list of known hosts.
scp: ./syz-fuzzer: Read-only file system

run #11: basic kernel testing failed: failed to copy test binary to VM: failed to run ["scp" "-P" "22" "-F" "/dev/null" "-o" "UserKnownHostsFile=/dev/null" "-o" "BatchMode=yes" "-o" "IdentitiesOnly=yes" "-o" "StrictHostKeyChecking=no" "-o" "ConnectTimeout=10" "/syzkaller/jobs/linux/gopath/src/github.com/google/syzkaller/bin/linux_amd64/syz-fuzzer" "root@10.128.15.199:./syz-fuzzer"]: exit status 1
Warning: Permanently added '10.128.15.199' (ECDSA) to the list of known hosts.
scp: ./syz-fuzzer: Read-only file system

run #12: basic kernel testing failed: failed to copy test binary to VM: failed to run ["scp" "-P" "22" "-F" "/dev/null" "-o" "UserKnownHostsFile=/dev/null" "-o" "BatchMode=yes" "-o" "IdentitiesOnly=yes" "-o" "StrictHostKeyChecking=no" "-o" "ConnectTimeout=10" "/syzkaller/jobs/linux/gopath/src/github.com/google/syzkaller/bin/linux_amd64/syz-fuzzer" "root@10.128.0.46:./syz-fuzzer"]: exit status 1
Warning: Permanently added '10.128.0.46' (ECDSA) to the list of known hosts.
scp: ./syz-fuzzer: Read-only file system

run #13: basic kernel testing failed: failed to copy test binary to VM: failed to run ["scp" "-P" "22" "-F" "/dev/null" "-o" "UserKnownHostsFile=/dev/null" "-o" "BatchMode=yes" "-o" "IdentitiesOnly=yes" "-o" "StrictHostKeyChecking=no" "-o" "ConnectTimeout=10" "/syzkaller/jobs/linux/gopath/src/github.com/google/syzkaller/bin/linux_amd64/syz-fuzzer" "root@10.128.15.201:./syz-fuzzer"]: exit status 1
Warning: Permanently added '10.128.15.201' (ECDSA) to the list of known hosts.
scp: ./syz-fuzzer: Read-only file system

run #14: basic kernel testing failed: failed to copy test binary to VM: failed to run ["scp" "-P" "22" "-F" "/dev/null" "-o" "UserKnownHostsFile=/dev/null" "-o" "BatchMode=yes" "-o" "IdentitiesOnly=yes" "-o" "StrictHostKeyChecking=no" "-o" "ConnectTimeout=10" "/syzkaller/jobs/linux/gopath/src/github.com/google/syzkaller/bin/linux_amd64/syz-fuzzer" "root@10.128.15.202:./syz-fuzzer"]: exit status 1
Warning: Permanently added '10.128.15.202' (ECDSA) to the list of known hosts.
scp: ./syz-fuzzer: Read-only file system

run #15: basic kernel testing failed: failed to copy test binary to VM: failed to run ["scp" "-P" "22" "-F" "/dev/null" "-o" "UserKnownHostsFile=/dev/null" "-o" "BatchMode=yes" "-o" "IdentitiesOnly=yes" "-o" "StrictHostKeyChecking=no" "-o" "ConnectTimeout=10" "/syzkaller/jobs/linux/gopath/src/github.com/google/syzkaller/bin/linux_amd64/syz-fuzzer" "root@10.128.15.203:./syz-fuzzer"]: exit status 1
Warning: Permanently added '10.128.15.203' (ECDSA) to the list of known hosts.
scp: ./syz-fuzzer: Read-only file system

run #16: basic kernel testing failed: failed to copy test binary to VM: failed to run ["scp" "-P" "22" "-F" "/dev/null" "-o" "UserKnownHostsFile=/dev/null" "-o" "BatchMode=yes" "-o" "IdentitiesOnly=yes" "-o" "StrictHostKeyChecking=no" "-o" "ConnectTimeout=10" "/syzkaller/jobs/linux/gopath/src/github.com/google/syzkaller/bin/linux_amd64/syz-fuzzer" "root@10.128.15.204:./syz-fuzzer"]: exit status 1
Warning: Permanently added '10.128.15.204' (ECDSA) to the list of known hosts.
scp: ./syz-fuzzer: Read-only file system

run #17: basic kernel testing failed: failed to copy test binary to VM: failed to run ["scp" "-P" "22" "-F" "/dev/null" "-o" "UserKnownHostsFile=/dev/null" "-o" "BatchMode=yes" "-o" "IdentitiesOnly=yes" "-o" "StrictHostKeyChecking=no" "-o" "ConnectTimeout=10" "/syzkaller/jobs/linux/gopath/src/github.com/google/syzkaller/bin/linux_amd64/syz-fuzzer" "root@10.128.15.205:./syz-fuzzer"]: exit status 1
Warning: Permanently added '10.128.15.205' (ECDSA) to the list of known hosts.
scp: ./syz-fuzzer: Read-only file system

run #18: basic kernel testing failed: failed to copy test binary to VM: failed to run ["scp" "-P" "22" "-F" "/dev/null" "-o" "UserKnownHostsFile=/dev/null" "-o" "BatchMode=yes" "-o" "IdentitiesOnly=yes" "-o" "StrictHostKeyChecking=no" "-o" "ConnectTimeout=10" "/syzkaller/jobs/linux/gopath/src/github.com/google/syzkaller/bin/linux_amd64/syz-fuzzer" "root@10.128.15.206:./syz-fuzzer"]: exit status 1
Warning: Permanently added '10.128.15.206' (ECDSA) to the list of known hosts.
scp: ./syz-fuzzer: Read-only file system

run #19: basic kernel testing failed: failed to copy test binary to VM: failed to run ["scp" "-P" "22" "-F" "/dev/null" "-o" "UserKnownHostsFile=/dev/null" "-o" "BatchMode=yes" "-o" "IdentitiesOnly=yes" "-o" "StrictHostKeyChecking=no" "-o" "ConnectTimeout=10" "/syzkaller/jobs/linux/gopath/src/github.com/google/syzkaller/bin/linux_amd64/syz-fuzzer" "root@10.128.15.208:./syz-fuzzer"]: exit status 1
Warning: Permanently added '10.128.15.208' (ECDSA) to the list of known hosts.
scp: ./syz-fuzzer: Read-only file system

testing release v4.19
testing commit 84df9525b0c27f3ebc2ebb1864fa62a97fdedb7d
compiler: gcc version 8.4.1 20210217 (GCC)
kernel signature: 2e9226f54ae65473a3019cd71228d52ca2a502c02033910c10169e4e48ab0723
run #0: basic kernel testing failed: failed to copy test binary to VM: failed to run ["scp" "-P" "22" "-F" "/dev/null" "-o" "UserKnownHostsFile=/dev/null" "-o" "BatchMode=yes" "-o" "IdentitiesOnly=yes" "-o" "StrictHostKeyChecking=no" "-o" "ConnectTimeout=10" "/syzkaller/jobs/linux/gopath/src/github.com/google/syzkaller/bin/linux_amd64/syz-fuzzer" "root@10.128.10.48:./syz-fuzzer"]: exit status 1
Warning: Permanently added '10.128.10.48' (ECDSA) to the list of known hosts.
scp: ./syz-fuzzer: Read-only file system

run #1: basic kernel testing failed: failed to copy test binary to VM: failed to run ["scp" "-P" "22" "-F" "/dev/null" "-o" "UserKnownHostsFile=/dev/null" "-o" "BatchMode=yes" "-o" "IdentitiesOnly=yes" "-o" "StrictHostKeyChecking=no" "-o" "ConnectTimeout=10" "/syzkaller/jobs/linux/gopath/src/github.com/google/syzkaller/bin/linux_amd64/syz-fuzzer" "root@10.128.10.50:./syz-fuzzer"]: exit status 1
Warning: Permanently added '10.128.10.50' (ECDSA) to the list of known hosts.
scp: ./syz-fuzzer: Read-only file system

run #2: basic kernel testing failed: failed to copy test binary to VM: failed to run ["scp" "-P" "22" "-F" "/dev/null" "-o" "UserKnownHostsFile=/dev/null" "-o" "BatchMode=yes" "-o" "IdentitiesOnly=yes" "-o" "StrictHostKeyChecking=no" "-o" "ConnectTimeout=10" "/syzkaller/jobs/linux/gopath/src/github.com/google/syzkaller/bin/linux_amd64/syz-fuzzer" "root@10.128.10.51:./syz-fuzzer"]: exit status 1
Warning: Permanently added '10.128.10.51' (ECDSA) to the list of known hosts.
scp: ./syz-fuzzer: Read-only file system

run #3: basic kernel testing failed: failed to copy test binary to VM: failed to run ["scp" "-P" "22" "-F" "/dev/null" "-o" "UserKnownHostsFile=/dev/null" "-o" "BatchMode=yes" "-o" "IdentitiesOnly=yes" "-o" "StrictHostKeyChecking=no" "-o" "ConnectTimeout=10" "/syzkaller/jobs/linux/gopath/src/github.com/google/syzkaller/bin/linux_amd64/syz-fuzzer" "root@10.128.10.52:./syz-fuzzer"]: exit status 1
Warning: Permanently added '10.128.10.52' (ECDSA) to the list of known hosts.
scp: ./syz-fuzzer: Read-only file system

run #4: basic kernel testing failed: failed to copy test binary to VM: failed to run ["scp" "-P" "22" "-F" "/dev/null" "-o" "UserKnownHostsFile=/dev/null" "-o" "BatchMode=yes" "-o" "IdentitiesOnly=yes" "-o" "StrictHostKeyChecking=no" "-o" "ConnectTimeout=10" "/syzkaller/jobs/linux/gopath/src/github.com/google/syzkaller/bin/linux_amd64/syz-fuzzer" "root@10.128.10.53:./syz-fuzzer"]: exit status 1
Warning: Permanently added '10.128.10.53' (ECDSA) to the list of known hosts.
scp: ./syz-fuzzer: Read-only file system

run #5: basic kernel testing failed: failed to copy test binary to VM: failed to run ["scp" "-P" "22" "-F" "/dev/null" "-o" "UserKnownHostsFile=/dev/null" "-o" "BatchMode=yes" "-o" "IdentitiesOnly=yes" "-o" "StrictHostKeyChecking=no" "-o" "ConnectTimeout=10" "/syzkaller/jobs/linux/gopath/src/github.com/google/syzkaller/bin/linux_amd64/syz-fuzzer" "root@10.128.10.54:./syz-fuzzer"]: exit status 1
Warning: Permanently added '10.128.10.54' (ECDSA) to the list of known hosts.
scp: ./syz-fuzzer: Read-only file system

run #6: basic kernel testing failed: failed to copy test binary to VM: failed to run ["scp" "-P" "22" "-F" "/dev/null" "-o" "UserKnownHostsFile=/dev/null" "-o" "BatchMode=yes" "-o" "IdentitiesOnly=yes" "-o" "StrictHostKeyChecking=no" "-o" "ConnectTimeout=10" "/syzkaller/jobs/linux/gopath/src/github.com/google/syzkaller/bin/linux_amd64/syz-fuzzer" "root@10.128.10.55:./syz-fuzzer"]: exit status 1
Warning: Permanently added '10.128.10.55' (ECDSA) to the list of known hosts.
scp: ./syz-fuzzer: Read-only file system

run #7: basic kernel testing failed: failed to copy test binary to VM: failed to run ["scp" "-P" "22" "-F" "/dev/null" "-o" "UserKnownHostsFile=/dev/null" "-o" "BatchMode=yes" "-o" "IdentitiesOnly=yes" "-o" "StrictHostKeyChecking=no" "-o" "ConnectTimeout=10" "/syzkaller/jobs/linux/gopath/src/github.com/google/syzkaller/bin/linux_amd64/syz-fuzzer" "root@10.128.10.57:./syz-fuzzer"]: exit status 1
Warning: Permanently added '10.128.10.57' (ECDSA) to the list of known hosts.
scp: ./syz-fuzzer: Read-only file system

run #8: basic kernel testing failed: failed to copy test binary to VM: failed to run ["scp" "-P" "22" "-F" "/dev/null" "-o" "UserKnownHostsFile=/dev/null" "-o" "BatchMode=yes" "-o" "IdentitiesOnly=yes" "-o" "StrictHostKeyChecking=no" "-o" "ConnectTimeout=10" "/syzkaller/jobs/linux/gopath/src/github.com/google/syzkaller/bin/linux_amd64/syz-fuzzer" "root@10.128.10.58:./syz-fuzzer"]: exit status 1
Warning: Permanently added '10.128.10.58' (ECDSA) to the list of known hosts.
scp: ./syz-fuzzer: Read-only file system

run #9: basic kernel testing failed: failed to copy test binary to VM: failed to run ["scp" "-P" "22" "-F" "/dev/null" "-o" "UserKnownHostsFile=/dev/null" "-o" "BatchMode=yes" "-o" "IdentitiesOnly=yes" "-o" "StrictHostKeyChecking=no" "-o" "ConnectTimeout=10" "/syzkaller/jobs/linux/gopath/src/github.com/google/syzkaller/bin/linux_amd64/syz-fuzzer" "root@10.128.10.59:./syz-fuzzer"]: exit status 1
Warning: Permanently added '10.128.10.59' (ECDSA) to the list of known hosts.
scp: ./syz-fuzzer: Read-only file system

run #10: basic kernel testing failed: failed to copy test binary to VM: failed to run ["scp" "-P" "22" "-F" "/dev/null" "-o" "UserKnownHostsFile=/dev/null" "-o" "BatchMode=yes" "-o" "IdentitiesOnly=yes" "-o" "StrictHostKeyChecking=no" "-o" "ConnectTimeout=10" "/syzkaller/jobs/linux/gopath/src/github.com/google/syzkaller/bin/linux_amd64/syz-fuzzer" "root@10.128.10.60:./syz-fuzzer"]: exit status 1
Warning: Permanently added '10.128.10.60' (ECDSA) to the list of known hosts.
scp: ./syz-fuzzer: Read-only file system

run #11: basic kernel testing failed: failed to copy test binary to VM: failed to run ["scp" "-P" "22" "-F" "/dev/null" "-o" "UserKnownHostsFile=/dev/null" "-o" "BatchMode=yes" "-o" "IdentitiesOnly=yes" "-o" "StrictHostKeyChecking=no" "-o" "ConnectTimeout=10" "/syzkaller/jobs/linux/gopath/src/github.com/google/syzkaller/bin/linux_amd64/syz-fuzzer" "root@10.128.10.61:./syz-fuzzer"]: exit status 1
Warning: Permanently added '10.128.10.61' (ECDSA) to the list of known hosts.
scp: ./syz-fuzzer: Read-only file system

run #12: basic kernel testing failed: failed to copy test binary to VM: failed to run ["scp" "-P" "22" "-F" "/dev/null" "-o" "UserKnownHostsFile=/dev/null" "-o" "BatchMode=yes" "-o" "IdentitiesOnly=yes" "-o" "StrictHostKeyChecking=no" "-o" "ConnectTimeout=10" "/syzkaller/jobs/linux/gopath/src/github.com/google/syzkaller/bin/linux_amd64/syz-fuzzer" "root@10.128.10.62:./syz-fuzzer"]: exit status 1
Warning: Permanently added '10.128.10.62' (ECDSA) to the list of known hosts.
scp: ./syz-fuzzer: Read-only file system

run #13: basic kernel testing failed: failed to copy test binary to VM: failed to run ["scp" "-P" "22" "-F" "/dev/null" "-o" "UserKnownHostsFile=/dev/null" "-o" "BatchMode=yes" "-o" "IdentitiesOnly=yes" "-o" "StrictHostKeyChecking=no" "-o" "ConnectTimeout=10" "/syzkaller/jobs/linux/gopath/src/github.com/google/syzkaller/bin/linux_amd64/syz-fuzzer" "root@10.128.15.192:./syz-fuzzer"]: exit status 1
Warning: Permanently added '10.128.15.192' (ECDSA) to the list of known hosts.
scp: ./syz-fuzzer: Read-only file system

run #14: basic kernel testing failed: failed to copy test binary to VM: failed to run ["scp" "-P" "22" "-F" "/dev/null" "-o" "UserKnownHostsFile=/dev/null" "-o" "BatchMode=yes" "-o" "IdentitiesOnly=yes" "-o" "StrictHostKeyChecking=no" "-o" "ConnectTimeout=10" "/syzkaller/jobs/linux/gopath/src/github.com/google/syzkaller/bin/linux_amd64/syz-fuzzer" "root@10.128.15.194:./syz-fuzzer"]: exit status 1
Warning: Permanently added '10.128.15.194' (ECDSA) to the list of known hosts.
scp: ./syz-fuzzer: Read-only file system

run #15: basic kernel testing failed: failed to copy test binary to VM: failed to run ["scp" "-P" "22" "-F" "/dev/null" "-o" "UserKnownHostsFile=/dev/null" "-o" "BatchMode=yes" "-o" "IdentitiesOnly=yes" "-o" "StrictHostKeyChecking=no" "-o" "ConnectTimeout=10" "/syzkaller/jobs/linux/gopath/src/github.com/google/syzkaller/bin/linux_amd64/syz-fuzzer" "root@10.128.15.195:./syz-fuzzer"]: exit status 1
Warning: Permanently added '10.128.15.195' (ECDSA) to the list of known hosts.
scp: ./syz-fuzzer: Read-only file system

run #16: basic kernel testing failed: failed to copy test binary to VM: failed to run ["scp" "-P" "22" "-F" "/dev/null" "-o" "UserKnownHostsFile=/dev/null" "-o" "BatchMode=yes" "-o" "IdentitiesOnly=yes" "-o" "StrictHostKeyChecking=no" "-o" "ConnectTimeout=10" "/syzkaller/jobs/linux/gopath/src/github.com/google/syzkaller/bin/linux_amd64/syz-fuzzer" "root@10.128.15.199:./syz-fuzzer"]: exit status 1
Warning: Permanently added '10.128.15.199' (ECDSA) to the list of known hosts.
scp: ./syz-fuzzer: Read-only file system

run #17: basic kernel testing failed: failed to copy test binary to VM: failed to run ["scp" "-P" "22" "-F" "/dev/null" "-o" "UserKnownHostsFile=/dev/null" "-o" "BatchMode=yes" "-o" "IdentitiesOnly=yes" "-o" "StrictHostKeyChecking=no" "-o" "ConnectTimeout=10" "/syzkaller/jobs/linux/gopath/src/github.com/google/syzkaller/bin/linux_amd64/syz-fuzzer" "root@10.128.15.201:./syz-fuzzer"]: exit status 1
Warning: Permanently added '10.128.15.201' (ECDSA) to the list of known hosts.
scp: ./syz-fuzzer: Read-only file system

run #18: basic kernel testing failed: failed to copy test binary to VM: failed to run ["scp" "-P" "22" "-F" "/dev/null" "-o" "UserKnownHostsFile=/dev/null" "-o" "BatchMode=yes" "-o" "IdentitiesOnly=yes" "-o" "StrictHostKeyChecking=no" "-o" "ConnectTimeout=10" "/syzkaller/jobs/linux/gopath/src/github.com/google/syzkaller/bin/linux_amd64/syz-fuzzer" "root@10.128.15.206:./syz-fuzzer"]: exit status 1
Warning: Permanently added '10.128.15.206' (ECDSA) to the list of known hosts.
scp: ./syz-fuzzer: Read-only file system

run #19: basic kernel testing failed: failed to copy test binary to VM: failed to run ["scp" "-P" "22" "-F" "/dev/null" "-o" "UserKnownHostsFile=/dev/null" "-o" "BatchMode=yes" "-o" "IdentitiesOnly=yes" "-o" "StrictHostKeyChecking=no" "-o" "ConnectTimeout=10" "/syzkaller/jobs/linux/gopath/src/github.com/google/syzkaller/bin/linux_amd64/syz-fuzzer" "root@10.128.15.207:./syz-fuzzer"]: exit status 1
Warning: Permanently added '10.128.15.207' (ECDSA) to the list of known hosts.
scp: ./syz-fuzzer: Read-only file system

testing release v4.18
testing commit 94710cac0ef4ee177a63b5227664b38c95bbf703
compiler: gcc version 8.4.1 20210217 (GCC)
kernel signature: d619938449e03059127c572fe512ab25250f34b6f79fafee351d126743156879
all runs: boot failed: kernel panic: Attempted to kill init!
testing release v4.17
testing commit 29dcea88779c856c7dc92040a0c01233263101d4
compiler: gcc (GCC) 8.4.1 20210217
failed to run ["make" "-j" "64" "ARCH=x86_64" "CC=/syzkaller/shared/bisect_bin/gcc-8.1.0/bin/gcc" "bzImage"]: exit status 2
testing release v4.16
testing commit 0adb32858b0bddf4ada5f364a84ed60b196dbcda
compiler: gcc (GCC) 8.4.1 20210217
orc_dump.c:106:2: error: 'elf_getshnum' is deprecated [-Werror=deprecated-declarations]
orc_dump.c:111:2: error: 'elf_getshstrndx' is deprecated [-Werror=deprecated-declarations]
elf.c:135:2: error: 'elf_getshnum' is deprecated [-Werror=deprecated-declarations]
elf.c:140:2: error: 'elf_getshstrndx' is deprecated [-Werror=deprecated-declarations]
testing release v4.15
testing commit d8a5b80568a9cb66810e75b182018e9edb68e8ff
compiler: gcc (GCC) 8.4.1 20210217
orc_dump.c:106:2: error: 'elf_getshnum' is deprecated [-Werror=deprecated-declarations]
orc_dump.c:111:2: error: 'elf_getshstrndx' is deprecated [-Werror=deprecated-declarations]
pager.c:36:12: error: passing argument 2 to 'restrict'-qualified parameter aliases with argument 4 [-Werror=restrict]
elf.c:135:2: error: 'elf_getshnum' is deprecated [-Werror=deprecated-declarations]
elf.c:140:2: error: 'elf_getshstrndx' is deprecated [-Werror=deprecated-declarations]
testing release v4.14
testing commit bebc6082da0a9f5d47a1ea2edc099bf671058bd4
compiler: gcc (GCC) 8.4.1 20210217
orc_dump.c:105:2: error: 'elf_getshnum' is deprecated [-Werror=deprecated-declarations]
orc_dump.c:110:2: error: 'elf_getshstrndx' is deprecated [-Werror=deprecated-declarations]
pager.c:36:12: error: passing argument 2 to 'restrict'-qualified parameter aliases with argument 4 [-Werror=restrict]
elf.c:134:2: error: 'elf_getshnum' is deprecated [-Werror=deprecated-declarations]
elf.c:139:2: error: 'elf_getshstrndx' is deprecated [-Werror=deprecated-declarations]
testing release v4.13
testing commit 569dbb88e80deb68974ef6fdd6a13edb9d686261
compiler: gcc (GCC) 8.4.1 20210217
pager.c:35:12: error: passing argument 2 to 'restrict'-qualified parameter aliases with argument 4 [-Werror=restrict]
elf.c:144:2: error: 'elf_getshnum' is deprecated [-Werror=deprecated-declarations]
elf.c:149:2: error: 'elf_getshstrndx' is deprecated [-Werror=deprecated-declarations]
testing release v4.12
testing commit 6f7da290413ba713f0cdd9ff1a2a9bb129ef4f6c
compiler: gcc (GCC) 8.4.1 20210217
pager.c:35:12: error: passing argument 2 to 'restrict'-qualified parameter aliases with argument 4 [-Werror=restrict]
elf.c:141:2: error: 'elf_getshnum' is deprecated [-Werror=deprecated-declarations]
elf.c:146:2: error: 'elf_getshstrndx' is deprecated [-Werror=deprecated-declarations]
testing release v4.11
testing commit a351e9b9fc24e982ec2f0e76379a49826036da12
compiler: gcc (GCC) 7.5.0
elf.c:141:2: error: 'elf_getshnum' is deprecated [-Werror=deprecated-declarations]
elf.c:146:2: error: 'elf_getshstrndx' is deprecated [-Werror=deprecated-declarations]
pager.c:35:12: error: passing argument 2 to 'restrict'-qualified parameter aliases with argument 4 [-Werror=restrict]
testing release v4.10
testing commit c470abd4fde40ea6a0846a2beab642a578c0b8cd
compiler: gcc (GCC) 5.5.0
tools/include/linux/log2.h:19:1: error: ignoring attribute 'noreturn' because it conflicts with attribute 'const' [-Werror=attributes]
elf.c:129:2: error: 'elf_getshnum' is deprecated [-Werror=deprecated-declarations]
elf.c:134:2: error: 'elf_getshstrndx' is deprecated [-Werror=deprecated-declarations]
pager.c:35:12: error: passing argument 2 to 'restrict'-qualified parameter aliases with argument 4 [-Werror=restrict]
testing release v4.9
testing commit 69973b830859bc6529a7a0468ba0d80ee5117826
compiler: gcc (GCC) 5.5.0
tools/include/linux/log2.h:19:1: error: ignoring attribute 'noreturn' because it conflicts with attribute 'const' [-Werror=attributes]
elf.c:129:2: error: 'elf_getshnum' is deprecated [-Werror=deprecated-declarations]
elf.c:134:2: error: 'elf_getshstrndx' is deprecated [-Werror=deprecated-declarations]
pager.c:35:12: error: passing argument 2 to 'restrict'-qualified parameter aliases with argument 4 [-Werror=restrict]
testing release v4.8
testing commit c8d2bc9bc39ebea8437fd974fdbc21847bb897a3
compiler: gcc (GCC) 5.5.0
tools/include/linux/log2.h:19:1: error: ignoring attribute 'noreturn' because it conflicts with attribute 'const' [-Werror=attributes]
elf.c:129:2: error: 'elf_getshnum' is deprecated [-Werror=deprecated-declarations]
elf.c:134:2: error: 'elf_getshstrndx' is deprecated [-Werror=deprecated-declarations]
pager.c:33:12: error: passing argument 2 to 'restrict'-qualified parameter aliases with argument 4 [-Werror=restrict]
testing release v4.7
testing commit 523d939ef98fd712632d93a5a2b588e477a7565e
compiler: gcc (GCC) 5.5.0
tools/include/linux/log2.h:19:1: error: ignoring attribute 'noreturn' because it conflicts with attribute 'const' [-Werror=attributes]
elf.c:122:2: error: 'elf_getshnum' is deprecated [-Werror=deprecated-declarations]
elf.c:127:2: error: 'elf_getshstrndx' is deprecated [-Werror=deprecated-declarations]
pager.c:33:12: error: passing argument 2 to 'restrict'-qualified parameter aliases with argument 4 [-Werror=restrict]
testing release v4.6
testing commit 2dcd0af568b0cf583645c8a317dd12e344b1c72a
compiler: gcc (GCC) 5.5.0
tools/include/linux/log2.h:19:1: error: ignoring attribute 'noreturn' because it conflicts with attribute 'const' [-Werror=attributes]
pager.c:33:12: error: passing argument 2 to 'restrict'-qualified parameter aliases with argument 4 [-Werror=restrict]
Reproducer flagged being flaky
revisions tested: 21, total time: 3h38m41.850836253s (build: 2h9m5.122450175s, test: 1h24m15.061668419s)
the crash already happened on the oldest tested release
commit msg: Linux 5.11
crash: INFO: rcu detected stall in dummy_timer
usbtmc 4-1:0.0: unknown status received: -71
usbtmc 5-1:0.0: unknown status received: -71
usbtmc 3-1:0.0: unknown status received: -71
usbtmc 6-1:0.0: unknown status received: -71
rcu: INFO: rcu_preempt self-detected stall on CPU
rcu: 	1-....: (9950 ticks this GP) idle=8be/1/0x4000000000000000 softirq=9258/9258 fqs=5190 
	(t=10500 jiffies g=9221 q=4517)
NMI backtrace for cpu 1
CPU: 1 PID: 35 Comm: kworker/1:1 Not tainted 5.11.0-syzkaller #0
Hardware name: Google Google Compute Engine/Google Compute Engine, BIOS Google 01/01/2011
Workqueue: usb_hub_wq hub_event
Call Trace:
 <IRQ>
 __dump_stack lib/dump_stack.c:79 [inline]
 dump_stack+0x9a/0xcc lib/dump_stack.c:120
 nmi_cpu_backtrace.cold+0x30/0x99 lib/nmi_backtrace.c:105
 nmi_trigger_cpumask_backtrace+0x18f/0x1d0 lib/nmi_backtrace.c:62
 trigger_single_cpu_backtrace include/linux/nmi.h:164 [inline]
 rcu_dump_cpu_stacks+0x1f4/0x230 kernel/rcu/tree_stall.h:337
 print_cpu_stall kernel/rcu/tree_stall.h:569 [inline]
 check_cpu_stall kernel/rcu/tree_stall.h:643 [inline]
 rcu_pending kernel/rcu/tree.c:3751 [inline]
 rcu_sched_clock_irq.cold+0x48e/0xedf kernel/rcu/tree.c:2580
 update_process_times+0x13b/0x1c0 kernel/time/timer.c:1782
 tick_sched_handle+0x6f/0x130 kernel/time/tick-sched.c:226
 tick_sched_timer+0x132/0x210 kernel/time/tick-sched.c:1369
 __run_hrtimer kernel/time/hrtimer.c:1519 [inline]
 __hrtimer_run_queues+0x18a/0xb00 kernel/time/hrtimer.c:1583
 hrtimer_interrupt+0x300/0x930 kernel/time/hrtimer.c:1645
 local_apic_timer_interrupt arch/x86/kernel/apic/apic.c:1089 [inline]
 __sysvec_apic_timer_interrupt+0x146/0x540 arch/x86/kernel/apic/apic.c:1106
 run_sysvec_on_irqstack_cond arch/x86/include/asm/irq_stack.h:91 [inline]
 sysvec_apic_timer_interrupt+0x48/0x100 arch/x86/kernel/apic/apic.c:1100
 asm_sysvec_apic_timer_interrupt+0x12/0x20 arch/x86/include/asm/idtentry.h:629
RIP: 0010:__raw_spin_unlock_irqrestore include/linux/spinlock_api_smp.h:161 [inline]
RIP: 0010:_raw_spin_unlock_irqrestore+0x25/0x50 kernel/locking/spinlock.c:191
Code: f8 5d c3 66 90 55 48 89 fd 48 83 c7 18 53 48 89 f3 48 8b 74 24 10 e8 4a 15 21 f9 48 89 ef e8 f2 c9 21 f9 f6 c7 02 75 1a 53 9d <bf> 01 00 00 00 e8 f1 a8 15 f9 65 8b 05 6a 19 d2 77 85 c0 74 0a 5b
RSP: 0018:ffffc90000db0b40 EFLAGS: 00000246
RAX: 0000000000053c42 RBX: 0000000000000246 RCX: ffffffff81506cee
RDX: 0000000000000000 RSI: ffffffff888af2a0 RDI: ffffffff88dc5000
RBP: ffff88801da04000 R08: 0000000000000001 R09: ffffffff8e0c6917
R10: fffffbfff1c18d22 R11: ffff888146dc1438 R12: ffff888011db5200
R13: ffff888146dc1438 R14: ffff888011db5200 R15: dffffc0000000000
 spin_unlock_irqrestore include/linux/spinlock.h:409 [inline]
 dummy_timer+0x113d/0x2d60 drivers/usb/gadget/udc/dummy_hcd.c:1985
 call_timer_fn+0x163/0x4b0 kernel/time/timer.c:1417
 expire_timers kernel/time/timer.c:1462 [inline]
 __run_timers.part.0+0x52a/0x8b0 kernel/time/timer.c:1731
 __run_timers kernel/time/timer.c:1712 [inline]
 run_timer_softirq+0x9c/0x190 kernel/time/timer.c:1744
 __do_softirq+0x29b/0x9f6 kernel/softirq.c:343
 asm_call_irq_on_stack+0xf/0x20
 </IRQ>
 __run_on_irqstack arch/x86/include/asm/irq_stack.h:26 [inline]
 run_on_irqstack_cond arch/x86/include/asm/irq_stack.h:77 [inline]
 do_softirq_own_stack+0xaa/0xd0 arch/x86/kernel/irq_64.c:77
 invoke_softirq kernel/softirq.c:226 [inline]
 __irq_exit_rcu kernel/softirq.c:420 [inline]
 irq_exit_rcu+0x134/0x200 kernel/softirq.c:432
 sysvec_apic_timer_interrupt+0x4d/0x100 arch/x86/kernel/apic/apic.c:1100
 asm_sysvec_apic_timer_interrupt+0x12/0x20 arch/x86/include/asm/idtentry.h:629
RIP: 0010:lock_release+0x3d5/0x710 kernel/locking/lockdep.c:5450
Code: 15 02 00 00 48 c7 c7 60 f2 8a 88 e8 15 cf dc 06 b8 ff ff ff ff 65 0f c1 05 f8 11 b1 7e 83 f8 01 0f 85 67 01 00 00 ff 34 24 9d <48> b8 00 00 00 00 00 fc ff df 48 01 c5 48 c7 45 00 00 00 00 00 c7
RSP: 0018:ffffc90000e4f058 EFLAGS: 00000246
RAX: 0000000000000001 RBX: 1be8a7b6befdad03 RCX: ffffc90000e4f0a8
RDX: 1ffff1100266e4ba RSI: ffffffff888af260 RDI: ffffffff88dc5000
RBP: 1ffff920001c9e0d R08: 0000000000000000 R09: 0000000000000000
R10: 0000000000000001 R11: 000000000000000c R12: 0000000000000004
R13: 0000000000000005 R14: ffff8880133725d8 R15: ffff888013371c00
 local_lock_release include/linux/local_lock_internal.h:48 [inline]
 idr_preload_end include/linux/idr.h:174 [inline]
 __kernfs_new_node+0x28f/0x7b0 fs/kernfs/dir.c:638
 kernfs_new_node+0x73/0x110 fs/kernfs/dir.c:688
 __kernfs_create_file+0x27/0x2e0 fs/kernfs/file.c:985
 sysfs_add_file_mode_ns+0x1ae/0x4f0 fs/sysfs/file.c:306
 create_files fs/sysfs/group.c:64 [inline]
 internal_create_group+0x262/0x9a0 fs/sysfs/group.c:149
 internal_create_groups.part.0+0x77/0x100 fs/sysfs/group.c:189
 device_add_groups drivers/base/core.c:2204 [inline]
 device_add_attrs drivers/base/core.c:2363 [inline]
 device_add+0x787/0x1ad0 drivers/base/core.c:3060
 usb_create_ep_devs+0x156/0x260 drivers/usb/core/endpoint.c:196
 create_intf_ep_devs.isra.0+0x113/0x190 drivers/usb/core/message.c:1247
 usb_set_configuration+0xa40/0x17e0 drivers/usb/core/message.c:2170
 usb_generic_driver_probe+0x74/0xa0 drivers/usb/core/generic.c:238
 usb_probe_device+0x98/0x240 drivers/usb/core/driver.c:293
 really_probe+0x1fd/0xc60 drivers/base/dd.c:554
 driver_probe_device+0x1ed/0x380 drivers/base/dd.c:740
 bus_for_each_drv+0x11e/0x1a0 drivers/base/bus.c:431
 __device_attach+0x1db/0x400 drivers/base/dd.c:914
 bus_probe_device+0x19d/0x250 drivers/base/bus.c:491
 device_add+0x99a/0x1ad0 drivers/base/core.c:3109
 usb_new_device.cold+0x650/0xe76 drivers/usb/core/hub.c:2555
 hub_port_connect drivers/usb/core/hub.c:5223 [inline]
 hub_port_connect_change drivers/usb/core/hub.c:5363 [inline]
 port_event drivers/usb/core/hub.c:5509 [inline]
 hub_event+0x10a3/0x36b0 drivers/usb/core/hub.c:5591
 process_one_work+0x828/0x1390 kernel/workqueue.c:2275
 process_scheduled_works kernel/workqueue.c:2337 [inline]
 worker_thread+0x733/0xf80 kernel/workqueue.c:2423
 kthread+0x36f/0x450 kernel/kthread.c:292
 ret_from_fork+0x1f/0x30 arch/x86/entry/entry_64.S:296
usbtmc 4-1:0.0: unknown status received: -71
usbtmc 3-1:0.0: unknown status received: -71
usbtmc 5-1:0.0: unknown status received: -71
usbtmc 6-1:0.0: unknown status received: -71
usbtmc 6-1:0.0: unknown status received: -71
usbtmc 3-1:0.0: unknown status received: -71
usbtmc 3-1:0.0: usb_submit_urb failed: -19
usbtmc 4-1:0.0: unknown status received: -71
usbtmc 4-1:0.0: usb_submit_urb failed: -19
usbtmc 5-1:0.0: unknown status received: -71
usbtmc 5-1:0.0: unknown status received: -71
usbtmc 6-1:0.0: unknown status received: -71
usbtmc 6-1:0.0: unknown status received: -71
usbtmc 6-1:0.0: usb_submit_urb failed: -19
usbtmc 3-1:0.0: unknown status received: -71
usbtmc 3-1:0.0: usb_submit_urb failed: -19
usbtmc 4-1:0.0: unknown status received: -71
usbtmc 4-1:0.0: unknown status received: -71
usbtmc 4-1:0.0: usb_submit_urb failed: -19
usbtmc 2-1:0.0: unknown status received: -71
usbtmc 2-1:0.0: unknown status received: -71
usbtmc 2-1:0.0: unknown status received: -71
usbtmc 2-1:0.0: usb_submit_urb failed: -19
usbtmc 5-1:0.0: unknown status received: -71
usbtmc 5-1:0.0: usb_submit_urb failed: -19
usbtmc 3-1:0.0: unknown status received: -71
usbtmc 3-1:0.0: unknown status received: -71
usbtmc 3-1:0.0: usb_submit_urb failed: -19
usbtmc 5-1:0.0: unknown status received: -71
usbtmc 4-1:0.0: unknown status received: -71
usbtmc 4-1:0.0: usb_submit_urb failed: -19
usbtmc 5-1:0.0: unknown status received: -71
usbtmc 5-1:0.0: unknown status received: -71
usbtmc 5-1:0.0: usb_submit_urb failed: -19
usbtmc 6-1:0.0: unknown status received: -71
usbtmc 6-1:0.0: usb_submit_urb failed: -19
usbtmc 3-1:0.0: unknown status received: -71
usbtmc 3-1:0.0: unknown status received: -71
usbtmc 3-1:0.0: usb_submit_urb failed: -19
usbtmc 4-1:0.0: unknown status received: -71
usbtmc 4-1:0.0: usb_submit_urb failed: -19
usbtmc 5-1:0.0: unknown status received: -71
usbtmc 5-1:0.0: unknown status received: -71
usbtmc 5-1:0.0: unknown status received: -71
usbtmc 5-1:0.0: unknown status received: -71
usbtmc 5-1:0.0: unknown status received: -71
usbtmc 6-1:0.0: unknown status received: -71
usbtmc 6-1:0.0: unknown status received: -71
usbtmc 6-1:0.0: unknown status received: -71
usbtmc 6-1:0.0: usb_submit_urb failed: -19
usbtmc 2-1:0.0: unknown status received: -71
usbtmc 2-1:0.0: usb_submit_urb failed: -19
usbtmc 4-1:0.0: unknown status received: -71
usbtmc 4-1:0.0: usb_submit_urb failed: -19
usbtmc 5-1:0.0: unknown status received: -71
usbtmc 5-1:0.0: unknown status received: -71
usbtmc 5-1:0.0: unknown status received: -71
usbtmc 5-1:0.0: usb_submit_urb failed: -19
usbtmc 6-1:0.0: unknown status received: -71
usbtmc 5-1:0.0: unknown status received: -71
usbtmc 4-1:0.0: unknown status received: -71
usbtmc 4-1:0.0: unknown status received: -71
usbtmc 5-1:0.0: unknown status received: -71
usbtmc 5-1:0.0: unknown status received: -71
usbtmc 4-1:0.0: unknown status received: -71
usbtmc 4-1:0.0: usb_submit_urb failed: -19
usbtmc 5-1:0.0: unknown status received: -71
usbtmc 3-1:0.0: unknown status received: -71
usbtmc 3-1:0.0: usb_submit_urb failed: -19
----------------
Code disassembly (best guess):
   0:	f8                   	clc
   1:	5d                   	pop    %rbp
   2:	c3                   	retq
   3:	66 90                	xchg   %ax,%ax
   5:	55                   	push   %rbp
   6:	48 89 fd             	mov    %rdi,%rbp
   9:	48 83 c7 18          	add    $0x18,%rdi
   d:	53                   	push   %rbx
   e:	48 89 f3             	mov    %rsi,%rbx
  11:	48 8b 74 24 10       	mov    0x10(%rsp),%rsi
  16:	e8 4a 15 21 f9       	callq  0xf9211565
  1b:	48 89 ef             	mov    %rbp,%rdi
  1e:	e8 f2 c9 21 f9       	callq  0xf921ca15
  23:	f6 c7 02             	test   $0x2,%bh
  26:	75 1a                	jne    0x42
  28:	53                   	push   %rbx
  29:	9d                   	popfq
* 2a:	bf 01 00 00 00       	mov    $0x1,%edi <-- trapping instruction
  2f:	e8 f1 a8 15 f9       	callq  0xf915a925
  34:	65 8b 05 6a 19 d2 77 	mov    %gs:0x77d2196a(%rip),%eax        # 0x77d219a5
  3b:	85 c0                	test   %eax,%eax
  3d:	74 0a                	je     0x49
  3f:	5b                   	pop    %rbx

