bisecting cause commit starting from 45ab9400e73f34103e73c18a73280c9aa1650e98
building syzkaller on 131df97d431404458e805009bda794abfb00f45f
testing commit 45ab9400e73f34103e73c18a73280c9aa1650e98
compiler: gcc (GCC) 10.2.1 20210217, GNU ld (GNU Binutils for Debian) 2.35.2
kernel signature: ab383aacf287e11f716938c2c19cf1d25da23253d9e0f2c58b8c00902e844d3b
run #0: basic kernel testing failed: BUG: program execution failed: executor NUM: exit status NUM
run #1: crashed: possible deadlock in snd_pcm_period_elapsed
run #2: crashed: possible deadlock in snd_pcm_period_elapsed
run #3: crashed: possible deadlock in snd_pcm_period_elapsed
run #4: crashed: possible deadlock in snd_pcm_period_elapsed
run #5: crashed: possible deadlock in snd_pcm_period_elapsed
run #6: crashed: possible deadlock in snd_pcm_period_elapsed
run #7: crashed: possible deadlock in snd_pcm_period_elapsed
run #8: crashed: possible deadlock in snd_pcm_period_elapsed
run #9: crashed: possible deadlock in snd_pcm_period_elapsed
run #10: crashed: possible deadlock in snd_pcm_period_elapsed
run #11: crashed: possible deadlock in snd_pcm_period_elapsed
run #12: crashed: possible deadlock in snd_pcm_period_elapsed
run #13: crashed: possible deadlock in snd_pcm_period_elapsed
run #14: crashed: possible deadlock in snd_pcm_period_elapsed
run #15: crashed: possible deadlock in snd_pcm_period_elapsed
run #16: crashed: possible deadlock in snd_pcm_period_elapsed
run #17: crashed: possible deadlock in snd_pcm_period_elapsed
run #18: crashed: possible deadlock in snd_pcm_period_elapsed
run #19: crashed: possible deadlock in snd_pcm_period_elapsed
testing release v5.17
testing commit f443e374ae131c168a065ea1748feac6b2e76613
compiler: gcc (GCC) 10.2.1 20210217, GNU ld (GNU Binutils for Debian) 2.35.2
kernel signature: 5093247ee96ef8b62ae02ef6145d27a89e7a2c619aa596f05a9c64f66d40ad14
all runs: crashed: possible deadlock in snd_pcm_period_elapsed
testing release v5.16
testing commit df0cc57e057f18e44dac8e6c18aba47ab53202f9
compiler: gcc (GCC) 10.2.1 20210217, GNU ld (GNU Binutils for Debian) 2.35.2
kernel signature: aef43b6099aeb8e007f81b02a3f6fcdcb46abf92478fc205c4a4ceddcedd38ec
all runs: crashed: possible deadlock in snd_pcm_period_elapsed
testing release v5.15
testing commit 8bb7eca972ad531c9b149c0a51ab43a417385813
compiler: gcc (GCC) 10.2.1 20210217, GNU ld (GNU Binutils for Debian) 2.35.2
kernel signature: 1230799b6dd15150d82cf8d9e6234d47fc443a6424f8f3fa3d005a03fe6ead74
all runs: crashed: possible deadlock in snd_pcm_period_elapsed
testing release v5.14
testing commit 7d2a07b769330c34b4deabeed939325c77a7ec2f
compiler: gcc (GCC) 10.2.1 20210217, GNU ld (GNU Binutils for Debian) 2.35.2
kernel signature: b8a691c884168d9f0bf7a347ae705a537a922e80717e056c9497e756e03f6d33
all runs: crashed: possible deadlock in snd_pcm_period_elapsed
testing release v5.13
testing commit 62fb9874f5da54fdb243003b386128037319b219
compiler: gcc (GCC) 10.2.1 20210217, GNU ld (GNU Binutils for Debian) 2.35.2
kernel signature: 9c98d804175262822b0aa37800287438963962b90bc350cc4b7b0d3a3a448039
run #0: basic kernel testing failed: BUG: sleeping function called from invalid context in lock_sock_nested
run #1: crashed: possible deadlock in snd_pcm_period_elapsed
run #2: crashed: possible deadlock in snd_pcm_period_elapsed
run #3: crashed: possible deadlock in snd_pcm_period_elapsed
run #4: crashed: possible deadlock in snd_pcm_period_elapsed
run #5: crashed: possible deadlock in snd_pcm_period_elapsed
run #6: crashed: possible deadlock in snd_pcm_period_elapsed
run #7: crashed: possible deadlock in snd_pcm_period_elapsed
run #8: crashed: possible deadlock in snd_pcm_period_elapsed
run #9: crashed: possible deadlock in snd_pcm_period_elapsed
testing release v5.12
testing commit 9f4ad9e425a1d3b6a34617b8ea226d56a119a717
compiler: gcc (GCC) 10.2.1 20210217, GNU ld (GNU Binutils for Debian) 2.35.2
kernel signature: b01d6c8e5dedec3e3bc429ee09c331b0c10b9a1bb411d801ddd5040676421929
all runs: crashed: possible deadlock in snd_pcm_period_elapsed
testing release v5.11
testing commit f40ddce88593482919761f74910f42f4b84c004b
compiler: gcc (GCC) 10.2.1 20210217, GNU ld (GNU Binutils for Debian) 2.35.2
kernel signature: 4fd1e26870f452ec0b7af5049c771c94764c9f2be49a5d6b181938215b79a6a2
all runs: crashed: possible deadlock in snd_pcm_period_elapsed
testing release v5.10
testing commit 2c85ebc57b3e1817b6ce1a6b703928e113a90442
compiler: gcc (GCC) 10.2.1 20210217, GNU ld (GNU Binutils for Debian) 2.35.2
kernel signature: 94e778048c69bfdec8f76e69d9702bbd3208db49bf97135b92c0fd936bb816da
all runs: basic kernel testing failed: KASAN: use-after-free Read in task_active_pid_ns
testing release v5.9
testing commit bbf5c979011a099af5dc76498918ed7df445635b
compiler: gcc (GCC) 10.2.1 20210217, GNU ld (GNU Binutils for Debian) 2.35.2
kernel signature: 9970609d7570b34bebd2487c41f38483f9b963a1c59bc07f82ea3a3f37aee324
all runs: basic kernel testing failed: KASAN: use-after-free Read in task_active_pid_ns
testing release v5.8
testing commit bcf876870b95592b52519ed4aafcf9d95999bc9c
compiler: gcc (GCC) 8.4.1 20210217, GNU ld (GNU Binutils for Debian) 2.35.2
kernel signature: ca5bc40a1943758b280ee3fd1b151edd10ebb63fff2965c6f5b5e018fdb6c6b6
failed: failed to create VM pool: failed to create GCE image: create image operation failed: &{Code:PERMISSIONS_ERROR Location: Message:Required 'read' permission for 'disks/ci-upstream-kasan-gce-smack-root-bisect-job-bisect-job-image.tar.gz' ForceSendFields:[] NullFields:[]}.
testing release v5.7
testing commit 3d77e6a8804abcc0504c904bd6e5cdf3a5cf8162
compiler: gcc version 8.4.1 20210217 (GCC), GNU ld (GNU Binutils for Debian) 2.35.2
kernel signature: d43dcb7334adbd1582ec96fdde7ffc7ed30f06d0b09f68b819df7c27b92165dd
all runs: basic kernel testing failed: KASAN: use-after-free Read in task_active_pid_ns
testing release v5.6
testing commit 7111951b8d4973bda27ff663f2cf18b663d15b48
compiler: gcc version 8.4.1 20210217 (GCC)
kernel signature: 774df99f0a79770d3dd71805446ab5046671213dfc256b7769972a9068009c1f
all runs: basic kernel testing failed: KASAN: use-after-free Read in task_active_pid_ns
testing release v5.5
testing commit d5226fa6dbae0569ee43ecfc08bdcd6770fc4755
compiler: gcc version 8.4.1 20210217 (GCC)
kernel signature: 4e36b24650a72cc61650183d320455fcdd2030d29f1e902798afed3b4466eb80
all runs: basic kernel testing failed: KASAN: use-after-free Read in task_active_pid_ns
testing release v5.4
testing commit 219d54332a09e8d8741c1e1982f5eae56099de85
compiler: gcc version 8.4.1 20210217 (GCC)
kernel signature: 6d82ce4f37e241def28ab000cd00acb8b5a2591673a921763413b034e6d42c59
run #0: basic kernel testing failed: KASAN: use-after-free Read in task_active_pid_ns
run #1: basic kernel testing failed: KASAN: use-after-free Read in __task_pid_nr_ns
run #2: basic kernel testing failed: KASAN: use-after-free Read in task_active_pid_ns
run #3: basic kernel testing failed: KASAN: use-after-free Read in task_active_pid_ns
run #4: basic kernel testing failed: KASAN: use-after-free Read in task_active_pid_ns
run #5: basic kernel testing failed: KASAN: use-after-free Read in task_active_pid_ns
run #6: basic kernel testing failed: KASAN: use-after-free Read in task_active_pid_ns
run #7: basic kernel testing failed: KASAN: use-after-free Read in task_active_pid_ns
run #8: basic kernel testing failed: KASAN: use-after-free Read in task_active_pid_ns
run #9: basic kernel testing failed: KASAN: use-after-free Read in task_active_pid_ns
testing release v5.3
testing commit 4d856f72c10ecb060868ed10ff1b1453943fc6c8
compiler: gcc version 8.4.1 20210217 (GCC)
kernel signature: bf2efb15bd28246324e3563be7788437c52017c77a939e43becedbf376aa3c47
run #0: basic kernel testing failed: failed to copy test binary to VM: failed to run ["scp" "-P" "22" "-F" "/dev/null" "-o" "UserKnownHostsFile=/dev/null" "-o" "BatchMode=yes" "-o" "IdentitiesOnly=yes" "-o" "StrictHostKeyChecking=no" "-o" "ConnectTimeout=10" "/syzkaller/jobs/linux/gopath/src/github.com/google/syzkaller/bin/linux_amd64/syz-fuzzer" "root@10.128.10.43:./syz-fuzzer"]: exit status 1
Warning: Permanently added '10.128.10.43' (ECDSA) to the list of known hosts.
scp: ./syz-fuzzer: Read-only file system

run #1: basic kernel testing failed: failed to copy test binary to VM: failed to run ["scp" "-P" "22" "-F" "/dev/null" "-o" "UserKnownHostsFile=/dev/null" "-o" "BatchMode=yes" "-o" "IdentitiesOnly=yes" "-o" "StrictHostKeyChecking=no" "-o" "ConnectTimeout=10" "/syzkaller/jobs/linux/gopath/src/github.com/google/syzkaller/bin/linux_amd64/syz-fuzzer" "root@10.128.10.44:./syz-fuzzer"]: exit status 1
Warning: Permanently added '10.128.10.44' (ECDSA) to the list of known hosts.
scp: ./syz-fuzzer: Read-only file system

run #2: basic kernel testing failed: failed to copy test binary to VM: failed to run ["scp" "-P" "22" "-F" "/dev/null" "-o" "UserKnownHostsFile=/dev/null" "-o" "BatchMode=yes" "-o" "IdentitiesOnly=yes" "-o" "StrictHostKeyChecking=no" "-o" "ConnectTimeout=10" "/syzkaller/jobs/linux/gopath/src/github.com/google/syzkaller/bin/linux_amd64/syz-fuzzer" "root@10.128.10.31:./syz-fuzzer"]: exit status 1
Warning: Permanently added '10.128.10.31' (ECDSA) to the list of known hosts.
scp: ./syz-fuzzer: Read-only file system

run #3: basic kernel testing failed: failed to copy test binary to VM: failed to run ["scp" "-P" "22" "-F" "/dev/null" "-o" "UserKnownHostsFile=/dev/null" "-o" "BatchMode=yes" "-o" "IdentitiesOnly=yes" "-o" "StrictHostKeyChecking=no" "-o" "ConnectTimeout=10" "/syzkaller/jobs/linux/gopath/src/github.com/google/syzkaller/bin/linux_amd64/syz-fuzzer" "root@10.128.10.45:./syz-fuzzer"]: exit status 1
Warning: Permanently added '10.128.10.45' (ECDSA) to the list of known hosts.
scp: ./syz-fuzzer: Read-only file system

run #4: basic kernel testing failed: failed to copy test binary to VM: failed to run ["scp" "-P" "22" "-F" "/dev/null" "-o" "UserKnownHostsFile=/dev/null" "-o" "BatchMode=yes" "-o" "IdentitiesOnly=yes" "-o" "StrictHostKeyChecking=no" "-o" "ConnectTimeout=10" "/syzkaller/jobs/linux/gopath/src/github.com/google/syzkaller/bin/linux_amd64/syz-fuzzer" "root@10.128.10.49:./syz-fuzzer"]: exit status 1
Warning: Permanently added '10.128.10.49' (ECDSA) to the list of known hosts.
scp: ./syz-fuzzer: Read-only file system

run #5: basic kernel testing failed: failed to copy test binary to VM: failed to run ["scp" "-P" "22" "-F" "/dev/null" "-o" "UserKnownHostsFile=/dev/null" "-o" "BatchMode=yes" "-o" "IdentitiesOnly=yes" "-o" "StrictHostKeyChecking=no" "-o" "ConnectTimeout=10" "/syzkaller/jobs/linux/gopath/src/github.com/google/syzkaller/bin/linux_amd64/syz-fuzzer" "root@10.128.10.51:./syz-fuzzer"]: exit status 1
Warning: Permanently added '10.128.10.51' (ECDSA) to the list of known hosts.
scp: ./syz-fuzzer: Read-only file system

run #6: basic kernel testing failed: failed to copy test binary to VM: failed to run ["scp" "-P" "22" "-F" "/dev/null" "-o" "UserKnownHostsFile=/dev/null" "-o" "BatchMode=yes" "-o" "IdentitiesOnly=yes" "-o" "StrictHostKeyChecking=no" "-o" "ConnectTimeout=10" "/syzkaller/jobs/linux/gopath/src/github.com/google/syzkaller/bin/linux_amd64/syz-fuzzer" "root@10.128.10.56:./syz-fuzzer"]: exit status 1
Warning: Permanently added '10.128.10.56' (ECDSA) to the list of known hosts.
scp: ./syz-fuzzer: Read-only file system

run #7: basic kernel testing failed: failed to copy test binary to VM: failed to run ["scp" "-P" "22" "-F" "/dev/null" "-o" "UserKnownHostsFile=/dev/null" "-o" "BatchMode=yes" "-o" "IdentitiesOnly=yes" "-o" "StrictHostKeyChecking=no" "-o" "ConnectTimeout=10" "/syzkaller/jobs/linux/gopath/src/github.com/google/syzkaller/bin/linux_amd64/syz-fuzzer" "root@10.128.10.60:./syz-fuzzer"]: exit status 1
Warning: Permanently added '10.128.10.60' (ECDSA) to the list of known hosts.
scp: ./syz-fuzzer: Read-only file system

run #8: basic kernel testing failed: failed to copy test binary to VM: failed to run ["scp" "-P" "22" "-F" "/dev/null" "-o" "UserKnownHostsFile=/dev/null" "-o" "BatchMode=yes" "-o" "IdentitiesOnly=yes" "-o" "StrictHostKeyChecking=no" "-o" "ConnectTimeout=10" "/syzkaller/jobs/linux/gopath/src/github.com/google/syzkaller/bin/linux_amd64/syz-fuzzer" "root@10.128.10.54:./syz-fuzzer"]: exit status 1
Warning: Permanently added '10.128.10.54' (ECDSA) to the list of known hosts.
scp: ./syz-fuzzer: Read-only file system

run #9: basic kernel testing failed: failed to copy test binary to VM: failed to run ["scp" "-P" "22" "-F" "/dev/null" "-o" "UserKnownHostsFile=/dev/null" "-o" "BatchMode=yes" "-o" "IdentitiesOnly=yes" "-o" "StrictHostKeyChecking=no" "-o" "ConnectTimeout=10" "/syzkaller/jobs/linux/gopath/src/github.com/google/syzkaller/bin/linux_amd64/syz-fuzzer" "root@10.128.10.61:./syz-fuzzer"]: exit status 1
Warning: Permanently added '10.128.10.61' (ECDSA) to the list of known hosts.
scp: ./syz-fuzzer: Read-only file system

testing release v5.2
testing commit 0ecfebd2b52404ae0c54a878c872bb93363ada36
compiler: gcc version 8.4.1 20210217 (GCC)
kernel signature: 0d255ab32a1dbf40104f1d161d46ddba4ba7d8baef89aaa023e792c959b70ec5
run #0: basic kernel testing failed: failed to copy test binary to VM: failed to run ["scp" "-P" "22" "-F" "/dev/null" "-o" "UserKnownHostsFile=/dev/null" "-o" "BatchMode=yes" "-o" "IdentitiesOnly=yes" "-o" "StrictHostKeyChecking=no" "-o" "ConnectTimeout=10" "/syzkaller/jobs/linux/gopath/src/github.com/google/syzkaller/bin/linux_amd64/syz-fuzzer" "root@10.128.1.16:./syz-fuzzer"]: exit status 1
Warning: Permanently added '10.128.1.16' (ECDSA) to the list of known hosts.
scp: ./syz-fuzzer: Read-only file system

run #1: basic kernel testing failed: failed to copy test binary to VM: failed to run ["scp" "-P" "22" "-F" "/dev/null" "-o" "UserKnownHostsFile=/dev/null" "-o" "BatchMode=yes" "-o" "IdentitiesOnly=yes" "-o" "StrictHostKeyChecking=no" "-o" "ConnectTimeout=10" "/syzkaller/jobs/linux/gopath/src/github.com/google/syzkaller/bin/linux_amd64/syz-fuzzer" "root@10.128.10.50:./syz-fuzzer"]: exit status 1
Warning: Permanently added '10.128.10.50' (ECDSA) to the list of known hosts.
scp: ./syz-fuzzer: Read-only file system

run #2: basic kernel testing failed: failed to copy test binary to VM: failed to run ["scp" "-P" "22" "-F" "/dev/null" "-o" "UserKnownHostsFile=/dev/null" "-o" "BatchMode=yes" "-o" "IdentitiesOnly=yes" "-o" "StrictHostKeyChecking=no" "-o" "ConnectTimeout=10" "/syzkaller/jobs/linux/gopath/src/github.com/google/syzkaller/bin/linux_amd64/syz-fuzzer" "root@10.128.1.4:./syz-fuzzer"]: exit status 1
Warning: Permanently added '10.128.1.4' (ECDSA) to the list of known hosts.
scp: ./syz-fuzzer: Read-only file system

run #3: basic kernel testing failed: failed to copy test binary to VM: failed to run ["scp" "-P" "22" "-F" "/dev/null" "-o" "UserKnownHostsFile=/dev/null" "-o" "BatchMode=yes" "-o" "IdentitiesOnly=yes" "-o" "StrictHostKeyChecking=no" "-o" "ConnectTimeout=10" "/syzkaller/jobs/linux/gopath/src/github.com/google/syzkaller/bin/linux_amd64/syz-fuzzer" "root@10.128.10.51:./syz-fuzzer"]: exit status 1
Warning: Permanently added '10.128.10.51' (ECDSA) to the list of known hosts.
scp: ./syz-fuzzer: Read-only file system

run #4: basic kernel testing failed: failed to copy test binary to VM: failed to run ["scp" "-P" "22" "-F" "/dev/null" "-o" "UserKnownHostsFile=/dev/null" "-o" "BatchMode=yes" "-o" "IdentitiesOnly=yes" "-o" "StrictHostKeyChecking=no" "-o" "ConnectTimeout=10" "/syzkaller/jobs/linux/gopath/src/github.com/google/syzkaller/bin/linux_amd64/syz-fuzzer" "root@10.128.10.54:./syz-fuzzer"]: exit status 1
Warning: Permanently added '10.128.10.54' (ECDSA) to the list of known hosts.
scp: ./syz-fuzzer: Read-only file system

run #5: basic kernel testing failed: failed to copy test binary to VM: failed to run ["scp" "-P" "22" "-F" "/dev/null" "-o" "UserKnownHostsFile=/dev/null" "-o" "BatchMode=yes" "-o" "IdentitiesOnly=yes" "-o" "StrictHostKeyChecking=no" "-o" "ConnectTimeout=10" "/syzkaller/jobs/linux/gopath/src/github.com/google/syzkaller/bin/linux_amd64/syz-fuzzer" "root@10.128.10.45:./syz-fuzzer"]: exit status 1
Warning: Permanently added '10.128.10.45' (ECDSA) to the list of known hosts.
scp: ./syz-fuzzer: Read-only file system

run #6: basic kernel testing failed: failed to copy test binary to VM: failed to run ["scp" "-P" "22" "-F" "/dev/null" "-o" "UserKnownHostsFile=/dev/null" "-o" "BatchMode=yes" "-o" "IdentitiesOnly=yes" "-o" "StrictHostKeyChecking=no" "-o" "ConnectTimeout=10" "/syzkaller/jobs/linux/gopath/src/github.com/google/syzkaller/bin/linux_amd64/syz-fuzzer" "root@10.128.10.56:./syz-fuzzer"]: exit status 1
Warning: Permanently added '10.128.10.56' (ECDSA) to the list of known hosts.
scp: ./syz-fuzzer: Read-only file system

run #7: basic kernel testing failed: failed to copy test binary to VM: failed to run ["scp" "-P" "22" "-F" "/dev/null" "-o" "UserKnownHostsFile=/dev/null" "-o" "BatchMode=yes" "-o" "IdentitiesOnly=yes" "-o" "StrictHostKeyChecking=no" "-o" "ConnectTimeout=10" "/syzkaller/jobs/linux/gopath/src/github.com/google/syzkaller/bin/linux_amd64/syz-fuzzer" "root@10.128.10.60:./syz-fuzzer"]: exit status 1
Warning: Permanently added '10.128.10.60' (ECDSA) to the list of known hosts.
scp: ./syz-fuzzer: Read-only file system

run #8: basic kernel testing failed: failed to copy test binary to VM: failed to run ["scp" "-P" "22" "-F" "/dev/null" "-o" "UserKnownHostsFile=/dev/null" "-o" "BatchMode=yes" "-o" "IdentitiesOnly=yes" "-o" "StrictHostKeyChecking=no" "-o" "ConnectTimeout=10" "/syzkaller/jobs/linux/gopath/src/github.com/google/syzkaller/bin/linux_amd64/syz-fuzzer" "root@10.128.10.61:./syz-fuzzer"]: exit status 1
Warning: Permanently added '10.128.10.61' (ECDSA) to the list of known hosts.
scp: ./syz-fuzzer: Read-only file system

run #9: basic kernel testing failed: failed to copy test binary to VM: failed to run ["scp" "-P" "22" "-F" "/dev/null" "-o" "UserKnownHostsFile=/dev/null" "-o" "BatchMode=yes" "-o" "IdentitiesOnly=yes" "-o" "StrictHostKeyChecking=no" "-o" "ConnectTimeout=10" "/syzkaller/jobs/linux/gopath/src/github.com/google/syzkaller/bin/linux_amd64/syz-fuzzer" "root@10.128.10.63:./syz-fuzzer"]: exit status 1
Warning: Permanently added '10.128.10.63' (ECDSA) to the list of known hosts.
scp: ./syz-fuzzer: Read-only file system

testing release v5.1
testing commit e93c9c99a629c61837d5a7fc2120cd2b6c70dbdd
compiler: gcc version 8.4.1 20210217 (GCC)
kernel signature: 3a188310e65a37bbc36cf34100a1072a44dd145c58e67fffaf2a38e56547f0a7
run #0: basic kernel testing failed: failed to copy test binary to VM: failed to run ["scp" "-P" "22" "-F" "/dev/null" "-o" "UserKnownHostsFile=/dev/null" "-o" "BatchMode=yes" "-o" "IdentitiesOnly=yes" "-o" "StrictHostKeyChecking=no" "-o" "ConnectTimeout=10" "/syzkaller/jobs/linux/gopath/src/github.com/google/syzkaller/bin/linux_amd64/syz-fuzzer" "root@10.128.0.104:./syz-fuzzer"]: exit status 1
Warning: Permanently added '10.128.0.104' (ECDSA) to the list of known hosts.
scp: ./syz-fuzzer: Read-only file system

run #1: basic kernel testing failed: failed to copy test binary to VM: failed to run ["scp" "-P" "22" "-F" "/dev/null" "-o" "UserKnownHostsFile=/dev/null" "-o" "BatchMode=yes" "-o" "IdentitiesOnly=yes" "-o" "StrictHostKeyChecking=no" "-o" "ConnectTimeout=10" "/syzkaller/jobs/linux/gopath/src/github.com/google/syzkaller/bin/linux_amd64/syz-fuzzer" "root@10.128.10.48:./syz-fuzzer"]: exit status 1
Warning: Permanently added '10.128.10.48' (ECDSA) to the list of known hosts.
scp: ./syz-fuzzer: Read-only file system

run #2: basic kernel testing failed: failed to copy test binary to VM: failed to run ["scp" "-P" "22" "-F" "/dev/null" "-o" "UserKnownHostsFile=/dev/null" "-o" "BatchMode=yes" "-o" "IdentitiesOnly=yes" "-o" "StrictHostKeyChecking=no" "-o" "ConnectTimeout=10" "/syzkaller/jobs/linux/gopath/src/github.com/google/syzkaller/bin/linux_amd64/syz-fuzzer" "root@10.128.0.186:./syz-fuzzer"]: exit status 1
Warning: Permanently added '10.128.0.186' (ECDSA) to the list of known hosts.
scp: ./syz-fuzzer: Read-only file system

run #3: basic kernel testing failed: failed to copy test binary to VM: failed to run ["scp" "-P" "22" "-F" "/dev/null" "-o" "UserKnownHostsFile=/dev/null" "-o" "BatchMode=yes" "-o" "IdentitiesOnly=yes" "-o" "StrictHostKeyChecking=no" "-o" "ConnectTimeout=10" "/syzkaller/jobs/linux/gopath/src/github.com/google/syzkaller/bin/linux_amd64/syz-fuzzer" "root@10.128.10.50:./syz-fuzzer"]: exit status 1
Warning: Permanently added '10.128.10.50' (ECDSA) to the list of known hosts.
scp: ./syz-fuzzer: Read-only file system

run #4: basic kernel testing failed: failed to copy test binary to VM: failed to run ["scp" "-P" "22" "-F" "/dev/null" "-o" "UserKnownHostsFile=/dev/null" "-o" "BatchMode=yes" "-o" "IdentitiesOnly=yes" "-o" "StrictHostKeyChecking=no" "-o" "ConnectTimeout=10" "/syzkaller/jobs/linux/gopath/src/github.com/google/syzkaller/bin/linux_amd64/syz-fuzzer" "root@10.128.10.52:./syz-fuzzer"]: exit status 1
Warning: Permanently added '10.128.10.52' (ECDSA) to the list of known hosts.
scp: ./syz-fuzzer: Read-only file system

run #5: basic kernel testing failed: failed to copy test binary to VM: failed to run ["scp" "-P" "22" "-F" "/dev/null" "-o" "UserKnownHostsFile=/dev/null" "-o" "BatchMode=yes" "-o" "IdentitiesOnly=yes" "-o" "StrictHostKeyChecking=no" "-o" "ConnectTimeout=10" "/syzkaller/jobs/linux/gopath/src/github.com/google/syzkaller/bin/linux_amd64/syz-fuzzer" "root@10.128.10.54:./syz-fuzzer"]: exit status 1
Warning: Permanently added '10.128.10.54' (ECDSA) to the list of known hosts.
scp: ./syz-fuzzer: Read-only file system

run #6: basic kernel testing failed: failed to copy test binary to VM: failed to run ["scp" "-P" "22" "-F" "/dev/null" "-o" "UserKnownHostsFile=/dev/null" "-o" "BatchMode=yes" "-o" "IdentitiesOnly=yes" "-o" "StrictHostKeyChecking=no" "-o" "ConnectTimeout=10" "/syzkaller/jobs/linux/gopath/src/github.com/google/syzkaller/bin/linux_amd64/syz-fuzzer" "root@10.128.10.56:./syz-fuzzer"]: exit status 1
Warning: Permanently added '10.128.10.56' (ECDSA) to the list of known hosts.
scp: ./syz-fuzzer: Read-only file system

run #7: basic kernel testing failed: failed to copy test binary to VM: failed to run ["scp" "-P" "22" "-F" "/dev/null" "-o" "UserKnownHostsFile=/dev/null" "-o" "BatchMode=yes" "-o" "IdentitiesOnly=yes" "-o" "StrictHostKeyChecking=no" "-o" "ConnectTimeout=10" "/syzkaller/jobs/linux/gopath/src/github.com/google/syzkaller/bin/linux_amd64/syz-fuzzer" "root@10.128.10.59:./syz-fuzzer"]: exit status 1
Warning: Permanently added '10.128.10.59' (ECDSA) to the list of known hosts.
scp: ./syz-fuzzer: Read-only file system

run #8: basic kernel testing failed: failed to copy test binary to VM: failed to run ["scp" "-P" "22" "-F" "/dev/null" "-o" "UserKnownHostsFile=/dev/null" "-o" "BatchMode=yes" "-o" "IdentitiesOnly=yes" "-o" "StrictHostKeyChecking=no" "-o" "ConnectTimeout=10" "/syzkaller/jobs/linux/gopath/src/github.com/google/syzkaller/bin/linux_amd64/syz-fuzzer" "root@10.128.10.60:./syz-fuzzer"]: exit status 1
Warning: Permanently added '10.128.10.60' (ECDSA) to the list of known hosts.
scp: ./syz-fuzzer: Read-only file system

run #9: basic kernel testing failed: failed to copy test binary to VM: failed to run ["scp" "-P" "22" "-F" "/dev/null" "-o" "UserKnownHostsFile=/dev/null" "-o" "BatchMode=yes" "-o" "IdentitiesOnly=yes" "-o" "StrictHostKeyChecking=no" "-o" "ConnectTimeout=10" "/syzkaller/jobs/linux/gopath/src/github.com/google/syzkaller/bin/linux_amd64/syz-fuzzer" "root@10.128.10.61:./syz-fuzzer"]: exit status 1
Warning: Permanently added '10.128.10.61' (ECDSA) to the list of known hosts.
scp: ./syz-fuzzer: Read-only file system

testing release v5.0
testing commit 1c163f4c7b3f621efff9b28a47abb36f7378d783
compiler: gcc version 8.4.1 20210217 (GCC)
kernel signature: d004d2f724933a4b65c23bdafb804e723b1b9ee87287989fe27d5b777a0ad642
run #0: basic kernel testing failed: failed to copy test binary to VM: failed to run ["scp" "-P" "22" "-F" "/dev/null" "-o" "UserKnownHostsFile=/dev/null" "-o" "BatchMode=yes" "-o" "IdentitiesOnly=yes" "-o" "StrictHostKeyChecking=no" "-o" "ConnectTimeout=10" "/syzkaller/jobs/linux/gopath/src/github.com/google/syzkaller/bin/linux_amd64/syz-fuzzer" "root@10.128.0.238:./syz-fuzzer"]: exit status 1
Warning: Permanently added '10.128.0.238' (ECDSA) to the list of known hosts.
scp: ./syz-fuzzer: Read-only file system

run #1: basic kernel testing failed: failed to copy test binary to VM: failed to run ["scp" "-P" "22" "-F" "/dev/null" "-o" "UserKnownHostsFile=/dev/null" "-o" "BatchMode=yes" "-o" "IdentitiesOnly=yes" "-o" "StrictHostKeyChecking=no" "-o" "ConnectTimeout=10" "/syzkaller/jobs/linux/gopath/src/github.com/google/syzkaller/bin/linux_amd64/syz-fuzzer" "root@10.128.0.197:./syz-fuzzer"]: exit status 1
Warning: Permanently added '10.128.0.197' (ECDSA) to the list of known hosts.
scp: ./syz-fuzzer: Read-only file system

run #2: basic kernel testing failed: failed to copy test binary to VM: failed to run ["scp" "-P" "22" "-F" "/dev/null" "-o" "UserKnownHostsFile=/dev/null" "-o" "BatchMode=yes" "-o" "IdentitiesOnly=yes" "-o" "StrictHostKeyChecking=no" "-o" "ConnectTimeout=10" "/syzkaller/jobs/linux/gopath/src/github.com/google/syzkaller/bin/linux_amd64/syz-fuzzer" "root@10.128.10.54:./syz-fuzzer"]: exit status 1
Warning: Permanently added '10.128.10.54' (ECDSA) to the list of known hosts.
scp: ./syz-fuzzer: Read-only file system

run #3: basic kernel testing failed: failed to copy test binary to VM: failed to run ["scp" "-P" "22" "-F" "/dev/null" "-o" "UserKnownHostsFile=/dev/null" "-o" "BatchMode=yes" "-o" "IdentitiesOnly=yes" "-o" "StrictHostKeyChecking=no" "-o" "ConnectTimeout=10" "/syzkaller/jobs/linux/gopath/src/github.com/google/syzkaller/bin/linux_amd64/syz-fuzzer" "root@10.128.10.55:./syz-fuzzer"]: exit status 1
Warning: Permanently added '10.128.10.55' (ECDSA) to the list of known hosts.
scp: ./syz-fuzzer: Read-only file system

run #4: basic kernel testing failed: failed to copy test binary to VM: failed to run ["scp" "-P" "22" "-F" "/dev/null" "-o" "UserKnownHostsFile=/dev/null" "-o" "BatchMode=yes" "-o" "IdentitiesOnly=yes" "-o" "StrictHostKeyChecking=no" "-o" "ConnectTimeout=10" "/syzkaller/jobs/linux/gopath/src/github.com/google/syzkaller/bin/linux_amd64/syz-fuzzer" "root@10.128.10.56:./syz-fuzzer"]: exit status 1
Warning: Permanently added '10.128.10.56' (ECDSA) to the list of known hosts.
scp: ./syz-fuzzer: Read-only file system

run #5: basic kernel testing failed: failed to copy test binary to VM: failed to run ["scp" "-P" "22" "-F" "/dev/null" "-o" "UserKnownHostsFile=/dev/null" "-o" "BatchMode=yes" "-o" "IdentitiesOnly=yes" "-o" "StrictHostKeyChecking=no" "-o" "ConnectTimeout=10" "/syzkaller/jobs/linux/gopath/src/github.com/google/syzkaller/bin/linux_amd64/syz-fuzzer" "root@10.128.10.58:./syz-fuzzer"]: exit status 1
Warning: Permanently added '10.128.10.58' (ECDSA) to the list of known hosts.
scp: ./syz-fuzzer: Read-only file system

run #6: basic kernel testing failed: failed to copy test binary to VM: failed to run ["scp" "-P" "22" "-F" "/dev/null" "-o" "UserKnownHostsFile=/dev/null" "-o" "BatchMode=yes" "-o" "IdentitiesOnly=yes" "-o" "StrictHostKeyChecking=no" "-o" "ConnectTimeout=10" "/syzkaller/jobs/linux/gopath/src/github.com/google/syzkaller/bin/linux_amd64/syz-fuzzer" "root@10.128.10.59:./syz-fuzzer"]: exit status 1
Warning: Permanently added '10.128.10.59' (ECDSA) to the list of known hosts.
scp: ./syz-fuzzer: Read-only file system

run #7: basic kernel testing failed: failed to copy test binary to VM: failed to run ["scp" "-P" "22" "-F" "/dev/null" "-o" "UserKnownHostsFile=/dev/null" "-o" "BatchMode=yes" "-o" "IdentitiesOnly=yes" "-o" "StrictHostKeyChecking=no" "-o" "ConnectTimeout=10" "/syzkaller/jobs/linux/gopath/src/github.com/google/syzkaller/bin/linux_amd64/syz-fuzzer" "root@10.128.10.60:./syz-fuzzer"]: exit status 1
Warning: Permanently added '10.128.10.60' (ECDSA) to the list of known hosts.
scp: ./syz-fuzzer: Read-only file system

run #8: basic kernel testing failed: failed to copy test binary to VM: failed to run ["scp" "-P" "22" "-F" "/dev/null" "-o" "UserKnownHostsFile=/dev/null" "-o" "BatchMode=yes" "-o" "IdentitiesOnly=yes" "-o" "StrictHostKeyChecking=no" "-o" "ConnectTimeout=10" "/syzkaller/jobs/linux/gopath/src/github.com/google/syzkaller/bin/linux_amd64/syz-fuzzer" "root@10.128.10.62:./syz-fuzzer"]: exit status 1
Warning: Permanently added '10.128.10.62' (ECDSA) to the list of known hosts.
scp: ./syz-fuzzer: Read-only file system

run #9: basic kernel testing failed: failed to copy test binary to VM: failed to run ["scp" "-P" "22" "-F" "/dev/null" "-o" "UserKnownHostsFile=/dev/null" "-o" "BatchMode=yes" "-o" "IdentitiesOnly=yes" "-o" "StrictHostKeyChecking=no" "-o" "ConnectTimeout=10" "/syzkaller/jobs/linux/gopath/src/github.com/google/syzkaller/bin/linux_amd64/syz-fuzzer" "root@10.128.10.63:./syz-fuzzer"]: exit status 1
Warning: Permanently added '10.128.10.63' (ECDSA) to the list of known hosts.
scp: ./syz-fuzzer: Read-only file system

testing release v4.20
testing commit 8fe28cb58bcb235034b64cbbb7550a8a43fd88be
compiler: gcc version 8.4.1 20210217 (GCC)
kernel signature: 35e8d724b25aa7c8d6b27a7b9c9753fbafa89ed245128da60e9bf814db0dfeca
run #0: basic kernel testing failed: failed to copy test binary to VM: failed to run ["scp" "-P" "22" "-F" "/dev/null" "-o" "UserKnownHostsFile=/dev/null" "-o" "BatchMode=yes" "-o" "IdentitiesOnly=yes" "-o" "StrictHostKeyChecking=no" "-o" "ConnectTimeout=10" "/syzkaller/jobs/linux/gopath/src/github.com/google/syzkaller/bin/linux_amd64/syz-fuzzer" "root@10.128.0.111:./syz-fuzzer"]: exit status 1
Warning: Permanently added '10.128.0.111' (ECDSA) to the list of known hosts.
scp: ./syz-fuzzer: Read-only file system

run #1: basic kernel testing failed: failed to copy test binary to VM: failed to run ["scp" "-P" "22" "-F" "/dev/null" "-o" "UserKnownHostsFile=/dev/null" "-o" "BatchMode=yes" "-o" "IdentitiesOnly=yes" "-o" "StrictHostKeyChecking=no" "-o" "ConnectTimeout=10" "/syzkaller/jobs/linux/gopath/src/github.com/google/syzkaller/bin/linux_amd64/syz-fuzzer" "root@10.128.10.45:./syz-fuzzer"]: exit status 1
Warning: Permanently added '10.128.10.45' (ECDSA) to the list of known hosts.
scp: ./syz-fuzzer: Read-only file system

run #2: basic kernel testing failed: failed to copy test binary to VM: failed to run ["scp" "-P" "22" "-F" "/dev/null" "-o" "UserKnownHostsFile=/dev/null" "-o" "BatchMode=yes" "-o" "IdentitiesOnly=yes" "-o" "StrictHostKeyChecking=no" "-o" "ConnectTimeout=10" "/syzkaller/jobs/linux/gopath/src/github.com/google/syzkaller/bin/linux_amd64/syz-fuzzer" "root@10.128.10.43:./syz-fuzzer"]: exit status 1
Warning: Permanently added '10.128.10.43' (ECDSA) to the list of known hosts.
scp: ./syz-fuzzer: Read-only file system

run #3: basic kernel testing failed: failed to copy test binary to VM: failed to run ["scp" "-P" "22" "-F" "/dev/null" "-o" "UserKnownHostsFile=/dev/null" "-o" "BatchMode=yes" "-o" "IdentitiesOnly=yes" "-o" "StrictHostKeyChecking=no" "-o" "ConnectTimeout=10" "/syzkaller/jobs/linux/gopath/src/github.com/google/syzkaller/bin/linux_amd64/syz-fuzzer" "root@10.128.10.55:./syz-fuzzer"]: exit status 1
Warning: Permanently added '10.128.10.55' (ECDSA) to the list of known hosts.
scp: ./syz-fuzzer: Read-only file system

run #4: basic kernel testing failed: failed to copy test binary to VM: failed to run ["scp" "-P" "22" "-F" "/dev/null" "-o" "UserKnownHostsFile=/dev/null" "-o" "BatchMode=yes" "-o" "IdentitiesOnly=yes" "-o" "StrictHostKeyChecking=no" "-o" "ConnectTimeout=10" "/syzkaller/jobs/linux/gopath/src/github.com/google/syzkaller/bin/linux_amd64/syz-fuzzer" "root@10.128.0.167:./syz-fuzzer"]: exit status 1
Warning: Permanently added '10.128.0.167' (ECDSA) to the list of known hosts.
scp: ./syz-fuzzer: Read-only file system

run #5: basic kernel testing failed: failed to copy test binary to VM: failed to run ["scp" "-P" "22" "-F" "/dev/null" "-o" "UserKnownHostsFile=/dev/null" "-o" "BatchMode=yes" "-o" "IdentitiesOnly=yes" "-o" "StrictHostKeyChecking=no" "-o" "ConnectTimeout=10" "/syzkaller/jobs/linux/gopath/src/github.com/google/syzkaller/bin/linux_amd64/syz-fuzzer" "root@10.128.10.56:./syz-fuzzer"]: exit status 1
Warning: Permanently added '10.128.10.56' (ECDSA) to the list of known hosts.
scp: ./syz-fuzzer: Read-only file system

run #6: basic kernel testing failed: failed to copy test binary to VM: failed to run ["scp" "-P" "22" "-F" "/dev/null" "-o" "UserKnownHostsFile=/dev/null" "-o" "BatchMode=yes" "-o" "IdentitiesOnly=yes" "-o" "StrictHostKeyChecking=no" "-o" "ConnectTimeout=10" "/syzkaller/jobs/linux/gopath/src/github.com/google/syzkaller/bin/linux_amd64/syz-fuzzer" "root@10.128.10.54:./syz-fuzzer"]: exit status 1
Warning: Permanently added '10.128.10.54' (ECDSA) to the list of known hosts.
scp: ./syz-fuzzer: Read-only file system

run #7: basic kernel testing failed: failed to copy test binary to VM: failed to run ["scp" "-P" "22" "-F" "/dev/null" "-o" "UserKnownHostsFile=/dev/null" "-o" "BatchMode=yes" "-o" "IdentitiesOnly=yes" "-o" "StrictHostKeyChecking=no" "-o" "ConnectTimeout=10" "/syzkaller/jobs/linux/gopath/src/github.com/google/syzkaller/bin/linux_amd64/syz-fuzzer" "root@10.128.0.154:./syz-fuzzer"]: exit status 1
Warning: Permanently added '10.128.0.154' (ECDSA) to the list of known hosts.
scp: ./syz-fuzzer: Read-only file system

run #8: basic kernel testing failed: failed to copy test binary to VM: failed to run ["scp" "-P" "22" "-F" "/dev/null" "-o" "UserKnownHostsFile=/dev/null" "-o" "BatchMode=yes" "-o" "IdentitiesOnly=yes" "-o" "StrictHostKeyChecking=no" "-o" "ConnectTimeout=10" "/syzkaller/jobs/linux/gopath/src/github.com/google/syzkaller/bin/linux_amd64/syz-fuzzer" "root@10.128.10.59:./syz-fuzzer"]: exit status 1
Warning: Permanently added '10.128.10.59' (ECDSA) to the list of known hosts.
scp: ./syz-fuzzer: Read-only file system

run #9: basic kernel testing failed: failed to copy test binary to VM: failed to run ["scp" "-P" "22" "-F" "/dev/null" "-o" "UserKnownHostsFile=/dev/null" "-o" "BatchMode=yes" "-o" "IdentitiesOnly=yes" "-o" "StrictHostKeyChecking=no" "-o" "ConnectTimeout=10" "/syzkaller/jobs/linux/gopath/src/github.com/google/syzkaller/bin/linux_amd64/syz-fuzzer" "root@10.128.10.60:./syz-fuzzer"]: exit status 1
Warning: Permanently added '10.128.10.60' (ECDSA) to the list of known hosts.
scp: ./syz-fuzzer: Read-only file system

testing release v4.19
testing commit 84df9525b0c27f3ebc2ebb1864fa62a97fdedb7d
compiler: gcc version 8.4.1 20210217 (GCC)
kernel signature: 118c60fdc786f47a66c7fdbd8b26a6dcf46e417fff0c29d7fd8e2c4b4cf6c6f5
run #0: basic kernel testing failed: failed to copy test binary to VM: failed to run ["scp" "-P" "22" "-F" "/dev/null" "-o" "UserKnownHostsFile=/dev/null" "-o" "BatchMode=yes" "-o" "IdentitiesOnly=yes" "-o" "StrictHostKeyChecking=no" "-o" "ConnectTimeout=10" "/syzkaller/jobs/linux/gopath/src/github.com/google/syzkaller/bin/linux_amd64/syz-fuzzer" "root@10.128.10.27:./syz-fuzzer"]: exit status 1
Warning: Permanently added '10.128.10.27' (ECDSA) to the list of known hosts.
scp: ./syz-fuzzer: Read-only file system

run #1: basic kernel testing failed: failed to copy test binary to VM: failed to run ["scp" "-P" "22" "-F" "/dev/null" "-o" "UserKnownHostsFile=/dev/null" "-o" "BatchMode=yes" "-o" "IdentitiesOnly=yes" "-o" "StrictHostKeyChecking=no" "-o" "ConnectTimeout=10" "/syzkaller/jobs/linux/gopath/src/github.com/google/syzkaller/bin/linux_amd64/syz-fuzzer" "root@10.128.10.26:./syz-fuzzer"]: exit status 1
Warning: Permanently added '10.128.10.26' (ECDSA) to the list of known hosts.
scp: ./syz-fuzzer: Read-only file system

run #2: basic kernel testing failed: failed to copy test binary to VM: failed to run ["scp" "-P" "22" "-F" "/dev/null" "-o" "UserKnownHostsFile=/dev/null" "-o" "BatchMode=yes" "-o" "IdentitiesOnly=yes" "-o" "StrictHostKeyChecking=no" "-o" "ConnectTimeout=10" "/syzkaller/jobs/linux/gopath/src/github.com/google/syzkaller/bin/linux_amd64/syz-fuzzer" "root@10.128.1.106:./syz-fuzzer"]: exit status 1
Warning: Permanently added '10.128.1.106' (ECDSA) to the list of known hosts.
scp: ./syz-fuzzer: Read-only file system

run #3: basic kernel testing failed: failed to copy test binary to VM: failed to run ["scp" "-P" "22" "-F" "/dev/null" "-o" "UserKnownHostsFile=/dev/null" "-o" "BatchMode=yes" "-o" "IdentitiesOnly=yes" "-o" "StrictHostKeyChecking=no" "-o" "ConnectTimeout=10" "/syzkaller/jobs/linux/gopath/src/github.com/google/syzkaller/bin/linux_amd64/syz-fuzzer" "root@10.128.10.39:./syz-fuzzer"]: exit status 1
Warning: Permanently added '10.128.10.39' (ECDSA) to the list of known hosts.
scp: ./syz-fuzzer: Read-only file system

run #4: basic kernel testing failed: failed to copy test binary to VM: failed to run ["scp" "-P" "22" "-F" "/dev/null" "-o" "UserKnownHostsFile=/dev/null" "-o" "BatchMode=yes" "-o" "IdentitiesOnly=yes" "-o" "StrictHostKeyChecking=no" "-o" "ConnectTimeout=10" "/syzkaller/jobs/linux/gopath/src/github.com/google/syzkaller/bin/linux_amd64/syz-fuzzer" "root@10.128.10.40:./syz-fuzzer"]: exit status 1
Warning: Permanently added '10.128.10.40' (ECDSA) to the list of known hosts.
scp: ./syz-fuzzer: Read-only file system

run #5: basic kernel testing failed: failed to copy test binary to VM: failed to run ["scp" "-P" "22" "-F" "/dev/null" "-o" "UserKnownHostsFile=/dev/null" "-o" "BatchMode=yes" "-o" "IdentitiesOnly=yes" "-o" "StrictHostKeyChecking=no" "-o" "ConnectTimeout=10" "/syzkaller/jobs/linux/gopath/src/github.com/google/syzkaller/bin/linux_amd64/syz-fuzzer" "root@10.128.1.112:./syz-fuzzer"]: exit status 1
Warning: Permanently added '10.128.1.112' (ECDSA) to the list of known hosts.
scp: ./syz-fuzzer: Read-only file system

run #6: basic kernel testing failed: failed to copy test binary to VM: failed to run ["scp" "-P" "22" "-F" "/dev/null" "-o" "UserKnownHostsFile=/dev/null" "-o" "BatchMode=yes" "-o" "IdentitiesOnly=yes" "-o" "StrictHostKeyChecking=no" "-o" "ConnectTimeout=10" "/syzkaller/jobs/linux/gopath/src/github.com/google/syzkaller/bin/linux_amd64/syz-fuzzer" "root@10.128.1.10:./syz-fuzzer"]: exit status 1
Warning: Permanently added '10.128.1.10' (ECDSA) to the list of known hosts.
scp: ./syz-fuzzer: Read-only file system

run #7: basic kernel testing failed: failed to copy test binary to VM: failed to run ["scp" "-P" "22" "-F" "/dev/null" "-o" "UserKnownHostsFile=/dev/null" "-o" "BatchMode=yes" "-o" "IdentitiesOnly=yes" "-o" "StrictHostKeyChecking=no" "-o" "ConnectTimeout=10" "/syzkaller/jobs/linux/gopath/src/github.com/google/syzkaller/bin/linux_amd64/syz-fuzzer" "root@10.128.10.47:./syz-fuzzer"]: exit status 1
Warning: Permanently added '10.128.10.47' (ECDSA) to the list of known hosts.
scp: ./syz-fuzzer: Read-only file system

run #8: basic kernel testing failed: failed to copy test binary to VM: failed to run ["scp" "-P" "22" "-F" "/dev/null" "-o" "UserKnownHostsFile=/dev/null" "-o" "BatchMode=yes" "-o" "IdentitiesOnly=yes" "-o" "StrictHostKeyChecking=no" "-o" "ConnectTimeout=10" "/syzkaller/jobs/linux/gopath/src/github.com/google/syzkaller/bin/linux_amd64/syz-fuzzer" "root@10.128.10.2:./syz-fuzzer"]: exit status 1
Warning: Permanently added '10.128.10.2' (ECDSA) to the list of known hosts.
scp: ./syz-fuzzer: Read-only file system

run #9: basic kernel testing failed: failed to copy test binary to VM: failed to run ["scp" "-P" "22" "-F" "/dev/null" "-o" "UserKnownHostsFile=/dev/null" "-o" "BatchMode=yes" "-o" "IdentitiesOnly=yes" "-o" "StrictHostKeyChecking=no" "-o" "ConnectTimeout=10" "/syzkaller/jobs/linux/gopath/src/github.com/google/syzkaller/bin/linux_amd64/syz-fuzzer" "root@10.128.10.14:./syz-fuzzer"]: exit status 1
Warning: Permanently added '10.128.10.14' (ECDSA) to the list of known hosts.
scp: ./syz-fuzzer: Read-only file system

testing release v4.18
testing commit 94710cac0ef4ee177a63b5227664b38c95bbf703
compiler: gcc version 8.4.1 20210217 (GCC)
kernel signature: 9e36b49ef12d4c99cf914e37f73f72e777d7f9831430cb7b8bd194dbf7740d78
all runs: boot failed: kernel panic: Attempted to kill init!
testing release v4.17
testing commit 29dcea88779c856c7dc92040a0c01233263101d4
compiler: gcc (GCC) 8.4.1 20210217
failed to run ["make" "-j" "64" "ARCH=x86_64" "CC=/syzkaller/shared/bisect_bin/gcc-8.1.0/bin/gcc" "bzImage"]: exit status 2
testing release v4.16
testing commit 0adb32858b0bddf4ada5f364a84ed60b196dbcda
compiler: gcc (GCC) 8.4.1 20210217
orc_dump.c:106:2: error: 'elf_getshnum' is deprecated [-Werror=deprecated-declarations]
orc_dump.c:111:2: error: 'elf_getshstrndx' is deprecated [-Werror=deprecated-declarations]
elf.c:135:2: error: 'elf_getshnum' is deprecated [-Werror=deprecated-declarations]
elf.c:140:2: error: 'elf_getshstrndx' is deprecated [-Werror=deprecated-declarations]
testing release v4.15
testing commit d8a5b80568a9cb66810e75b182018e9edb68e8ff
compiler: gcc (GCC) 8.4.1 20210217
orc_dump.c:106:2: error: 'elf_getshnum' is deprecated [-Werror=deprecated-declarations]
orc_dump.c:111:2: error: 'elf_getshstrndx' is deprecated [-Werror=deprecated-declarations]
pager.c:36:12: error: passing argument 2 to 'restrict'-qualified parameter aliases with argument 4 [-Werror=restrict]
elf.c:135:2: error: 'elf_getshnum' is deprecated [-Werror=deprecated-declarations]
elf.c:140:2: error: 'elf_getshstrndx' is deprecated [-Werror=deprecated-declarations]
testing release v4.14
testing commit bebc6082da0a9f5d47a1ea2edc099bf671058bd4
compiler: gcc (GCC) 8.4.1 20210217
orc_dump.c:105:2: error: 'elf_getshnum' is deprecated [-Werror=deprecated-declarations]
orc_dump.c:110:2: error: 'elf_getshstrndx' is deprecated [-Werror=deprecated-declarations]
pager.c:36:12: error: passing argument 2 to 'restrict'-qualified parameter aliases with argument 4 [-Werror=restrict]
elf.c:134:2: error: 'elf_getshnum' is deprecated [-Werror=deprecated-declarations]
elf.c:139:2: error: 'elf_getshstrndx' is deprecated [-Werror=deprecated-declarations]
testing release v4.13
testing commit 569dbb88e80deb68974ef6fdd6a13edb9d686261
compiler: gcc (GCC) 8.4.1 20210217
pager.c:35:12: error: passing argument 2 to 'restrict'-qualified parameter aliases with argument 4 [-Werror=restrict]
elf.c:144:2: error: 'elf_getshnum' is deprecated [-Werror=deprecated-declarations]
elf.c:149:2: error: 'elf_getshstrndx' is deprecated [-Werror=deprecated-declarations]
testing release v4.12
testing commit 6f7da290413ba713f0cdd9ff1a2a9bb129ef4f6c
compiler: gcc (GCC) 8.4.1 20210217
pager.c:35:12: error: passing argument 2 to 'restrict'-qualified parameter aliases with argument 4 [-Werror=restrict]
elf.c:141:2: error: 'elf_getshnum' is deprecated [-Werror=deprecated-declarations]
elf.c:146:2: error: 'elf_getshstrndx' is deprecated [-Werror=deprecated-declarations]
testing release v4.11
testing commit a351e9b9fc24e982ec2f0e76379a49826036da12
compiler: gcc (GCC) 7.5.0
elf.c:141:2: error: 'elf_getshnum' is deprecated [-Werror=deprecated-declarations]
elf.c:146:2: error: 'elf_getshstrndx' is deprecated [-Werror=deprecated-declarations]
pager.c:35:12: error: passing argument 2 to 'restrict'-qualified parameter aliases with argument 4 [-Werror=restrict]
testing release v4.10
testing commit c470abd4fde40ea6a0846a2beab642a578c0b8cd
compiler: gcc (GCC) 5.5.0
tools/include/linux/log2.h:19:1: error: ignoring attribute 'noreturn' because it conflicts with attribute 'const' [-Werror=attributes]
elf.c:129:2: error: 'elf_getshnum' is deprecated [-Werror=deprecated-declarations]
elf.c:134:2: error: 'elf_getshstrndx' is deprecated [-Werror=deprecated-declarations]
pager.c:35:12: error: passing argument 2 to 'restrict'-qualified parameter aliases with argument 4 [-Werror=restrict]
testing release v4.9
testing commit 69973b830859bc6529a7a0468ba0d80ee5117826
compiler: gcc (GCC) 5.5.0
tools/include/linux/log2.h:19:1: error: ignoring attribute 'noreturn' because it conflicts with attribute 'const' [-Werror=attributes]
elf.c:129:2: error: 'elf_getshnum' is deprecated [-Werror=deprecated-declarations]
elf.c:134:2: error: 'elf_getshstrndx' is deprecated [-Werror=deprecated-declarations]
pager.c:35:12: error: passing argument 2 to 'restrict'-qualified parameter aliases with argument 4 [-Werror=restrict]
testing release v4.8
testing commit c8d2bc9bc39ebea8437fd974fdbc21847bb897a3
compiler: gcc (GCC) 5.5.0
tools/include/linux/log2.h:19:1: error: ignoring attribute 'noreturn' because it conflicts with attribute 'const' [-Werror=attributes]
elf.c:129:2: error: 'elf_getshnum' is deprecated [-Werror=deprecated-declarations]
elf.c:134:2: error: 'elf_getshstrndx' is deprecated [-Werror=deprecated-declarations]
pager.c:33:12: error: passing argument 2 to 'restrict'-qualified parameter aliases with argument 4 [-Werror=restrict]
testing release v4.7
testing commit 523d939ef98fd712632d93a5a2b588e477a7565e
compiler: gcc (GCC) 5.5.0
tools/include/linux/log2.h:19:1: error: ignoring attribute 'noreturn' because it conflicts with attribute 'const' [-Werror=attributes]
elf.c:122:2: error: 'elf_getshnum' is deprecated [-Werror=deprecated-declarations]
elf.c:127:2: error: 'elf_getshstrndx' is deprecated [-Werror=deprecated-declarations]
pager.c:33:12: error: passing argument 2 to 'restrict'-qualified parameter aliases with argument 4 [-Werror=restrict]
testing release v4.6
testing commit 2dcd0af568b0cf583645c8a317dd12e344b1c72a
compiler: gcc (GCC) 5.5.0
tools/include/linux/log2.h:19:1: error: ignoring attribute 'noreturn' because it conflicts with attribute 'const' [-Werror=attributes]
pager.c:33:12: error: passing argument 2 to 'restrict'-qualified parameter aliases with argument 4 [-Werror=restrict]
revisions tested: 22, total time: 3h44m41.869886926s (build: 2h43m1.662555643s, test: 56m12.769154459s)
the crash already happened on the oldest tested release
commit msg: Linux 5.11
crash: possible deadlock in snd_pcm_period_elapsed
========================================================
WARNING: possible irq lock inversion dependency detected
5.11.0-syzkaller #0 Not tainted
--------------------------------------------------------
swapper/1/0 just changed the state of lock:
ffff888149f28108 (&group->lock){..-.}-{2:2}, at: snd_pcm_period_elapsed+0x17/0x1c0 sound/core/pcm_lib.c:1799
but this lock took another, SOFTIRQ-READ-unsafe lock in the past:
 (
tasklist_lock){.+.+}-{2:2}


and interrupts could create inverse lock ordering between them.


other info that might help us debug this:
Chain exists of:
  &group->lock --> &timer->lock --> tasklist_lock

 Possible interrupt unsafe locking scenario:

       CPU0                    CPU1
       ----                    ----
  lock(tasklist_lock);
                               local_irq_disable();
                               lock(&group->lock);
                               lock(&timer->lock);
  <Interrupt>
    lock(&group->lock);

 *** DEADLOCK ***

no locks held by swapper/1/0.

the shortest dependencies between 2nd lock and 1st lock:
    -> (tasklist_lock){.+.+}-{2:2} {
       HARDIRQ-ON-R at:
                            lock_acquire kernel/locking/lockdep.c:5442 [inline]
                            lock_acquire+0x1a8/0x720 kernel/locking/lockdep.c:5407
                            __raw_read_lock include/linux/rwlock_api_smp.h:149 [inline]
                            _raw_read_lock+0x5b/0x70 kernel/locking/spinlock.c:223
                            do_wait+0x28f/0x840 kernel/exit.c:1465
                            kernel_wait+0x97/0x130 kernel/exit.c:1647
                            call_usermodehelper_exec_sync kernel/umh.c:137 [inline]
                            call_usermodehelper_exec_work+0xbb/0x140 kernel/umh.c:164
                            process_one_work+0x828/0x1390 kernel/workqueue.c:2275
                            worker_thread+0x598/0xf80 kernel/workqueue.c:2421
                            kthread+0x36f/0x450 kernel/kthread.c:292
                            ret_from_fork+0x1f/0x30 arch/x86/entry/entry_64.S:296
       SOFTIRQ-ON-R at:
                            lock_acquire kernel/locking/lockdep.c:5442 [inline]
                            lock_acquire+0x1a8/0x720 kernel/locking/lockdep.c:5407
                            __raw_read_lock include/linux/rwlock_api_smp.h:149 [inline]
                            _raw_read_lock+0x5b/0x70 kernel/locking/spinlock.c:223
                            do_wait+0x28f/0x840 kernel/exit.c:1465
                            kernel_wait+0x97/0x130 kernel/exit.c:1647
                            call_usermodehelper_exec_sync kernel/umh.c:137 [inline]
                            call_usermodehelper_exec_work+0xbb/0x140 kernel/umh.c:164
                            process_one_work+0x828/0x1390 kernel/workqueue.c:2275
                            worker_thread+0x598/0xf80 kernel/workqueue.c:2421
                            kthread+0x36f/0x450 kernel/kthread.c:292
                            ret_from_fork+0x1f/0x30 arch/x86/entry/entry_64.S:296
       INITIAL USE
 at:
                           lock_acquire kernel/locking/lockdep.c:5442 [inline]
                           lock_acquire+0x1a8/0x720 kernel/locking/lockdep.c:5407
                           __raw_write_lock_irq include/linux/rwlock_api_smp.h:196 [inline]
                           _raw_write_lock_irq+0x32/0x50 kernel/locking/spinlock.c:311
                           copy_process+0x2ea7/0x6750 kernel/fork.c:2216
                           kernel_clone+0xb8/0x7f0 kernel/fork.c:2462
                           kernel_thread+0xa3/0xe0 kernel/fork.c:2514
                           rest_init+0x1e/0x298 init/main.c:686
                           start_kernel+0x333/0x351 init/main.c:1061
                           secondary_startup_64_no_verify+0xb0/0xbb
       INITIAL READ USE at:
                                lock_acquire kernel/locking/lockdep.c:5442 [inline]
                                lock_acquire+0x1a8/0x720 kernel/locking/lockdep.c:5407
                                __raw_read_lock include/linux/rwlock_api_smp.h:149 [inline]
                                _raw_read_lock+0x5b/0x70 kernel/locking/spinlock.c:223
                                do_wait+0x28f/0x840 kernel/exit.c:1465
                                kernel_wait+0x97/0x130 kernel/exit.c:1647
                                call_usermodehelper_exec_sync kernel/umh.c:137 [inline]
                                call_usermodehelper_exec_work+0xbb/0x140 kernel/umh.c:164
                                process_one_work+0x828/0x1390 kernel/workqueue.c:2275
                                worker_thread+0x598/0xf80 kernel/workqueue.c:2421
                                kthread+0x36f/0x450 kernel/kthread.c:292
                                ret_from_fork+0x1f/0x30 arch/x86/entry/entry_64.S:296
     }
     ... key      at: [<ffffffff8a40a098>] tasklist_lock+0x18/0x40
     ... acquired at:
   __raw_read_lock include/linux/rwlock_api_smp.h:149 [inline]
   _raw_read_lock+0x5b/0x70 kernel/locking/spinlock.c:223
   send_sigio+0x8c/0x2a0 fs/fcntl.c:801
   dnotify_handle_event+0x10a/0x210 fs/notify/dnotify/dnotify.c:97
   fsnotify_handle_event fs/notify/fsnotify.c:310 [inline]
   send_to_group fs/notify/fsnotify.c:364 [inline]
   fsnotify+0x870/0xdd0 fs/notify/fsnotify.c:541
   fsnotify_name include/linux/fsnotify.h:33 [inline]
   fsnotify_dirent include/linux/fsnotify.h:39 [inline]
   fsnotify_create include/linux/fsnotify.h:189 [inline]
   open_last_lookups fs/namei.c:3182 [inline]
   path_openat+0xbe1/0x2190 fs/namei.c:3368
   do_filp_open+0x16d/0x390 fs/namei.c:3398
   do_sys_openat2+0x11e/0x360 fs/open.c:1172
   do_sys_open fs/open.c:1188 [inline]
   __do_sys_creat fs/open.c:1262 [inline]
   __se_sys_creat fs/open.c:1256 [inline]
   __x64_sys_creat+0xc3/0x110 fs/open.c:1256
   do_syscall_64+0x2d/0x40 arch/x86/entry/common.c:46
   entry_SYSCALL_64_after_hwframe+0x44/0xa9

   -> (&f->f_owner.lock){....}-{2:2} {
      INITIAL USE at:
                         lock_acquire kernel/locking/lockdep.c:5442 [inline]
                         lock_acquire+0x1a8/0x720 kernel/locking/lockdep.c:5407
                         __raw_write_lock_irq include/linux/rwlock_api_smp.h:196 [inline]
                         _raw_write_lock_irq+0x32/0x50 kernel/locking/spinlock.c:311
                         f_modown+0x23/0x320 fs/fcntl.c:90
                         __f_setown fs/fcntl.c:109 [inline]
                         f_setown+0x8b/0x160 fs/fcntl.c:137
                         do_fcntl+0x5a7/0xcd0 fs/fcntl.c:384
                         __do_sys_fcntl fs/fcntl.c:463 [inline]
                         __se_sys_fcntl fs/fcntl.c:448 [inline]
                         __x64_sys_fcntl+0x11a/0x160 fs/fcntl.c:448
                         do_syscall_64+0x2d/0x40 arch/x86/entry/common.c:46
                         entry_SYSCALL_64_after_hwframe+0x44/0xa9
      INITIAL READ USE at:
                              lock_acquire kernel/locking/lockdep.c:5442 [inline]
                              lock_acquire+0x1a8/0x720 kernel/locking/lockdep.c:5407
                              __raw_read_lock_irqsave include/linux/rwlock_api_smp.h:159 [inline]
                              _raw_read_lock_irqsave+0x70/0x90 kernel/locking/spinlock.c:231
                              send_sigio+0x1c/0x2a0 fs/fcntl.c:787
                              kill_fasync_rcu fs/fcntl.c:1011 [inline]
                              kill_fasync fs/fcntl.c:1025 [inline]
                              kill_fasync+0x17a/0x310 fs/fcntl.c:1018
                              snd_timer_user_ccallback+0x24d/0x300 sound/core/timer.c:1386
                              snd_timer_notify1+0x119/0x330 sound/core/timer.c:516
                              snd_timer_start1+0x3dd/0x6f0 sound/core/timer.c:577
                              snd_timer_start sound/core/timer.c:696 [inline]
                              snd_timer_start sound/core/timer.c:689 [inline]
                              snd_timer_user_start.isra.0+0x16d/0x1e0 sound/core/timer.c:1984
                              __snd_timer_user_ioctl.isra.0+0xa1b/0x1d90 sound/core/timer.c:2107
                              snd_timer_user_ioctl+0x72/0xa0 sound/core/timer.c:2128
                              vfs_ioctl fs/ioctl.c:48 [inline]
                              __do_sys_ioctl fs/ioctl.c:753 [inline]
                              __se_sys_ioctl fs/ioctl.c:739 [inline]
                              __x64_sys_ioctl+0x11f/0x190 fs/ioctl.c:739
                              do_syscall_64+0x2d/0x40 arch/x86/entry/common.c:46
                              entry_SYSCALL_64_after_hwframe+0x44/0xa9
    }
    ... key      at: [<ffffffff8e474d60>] __key.3+0x0/0x40
    ... acquired at:
   __raw_read_lock_irqsave include/linux/rwlock_api_smp.h:159 [inline]
   _raw_read_lock_irqsave+0x70/0x90 kernel/locking/spinlock.c:231
   send_sigio+0x1c/0x2a0 fs/fcntl.c:787
   kill_fasync_rcu fs/fcntl.c:1011 [inline]
   kill_fasync fs/fcntl.c:1025 [inline]
   kill_fasync+0x17a/0x310 fs/fcntl.c:1018
   snd_timer_user_ccallback+0x24d/0x300 sound/core/timer.c:1386
   snd_timer_notify1+0x119/0x330 sound/core/timer.c:516
   snd_timer_start1+0x3dd/0x6f0 sound/core/timer.c:577
   snd_timer_start sound/core/timer.c:696 [inline]
   snd_timer_start sound/core/timer.c:689 [inline]
   snd_timer_user_start.isra.0+0x16d/0x1e0 sound/core/timer.c:1984
   __snd_timer_user_ioctl.isra.0+0xa1b/0x1d90 sound/core/timer.c:2107
   snd_timer_user_ioctl+0x72/0xa0 sound/core/timer.c:2128
   vfs_ioctl fs/ioctl.c:48 [inline]
   __do_sys_ioctl fs/ioctl.c:753 [inline]
   __se_sys_ioctl fs/ioctl.c:739 [inline]
   __x64_sys_ioctl+0x11f/0x190 fs/ioctl.c:739
   do_syscall_64+0x2d/0x40 arch/x86/entry/common.c:46
   entry_SYSCALL_64_after_hwframe+0x44/0xa9

  -> (&new->fa_lock
){....}-{2:2} {
     INITIAL USE at:
                       lock_acquire kernel/locking/lockdep.c:5442 [inline]
                       lock_acquire+0x1a8/0x720 kernel/locking/lockdep.c:5407
                       __raw_write_lock_irq include/linux/rwlock_api_smp.h:196 [inline]
                       _raw_write_lock_irq+0x32/0x50 kernel/locking/spinlock.c:311
                       fasync_remove_entry+0xa1/0x1d0 fs/fcntl.c:882
                       __fput+0x574/0x870 fs/file_table.c:277
                       task_work_run+0xc0/0x160 kernel/task_work.c:140
                       tracehook_notify_resume include/linux/tracehook.h:189 [inline]
                       exit_to_user_mode_loop kernel/entry/common.c:174 [inline]
                       exit_to_user_mode_prepare+0x249/0x250 kernel/entry/common.c:201
                       __syscall_exit_to_user_mode_work kernel/entry/common.c:283 [inline]
                       syscall_exit_to_user_mode+0x19/0x60 kernel/entry/common.c:294
                       entry_SYSCALL_64_after_hwframe+0x44/0xa9
     INITIAL READ USE at:
                            lock_acquire kernel/locking/lockdep.c:5442 [inline]
                            lock_acquire+0x1a8/0x720 kernel/locking/lockdep.c:5407
                            __raw_read_lock include/linux/rwlock_api_smp.h:149 [inline]
                            _raw_read_lock+0x5b/0x70 kernel/locking/spinlock.c:223
                            kill_fasync_rcu fs/fcntl.c:1004 [inline]
                            kill_fasync fs/fcntl.c:1025 [inline]
                            kill_fasync+0xec/0x310 fs/fcntl.c:1018
                            snd_timer_user_ccallback+0x24d/0x300 sound/core/timer.c:1386
                            snd_timer_notify1+0x119/0x330 sound/core/timer.c:516
                            snd_timer_start1+0x3dd/0x6f0 sound/core/timer.c:577
                            snd_timer_start sound/core/timer.c:696 [inline]
                            snd_timer_start sound/core/timer.c:689 [inline]
                            snd_timer_user_start.isra.0+0x16d/0x1e0 sound/core/timer.c:1984
                            __snd_timer_user_ioctl.isra.0+0xa1b/0x1d90 sound/core/timer.c:2107
                            snd_timer_user_ioctl+0x72/0xa0 sound/core/timer.c:2128
                            vfs_ioctl fs/ioctl.c:48 [inline]
                            __do_sys_ioctl fs/ioctl.c:753 [inline]
                            __se_sys_ioctl fs/ioctl.c:739 [inline]
                            __x64_sys_ioctl+0x11f/0x190 fs/ioctl.c:739
                            do_syscall_64+0x2d/0x40 arch/x86/entry/common.c:46
                            entry_SYSCALL_64_after_hwframe+0x44/0xa9
   }
   ... key      at: [<ffffffff8e475b40>] __key.0+0x0/0x40
   ... acquired at:
   __raw_read_lock include/linux/rwlock_api_smp.h:149 [inline]
   _raw_read_lock+0x5b/0x70 kernel/locking/spinlock.c:223
   kill_fasync_rcu fs/fcntl.c:1004 [inline]
   kill_fasync fs/fcntl.c:1025 [inline]
   kill_fasync+0xec/0x310 fs/fcntl.c:1018
   snd_timer_user_ccallback+0x24d/0x300 sound/core/timer.c:1386
   snd_timer_notify1+0x119/0x330 sound/core/timer.c:516
   snd_timer_start1+0x3dd/0x6f0 sound/core/timer.c:577
   snd_timer_start sound/core/timer.c:696 [inline]
   snd_timer_start sound/core/timer.c:689 [inline]
   snd_timer_user_start.isra.0+0x16d/0x1e0 sound/core/timer.c:1984
   __snd_timer_user_ioctl.isra.0+0xa1b/0x1d90 sound/core/timer.c:2107
   snd_timer_user_ioctl+0x72/0xa0 sound/core/timer.c:2128
   vfs_ioctl fs/ioctl.c:48 [inline]
   __do_sys_ioctl fs/ioctl.c:753 [inline]
   __se_sys_ioctl fs/ioctl.c:739 [inline]
   __x64_sys_ioctl+0x11f/0x190 fs/ioctl.c:739
   do_syscall_64+0x2d/0x40 arch/x86/entry/common.c:46
   entry_SYSCALL_64_after_hwframe+0x44/0xa9

 -> (&timer->lock){....}-{2:2} {
    INITIAL USE at:
                     lock_acquire kernel/locking/lockdep.c:5442 [inline]
                     lock_acquire+0x1a8/0x720 kernel/locking/lockdep.c:5407
                     __raw_spin_lock_irqsave include/linux/spinlock_api_smp.h:110 [inline]
                     _raw_spin_lock_irqsave+0x39/0x50 kernel/locking/spinlock.c:159
                     snd_timer_notify sound/core/timer.c:1086 [inline]
                     snd_timer_notify+0xcc/0x320 sound/core/timer.c:1073
                     snd_pcm_timer_notify sound/core/pcm_native.c:581 [inline]
                     snd_pcm_post_stop+0x1a0/0x210 sound/core/pcm_native.c:1436
                     snd_pcm_action_single sound/core/pcm_native.c:1214 [inline]
                     snd_pcm_action+0x10c/0x140 sound/core/pcm_native.c:1295
                     snd_pcm_stop sound/core/pcm_native.c:1460 [inline]
                     snd_pcm_drop+0x165/0x290 sound/core/pcm_native.c:2138
                     snd_pcm_oss_sync+0x1ed/0x730 sound/core/oss/pcm_oss.c:1717
                     snd_pcm_oss_release+0x21f/0x2b0 sound/core/oss/pcm_oss.c:2556
                     __fput+0x204/0x870 fs/file_table.c:280
                     task_work_run+0xc0/0x160 kernel/task_work.c:140
                     tracehook_notify_resume include/linux/tracehook.h:189 [inline]
                     exit_to_user_mode_loop kernel/entry/common.c:174 [inline]
                     exit_to_user_mode_prepare+0x249/0x250 kernel/entry/common.c:201
                     __syscall_exit_to_user_mode_work kernel/entry/common.c:283 [inline]
                     syscall_exit_to_user_mode+0x19/0x60 kernel/entry/common.c:294
                     entry_SYSCALL_64_after_hwframe+0x44/0xa9
  }
  ... key      at: [<ffffffff8ef78a00>] __key.6+0x0/0x40
  ... acquired at:
   __raw_spin_lock_irqsave include/linux/spinlock_api_smp.h:110 [inline]
   _raw_spin_lock_irqsave+0x39/0x50 kernel/locking/spinlock.c:159
   snd_timer_notify sound/core/timer.c:1086 [inline]
   snd_timer_notify+0xcc/0x320 sound/core/timer.c:1073
   snd_pcm_timer_notify sound/core/pcm_native.c:581 [inline]
   snd_pcm_post_stop+0x1a0/0x210 sound/core/pcm_native.c:1436
   snd_pcm_action_single sound/core/pcm_native.c:1214 [inline]
   snd_pcm_action+0x10c/0x140 sound/core/pcm_native.c:1295
   snd_pcm_stop sound/core/pcm_native.c:1460 [inline]
   snd_pcm_drop+0x165/0x290 sound/core/pcm_native.c:2138
   snd_pcm_oss_sync+0x1ed/0x730 sound/core/oss/pcm_oss.c:1717
   snd_pcm_oss_release+0x21f/0x2b0 sound/core/oss/pcm_oss.c:2556
   __fput+0x204/0x870 fs/file_table.c:280
   task_work_run+0xc0/0x160 kernel/task_work.c:140
   tracehook_notify_resume include/linux/tracehook.h:189 [inline]
   exit_to_user_mode_loop kernel/entry/common.c:174 [inline]
   exit_to_user_mode_prepare+0x249/0x250 kernel/entry/common.c:201
   __syscall_exit_to_user_mode_work kernel/entry/common.c:283 [inline]
   syscall_exit_to_user_mode+0x19/0x60 kernel/entry/common.c:294
   entry_SYSCALL_64_after_hwframe+0x44/0xa9

-> (&group->lock){..-.}-{2:2} {
   IN-SOFTIRQ-W at:
                    lock_acquire kernel/locking/lockdep.c:5442 [inline]
                    lock_acquire+0x1a8/0x720 kernel/locking/lockdep.c:5407
                    __raw_spin_lock_irqsave include/linux/spinlock_api_smp.h:110 [inline]
                    _raw_spin_lock_irqsave+0x39/0x50 kernel/locking/spinlock.c:159
                    snd_pcm_period_elapsed+0x17/0x1c0 sound/core/pcm_lib.c:1799
                    dummy_hrtimer_callback+0x7a/0x170 sound/drivers/dummy.c:378
                    __run_hrtimer kernel/time/hrtimer.c:1519 [inline]
                    __hrtimer_run_queues+0x4d7/0xb00 kernel/time/hrtimer.c:1583
                    hrtimer_run_softirq+0x176/0x340 kernel/time/hrtimer.c:1600
                    __do_softirq+0x29b/0x9f6 kernel/softirq.c:343
                    asm_call_irq_on_stack+0xf/0x20
                    __run_on_irqstack arch/x86/include/asm/irq_stack.h:26 [inline]
                    run_on_irqstack_cond arch/x86/include/asm/irq_stack.h:77 [inline]
                    do_softirq_own_stack+0xaa/0xd0 arch/x86/kernel/irq_64.c:77
                    invoke_softirq kernel/softirq.c:226 [inline]
                    __irq_exit_rcu kernel/softirq.c:420 [inline]
                    irq_exit_rcu+0x134/0x200 kernel/softirq.c:432
                    sysvec_apic_timer_interrupt+0x4d/0x100 arch/x86/kernel/apic/apic.c:1100
                    asm_sysvec_apic_timer_interrupt+0x12/0x20 arch/x86/include/asm/idtentry.h:629
                    native_safe_halt arch/x86/include/asm/irqflags.h:60 [inline]
                    arch_safe_halt arch/x86/include/asm/irqflags.h:103 [inline]
                    acpi_safe_halt drivers/acpi/processor_idle.c:110 [inline]
                    acpi_idle_do_entry+0x161/0x1c0 drivers/acpi/processor_idle.c:516
                    acpi_idle_enter+0x2c0/0x4b0 drivers/acpi/processor_idle.c:647
                    cpuidle_enter_state+0x152/0xb40 drivers/cpuidle/cpuidle.c:237
                    cpuidle_enter+0x45/0xa0 drivers/cpuidle/cpuidle.c:351
                    call_cpuidle kernel/sched/idle.c:158 [inline]
                    cpuidle_idle_call kernel/sched/idle.c:239 [inline]
                    do_idle+0x3e1/0x590 kernel/sched/idle.c:299
                    cpu_startup_entry+0x14/0x20 kernel/sched/idle.c:396
                    start_secondary+0x274/0x350 arch/x86/kernel/smpboot.c:272
                    secondary_startup_64_no_verify+0xb0/0xbb
   INITIAL USE at:
                   lock_acquire kernel/locking/lockdep.c:5442 [inline]
                   lock_acquire+0x1a8/0x720 kernel/locking/lockdep.c:5407
                   __raw_spin_lock_irq include/linux/spinlock_api_smp.h:128 [inline]
                   _raw_spin_lock_irq+0x32/0x50 kernel/locking/spinlock.c:167
                   spin_lock_irq include/linux/spinlock.h:379 [inline]
                   snd_pcm_group_lock_irq sound/core/pcm_native.c:97 [inline]
                   snd_pcm_stream_lock_irq sound/core/pcm_native.c:136 [inline]
                   snd_pcm_hw_params+0x10d/0x1750 sound/core/pcm_native.c:672
                   snd_pcm_oss_change_params_locked+0x1151/0x30e0 sound/core/oss/pcm_oss.c:947
                   snd_pcm_oss_change_params sound/core/oss/pcm_oss.c:1090 [inline]
                   snd_pcm_oss_make_ready+0x99/0x140 sound/core/oss/pcm_oss.c:1149
                   snd_pcm_oss_sync+0x1aa/0x730 sound/core/oss/pcm_oss.c:1714
                   snd_pcm_oss_release+0x21f/0x2b0 sound/core/oss/pcm_oss.c:2556
                   __fput+0x204/0x870 fs/file_table.c:280
                   task_work_run+0xc0/0x160 kernel/task_work.c:140
                   tracehook_notify_resume include/linux/tracehook.h:189 [inline]
                   exit_to_user_mode_loop kernel/entry/common.c:174 [inline]
                   exit_to_user_mode_prepare+0x249/0x250 kernel/entry/common.c:201
                   __syscall_exit_to_user_mode_work kernel/entry/common.c:283 [inline]
                   syscall_exit_to_user_mode+0x19/0x60 kernel/entry/common.c:294
                   entry_SYSCALL_64_after_hwframe+0x44/0xa9
 }
 ... key      at: [<ffffffff8ef79220>] __key.5+0x0/0x40
 ... acquired at:
   mark_usage kernel/locking/lockdep.c:4306 [inline]
   __lock_acquire+0x1199/0x57d0 kernel/locking/lockdep.c:4786
   lock_acquire kernel/locking/lockdep.c:5442 [inline]
   lock_acquire+0x1a8/0x720 kernel/locking/lockdep.c:5407
   __raw_spin_lock_irqsave include/linux/spinlock_api_smp.h:110 [inline]
   _raw_spin_lock_irqsave+0x39/0x50 kernel/locking/spinlock.c:159
   snd_pcm_period_elapsed+0x17/0x1c0 sound/core/pcm_lib.c:1799
   dummy_hrtimer_callback+0x7a/0x170 sound/drivers/dummy.c:378
   __run_hrtimer kernel/time/hrtimer.c:1519 [inline]
   __hrtimer_run_queues+0x4d7/0xb00 kernel/time/hrtimer.c:1583
   hrtimer_run_softirq+0x176/0x340 kernel/time/hrtimer.c:1600
   __do_softirq+0x29b/0x9f6 kernel/softirq.c:343
   asm_call_irq_on_stack+0xf/0x20
   __run_on_irqstack arch/x86/include/asm/irq_stack.h:26 [inline]
   run_on_irqstack_cond arch/x86/include/asm/irq_stack.h:77 [inline]
   do_softirq_own_stack+0xaa/0xd0 arch/x86/kernel/irq_64.c:77
   invoke_softirq kernel/softirq.c:226 [inline]
   __irq_exit_rcu kernel/softirq.c:420 [inline]
   irq_exit_rcu+0x134/0x200 kernel/softirq.c:432
   sysvec_apic_timer_interrupt+0x4d/0x100 arch/x86/kernel/apic/apic.c:1100
   asm_sysvec_apic_timer_interrupt+0x12/0x20 arch/x86/include/asm/idtentry.h:629
   native_safe_halt arch/x86/include/asm/irqflags.h:60 [inline]
   arch_safe_halt arch/x86/include/asm/irqflags.h:103 [inline]
   acpi_safe_halt drivers/acpi/processor_idle.c:110 [inline]
   acpi_idle_do_entry+0x161/0x1c0 drivers/acpi/processor_idle.c:516
   acpi_idle_enter+0x2c0/0x4b0 drivers/acpi/processor_idle.c:647
   cpuidle_enter_state+0x152/0xb40 drivers/cpuidle/cpuidle.c:237
   cpuidle_enter+0x45/0xa0 drivers/cpuidle/cpuidle.c:351
   call_cpuidle kernel/sched/idle.c:158 [inline]
   cpuidle_idle_call kernel/sched/idle.c:239 [inline]
   do_idle+0x3e1/0x590 kernel/sched/idle.c:299
   cpu_startup_entry+0x14/0x20 kernel/sched/idle.c:396
   start_secondary+0x274/0x350 arch/x86/kernel/smpboot.c:272
   secondary_startup_64_no_verify+0xb0/0xbb


stack backtrace:
CPU: 1 PID: 0 Comm: swapper/1 Not tainted 5.11.0-syzkaller #0
Hardware name: Google Google Compute Engine/Google Compute Engine, BIOS Google 01/01/2011
Call Trace:
 <IRQ>
 __dump_stack lib/dump_stack.c:79 [inline]
 dump_stack+0x9a/0xcc lib/dump_stack.c:120
 print_irq_inversion_bug kernel/locking/lockdep.c:4413 [inline]
 check_usage_forwards kernel/locking/lockdep.c:3849 [inline]
 mark_lock_irq kernel/locking/lockdep.c:3981 [inline]
 mark_lock.cold+0x20/0x72 kernel/locking/lockdep.c:4411
 mark_usage kernel/locking/lockdep.c:4306 [inline]
 __lock_acquire+0x1199/0x57d0 kernel/locking/lockdep.c:4786
 lock_acquire kernel/locking/lockdep.c:5442 [inline]
 lock_acquire+0x1a8/0x720 kernel/locking/lockdep.c:5407
 __raw_spin_lock_irqsave include/linux/spinlock_api_smp.h:110 [inline]
 _raw_spin_lock_irqsave+0x39/0x50 kernel/locking/spinlock.c:159
 snd_pcm_period_elapsed+0x17/0x1c0 sound/core/pcm_lib.c:1799
 dummy_hrtimer_callback+0x7a/0x170 sound/drivers/dummy.c:378
 __run_hrtimer kernel/time/hrtimer.c:1519 [inline]
 __hrtimer_run_queues+0x4d7/0xb00 kernel/time/hrtimer.c:1583
 hrtimer_run_softirq+0x176/0x340 kernel/time/hrtimer.c:1600
 __do_softirq+0x29b/0x9f6 kernel/softirq.c:343
 asm_call_irq_on_stack+0xf/0x20
 </IRQ>
 __run_on_irqstack arch/x86/include/asm/irq_stack.h:26 [inline]
 run_on_irqstack_cond arch/x86/include/asm/irq_stack.h:77 [inline]
 do_softirq_own_stack+0xaa/0xd0 arch/x86/kernel/irq_64.c:77
 invoke_softirq kernel/softirq.c:226 [inline]
 __irq_exit_rcu kernel/softirq.c:420 [inline]
 irq_exit_rcu+0x134/0x200 kernel/softirq.c:432
 sysvec_apic_timer_interrupt+0x4d/0x100 arch/x86/kernel/apic/apic.c:1100
 asm_sysvec_apic_timer_interrupt+0x12/0x20 arch/x86/include/asm/idtentry.h:629
RIP: 0010:native_save_fl arch/x86/include/asm/irqflags.h:29 [inline]
RIP: 0010:arch_local_save_flags arch/x86/include/asm/irqflags.h:79 [inline]
RIP: 0010:arch_irqs_disabled arch/x86/include/asm/irqflags.h:169 [inline]
RIP: 0010:acpi_safe_halt drivers/acpi/processor_idle.c:111 [inline]
RIP: 0010:acpi_idle_do_entry+0x161/0x1c0 drivers/acpi/processor_idle.c:516
Code: 00 00 fc ff df 48 c1 ea 03 80 3c 02 00 75 6d 48 8b 45 00 a8 08 75 c9 e8 9d 1f 3e f9 e9 07 00 00 00 0f 00 2d b1 69 b7 00 fb f4 <9c> 58 fa f6 c4 02 74 ae 5d e9 f1 1b 3e f9 48 89 ef 5d e9 c8 f9 ff
RSP: 0018:ffffc90000d47d30 EFLAGS: 00000202
RAX: 000000000004c051 RBX: ffff888143fa0865 RCX: 1ffffffff185df49
RDX: 0000000000000000 RSI: ffffffff888ae020 RDI: ffffffff88dc3fe0
RBP: ffff8880101ab800 R08: 0000000000000001 R09: 0000000000000001
R10: ffffed1002035700 R11: 0000000000000001 R12: 0000000000000001
R13: ffff888143fa0864 R14: ffffffff8b084400 R15: ffff8880189aa004
 acpi_idle_enter+0x2c0/0x4b0 drivers/acpi/processor_idle.c:647
 cpuidle_enter_state+0x152/0xb40 drivers/cpuidle/cpuidle.c:237
 cpuidle_enter+0x45/0xa0 drivers/cpuidle/cpuidle.c:351
 call_cpuidle kernel/sched/idle.c:158 [inline]
 cpuidle_idle_call kernel/sched/idle.c:239 [inline]
 do_idle+0x3e1/0x590 kernel/sched/idle.c:299
 cpu_startup_entry+0x14/0x20 kernel/sched/idle.c:396
 start_secondary+0x274/0x350 arch/x86/kernel/smpboot.c:272
 secondary_startup_64_no_verify+0xb0/0xbb
----------------
Code disassembly (best guess), 5 bytes skipped:
   0:	48 c1 ea 03          	shr    $0x3,%rdx
   4:	80 3c 02 00          	cmpb   $0x0,(%rdx,%rax,1)
   8:	75 6d                	jne    0x77
   a:	48 8b 45 00          	mov    0x0(%rbp),%rax
   e:	a8 08                	test   $0x8,%al
  10:	75 c9                	jne    0xffffffdb
  12:	e8 9d 1f 3e f9       	callq  0xf93e1fb4
  17:	e9 07 00 00 00       	jmpq   0x23
  1c:	0f 00 2d b1 69 b7 00 	verw   0xb769b1(%rip)        # 0xb769d4
  23:	fb                   	sti
  24:	f4                   	hlt
* 25:	9c                   	pushfq <-- trapping instruction
  26:	58                   	pop    %rax
  27:	fa                   	cli
  28:	f6 c4 02             	test   $0x2,%ah
  2b:	74 ae                	je     0xffffffdb
  2d:	5d                   	pop    %rbp
  2e:	e9 f1 1b 3e f9       	jmpq   0xf93e1c24
  33:	48 89 ef             	mov    %rbp,%rdi
  36:	5d                   	pop    %rbp
  37:	e9                   	.byte 0xe9
  38:	c8                   	.byte 0xc8
  39:	f9                   	stc
  3a:	ff                   	.byte 0xff

