bisecting cause commit starting from 5a5d008887b47f4d6ad98ff4b841313f892fcdee
building syzkaller on 8cac236e8c3741446e540b2fe0702086a4ae4c17
testing commit 5a5d008887b47f4d6ad98ff4b841313f892fcdee
compiler: gcc (GCC) 10.2.1 20210217, GNU ld (GNU Binutils for Debian) 2.35.2
kernel signature: a95a813750ebec752649121088113e5b427ee99d0e4406e13a574feb83034c5b
run #0: crashed: INFO: rcu detected stall in sys_mount
run #1: crashed: INFO: rcu detected stall in sys_mount
run #2: crashed: INFO: rcu detected stall in sys_mount
run #3: crashed: INFO: rcu detected stall in corrupted
run #4: crashed: INFO: rcu detected stall in sys_mount
run #5: crashed: INFO: rcu detected stall in corrupted
run #6: crashed: INFO: rcu detected stall in sys_mount
run #7: crashed: INFO: rcu detected stall in sys_mount
run #8: crashed: INFO: rcu detected stall in sys_mount
run #9: crashed: INFO: rcu detected stall in sys_mount
run #10: crashed: INFO: rcu detected stall in sys_mount
run #11: crashed: INFO: rcu detected stall in sys_mount
run #12: crashed: INFO: rcu detected stall in sys_mount
run #13: crashed: INFO: rcu detected stall in sys_mount
run #14: crashed: INFO: rcu detected stall in sys_mount
run #15: crashed: INFO: rcu detected stall in sys_mount
run #16: crashed: INFO: rcu detected stall in sys_mount
run #17: crashed: INFO: rcu detected stall in sys_mount
run #18: crashed: INFO: rcu detected stall in sys_mount
run #19: crashed: INFO: rcu detected stall in sys_mount
testing release v5.14
testing commit 7d2a07b769330c34b4deabeed939325c77a7ec2f
compiler: gcc (GCC) 10.2.1 20210217, GNU ld (GNU Binutils for Debian) 2.35.2
kernel signature: 8c219514f33cf5f7e995cffb6643e798eb9f0e406da2dbcbb7423680d5a3f503
all runs: crashed: no output from test machine
testing release v5.13
testing commit 62fb9874f5da54fdb243003b386128037319b219
compiler: gcc (GCC) 10.2.1 20210217, GNU ld (GNU Binutils for Debian) 2.35.2
kernel signature: f0d89eb8f9d4c9864735171e2eb3e5feeaf7d26439e5a7bae1ef45fb8f9578ab
all runs: crashed: no output from test machine
testing release v5.12
testing commit 9f4ad9e425a1d3b6a34617b8ea226d56a119a717
compiler: gcc (GCC) 10.2.1 20210217, GNU ld (GNU Binutils for Debian) 2.35.2
kernel signature: f3685dd148c0d7f62ec2c26b6ccd338a86cdce80e434ce6a225cc94922f0c2db
all runs: crashed: no output from test machine
testing release v5.11
testing commit f40ddce88593482919761f74910f42f4b84c004b
compiler: gcc (GCC) 10.2.1 20210217, GNU ld (GNU Binutils for Debian) 2.35.2
kernel signature: 1f5c2551444cc5a9717d44acd7d59dea64de831f0ec6d140c76c393b1a8be7b9
all runs: crashed: no output from test machine
testing release v5.10
testing commit 2c85ebc57b3e1817b6ce1a6b703928e113a90442
compiler: gcc (GCC) 10.2.1 20210217, GNU ld (GNU Binutils for Debian) 2.35.2
kernel signature: 6fadf1b92bad0f2eefaa047034d1044e5b34f9c1872d7811646aed5049f137a7
all runs: crashed: no output from test machine
testing release v5.9
testing commit bbf5c979011a099af5dc76498918ed7df445635b
compiler: gcc (GCC) 10.2.1 20210217, GNU ld (GNU Binutils for Debian) 2.35.2
kernel signature: 79f11e7a8eed3e447672927cef5561c2ba920551ad72927757519c7fec1a8d58
all runs: crashed: no output from test machine
testing release v5.8
testing commit bcf876870b95592b52519ed4aafcf9d95999bc9c
compiler: gcc (GCC) 8.4.1 20210217, GNU ld (GNU Binutils for Debian) 2.35.2
kernel signature: 3a10be75bbfb45817efdf085ef0d7bb7934a9655779dbb5140e82be0f1d7e80e
run #0: crashed: no output from test machine
run #1: crashed: no output from test machine
run #2: crashed: no output from test machine
run #3: crashed: no output from test machine
run #4: crashed: no output from test machine
run #5: crashed: no output from test machine
run #6: crashed: no output from test machine
run #7: crashed: no output from test machine
run #8: crashed: no output from test machine
run #9: boot failed: can't ssh into the instance
testing release v5.7
testing commit 3d77e6a8804abcc0504c904bd6e5cdf3a5cf8162
compiler: gcc version 8.4.1 20210217 (GCC), GNU ld (GNU Binutils for Debian) 2.35.2
kernel signature: 6c15458155203600f9eead46349048b82bfa958d35a9c08152de83a646393e6d
all runs: crashed: no output from test machine
testing release v5.6
testing commit 7111951b8d4973bda27ff663f2cf18b663d15b48
compiler: gcc version 8.4.1 20210217 (GCC)
kernel signature: 3ec8f747eafa1b5378a4cc37ea09f1a8798bfd8f4ee7c3e4b1f24c42b3888ba2
all runs: crashed: no output from test machine
testing release v5.5
testing commit d5226fa6dbae0569ee43ecfc08bdcd6770fc4755
compiler: gcc version 8.4.1 20210217 (GCC)
kernel signature: 1e50721387abc6962be73a376a0e25993de05554e109369a0cf0059deb740472
all runs: crashed: no output from test machine
testing release v5.4
testing commit 219d54332a09e8d8741c1e1982f5eae56099de85
compiler: gcc version 8.4.1 20210217 (GCC)
kernel signature: 9746f3b655633436e9e0647dfbf6f8cc6036487689cc04d539ee7143aa30fdd9
all runs: crashed: no output from test machine
testing release v5.3
testing commit 4d856f72c10ecb060868ed10ff1b1453943fc6c8
compiler: gcc version 8.4.1 20210217 (GCC)
kernel signature: 54920ccfe5023ac1310b5de92553c4d02e1b7ef19a40c59ae996f8f35d0795ad
all runs: crashed: no output from test machine
testing release v5.2
testing commit 0ecfebd2b52404ae0c54a878c872bb93363ada36
compiler: gcc version 8.4.1 20210217 (GCC)
kernel signature: 63727acb5f1a8479cf00e4aeaeb8b93f969f620cc11da3adce5ab8324955b755
run #0: crashed: WARNING: bad unlock balance in rcu_core
run #1: crashed: no output from test machine
run #2: crashed: no output from test machine
run #3: crashed: no output from test machine
run #4: crashed: no output from test machine
run #5: crashed: no output from test machine
run #6: crashed: no output from test machine
run #7: crashed: no output from test machine
run #8: crashed: no output from test machine
run #9: crashed: no output from test machine
testing release v5.1
testing commit e93c9c99a629c61837d5a7fc2120cd2b6c70dbdd
compiler: gcc version 8.4.1 20210217 (GCC)
kernel signature: 7050ee04822f2db21ebf0899802481c3b2ef8a9ecc304d7dd18796d74cadf966
all runs: crashed: no output from test machine
testing release v5.0
testing commit 1c163f4c7b3f621efff9b28a47abb36f7378d783
compiler: gcc version 8.4.1 20210217 (GCC)
kernel signature: 74b9cbc5d612f13207febb901e714d31acb8cf018ab074f1a6cc514f3f821600
all runs: crashed: no output from test machine
testing release v4.20
testing commit 8fe28cb58bcb235034b64cbbb7550a8a43fd88be
compiler: gcc version 8.4.1 20210217 (GCC)
kernel signature: 93114443b6da916fb59b33c89a30ce7c6649d3b481307d8db79f5698c42b0cf8
all runs: crashed: no output from test machine
testing release v4.19
testing commit 84df9525b0c27f3ebc2ebb1864fa62a97fdedb7d
compiler: gcc version 8.4.1 20210217 (GCC)
kernel signature: 9c8539fda93ec22fead92a2bb5803bad6f7586be5cae0c7dc5a33380d21996c1
all runs: crashed: no output from test machine
testing release v4.18
testing commit 94710cac0ef4ee177a63b5227664b38c95bbf703
compiler: gcc version 8.4.1 20210217 (GCC)
kernel signature: 7fdc16ab841f2090f6923af77b0a8d54fff7ef8743fa0886e4ee6bf773b758bd
all runs: crashed: no output from test machine
testing release v4.17
testing commit 29dcea88779c856c7dc92040a0c01233263101d4
compiler: gcc (GCC) 8.4.1 20210217
failed to run ["make" "-j" "64" "ARCH=x86_64" "CC=/syzkaller/shared/bisect_bin/gcc-8.1.0/bin/gcc" "bzImage"]: exit status 2
testing release v4.16
testing commit 0adb32858b0bddf4ada5f364a84ed60b196dbcda
compiler: gcc (GCC) 8.4.1 20210217
orc_dump.c:106:2: error: 'elf_getshnum' is deprecated [-Werror=deprecated-declarations]
orc_dump.c:111:2: error: 'elf_getshstrndx' is deprecated [-Werror=deprecated-declarations]
elf.c:135:2: error: 'elf_getshnum' is deprecated [-Werror=deprecated-declarations]
elf.c:140:2: error: 'elf_getshstrndx' is deprecated [-Werror=deprecated-declarations]
testing release v4.15
testing commit d8a5b80568a9cb66810e75b182018e9edb68e8ff
compiler: gcc (GCC) 8.4.1 20210217
orc_dump.c:106:2: error: 'elf_getshnum' is deprecated [-Werror=deprecated-declarations]
orc_dump.c:111:2: error: 'elf_getshstrndx' is deprecated [-Werror=deprecated-declarations]
pager.c:36:12: error: passing argument 2 to 'restrict'-qualified parameter aliases with argument 4 [-Werror=restrict]
elf.c:135:2: error: 'elf_getshnum' is deprecated [-Werror=deprecated-declarations]
elf.c:140:2: error: 'elf_getshstrndx' is deprecated [-Werror=deprecated-declarations]
testing release v4.14
testing commit bebc6082da0a9f5d47a1ea2edc099bf671058bd4
compiler: gcc (GCC) 8.4.1 20210217
orc_dump.c:105:2: error: 'elf_getshnum' is deprecated [-Werror=deprecated-declarations]
orc_dump.c:110:2: error: 'elf_getshstrndx' is deprecated [-Werror=deprecated-declarations]
pager.c:36:12: error: passing argument 2 to 'restrict'-qualified parameter aliases with argument 4 [-Werror=restrict]
elf.c:134:2: error: 'elf_getshnum' is deprecated [-Werror=deprecated-declarations]
elf.c:139:2: error: 'elf_getshstrndx' is deprecated [-Werror=deprecated-declarations]
testing release v4.13
testing commit 569dbb88e80deb68974ef6fdd6a13edb9d686261
compiler: gcc (GCC) 8.4.1 20210217
pager.c:35:12: error: passing argument 2 to 'restrict'-qualified parameter aliases with argument 4 [-Werror=restrict]
elf.c:144:2: error: 'elf_getshnum' is deprecated [-Werror=deprecated-declarations]
elf.c:149:2: error: 'elf_getshstrndx' is deprecated [-Werror=deprecated-declarations]
testing release v4.12
testing commit 6f7da290413ba713f0cdd9ff1a2a9bb129ef4f6c
compiler: gcc (GCC) 8.4.1 20210217
pager.c:35:12: error: passing argument 2 to 'restrict'-qualified parameter aliases with argument 4 [-Werror=restrict]
elf.c:141:2: error: 'elf_getshnum' is deprecated [-Werror=deprecated-declarations]
elf.c:146:2: error: 'elf_getshstrndx' is deprecated [-Werror=deprecated-declarations]
testing release v4.11
testing commit a351e9b9fc24e982ec2f0e76379a49826036da12
compiler: gcc (GCC) 7.5.0
elf.c:141:2: error: 'elf_getshnum' is deprecated [-Werror=deprecated-declarations]
elf.c:146:2: error: 'elf_getshstrndx' is deprecated [-Werror=deprecated-declarations]
pager.c:35:12: error: passing argument 2 to 'restrict'-qualified parameter aliases with argument 4 [-Werror=restrict]
testing release v4.10
testing commit c470abd4fde40ea6a0846a2beab642a578c0b8cd
compiler: gcc (GCC) 5.5.0
tools/include/linux/log2.h:19:1: error: ignoring attribute 'noreturn' because it conflicts with attribute 'const' [-Werror=attributes]
pager.c:35:12: error: passing argument 2 to 'restrict'-qualified parameter aliases with argument 4 [-Werror=restrict]
elf.c:129:2: error: 'elf_getshnum' is deprecated [-Werror=deprecated-declarations]
elf.c:134:2: error: 'elf_getshstrndx' is deprecated [-Werror=deprecated-declarations]
testing release v4.9
testing commit 69973b830859bc6529a7a0468ba0d80ee5117826
compiler: gcc (GCC) 5.5.0
tools/include/linux/log2.h:19:1: error: ignoring attribute 'noreturn' because it conflicts with attribute 'const' [-Werror=attributes]
elf.c:129:2: error: 'elf_getshnum' is deprecated [-Werror=deprecated-declarations]
elf.c:134:2: error: 'elf_getshstrndx' is deprecated [-Werror=deprecated-declarations]
pager.c:35:12: error: passing argument 2 to 'restrict'-qualified parameter aliases with argument 4 [-Werror=restrict]
testing release v4.8
testing commit c8d2bc9bc39ebea8437fd974fdbc21847bb897a3
compiler: gcc (GCC) 5.5.0
tools/include/linux/log2.h:19:1: error: ignoring attribute 'noreturn' because it conflicts with attribute 'const' [-Werror=attributes]
elf.c:129:2: error: 'elf_getshnum' is deprecated [-Werror=deprecated-declarations]
elf.c:134:2: error: 'elf_getshstrndx' is deprecated [-Werror=deprecated-declarations]
pager.c:33:12: error: passing argument 2 to 'restrict'-qualified parameter aliases with argument 4 [-Werror=restrict]
testing release v4.7
testing commit 523d939ef98fd712632d93a5a2b588e477a7565e
compiler: gcc (GCC) 5.5.0
tools/include/linux/log2.h:19:1: error: ignoring attribute 'noreturn' because it conflicts with attribute 'const' [-Werror=attributes]
elf.c:122:2: error: 'elf_getshnum' is deprecated [-Werror=deprecated-declarations]
elf.c:127:2: error: 'elf_getshstrndx' is deprecated [-Werror=deprecated-declarations]
pager.c:33:12: error: passing argument 2 to 'restrict'-qualified parameter aliases with argument 4 [-Werror=restrict]
testing release v4.6
testing commit 2dcd0af568b0cf583645c8a317dd12e344b1c72a
compiler: gcc (GCC) 5.5.0
tools/include/linux/log2.h:19:1: error: ignoring attribute 'noreturn' because it conflicts with attribute 'const' [-Werror=attributes]
pager.c:33:12: error: passing argument 2 to 'restrict'-qualified parameter aliases with argument 4 [-Werror=restrict]
revisions tested: 19, total time: 4h32m43.181790045s (build: 1h57m48.535582701s, test: 2h29m58.404303695s)
the crash already happened on the oldest tested release
commit msg: Linux 4.18
crash: no output from test machine

