bisecting cause commit starting from ce522ba9ef7e2d9fb22a39eb3371c0c64e2a433e
building syzkaller on af01ee7dda3c1b644f43230ae466b6dc7ceb97c3
testing commit ce522ba9ef7e2d9fb22a39eb3371c0c64e2a433e
compiler: gcc (GCC) 10.2.1 20210217, GNU ld (GNU Binutils for Debian) 2.35.2
kernel signature: d1525f18931267f620987193bbdccb5940bda774d1b59d20b312bf19a270e432
run #0: basic kernel testing failed: BUG: program execution failed: executor NUM: exit status NUM
run #1: crashed: WARNING in bpf_check
run #2: crashed: WARNING in bpf_check
run #3: crashed: WARNING in bpf_check
run #4: crashed: WARNING in bpf_check
run #5: crashed: WARNING in bpf_check
run #6: crashed: WARNING in bpf_check
run #7: crashed: WARNING in bpf_check
run #8: crashed: WARNING in bpf_check
run #9: crashed: WARNING in bpf_check
run #10: crashed: WARNING in bpf_check
run #11: crashed: WARNING in bpf_check
run #12: crashed: WARNING in bpf_check
run #13: crashed: WARNING in bpf_check
run #14: crashed: WARNING in bpf_check
run #15: crashed: WARNING in bpf_check
run #16: crashed: WARNING in bpf_check
run #17: crashed: WARNING in bpf_check
run #18: crashed: WARNING in bpf_check
run #19: crashed: WARNING in bpf_check
testing release v5.17
testing commit f443e374ae131c168a065ea1748feac6b2e76613
compiler: gcc (GCC) 10.2.1 20210217, GNU ld (GNU Binutils for Debian) 2.35.2
kernel signature: 3519ee23bb64bfcd268daddbafdea0b5c2f99455f02dee0514fd4a689fd2b7f9
all runs: crashed: WARNING in bpf_check
testing release v5.16
testing commit df0cc57e057f18e44dac8e6c18aba47ab53202f9
compiler: gcc (GCC) 10.2.1 20210217, GNU ld (GNU Binutils for Debian) 2.35.2
kernel signature: ac5509ad476ee4a9995228579d7321a86055cb1814ac858531b1f1a96261fa79
all runs: crashed: WARNING in bpf_check
testing release v5.15
testing commit 8bb7eca972ad531c9b149c0a51ab43a417385813
compiler: gcc (GCC) 10.2.1 20210217, GNU ld (GNU Binutils for Debian) 2.35.2
kernel signature: 789bafed6b626ba8ee3ac11d22e5c6bedcd95acd7318081470ddaf1eac138440
all runs: crashed: WARNING in bpf_check
testing release v5.14
testing commit 7d2a07b769330c34b4deabeed939325c77a7ec2f
compiler: gcc (GCC) 10.2.1 20210217, GNU ld (GNU Binutils for Debian) 2.35.2
kernel signature: 76a988e54c890b52dff0a1de9aa4ead610c02a1ccb6a87ee4d6f57a8e2857256
all runs: crashed: WARNING in bpf_check
testing release v5.13
testing commit 62fb9874f5da54fdb243003b386128037319b219
compiler: gcc (GCC) 10.2.1 20210217, GNU ld (GNU Binutils for Debian) 2.35.2
kernel signature: 9e1d35f01d0dc6a18d0972e1b8b11c2f3d906761f2e10cbf9786ec3551100a52
all runs: crashed: WARNING in bpf_check
testing release v5.12
testing commit 9f4ad9e425a1d3b6a34617b8ea226d56a119a717
compiler: gcc (GCC) 10.2.1 20210217, GNU ld (GNU Binutils for Debian) 2.35.2
kernel signature: 4acccc553cf738873ed4cee8bc143708a949be89bd56439b391406aa0ba5eaa1
all runs: crashed: WARNING in bpf_check
testing release v5.11
testing commit f40ddce88593482919761f74910f42f4b84c004b
compiler: gcc (GCC) 10.2.1 20210217, GNU ld (GNU Binutils for Debian) 2.35.2
kernel signature: 96961b081142cebdc5dbf5f5ed601a0c84a97cb3669368082eabe4df7000488f
all runs: crashed: WARNING in bpf_check
testing release v5.10
testing commit 2c85ebc57b3e1817b6ce1a6b703928e113a90442
compiler: gcc (GCC) 10.2.1 20210217, GNU ld (GNU Binutils for Debian) 2.35.2
kernel signature: aca857fb23373119bf6801827f933338f33a001cf491e3bb32198e223e0e3d98
all runs: basic kernel testing failed: KASAN: use-after-free Read in task_active_pid_ns
testing release v5.9
testing commit bbf5c979011a099af5dc76498918ed7df445635b
compiler: gcc (GCC) 10.2.1 20210217, GNU ld (GNU Binutils for Debian) 2.35.2
kernel signature: aaedd6b613c0352441b275032f09238148ccd7c7c216435e2a712d277b48f7b8
all runs: basic kernel testing failed: KASAN: use-after-free Read in task_active_pid_ns
testing release v5.8
testing commit bcf876870b95592b52519ed4aafcf9d95999bc9c
compiler: gcc (GCC) 8.4.1 20210217, GNU ld (GNU Binutils for Debian) 2.35.2
kernel signature: 12a03c60e0ee31275dbf3b86efabd64d5d1fa7ff423881d21ea99de497cd3884
all runs: basic kernel testing failed: KASAN: use-after-free Read in task_active_pid_ns
testing release v5.7
testing commit 3d77e6a8804abcc0504c904bd6e5cdf3a5cf8162
compiler: gcc version 8.4.1 20210217 (GCC), GNU ld (GNU Binutils for Debian) 2.35.2
kernel signature: 5e03d422558943afbe76ee94a52c822df5bc6cb4a1ff24acdca2093db5900e0c
all runs: basic kernel testing failed: KASAN: use-after-free Read in task_active_pid_ns
testing release v5.6
testing commit 7111951b8d4973bda27ff663f2cf18b663d15b48
compiler: gcc version 8.4.1 20210217 (GCC)
kernel signature: fd81e9e526183b3acbeeee148f0dc8f374855521ea95772e7f0948950bbbd8ce
all runs: basic kernel testing failed: KASAN: use-after-free Read in task_active_pid_ns
testing release v5.5
testing commit d5226fa6dbae0569ee43ecfc08bdcd6770fc4755
compiler: gcc version 8.4.1 20210217 (GCC)
kernel signature: af2ceb3827f4ecddb980c106b180e0519cbe373579804743e2f255d7ce78b98a
all runs: basic kernel testing failed: KASAN: use-after-free Read in task_active_pid_ns
testing release v5.4
testing commit 219d54332a09e8d8741c1e1982f5eae56099de85
compiler: gcc version 8.4.1 20210217 (GCC)
kernel signature: 1f8ef702a507afc26ff5c05ffd0523870b9877b058ff84ee8093d5c9cfeb4063
all runs: basic kernel testing failed: KASAN: use-after-free Read in task_active_pid_ns
testing release v5.3
testing commit 4d856f72c10ecb060868ed10ff1b1453943fc6c8
compiler: gcc version 8.4.1 20210217 (GCC)
kernel signature: 6873f607f47a0e602c46e371aa8cac702a64e4add49b0e3b48e3455d2e0457df
run #0: basic kernel testing failed: failed to copy test binary to VM: failed to run ["scp" "-P" "22" "-F" "/dev/null" "-o" "UserKnownHostsFile=/dev/null" "-o" "BatchMode=yes" "-o" "IdentitiesOnly=yes" "-o" "StrictHostKeyChecking=no" "-o" "ConnectTimeout=10" "/syzkaller/jobs/linux/gopath/src/github.com/google/syzkaller/bin/linux_amd64/syz-fuzzer" "root@10.128.1.45:./syz-fuzzer"]: exit status 1
Warning: Permanently added '10.128.1.45' (ECDSA) to the list of known hosts.
scp: ./syz-fuzzer: Read-only file system

run #1: basic kernel testing failed: failed to copy test binary to VM: failed to run ["scp" "-P" "22" "-F" "/dev/null" "-o" "UserKnownHostsFile=/dev/null" "-o" "BatchMode=yes" "-o" "IdentitiesOnly=yes" "-o" "StrictHostKeyChecking=no" "-o" "ConnectTimeout=10" "/syzkaller/jobs/linux/gopath/src/github.com/google/syzkaller/bin/linux_amd64/syz-fuzzer" "root@10.128.0.154:./syz-fuzzer"]: exit status 1
Warning: Permanently added '10.128.0.154' (ECDSA) to the list of known hosts.
scp: ./syz-fuzzer: Read-only file system

run #2: basic kernel testing failed: failed to copy test binary to VM: failed to run ["scp" "-P" "22" "-F" "/dev/null" "-o" "UserKnownHostsFile=/dev/null" "-o" "BatchMode=yes" "-o" "IdentitiesOnly=yes" "-o" "StrictHostKeyChecking=no" "-o" "ConnectTimeout=10" "/syzkaller/jobs/linux/gopath/src/github.com/google/syzkaller/bin/linux_amd64/syz-fuzzer" "root@10.128.1.49:./syz-fuzzer"]: exit status 1
Warning: Permanently added '10.128.1.49' (ECDSA) to the list of known hosts.
scp: ./syz-fuzzer: Read-only file system

run #3: basic kernel testing failed: failed to copy test binary to VM: failed to run ["scp" "-P" "22" "-F" "/dev/null" "-o" "UserKnownHostsFile=/dev/null" "-o" "BatchMode=yes" "-o" "IdentitiesOnly=yes" "-o" "StrictHostKeyChecking=no" "-o" "ConnectTimeout=10" "/syzkaller/jobs/linux/gopath/src/github.com/google/syzkaller/bin/linux_amd64/syz-fuzzer" "root@10.128.1.122:./syz-fuzzer"]: exit status 1
Warning: Permanently added '10.128.1.122' (ECDSA) to the list of known hosts.
scp: ./syz-fuzzer: Read-only file system

run #4: basic kernel testing failed: failed to copy test binary to VM: failed to run ["scp" "-P" "22" "-F" "/dev/null" "-o" "UserKnownHostsFile=/dev/null" "-o" "BatchMode=yes" "-o" "IdentitiesOnly=yes" "-o" "StrictHostKeyChecking=no" "-o" "ConnectTimeout=10" "/syzkaller/jobs/linux/gopath/src/github.com/google/syzkaller/bin/linux_amd64/syz-fuzzer" "root@10.128.1.124:./syz-fuzzer"]: exit status 1
Warning: Permanently added '10.128.1.124' (ECDSA) to the list of known hosts.
scp: ./syz-fuzzer: Read-only file system

run #5: basic kernel testing failed: failed to copy test binary to VM: failed to run ["scp" "-P" "22" "-F" "/dev/null" "-o" "UserKnownHostsFile=/dev/null" "-o" "BatchMode=yes" "-o" "IdentitiesOnly=yes" "-o" "StrictHostKeyChecking=no" "-o" "ConnectTimeout=10" "/syzkaller/jobs/linux/gopath/src/github.com/google/syzkaller/bin/linux_amd64/syz-fuzzer" "root@10.128.0.199:./syz-fuzzer"]: exit status 1
Warning: Permanently added '10.128.0.199' (ECDSA) to the list of known hosts.
scp: ./syz-fuzzer: Read-only file system

run #6: basic kernel testing failed: failed to copy test binary to VM: failed to run ["scp" "-P" "22" "-F" "/dev/null" "-o" "UserKnownHostsFile=/dev/null" "-o" "BatchMode=yes" "-o" "IdentitiesOnly=yes" "-o" "StrictHostKeyChecking=no" "-o" "ConnectTimeout=10" "/syzkaller/jobs/linux/gopath/src/github.com/google/syzkaller/bin/linux_amd64/syz-fuzzer" "root@10.128.10.35:./syz-fuzzer"]: exit status 1
Warning: Permanently added '10.128.10.35' (ECDSA) to the list of known hosts.
scp: ./syz-fuzzer: Read-only file system

run #7: basic kernel testing failed: failed to copy test binary to VM: failed to run ["scp" "-P" "22" "-F" "/dev/null" "-o" "UserKnownHostsFile=/dev/null" "-o" "BatchMode=yes" "-o" "IdentitiesOnly=yes" "-o" "StrictHostKeyChecking=no" "-o" "ConnectTimeout=10" "/syzkaller/jobs/linux/gopath/src/github.com/google/syzkaller/bin/linux_amd64/syz-fuzzer" "root@10.128.10.38:./syz-fuzzer"]: exit status 1
Warning: Permanently added '10.128.10.38' (ECDSA) to the list of known hosts.
scp: ./syz-fuzzer: Read-only file system

run #8: basic kernel testing failed: failed to copy test binary to VM: failed to run ["scp" "-P" "22" "-F" "/dev/null" "-o" "UserKnownHostsFile=/dev/null" "-o" "BatchMode=yes" "-o" "IdentitiesOnly=yes" "-o" "StrictHostKeyChecking=no" "-o" "ConnectTimeout=10" "/syzkaller/jobs/linux/gopath/src/github.com/google/syzkaller/bin/linux_amd64/syz-fuzzer" "root@10.128.10.40:./syz-fuzzer"]: exit status 1
Warning: Permanently added '10.128.10.40' (ECDSA) to the list of known hosts.
scp: ./syz-fuzzer: Read-only file system

run #9: basic kernel testing failed: failed to copy test binary to VM: failed to run ["scp" "-P" "22" "-F" "/dev/null" "-o" "UserKnownHostsFile=/dev/null" "-o" "BatchMode=yes" "-o" "IdentitiesOnly=yes" "-o" "StrictHostKeyChecking=no" "-o" "ConnectTimeout=10" "/syzkaller/jobs/linux/gopath/src/github.com/google/syzkaller/bin/linux_amd64/syz-fuzzer" "root@10.128.10.42:./syz-fuzzer"]: exit status 1
Warning: Permanently added '10.128.10.42' (ECDSA) to the list of known hosts.
scp: ./syz-fuzzer: Read-only file system

testing release v5.2
testing commit 0ecfebd2b52404ae0c54a878c872bb93363ada36
compiler: gcc version 8.4.1 20210217 (GCC)
kernel signature: 040001c9385811c285f0cbc024f99b798b3499c7521cc839847210773275109a
run #0: basic kernel testing failed: failed to copy test binary to VM: failed to run ["scp" "-P" "22" "-F" "/dev/null" "-o" "UserKnownHostsFile=/dev/null" "-o" "BatchMode=yes" "-o" "IdentitiesOnly=yes" "-o" "StrictHostKeyChecking=no" "-o" "ConnectTimeout=10" "/syzkaller/jobs/linux/gopath/src/github.com/google/syzkaller/bin/linux_amd64/syz-fuzzer" "root@10.128.1.125:./syz-fuzzer"]: exit status 1
Warning: Permanently added '10.128.1.125' (ECDSA) to the list of known hosts.
scp: ./syz-fuzzer: Read-only file system

run #1: basic kernel testing failed: failed to copy test binary to VM: failed to run ["scp" "-P" "22" "-F" "/dev/null" "-o" "UserKnownHostsFile=/dev/null" "-o" "BatchMode=yes" "-o" "IdentitiesOnly=yes" "-o" "StrictHostKeyChecking=no" "-o" "ConnectTimeout=10" "/syzkaller/jobs/linux/gopath/src/github.com/google/syzkaller/bin/linux_amd64/syz-fuzzer" "root@10.128.10.40:./syz-fuzzer"]: exit status 1
Warning: Permanently added '10.128.10.40' (ECDSA) to the list of known hosts.
scp: ./syz-fuzzer: Read-only file system

run #2: basic kernel testing failed: failed to copy test binary to VM: failed to run ["scp" "-P" "22" "-F" "/dev/null" "-o" "UserKnownHostsFile=/dev/null" "-o" "BatchMode=yes" "-o" "IdentitiesOnly=yes" "-o" "StrictHostKeyChecking=no" "-o" "ConnectTimeout=10" "/syzkaller/jobs/linux/gopath/src/github.com/google/syzkaller/bin/linux_amd64/syz-fuzzer" "root@10.128.10.35:./syz-fuzzer"]: exit status 1
Warning: Permanently added '10.128.10.35' (ECDSA) to the list of known hosts.
scp: ./syz-fuzzer: Read-only file system

run #3: basic kernel testing failed: failed to copy test binary to VM: failed to run ["scp" "-P" "22" "-F" "/dev/null" "-o" "UserKnownHostsFile=/dev/null" "-o" "BatchMode=yes" "-o" "IdentitiesOnly=yes" "-o" "StrictHostKeyChecking=no" "-o" "ConnectTimeout=10" "/syzkaller/jobs/linux/gopath/src/github.com/google/syzkaller/bin/linux_amd64/syz-fuzzer" "root@10.128.10.37:./syz-fuzzer"]: exit status 1
Warning: Permanently added '10.128.10.37' (ECDSA) to the list of known hosts.
scp: ./syz-fuzzer: Read-only file system

run #4: basic kernel testing failed: failed to copy test binary to VM: failed to run ["scp" "-P" "22" "-F" "/dev/null" "-o" "UserKnownHostsFile=/dev/null" "-o" "BatchMode=yes" "-o" "IdentitiesOnly=yes" "-o" "StrictHostKeyChecking=no" "-o" "ConnectTimeout=10" "/syzkaller/jobs/linux/gopath/src/github.com/google/syzkaller/bin/linux_amd64/syz-fuzzer" "root@10.128.0.128:./syz-fuzzer"]: exit status 1
Warning: Permanently added '10.128.0.128' (ECDSA) to the list of known hosts.
scp: ./syz-fuzzer: Read-only file system

run #5: basic kernel testing failed: failed to copy test binary to VM: failed to run ["scp" "-P" "22" "-F" "/dev/null" "-o" "UserKnownHostsFile=/dev/null" "-o" "BatchMode=yes" "-o" "IdentitiesOnly=yes" "-o" "StrictHostKeyChecking=no" "-o" "ConnectTimeout=10" "/syzkaller/jobs/linux/gopath/src/github.com/google/syzkaller/bin/linux_amd64/syz-fuzzer" "root@10.128.0.180:./syz-fuzzer"]: exit status 1
Warning: Permanently added '10.128.0.180' (ECDSA) to the list of known hosts.
scp: ./syz-fuzzer: Read-only file system

run #6: basic kernel testing failed: failed to copy test binary to VM: failed to run ["scp" "-P" "22" "-F" "/dev/null" "-o" "UserKnownHostsFile=/dev/null" "-o" "BatchMode=yes" "-o" "IdentitiesOnly=yes" "-o" "StrictHostKeyChecking=no" "-o" "ConnectTimeout=10" "/syzkaller/jobs/linux/gopath/src/github.com/google/syzkaller/bin/linux_amd64/syz-fuzzer" "root@10.128.0.29:./syz-fuzzer"]: exit status 1
Warning: Permanently added '10.128.0.29' (ECDSA) to the list of known hosts.
scp: ./syz-fuzzer: Read-only file system

run #7: basic kernel testing failed: failed to copy test binary to VM: failed to run ["scp" "-P" "22" "-F" "/dev/null" "-o" "UserKnownHostsFile=/dev/null" "-o" "BatchMode=yes" "-o" "IdentitiesOnly=yes" "-o" "StrictHostKeyChecking=no" "-o" "ConnectTimeout=10" "/syzkaller/jobs/linux/gopath/src/github.com/google/syzkaller/bin/linux_amd64/syz-fuzzer" "root@10.128.10.38:./syz-fuzzer"]: exit status 1
Warning: Permanently added '10.128.10.38' (ECDSA) to the list of known hosts.
scp: ./syz-fuzzer: Read-only file system

run #8: basic kernel testing failed: failed to copy test binary to VM: failed to run ["scp" "-P" "22" "-F" "/dev/null" "-o" "UserKnownHostsFile=/dev/null" "-o" "BatchMode=yes" "-o" "IdentitiesOnly=yes" "-o" "StrictHostKeyChecking=no" "-o" "ConnectTimeout=10" "/syzkaller/jobs/linux/gopath/src/github.com/google/syzkaller/bin/linux_amd64/syz-fuzzer" "root@10.128.0.114:./syz-fuzzer"]: exit status 1
Warning: Permanently added '10.128.0.114' (ECDSA) to the list of known hosts.
scp: ./syz-fuzzer: Read-only file system

run #9: basic kernel testing failed: failed to copy test binary to VM: failed to run ["scp" "-P" "22" "-F" "/dev/null" "-o" "UserKnownHostsFile=/dev/null" "-o" "BatchMode=yes" "-o" "IdentitiesOnly=yes" "-o" "StrictHostKeyChecking=no" "-o" "ConnectTimeout=10" "/syzkaller/jobs/linux/gopath/src/github.com/google/syzkaller/bin/linux_amd64/syz-fuzzer" "root@10.128.0.181:./syz-fuzzer"]: exit status 1
Warning: Permanently added '10.128.0.181' (ECDSA) to the list of known hosts.
scp: ./syz-fuzzer: Read-only file system

testing release v5.1
testing commit e93c9c99a629c61837d5a7fc2120cd2b6c70dbdd
compiler: gcc version 8.4.1 20210217 (GCC)
kernel signature: 7c43b1ec3c9d9b0dc21c8d8c4c33aeabb540c370371e0cd9ef85b62910bf4098
run #0: basic kernel testing failed: failed to copy test binary to VM: failed to run ["scp" "-P" "22" "-F" "/dev/null" "-o" "UserKnownHostsFile=/dev/null" "-o" "BatchMode=yes" "-o" "IdentitiesOnly=yes" "-o" "StrictHostKeyChecking=no" "-o" "ConnectTimeout=10" "/syzkaller/jobs/linux/gopath/src/github.com/google/syzkaller/bin/linux_amd64/syz-fuzzer" "root@10.128.0.14:./syz-fuzzer"]: exit status 1
Warning: Permanently added '10.128.0.14' (ECDSA) to the list of known hosts.
scp: ./syz-fuzzer: Read-only file system

run #1: basic kernel testing failed: failed to copy test binary to VM: failed to run ["scp" "-P" "22" "-F" "/dev/null" "-o" "UserKnownHostsFile=/dev/null" "-o" "BatchMode=yes" "-o" "IdentitiesOnly=yes" "-o" "StrictHostKeyChecking=no" "-o" "ConnectTimeout=10" "/syzkaller/jobs/linux/gopath/src/github.com/google/syzkaller/bin/linux_amd64/syz-fuzzer" "root@10.128.0.130:./syz-fuzzer"]: exit status 1
Warning: Permanently added '10.128.0.130' (ECDSA) to the list of known hosts.
scp: ./syz-fuzzer: Read-only file system

run #2: basic kernel testing failed: failed to copy test binary to VM: failed to run ["scp" "-P" "22" "-F" "/dev/null" "-o" "UserKnownHostsFile=/dev/null" "-o" "BatchMode=yes" "-o" "IdentitiesOnly=yes" "-o" "StrictHostKeyChecking=no" "-o" "ConnectTimeout=10" "/syzkaller/jobs/linux/gopath/src/github.com/google/syzkaller/bin/linux_amd64/syz-fuzzer" "root@10.128.0.57:./syz-fuzzer"]: exit status 1
Warning: Permanently added '10.128.0.57' (ECDSA) to the list of known hosts.
scp: ./syz-fuzzer: Read-only file system

run #3: basic kernel testing failed: failed to copy test binary to VM: failed to run ["scp" "-P" "22" "-F" "/dev/null" "-o" "UserKnownHostsFile=/dev/null" "-o" "BatchMode=yes" "-o" "IdentitiesOnly=yes" "-o" "StrictHostKeyChecking=no" "-o" "ConnectTimeout=10" "/syzkaller/jobs/linux/gopath/src/github.com/google/syzkaller/bin/linux_amd64/syz-fuzzer" "root@10.128.1.108:./syz-fuzzer"]: exit status 1
Warning: Permanently added '10.128.1.108' (ECDSA) to the list of known hosts.
scp: ./syz-fuzzer: Read-only file system

run #4: basic kernel testing failed: failed to copy test binary to VM: failed to run ["scp" "-P" "22" "-F" "/dev/null" "-o" "UserKnownHostsFile=/dev/null" "-o" "BatchMode=yes" "-o" "IdentitiesOnly=yes" "-o" "StrictHostKeyChecking=no" "-o" "ConnectTimeout=10" "/syzkaller/jobs/linux/gopath/src/github.com/google/syzkaller/bin/linux_amd64/syz-fuzzer" "root@10.128.1.104:./syz-fuzzer"]: exit status 1
Warning: Permanently added '10.128.1.104' (ECDSA) to the list of known hosts.
scp: ./syz-fuzzer: Read-only file system

run #5: basic kernel testing failed: failed to copy test binary to VM: failed to run ["scp" "-P" "22" "-F" "/dev/null" "-o" "UserKnownHostsFile=/dev/null" "-o" "BatchMode=yes" "-o" "IdentitiesOnly=yes" "-o" "StrictHostKeyChecking=no" "-o" "ConnectTimeout=10" "/syzkaller/jobs/linux/gopath/src/github.com/google/syzkaller/bin/linux_amd64/syz-fuzzer" "root@10.128.10.32:./syz-fuzzer"]: exit status 1
Warning: Permanently added '10.128.10.32' (ECDSA) to the list of known hosts.
scp: ./syz-fuzzer: Read-only file system

run #6: basic kernel testing failed: failed to copy test binary to VM: failed to run ["scp" "-P" "22" "-F" "/dev/null" "-o" "UserKnownHostsFile=/dev/null" "-o" "BatchMode=yes" "-o" "IdentitiesOnly=yes" "-o" "StrictHostKeyChecking=no" "-o" "ConnectTimeout=10" "/syzkaller/jobs/linux/gopath/src/github.com/google/syzkaller/bin/linux_amd64/syz-fuzzer" "root@10.128.10.33:./syz-fuzzer"]: exit status 1
Warning: Permanently added '10.128.10.33' (ECDSA) to the list of known hosts.
scp: ./syz-fuzzer: Read-only file system

run #7: basic kernel testing failed: failed to copy test binary to VM: failed to run ["scp" "-P" "22" "-F" "/dev/null" "-o" "UserKnownHostsFile=/dev/null" "-o" "BatchMode=yes" "-o" "IdentitiesOnly=yes" "-o" "StrictHostKeyChecking=no" "-o" "ConnectTimeout=10" "/syzkaller/jobs/linux/gopath/src/github.com/google/syzkaller/bin/linux_amd64/syz-fuzzer" "root@10.128.10.37:./syz-fuzzer"]: exit status 1
Warning: Permanently added '10.128.10.37' (ECDSA) to the list of known hosts.
scp: ./syz-fuzzer: Read-only file system

run #8: basic kernel testing failed: failed to copy test binary to VM: failed to run ["scp" "-P" "22" "-F" "/dev/null" "-o" "UserKnownHostsFile=/dev/null" "-o" "BatchMode=yes" "-o" "IdentitiesOnly=yes" "-o" "StrictHostKeyChecking=no" "-o" "ConnectTimeout=10" "/syzkaller/jobs/linux/gopath/src/github.com/google/syzkaller/bin/linux_amd64/syz-fuzzer" "root@10.128.10.38:./syz-fuzzer"]: exit status 1
Warning: Permanently added '10.128.10.38' (ECDSA) to the list of known hosts.
scp: ./syz-fuzzer: Read-only file system

run #9: basic kernel testing failed: failed to copy test binary to VM: failed to run ["scp" "-P" "22" "-F" "/dev/null" "-o" "UserKnownHostsFile=/dev/null" "-o" "BatchMode=yes" "-o" "IdentitiesOnly=yes" "-o" "StrictHostKeyChecking=no" "-o" "ConnectTimeout=10" "/syzkaller/jobs/linux/gopath/src/github.com/google/syzkaller/bin/linux_amd64/syz-fuzzer" "root@10.128.10.39:./syz-fuzzer"]: exit status 1
Warning: Permanently added '10.128.10.39' (ECDSA) to the list of known hosts.
scp: ./syz-fuzzer: Read-only file system

testing release v5.0
testing commit 1c163f4c7b3f621efff9b28a47abb36f7378d783
compiler: gcc version 8.4.1 20210217 (GCC)
kernel signature: 66dbf3e2e1683eb2fc234b4e0cdc2dc0cb94b57a62accb4622cc10a1bec9bc67
run #0: basic kernel testing failed: failed to copy test binary to VM: failed to run ["scp" "-P" "22" "-F" "/dev/null" "-o" "UserKnownHostsFile=/dev/null" "-o" "BatchMode=yes" "-o" "IdentitiesOnly=yes" "-o" "StrictHostKeyChecking=no" "-o" "ConnectTimeout=10" "/syzkaller/jobs/linux/gopath/src/github.com/google/syzkaller/bin/linux_amd64/syz-fuzzer" "root@10.128.0.71:./syz-fuzzer"]: exit status 1
Warning: Permanently added '10.128.0.71' (ECDSA) to the list of known hosts.
scp: ./syz-fuzzer: Read-only file system

run #1: basic kernel testing failed: failed to copy test binary to VM: failed to run ["scp" "-P" "22" "-F" "/dev/null" "-o" "UserKnownHostsFile=/dev/null" "-o" "BatchMode=yes" "-o" "IdentitiesOnly=yes" "-o" "StrictHostKeyChecking=no" "-o" "ConnectTimeout=10" "/syzkaller/jobs/linux/gopath/src/github.com/google/syzkaller/bin/linux_amd64/syz-fuzzer" "root@10.128.10.12:./syz-fuzzer"]: exit status 1
Warning: Permanently added '10.128.10.12' (ECDSA) to the list of known hosts.
scp: ./syz-fuzzer: Read-only file system

run #2: basic kernel testing failed: failed to copy test binary to VM: failed to run ["scp" "-P" "22" "-F" "/dev/null" "-o" "UserKnownHostsFile=/dev/null" "-o" "BatchMode=yes" "-o" "IdentitiesOnly=yes" "-o" "StrictHostKeyChecking=no" "-o" "ConnectTimeout=10" "/syzkaller/jobs/linux/gopath/src/github.com/google/syzkaller/bin/linux_amd64/syz-fuzzer" "root@10.128.10.0:./syz-fuzzer"]: exit status 1
Warning: Permanently added '10.128.10.0' (ECDSA) to the list of known hosts.
scp: ./syz-fuzzer: Read-only file system

run #3: basic kernel testing failed: failed to copy test binary to VM: failed to run ["scp" "-P" "22" "-F" "/dev/null" "-o" "UserKnownHostsFile=/dev/null" "-o" "BatchMode=yes" "-o" "IdentitiesOnly=yes" "-o" "StrictHostKeyChecking=no" "-o" "ConnectTimeout=10" "/syzkaller/jobs/linux/gopath/src/github.com/google/syzkaller/bin/linux_amd64/syz-fuzzer" "root@10.128.0.162:./syz-fuzzer"]: exit status 1
Warning: Permanently added '10.128.0.162' (ECDSA) to the list of known hosts.
scp: ./syz-fuzzer: Read-only file system

run #4: basic kernel testing failed: failed to copy test binary to VM: failed to run ["scp" "-P" "22" "-F" "/dev/null" "-o" "UserKnownHostsFile=/dev/null" "-o" "BatchMode=yes" "-o" "IdentitiesOnly=yes" "-o" "StrictHostKeyChecking=no" "-o" "ConnectTimeout=10" "/syzkaller/jobs/linux/gopath/src/github.com/google/syzkaller/bin/linux_amd64/syz-fuzzer" "root@10.128.1.40:./syz-fuzzer"]: exit status 1
Warning: Permanently added '10.128.1.40' (ECDSA) to the list of known hosts.
scp: ./syz-fuzzer: Read-only file system

run #5: basic kernel testing failed: failed to copy test binary to VM: failed to run ["scp" "-P" "22" "-F" "/dev/null" "-o" "UserKnownHostsFile=/dev/null" "-o" "BatchMode=yes" "-o" "IdentitiesOnly=yes" "-o" "StrictHostKeyChecking=no" "-o" "ConnectTimeout=10" "/syzkaller/jobs/linux/gopath/src/github.com/google/syzkaller/bin/linux_amd64/syz-fuzzer" "root@10.128.0.54:./syz-fuzzer"]: exit status 1
Warning: Permanently added '10.128.0.54' (ECDSA) to the list of known hosts.
scp: ./syz-fuzzer: Read-only file system

run #6: basic kernel testing failed: failed to copy test binary to VM: failed to run ["scp" "-P" "22" "-F" "/dev/null" "-o" "UserKnownHostsFile=/dev/null" "-o" "BatchMode=yes" "-o" "IdentitiesOnly=yes" "-o" "StrictHostKeyChecking=no" "-o" "ConnectTimeout=10" "/syzkaller/jobs/linux/gopath/src/github.com/google/syzkaller/bin/linux_amd64/syz-fuzzer" "root@10.128.10.36:./syz-fuzzer"]: exit status 1
Warning: Permanently added '10.128.10.36' (ECDSA) to the list of known hosts.
scp: ./syz-fuzzer: Read-only file system

run #7: basic kernel testing failed: failed to copy test binary to VM: failed to run ["scp" "-P" "22" "-F" "/dev/null" "-o" "UserKnownHostsFile=/dev/null" "-o" "BatchMode=yes" "-o" "IdentitiesOnly=yes" "-o" "StrictHostKeyChecking=no" "-o" "ConnectTimeout=10" "/syzkaller/jobs/linux/gopath/src/github.com/google/syzkaller/bin/linux_amd64/syz-fuzzer" "root@10.128.10.37:./syz-fuzzer"]: exit status 1
Warning: Permanently added '10.128.10.37' (ECDSA) to the list of known hosts.
scp: ./syz-fuzzer: Read-only file system

run #8: basic kernel testing failed: failed to copy test binary to VM: failed to run ["scp" "-P" "22" "-F" "/dev/null" "-o" "UserKnownHostsFile=/dev/null" "-o" "BatchMode=yes" "-o" "IdentitiesOnly=yes" "-o" "StrictHostKeyChecking=no" "-o" "ConnectTimeout=10" "/syzkaller/jobs/linux/gopath/src/github.com/google/syzkaller/bin/linux_amd64/syz-fuzzer" "root@10.128.1.124:./syz-fuzzer"]: exit status 1
Warning: Permanently added '10.128.1.124' (ECDSA) to the list of known hosts.
scp: ./syz-fuzzer: Read-only file system

run #9: basic kernel testing failed: failed to copy test binary to VM: failed to run ["scp" "-P" "22" "-F" "/dev/null" "-o" "UserKnownHostsFile=/dev/null" "-o" "BatchMode=yes" "-o" "IdentitiesOnly=yes" "-o" "StrictHostKeyChecking=no" "-o" "ConnectTimeout=10" "/syzkaller/jobs/linux/gopath/src/github.com/google/syzkaller/bin/linux_amd64/syz-fuzzer" "root@10.128.10.38:./syz-fuzzer"]: exit status 1
Warning: Permanently added '10.128.10.38' (ECDSA) to the list of known hosts.
scp: ./syz-fuzzer: Read-only file system

testing release v4.20
testing commit 8fe28cb58bcb235034b64cbbb7550a8a43fd88be
compiler: gcc version 8.4.1 20210217 (GCC)
kernel signature: 95260e2154ac0c4ff2b2dfa231ebba1c77c92aca7b3e46486f1c8463a91e7683
run #0: basic kernel testing failed: failed to copy test binary to VM: failed to run ["scp" "-P" "22" "-F" "/dev/null" "-o" "UserKnownHostsFile=/dev/null" "-o" "BatchMode=yes" "-o" "IdentitiesOnly=yes" "-o" "StrictHostKeyChecking=no" "-o" "ConnectTimeout=10" "/syzkaller/jobs/linux/gopath/src/github.com/google/syzkaller/bin/linux_amd64/syz-fuzzer" "root@10.128.0.69:./syz-fuzzer"]: exit status 1
Warning: Permanently added '10.128.0.69' (ECDSA) to the list of known hosts.
scp: ./syz-fuzzer: Read-only file system

run #1: basic kernel testing failed: failed to copy test binary to VM: failed to run ["scp" "-P" "22" "-F" "/dev/null" "-o" "UserKnownHostsFile=/dev/null" "-o" "BatchMode=yes" "-o" "IdentitiesOnly=yes" "-o" "StrictHostKeyChecking=no" "-o" "ConnectTimeout=10" "/syzkaller/jobs/linux/gopath/src/github.com/google/syzkaller/bin/linux_amd64/syz-fuzzer" "root@10.128.10.36:./syz-fuzzer"]: exit status 1
Warning: Permanently added '10.128.10.36' (ECDSA) to the list of known hosts.
scp: ./syz-fuzzer: Read-only file system

run #2: basic kernel testing failed: failed to copy test binary to VM: failed to run ["scp" "-P" "22" "-F" "/dev/null" "-o" "UserKnownHostsFile=/dev/null" "-o" "BatchMode=yes" "-o" "IdentitiesOnly=yes" "-o" "StrictHostKeyChecking=no" "-o" "ConnectTimeout=10" "/syzkaller/jobs/linux/gopath/src/github.com/google/syzkaller/bin/linux_amd64/syz-fuzzer" "root@10.128.10.34:./syz-fuzzer"]: exit status 1
Warning: Permanently added '10.128.10.34' (ECDSA) to the list of known hosts.
scp: ./syz-fuzzer: Read-only file system

run #3: basic kernel testing failed: failed to copy test binary to VM: failed to run ["scp" "-P" "22" "-F" "/dev/null" "-o" "UserKnownHostsFile=/dev/null" "-o" "BatchMode=yes" "-o" "IdentitiesOnly=yes" "-o" "StrictHostKeyChecking=no" "-o" "ConnectTimeout=10" "/syzkaller/jobs/linux/gopath/src/github.com/google/syzkaller/bin/linux_amd64/syz-fuzzer" "root@10.128.10.33:./syz-fuzzer"]: exit status 1
Warning: Permanently added '10.128.10.33' (ECDSA) to the list of known hosts.
scp: ./syz-fuzzer: Read-only file system

run #4: basic kernel testing failed: failed to copy test binary to VM: failed to run ["scp" "-P" "22" "-F" "/dev/null" "-o" "UserKnownHostsFile=/dev/null" "-o" "BatchMode=yes" "-o" "IdentitiesOnly=yes" "-o" "StrictHostKeyChecking=no" "-o" "ConnectTimeout=10" "/syzkaller/jobs/linux/gopath/src/github.com/google/syzkaller/bin/linux_amd64/syz-fuzzer" "root@10.128.10.38:./syz-fuzzer"]: exit status 1
Warning: Permanently added '10.128.10.38' (ECDSA) to the list of known hosts.
scp: ./syz-fuzzer: Read-only file system

run #5: basic kernel testing failed: failed to copy test binary to VM: failed to run ["scp" "-P" "22" "-F" "/dev/null" "-o" "UserKnownHostsFile=/dev/null" "-o" "BatchMode=yes" "-o" "IdentitiesOnly=yes" "-o" "StrictHostKeyChecking=no" "-o" "ConnectTimeout=10" "/syzkaller/jobs/linux/gopath/src/github.com/google/syzkaller/bin/linux_amd64/syz-fuzzer" "root@10.128.10.46:./syz-fuzzer"]: exit status 1
Warning: Permanently added '10.128.10.46' (ECDSA) to the list of known hosts.
scp: ./syz-fuzzer: Read-only file system

run #6: basic kernel testing failed: failed to copy test binary to VM: failed to run ["scp" "-P" "22" "-F" "/dev/null" "-o" "UserKnownHostsFile=/dev/null" "-o" "BatchMode=yes" "-o" "IdentitiesOnly=yes" "-o" "StrictHostKeyChecking=no" "-o" "ConnectTimeout=10" "/syzkaller/jobs/linux/gopath/src/github.com/google/syzkaller/bin/linux_amd64/syz-fuzzer" "root@10.128.0.232:./syz-fuzzer"]: exit status 1
Warning: Permanently added '10.128.0.232' (ECDSA) to the list of known hosts.
scp: ./syz-fuzzer: Read-only file system

run #7: basic kernel testing failed: failed to copy test binary to VM: failed to run ["scp" "-P" "22" "-F" "/dev/null" "-o" "UserKnownHostsFile=/dev/null" "-o" "BatchMode=yes" "-o" "IdentitiesOnly=yes" "-o" "StrictHostKeyChecking=no" "-o" "ConnectTimeout=10" "/syzkaller/jobs/linux/gopath/src/github.com/google/syzkaller/bin/linux_amd64/syz-fuzzer" "root@10.128.0.225:./syz-fuzzer"]: exit status 1
Warning: Permanently added '10.128.0.225' (ECDSA) to the list of known hosts.
scp: ./syz-fuzzer: Read-only file system

run #8: basic kernel testing failed: failed to copy test binary to VM: failed to run ["scp" "-P" "22" "-F" "/dev/null" "-o" "UserKnownHostsFile=/dev/null" "-o" "BatchMode=yes" "-o" "IdentitiesOnly=yes" "-o" "StrictHostKeyChecking=no" "-o" "ConnectTimeout=10" "/syzkaller/jobs/linux/gopath/src/github.com/google/syzkaller/bin/linux_amd64/syz-fuzzer" "root@10.128.1.83:./syz-fuzzer"]: exit status 1
Warning: Permanently added '10.128.1.83' (ECDSA) to the list of known hosts.
scp: ./syz-fuzzer: Read-only file system

run #9: basic kernel testing failed: failed to copy test binary to VM: failed to run ["scp" "-P" "22" "-F" "/dev/null" "-o" "UserKnownHostsFile=/dev/null" "-o" "BatchMode=yes" "-o" "IdentitiesOnly=yes" "-o" "StrictHostKeyChecking=no" "-o" "ConnectTimeout=10" "/syzkaller/jobs/linux/gopath/src/github.com/google/syzkaller/bin/linux_amd64/syz-fuzzer" "root@10.128.10.45:./syz-fuzzer"]: exit status 1
Warning: Permanently added '10.128.10.45' (ECDSA) to the list of known hosts.
scp: ./syz-fuzzer: Read-only file system

testing release v4.19
testing commit 84df9525b0c27f3ebc2ebb1864fa62a97fdedb7d
compiler: gcc version 8.4.1 20210217 (GCC)
kernel signature: 559ee6e7214995d8c3baf0a2417456cb586987e8296c0cbfec344f7f29e08222
run #0: basic kernel testing failed: failed to copy test binary to VM: failed to run ["scp" "-P" "22" "-F" "/dev/null" "-o" "UserKnownHostsFile=/dev/null" "-o" "BatchMode=yes" "-o" "IdentitiesOnly=yes" "-o" "StrictHostKeyChecking=no" "-o" "ConnectTimeout=10" "/syzkaller/jobs/linux/gopath/src/github.com/google/syzkaller/bin/linux_amd64/syz-fuzzer" "root@10.128.1.112:./syz-fuzzer"]: exit status 1
Warning: Permanently added '10.128.1.112' (ECDSA) to the list of known hosts.
scp: ./syz-fuzzer: Read-only file system

run #1: basic kernel testing failed: failed to copy test binary to VM: failed to run ["scp" "-P" "22" "-F" "/dev/null" "-o" "UserKnownHostsFile=/dev/null" "-o" "BatchMode=yes" "-o" "IdentitiesOnly=yes" "-o" "StrictHostKeyChecking=no" "-o" "ConnectTimeout=10" "/syzkaller/jobs/linux/gopath/src/github.com/google/syzkaller/bin/linux_amd64/syz-fuzzer" "root@10.128.10.34:./syz-fuzzer"]: exit status 1
Warning: Permanently added '10.128.10.34' (ECDSA) to the list of known hosts.
scp: ./syz-fuzzer: Read-only file system

run #2: basic kernel testing failed: failed to copy test binary to VM: failed to run ["scp" "-P" "22" "-F" "/dev/null" "-o" "UserKnownHostsFile=/dev/null" "-o" "BatchMode=yes" "-o" "IdentitiesOnly=yes" "-o" "StrictHostKeyChecking=no" "-o" "ConnectTimeout=10" "/syzkaller/jobs/linux/gopath/src/github.com/google/syzkaller/bin/linux_amd64/syz-fuzzer" "root@10.128.10.32:./syz-fuzzer"]: exit status 1
Warning: Permanently added '10.128.10.32' (ECDSA) to the list of known hosts.
scp: ./syz-fuzzer: Read-only file system

run #3: basic kernel testing failed: failed to copy test binary to VM: failed to run ["scp" "-P" "22" "-F" "/dev/null" "-o" "UserKnownHostsFile=/dev/null" "-o" "BatchMode=yes" "-o" "IdentitiesOnly=yes" "-o" "StrictHostKeyChecking=no" "-o" "ConnectTimeout=10" "/syzkaller/jobs/linux/gopath/src/github.com/google/syzkaller/bin/linux_amd64/syz-fuzzer" "root@10.128.10.35:./syz-fuzzer"]: exit status 1
Warning: Permanently added '10.128.10.35' (ECDSA) to the list of known hosts.
scp: ./syz-fuzzer: Read-only file system

run #4: basic kernel testing failed: failed to copy test binary to VM: failed to run ["scp" "-P" "22" "-F" "/dev/null" "-o" "UserKnownHostsFile=/dev/null" "-o" "BatchMode=yes" "-o" "IdentitiesOnly=yes" "-o" "StrictHostKeyChecking=no" "-o" "ConnectTimeout=10" "/syzkaller/jobs/linux/gopath/src/github.com/google/syzkaller/bin/linux_amd64/syz-fuzzer" "root@10.128.10.33:./syz-fuzzer"]: exit status 1
Warning: Permanently added '10.128.10.33' (ECDSA) to the list of known hosts.
scp: ./syz-fuzzer: Read-only file system

run #5: basic kernel testing failed: failed to copy test binary to VM: failed to run ["scp" "-P" "22" "-F" "/dev/null" "-o" "UserKnownHostsFile=/dev/null" "-o" "BatchMode=yes" "-o" "IdentitiesOnly=yes" "-o" "StrictHostKeyChecking=no" "-o" "ConnectTimeout=10" "/syzkaller/jobs/linux/gopath/src/github.com/google/syzkaller/bin/linux_amd64/syz-fuzzer" "root@10.128.10.36:./syz-fuzzer"]: exit status 1
Warning: Permanently added '10.128.10.36' (ECDSA) to the list of known hosts.
scp: ./syz-fuzzer: Read-only file system

run #6: basic kernel testing failed: failed to copy test binary to VM: failed to run ["scp" "-P" "22" "-F" "/dev/null" "-o" "UserKnownHostsFile=/dev/null" "-o" "BatchMode=yes" "-o" "IdentitiesOnly=yes" "-o" "StrictHostKeyChecking=no" "-o" "ConnectTimeout=10" "/syzkaller/jobs/linux/gopath/src/github.com/google/syzkaller/bin/linux_amd64/syz-fuzzer" "root@10.128.10.38:./syz-fuzzer"]: exit status 1
Warning: Permanently added '10.128.10.38' (ECDSA) to the list of known hosts.
scp: ./syz-fuzzer: Read-only file system

run #7: basic kernel testing failed: failed to copy test binary to VM: failed to run ["scp" "-P" "22" "-F" "/dev/null" "-o" "UserKnownHostsFile=/dev/null" "-o" "BatchMode=yes" "-o" "IdentitiesOnly=yes" "-o" "StrictHostKeyChecking=no" "-o" "ConnectTimeout=10" "/syzkaller/jobs/linux/gopath/src/github.com/google/syzkaller/bin/linux_amd64/syz-fuzzer" "root@10.128.1.59:./syz-fuzzer"]: exit status 1
Warning: Permanently added '10.128.1.59' (ECDSA) to the list of known hosts.
scp: ./syz-fuzzer: Read-only file system

run #8: basic kernel testing failed: failed to copy test binary to VM: failed to run ["scp" "-P" "22" "-F" "/dev/null" "-o" "UserKnownHostsFile=/dev/null" "-o" "BatchMode=yes" "-o" "IdentitiesOnly=yes" "-o" "StrictHostKeyChecking=no" "-o" "ConnectTimeout=10" "/syzkaller/jobs/linux/gopath/src/github.com/google/syzkaller/bin/linux_amd64/syz-fuzzer" "root@10.128.10.40:./syz-fuzzer"]: exit status 1
Warning: Permanently added '10.128.10.40' (ECDSA) to the list of known hosts.
scp: ./syz-fuzzer: Read-only file system

run #9: basic kernel testing failed: failed to copy test binary to VM: failed to run ["scp" "-P" "22" "-F" "/dev/null" "-o" "UserKnownHostsFile=/dev/null" "-o" "BatchMode=yes" "-o" "IdentitiesOnly=yes" "-o" "StrictHostKeyChecking=no" "-o" "ConnectTimeout=10" "/syzkaller/jobs/linux/gopath/src/github.com/google/syzkaller/bin/linux_amd64/syz-fuzzer" "root@10.128.0.140:./syz-fuzzer"]: exit status 1
Warning: Permanently added '10.128.0.140' (ECDSA) to the list of known hosts.
scp: ./syz-fuzzer: Read-only file system

testing release v4.18
testing commit 94710cac0ef4ee177a63b5227664b38c95bbf703
compiler: gcc version 8.4.1 20210217 (GCC)
kernel signature: 9250f43fdbd97e2c11cd5e36850f32ed69f88e8899f42df2e54d1906757980c6
all runs: boot failed: kernel panic: Attempted to kill init!
testing release v4.17
testing commit 29dcea88779c856c7dc92040a0c01233263101d4
compiler: gcc (GCC) 8.4.1 20210217
failed to run ["make" "-j" "64" "ARCH=x86_64" "CC=/syzkaller/shared/bisect_bin/gcc-8.1.0/bin/gcc" "bzImage"]: exit status 2
testing release v4.16
testing commit 0adb32858b0bddf4ada5f364a84ed60b196dbcda
compiler: gcc (GCC) 8.4.1 20210217
orc_dump.c:106:2: error: 'elf_getshnum' is deprecated [-Werror=deprecated-declarations]
orc_dump.c:111:2: error: 'elf_getshstrndx' is deprecated [-Werror=deprecated-declarations]
elf.c:135:2: error: 'elf_getshnum' is deprecated [-Werror=deprecated-declarations]
elf.c:140:2: error: 'elf_getshstrndx' is deprecated [-Werror=deprecated-declarations]
testing release v4.15
testing commit d8a5b80568a9cb66810e75b182018e9edb68e8ff
compiler: gcc (GCC) 8.4.1 20210217
orc_dump.c:106:2: error: 'elf_getshnum' is deprecated [-Werror=deprecated-declarations]
orc_dump.c:111:2: error: 'elf_getshstrndx' is deprecated [-Werror=deprecated-declarations]
pager.c:36:12: error: passing argument 2 to 'restrict'-qualified parameter aliases with argument 4 [-Werror=restrict]
elf.c:135:2: error: 'elf_getshnum' is deprecated [-Werror=deprecated-declarations]
elf.c:140:2: error: 'elf_getshstrndx' is deprecated [-Werror=deprecated-declarations]
testing release v4.14
testing commit bebc6082da0a9f5d47a1ea2edc099bf671058bd4
compiler: gcc (GCC) 8.4.1 20210217
orc_dump.c:105:2: error: 'elf_getshnum' is deprecated [-Werror=deprecated-declarations]
orc_dump.c:110:2: error: 'elf_getshstrndx' is deprecated [-Werror=deprecated-declarations]
elf.c:134:2: error: 'elf_getshnum' is deprecated [-Werror=deprecated-declarations]
elf.c:139:2: error: 'elf_getshstrndx' is deprecated [-Werror=deprecated-declarations]
pager.c:36:12: error: passing argument 2 to 'restrict'-qualified parameter aliases with argument 4 [-Werror=restrict]
testing release v4.13
testing commit 569dbb88e80deb68974ef6fdd6a13edb9d686261
compiler: gcc (GCC) 8.4.1 20210217
pager.c:35:12: error: passing argument 2 to 'restrict'-qualified parameter aliases with argument 4 [-Werror=restrict]
elf.c:144:2: error: 'elf_getshnum' is deprecated [-Werror=deprecated-declarations]
elf.c:149:2: error: 'elf_getshstrndx' is deprecated [-Werror=deprecated-declarations]
testing release v4.12
testing commit 6f7da290413ba713f0cdd9ff1a2a9bb129ef4f6c
compiler: gcc (GCC) 8.4.1 20210217
pager.c:35:12: error: passing argument 2 to 'restrict'-qualified parameter aliases with argument 4 [-Werror=restrict]
elf.c:141:2: error: 'elf_getshnum' is deprecated [-Werror=deprecated-declarations]
elf.c:146:2: error: 'elf_getshstrndx' is deprecated [-Werror=deprecated-declarations]
testing release v4.11
testing commit a351e9b9fc24e982ec2f0e76379a49826036da12
compiler: gcc (GCC) 7.5.0
elf.c:141:2: error: 'elf_getshnum' is deprecated [-Werror=deprecated-declarations]
elf.c:146:2: error: 'elf_getshstrndx' is deprecated [-Werror=deprecated-declarations]
pager.c:35:12: error: passing argument 2 to 'restrict'-qualified parameter aliases with argument 4 [-Werror=restrict]
testing release v4.10
testing commit c470abd4fde40ea6a0846a2beab642a578c0b8cd
compiler: gcc (GCC) 5.5.0
tools/include/linux/log2.h:19:1: error: ignoring attribute 'noreturn' because it conflicts with attribute 'const' [-Werror=attributes]
elf.c:129:2: error: 'elf_getshnum' is deprecated [-Werror=deprecated-declarations]
elf.c:134:2: error: 'elf_getshstrndx' is deprecated [-Werror=deprecated-declarations]
pager.c:35:12: error: passing argument 2 to 'restrict'-qualified parameter aliases with argument 4 [-Werror=restrict]
testing release v4.9
testing commit 69973b830859bc6529a7a0468ba0d80ee5117826
compiler: gcc (GCC) 5.5.0
tools/include/linux/log2.h:19:1: error: ignoring attribute 'noreturn' because it conflicts with attribute 'const' [-Werror=attributes]
elf.c:129:2: error: 'elf_getshnum' is deprecated [-Werror=deprecated-declarations]
elf.c:134:2: error: 'elf_getshstrndx' is deprecated [-Werror=deprecated-declarations]
pager.c:35:12: error: passing argument 2 to 'restrict'-qualified parameter aliases with argument 4 [-Werror=restrict]
testing release v4.8
testing commit c8d2bc9bc39ebea8437fd974fdbc21847bb897a3
compiler: gcc (GCC) 5.5.0
tools/include/linux/log2.h:19:1: error: ignoring attribute 'noreturn' because it conflicts with attribute 'const' [-Werror=attributes]
elf.c:129:2: error: 'elf_getshnum' is deprecated [-Werror=deprecated-declarations]
elf.c:134:2: error: 'elf_getshstrndx' is deprecated [-Werror=deprecated-declarations]
pager.c:33:12: error: passing argument 2 to 'restrict'-qualified parameter aliases with argument 4 [-Werror=restrict]
testing release v4.7
testing commit 523d939ef98fd712632d93a5a2b588e477a7565e
compiler: gcc (GCC) 5.5.0
tools/include/linux/log2.h:19:1: error: ignoring attribute 'noreturn' because it conflicts with attribute 'const' [-Werror=attributes]
elf.c:122:2: error: 'elf_getshnum' is deprecated [-Werror=deprecated-declarations]
elf.c:127:2: error: 'elf_getshstrndx' is deprecated [-Werror=deprecated-declarations]
pager.c:33:12: error: passing argument 2 to 'restrict'-qualified parameter aliases with argument 4 [-Werror=restrict]
testing release v4.6
testing commit 2dcd0af568b0cf583645c8a317dd12e344b1c72a
compiler: gcc (GCC) 5.5.0
tools/include/linux/log2.h:19:1: error: ignoring attribute 'noreturn' because it conflicts with attribute 'const' [-Werror=attributes]
pager.c:33:12: error: passing argument 2 to 'restrict'-qualified parameter aliases with argument 4 [-Werror=restrict]
revisions tested: 22, total time: 3h43m53.65989562s (build: 2h37m2.876526476s, test: 1h1m33.308576164s)
the crash already happened on the oldest tested release
commit msg: Linux 5.11
crash: WARNING in bpf_check
------------[ cut here ]------------
trace type BPF program uses run-time allocation
WARNING: CPU: 1 PID: 5879 at kernel/bpf/verifier.c:9863 check_map_prog_compatibility kernel/bpf/verifier.c:9863 [inline]
WARNING: CPU: 1 PID: 5879 at kernel/bpf/verifier.c:9863 resolve_pseudo_ldimm64 kernel/bpf/verifier.c:9997 [inline]
WARNING: CPU: 1 PID: 5879 at kernel/bpf/verifier.c:9863 bpf_check+0x7e32/0xb8c0 kernel/bpf/verifier.c:12043
Modules linked in:
CPU: 1 PID: 5879 Comm: syz-executor383 Not tainted 5.11.0-syzkaller #0
Hardware name: Google Google Compute Engine/Google Compute Engine, BIOS Google 01/01/2011
RIP: 0010:check_map_prog_compatibility kernel/bpf/verifier.c:9863 [inline]
RIP: 0010:resolve_pseudo_ldimm64 kernel/bpf/verifier.c:9997 [inline]
RIP: 0010:bpf_check+0x7e32/0xb8c0 kernel/bpf/verifier.c:12043
Code: 0f 84 8c 90 ff ff 48 8b bd 30 fe ff ff e8 b6 1c 29 00 e9 7b 90 ff ff 48 c7 c7 20 90 91 88 c6 05 5f d3 a3 0a 01 e8 1e f2 77 06 <0f> 0b e9 68 d4 ff ff 48 8b 95 30 fe ff ff b8 ff ff 37 00 48 c1 e0
RSP: 0018:ffffc90000fef950 EFLAGS: 00010286
RAX: 0000000000000000 RBX: dffffc0000000000 RCX: 0000000000000000
RDX: 0000000000000001 RSI: 0000000000000004 RDI: fffff520001fdf1c
RBP: ffffc90000fefbc8 R08: 0000000000000001 R09: ffff8880b9f2015b
R10: ffffed10173e402b R11: 7974206563617274 R12: 0000000000000002
R13: ffff888025b94000 R14: ffff88802da50000 R15: ffffc90000e86048
FS:  00005555573a6300(0000) GS:ffff8880b9f00000(0000) knlGS:0000000000000000
CS:  0010 DS: 0000 ES: 0000 CR0: 0000000080050033
CR2: 0000000020000c40 CR3: 0000000015e81000 CR4: 00000000003506e0
DR0: 0000000000000000 DR1: 0000000000000000 DR2: 0000000000000000
DR3: 0000000000000000 DR6: 00000000fffe0ff0 DR7: 0000000000000400
Call Trace:
 bpf_prog_load+0xad6/0x1a50 kernel/bpf/syscall.c:2204
 __do_sys_bpf+0xd29/0x39a0 kernel/bpf/syscall.c:4382
 do_syscall_64+0x2d/0x40 arch/x86/entry/common.c:46
 entry_SYSCALL_64_after_hwframe+0x44/0xa9
RIP: 0033:0x7ffb3c1e9d59
Code: 28 c3 e8 2a 14 00 00 66 2e 0f 1f 84 00 00 00 00 00 48 89 f8 48 89 f7 48 89 d6 48 89 ca 4d 89 c2 4d 89 c8 4c 8b 4c 24 08 0f 05 <48> 3d 01 f0 ff ff 73 01 c3 48 c7 c1 c0 ff ff ff f7 d8 64 89 01 48
RSP: 002b:00007ffd28d1cbb8 EFLAGS: 00000246 ORIG_RAX: 0000000000000141
RAX: ffffffffffffffda RBX: 0000000000000000 RCX: 00007ffb3c1e9d59
RDX: 0000000000000080 RSI: 00000000200004c0 RDI: 0000000000000005
RBP: 00007ffb3c1adf00 R08: 0000000000000000 R09: 0000000000000000
R10: 0000000000000072 R11: 0000000000000246 R12: 00007ffb3c1adf90
R13: 0000000000000000 R14: 0000000000000000 R15: 0000000000000000

