bisecting cause commit starting from f71077a4d84bbe8c7b91b7db7c4ef815755ac5e3
building syzkaller on 3cd800e43d452c348a66ba475143831d94969a24
testing commit f71077a4d84bbe8c7b91b7db7c4ef815755ac5e3
compiler: gcc (GCC) 10.2.1 20210217, GNU ld (GNU Binutils for Debian) 2.35.2
kernel signature: b16c589fe1ad07c7a3c4716da34e2341179e449032d9670b05fbfbdd9f1bfbe1
run #0: crashed: WARNING in vhost_dev_cleanup
run #1: crashed: kernel BUG in vhost_get_vq_desc
run #2: crashed: WARNING in vhost_dev_cleanup
run #3: crashed: WARNING in vhost_dev_cleanup
run #4: crashed: WARNING in vhost_dev_cleanup
run #5: crashed: WARNING in vhost_dev_cleanup
run #6: crashed: WARNING in vhost_dev_cleanup
run #7: crashed: WARNING in vhost_dev_cleanup
run #8: crashed: WARNING in vhost_dev_cleanup
run #9: crashed: WARNING in vhost_dev_cleanup
run #10: crashed: WARNING in vhost_dev_cleanup
run #11: crashed: kernel BUG in vhost_get_vq_desc
run #12: crashed: WARNING in vhost_dev_cleanup
run #13: crashed: WARNING in vhost_dev_cleanup
run #14: crashed: WARNING in vhost_dev_cleanup
run #15: crashed: WARNING in vhost_dev_cleanup
run #16: crashed: WARNING in vhost_dev_cleanup
run #17: crashed: WARNING in vhost_dev_cleanup
run #18: crashed: WARNING in vhost_dev_cleanup
run #19: crashed: WARNING in vhost_dev_cleanup
testing release v5.16
testing commit df0cc57e057f18e44dac8e6c18aba47ab53202f9
compiler: gcc (GCC) 10.2.1 20210217, GNU ld (GNU Binutils for Debian) 2.35.2
kernel signature: 6392e7dc90e0a4647080a5029d93ca58348fb8a5852ea8aba24fe1cfc2cb5f6d
run #0: crashed: kernel BUG in vhost_get_vq_desc
run #1: crashed: kernel BUG in vhost_get_vq_desc
run #2: crashed: kernel BUG in vhost_get_vq_desc
run #3: crashed: WARNING in vhost_dev_cleanup
run #4: crashed: WARNING in vhost_dev_cleanup
run #5: crashed: WARNING in vhost_dev_cleanup
run #6: crashed: WARNING in vhost_dev_cleanup
run #7: crashed: WARNING in vhost_dev_cleanup
run #8: crashed: WARNING in vhost_dev_cleanup
run #9: crashed: WARNING in vhost_dev_cleanup
testing release v5.15
testing commit 8bb7eca972ad531c9b149c0a51ab43a417385813
compiler: gcc (GCC) 10.2.1 20210217, GNU ld (GNU Binutils for Debian) 2.35.2
kernel signature: e1d0453ba25d04fc37e9fad0db288c3f32ee179e8e7d36fe4b03c41e4ccb2f32
run #0: crashed: WARNING in vhost_dev_cleanup
run #1: crashed: WARNING in vhost_dev_cleanup
run #2: crashed: kernel BUG in vhost_get_vq_desc
run #3: crashed: kernel BUG in vhost_get_vq_desc
run #4: crashed: kernel BUG in vhost_get_vq_desc
run #5: crashed: WARNING in vhost_dev_cleanup
run #6: crashed: WARNING in vhost_dev_cleanup
run #7: crashed: kernel BUG in vhost_get_vq_desc
run #8: crashed: WARNING in vhost_dev_cleanup
run #9: crashed: WARNING in vhost_dev_cleanup
testing release v5.14
testing commit 7d2a07b769330c34b4deabeed939325c77a7ec2f
compiler: gcc (GCC) 10.2.1 20210217, GNU ld (GNU Binutils for Debian) 2.35.2
kernel signature: f8ee1c489543e2b1ca28803bced5575b6b9941e7d29cf63dc03cd9650591a679
run #0: crashed: WARNING in vhost_dev_cleanup
run #1: crashed: WARNING in vhost_dev_cleanup
run #2: crashed: WARNING in vhost_dev_cleanup
run #3: crashed: kernel BUG in vhost_get_vq_desc
run #4: crashed: WARNING in vhost_dev_cleanup
run #5: crashed: WARNING in vhost_dev_cleanup
run #6: crashed: WARNING in vhost_dev_cleanup
run #7: crashed: WARNING in vhost_dev_cleanup
run #8: crashed: WARNING in vhost_dev_cleanup
run #9: crashed: WARNING in vhost_dev_cleanup
testing release v5.13
testing commit 62fb9874f5da54fdb243003b386128037319b219
compiler: gcc (GCC) 10.2.1 20210217, GNU ld (GNU Binutils for Debian) 2.35.2
kernel signature: 0a628b89de14704b69737426ee243aefb652bd5f5521af9ee5b3ac2a8bccd80b
run #0: crashed: WARNING in vhost_dev_cleanup
run #1: crashed: WARNING in vhost_dev_cleanup
run #2: crashed: WARNING in vhost_dev_cleanup
run #3: crashed: kernel BUG in vhost_get_vq_desc
run #4: crashed: WARNING in vhost_dev_cleanup
run #5: crashed: kernel BUG in vhost_get_vq_desc
run #6: crashed: WARNING in vhost_dev_cleanup
run #7: crashed: WARNING in vhost_dev_cleanup
run #8: crashed: WARNING in vhost_dev_cleanup
run #9: crashed: WARNING in vhost_dev_cleanup
testing release v5.12
testing commit 9f4ad9e425a1d3b6a34617b8ea226d56a119a717
compiler: gcc (GCC) 10.2.1 20210217, GNU ld (GNU Binutils for Debian) 2.35.2
kernel signature: 11defe707099b1e2f02e8a99bc664f9e2aeb4a47d18681aff2eb8b87f4530859
run #0: crashed: WARNING in vhost_dev_cleanup
run #1: crashed: WARNING in vhost_dev_cleanup
run #2: crashed: WARNING in vhost_dev_cleanup
run #3: crashed: kernel BUG in vhost_get_vq_desc
run #4: crashed: WARNING in vhost_dev_cleanup
run #5: crashed: WARNING in vhost_dev_cleanup
run #6: crashed: WARNING in vhost_dev_cleanup
run #7: crashed: WARNING in vhost_dev_cleanup
run #8: crashed: WARNING in vhost_dev_cleanup
run #9: crashed: WARNING in vhost_dev_cleanup
testing release v5.11
testing commit f40ddce88593482919761f74910f42f4b84c004b
compiler: gcc (GCC) 10.2.1 20210217, GNU ld (GNU Binutils for Debian) 2.35.2
kernel signature: 5d4495ac83cfc341c1ac4766f0dbefe89013c1e59cf1843b727f0347b36e7e08
run #0: crashed: WARNING in vhost_dev_cleanup
run #1: crashed: WARNING in vhost_dev_cleanup
run #2: crashed: WARNING in vhost_dev_cleanup
run #3: crashed: WARNING in vhost_dev_cleanup
run #4: crashed: WARNING in vhost_dev_cleanup
run #5: crashed: WARNING in vhost_dev_cleanup
run #6: crashed: WARNING in vhost_dev_cleanup
run #7: crashed: kernel BUG in vhost_get_vq_desc
run #8: crashed: WARNING in vhost_dev_cleanup
run #9: crashed: WARNING in vhost_dev_cleanup
testing release v5.10
testing commit 2c85ebc57b3e1817b6ce1a6b703928e113a90442
compiler: gcc (GCC) 10.2.1 20210217, GNU ld (GNU Binutils for Debian) 2.35.2
kernel signature: 64127f41ec710abced8359e869a67720ee25d20645afec6a4c724385f1dee6be
all runs: basic kernel testing failed: KASAN: use-after-free Read in task_active_pid_ns
testing release v5.9
testing commit bbf5c979011a099af5dc76498918ed7df445635b
compiler: gcc (GCC) 10.2.1 20210217, GNU ld (GNU Binutils for Debian) 2.35.2
kernel signature: 5891bef4dbafc28a9b519a68da017fa4a45b846070c66ea351b4cac13a1a0f27
all runs: basic kernel testing failed: KASAN: use-after-free Read in task_active_pid_ns
testing release v5.8
testing commit bcf876870b95592b52519ed4aafcf9d95999bc9c
compiler: gcc (GCC) 8.4.1 20210217, GNU ld (GNU Binutils for Debian) 2.35.2
kernel signature: 41d1224448535843037a2bb932f624d3ef580714d5dc94ac538c4f9e06d960db
all runs: basic kernel testing failed: KASAN: use-after-free Read in task_active_pid_ns
testing release v5.7
testing commit 3d77e6a8804abcc0504c904bd6e5cdf3a5cf8162
compiler: gcc version 8.4.1 20210217 (GCC), GNU ld (GNU Binutils for Debian) 2.35.2
kernel signature: 6553fb367e9af9392d9bde21d84cab0bd2abe099906f4f83168f912c7ba23498
all runs: basic kernel testing failed: KASAN: use-after-free Read in task_active_pid_ns
testing release v5.6
testing commit 7111951b8d4973bda27ff663f2cf18b663d15b48
compiler: gcc version 8.4.1 20210217 (GCC)
kernel signature: 48f2133b16b20eac2241c8f802789077abeac362e833e6598180425f04b0e90b
all runs: basic kernel testing failed: KASAN: use-after-free Read in task_active_pid_ns
testing release v5.5
testing commit d5226fa6dbae0569ee43ecfc08bdcd6770fc4755
compiler: gcc version 8.4.1 20210217 (GCC)
kernel signature: bfcc999eaf4943f0813a701558ce5edab7454505644cbde333f92d14900f3227
all runs: basic kernel testing failed: KASAN: use-after-free Read in task_active_pid_ns
testing release v5.4
testing commit 219d54332a09e8d8741c1e1982f5eae56099de85
compiler: gcc version 8.4.1 20210217 (GCC)
kernel signature: ace2c2ba16fc918dd52df563328bba05ddd967dac7ef23ae38a46f696eb149d7
all runs: basic kernel testing failed: KASAN: use-after-free Read in task_active_pid_ns
testing release v5.3
testing commit 4d856f72c10ecb060868ed10ff1b1453943fc6c8
compiler: gcc version 8.4.1 20210217 (GCC)
kernel signature: 20f1374e6ace5db436640663e3b053de8d19a1bb1435a42cc8dfd3f3d8e80681
run #0: basic kernel testing failed: failed to copy test binary to VM: failed to run ["scp" "-P" "22" "-F" "/dev/null" "-o" "UserKnownHostsFile=/dev/null" "-o" "BatchMode=yes" "-o" "IdentitiesOnly=yes" "-o" "StrictHostKeyChecking=no" "-o" "ConnectTimeout=10" "/syzkaller/jobs/linux/gopath/src/github.com/google/syzkaller/bin/linux_amd64/syz-fuzzer" "root@10.128.10.19:./syz-fuzzer"]: exit status 1
Warning: Permanently added '10.128.10.19' (ECDSA) to the list of known hosts.
scp: ./syz-fuzzer: Read-only file system

run #1: basic kernel testing failed: failed to copy test binary to VM: failed to run ["scp" "-P" "22" "-F" "/dev/null" "-o" "UserKnownHostsFile=/dev/null" "-o" "BatchMode=yes" "-o" "IdentitiesOnly=yes" "-o" "StrictHostKeyChecking=no" "-o" "ConnectTimeout=10" "/syzkaller/jobs/linux/gopath/src/github.com/google/syzkaller/bin/linux_amd64/syz-fuzzer" "root@10.128.1.50:./syz-fuzzer"]: exit status 1
Warning: Permanently added '10.128.1.50' (ECDSA) to the list of known hosts.
scp: ./syz-fuzzer: Read-only file system

run #2: basic kernel testing failed: failed to copy test binary to VM: failed to run ["scp" "-P" "22" "-F" "/dev/null" "-o" "UserKnownHostsFile=/dev/null" "-o" "BatchMode=yes" "-o" "IdentitiesOnly=yes" "-o" "StrictHostKeyChecking=no" "-o" "ConnectTimeout=10" "/syzkaller/jobs/linux/gopath/src/github.com/google/syzkaller/bin/linux_amd64/syz-fuzzer" "root@10.128.10.29:./syz-fuzzer"]: exit status 1
Warning: Permanently added '10.128.10.29' (ECDSA) to the list of known hosts.
scp: ./syz-fuzzer: Read-only file system

run #3: basic kernel testing failed: failed to copy test binary to VM: failed to run ["scp" "-P" "22" "-F" "/dev/null" "-o" "UserKnownHostsFile=/dev/null" "-o" "BatchMode=yes" "-o" "IdentitiesOnly=yes" "-o" "StrictHostKeyChecking=no" "-o" "ConnectTimeout=10" "/syzkaller/jobs/linux/gopath/src/github.com/google/syzkaller/bin/linux_amd64/syz-fuzzer" "root@10.128.0.198:./syz-fuzzer"]: exit status 1
Warning: Permanently added '10.128.0.198' (ECDSA) to the list of known hosts.
scp: ./syz-fuzzer: Read-only file system

run #4: basic kernel testing failed: failed to copy test binary to VM: failed to run ["scp" "-P" "22" "-F" "/dev/null" "-o" "UserKnownHostsFile=/dev/null" "-o" "BatchMode=yes" "-o" "IdentitiesOnly=yes" "-o" "StrictHostKeyChecking=no" "-o" "ConnectTimeout=10" "/syzkaller/jobs/linux/gopath/src/github.com/google/syzkaller/bin/linux_amd64/syz-fuzzer" "root@10.128.0.202:./syz-fuzzer"]: exit status 1
Warning: Permanently added '10.128.0.202' (ECDSA) to the list of known hosts.
scp: ./syz-fuzzer: Read-only file system

run #5: basic kernel testing failed: failed to copy test binary to VM: failed to run ["scp" "-P" "22" "-F" "/dev/null" "-o" "UserKnownHostsFile=/dev/null" "-o" "BatchMode=yes" "-o" "IdentitiesOnly=yes" "-o" "StrictHostKeyChecking=no" "-o" "ConnectTimeout=10" "/syzkaller/jobs/linux/gopath/src/github.com/google/syzkaller/bin/linux_amd64/syz-fuzzer" "root@10.128.10.38:./syz-fuzzer"]: exit status 1
Warning: Permanently added '10.128.10.38' (ECDSA) to the list of known hosts.
scp: ./syz-fuzzer: Read-only file system

run #6: basic kernel testing failed: failed to copy test binary to VM: failed to run ["scp" "-P" "22" "-F" "/dev/null" "-o" "UserKnownHostsFile=/dev/null" "-o" "BatchMode=yes" "-o" "IdentitiesOnly=yes" "-o" "StrictHostKeyChecking=no" "-o" "ConnectTimeout=10" "/syzkaller/jobs/linux/gopath/src/github.com/google/syzkaller/bin/linux_amd64/syz-fuzzer" "root@10.128.10.42:./syz-fuzzer"]: exit status 1
Warning: Permanently added '10.128.10.42' (ECDSA) to the list of known hosts.
scp: ./syz-fuzzer: Read-only file system

run #7: basic kernel testing failed: failed to copy test binary to VM: failed to run ["scp" "-P" "22" "-F" "/dev/null" "-o" "UserKnownHostsFile=/dev/null" "-o" "BatchMode=yes" "-o" "IdentitiesOnly=yes" "-o" "StrictHostKeyChecking=no" "-o" "ConnectTimeout=10" "/syzkaller/jobs/linux/gopath/src/github.com/google/syzkaller/bin/linux_amd64/syz-fuzzer" "root@10.128.10.45:./syz-fuzzer"]: exit status 1
Warning: Permanently added '10.128.10.45' (ECDSA) to the list of known hosts.
scp: ./syz-fuzzer: Read-only file system

run #8: basic kernel testing failed: failed to copy test binary to VM: failed to run ["scp" "-P" "22" "-F" "/dev/null" "-o" "UserKnownHostsFile=/dev/null" "-o" "BatchMode=yes" "-o" "IdentitiesOnly=yes" "-o" "StrictHostKeyChecking=no" "-o" "ConnectTimeout=10" "/syzkaller/jobs/linux/gopath/src/github.com/google/syzkaller/bin/linux_amd64/syz-fuzzer" "root@10.128.10.53:./syz-fuzzer"]: exit status 1
Warning: Permanently added '10.128.10.53' (ECDSA) to the list of known hosts.
scp: ./syz-fuzzer: Read-only file system

run #9: basic kernel testing failed: failed to copy test binary to VM: failed to run ["scp" "-P" "22" "-F" "/dev/null" "-o" "UserKnownHostsFile=/dev/null" "-o" "BatchMode=yes" "-o" "IdentitiesOnly=yes" "-o" "StrictHostKeyChecking=no" "-o" "ConnectTimeout=10" "/syzkaller/jobs/linux/gopath/src/github.com/google/syzkaller/bin/linux_amd64/syz-fuzzer" "root@10.128.10.57:./syz-fuzzer"]: exit status 1
Warning: Permanently added '10.128.10.57' (ECDSA) to the list of known hosts.
scp: ./syz-fuzzer: Read-only file system

testing release v5.2
testing commit 0ecfebd2b52404ae0c54a878c872bb93363ada36
compiler: gcc version 8.4.1 20210217 (GCC)
kernel signature: 2558ff5dafb4d9921c22135d102d7e68add3bed84cd82830b6f61245adf14697
run #0: basic kernel testing failed: failed to copy test binary to VM: failed to run ["scp" "-P" "22" "-F" "/dev/null" "-o" "UserKnownHostsFile=/dev/null" "-o" "BatchMode=yes" "-o" "IdentitiesOnly=yes" "-o" "StrictHostKeyChecking=no" "-o" "ConnectTimeout=10" "/syzkaller/jobs/linux/gopath/src/github.com/google/syzkaller/bin/linux_amd64/syz-fuzzer" "root@10.128.10.52:./syz-fuzzer"]: exit status 1
Warning: Permanently added '10.128.10.52' (ECDSA) to the list of known hosts.
scp: ./syz-fuzzer: Read-only file system

run #1: basic kernel testing failed: failed to copy test binary to VM: failed to run ["scp" "-P" "22" "-F" "/dev/null" "-o" "UserKnownHostsFile=/dev/null" "-o" "BatchMode=yes" "-o" "IdentitiesOnly=yes" "-o" "StrictHostKeyChecking=no" "-o" "ConnectTimeout=10" "/syzkaller/jobs/linux/gopath/src/github.com/google/syzkaller/bin/linux_amd64/syz-fuzzer" "root@10.128.10.60:./syz-fuzzer"]: exit status 1
Warning: Permanently added '10.128.10.60' (ECDSA) to the list of known hosts.
scp: ./syz-fuzzer: Read-only file system

run #2: basic kernel testing failed: failed to copy test binary to VM: failed to run ["scp" "-P" "22" "-F" "/dev/null" "-o" "UserKnownHostsFile=/dev/null" "-o" "BatchMode=yes" "-o" "IdentitiesOnly=yes" "-o" "StrictHostKeyChecking=no" "-o" "ConnectTimeout=10" "/syzkaller/jobs/linux/gopath/src/github.com/google/syzkaller/bin/linux_amd64/syz-fuzzer" "root@10.128.10.53:./syz-fuzzer"]: exit status 1
Warning: Permanently added '10.128.10.53' (ECDSA) to the list of known hosts.
scp: ./syz-fuzzer: Read-only file system

run #3: basic kernel testing failed: failed to copy test binary to VM: failed to run ["scp" "-P" "22" "-F" "/dev/null" "-o" "UserKnownHostsFile=/dev/null" "-o" "BatchMode=yes" "-o" "IdentitiesOnly=yes" "-o" "StrictHostKeyChecking=no" "-o" "ConnectTimeout=10" "/syzkaller/jobs/linux/gopath/src/github.com/google/syzkaller/bin/linux_amd64/syz-fuzzer" "root@10.128.15.194:./syz-fuzzer"]: exit status 1
Warning: Permanently added '10.128.15.194' (ECDSA) to the list of known hosts.
scp: ./syz-fuzzer: Read-only file system

run #4: basic kernel testing failed: failed to copy test binary to VM: failed to run ["scp" "-P" "22" "-F" "/dev/null" "-o" "UserKnownHostsFile=/dev/null" "-o" "BatchMode=yes" "-o" "IdentitiesOnly=yes" "-o" "StrictHostKeyChecking=no" "-o" "ConnectTimeout=10" "/syzkaller/jobs/linux/gopath/src/github.com/google/syzkaller/bin/linux_amd64/syz-fuzzer" "root@10.128.0.95:./syz-fuzzer"]: exit status 1
Warning: Permanently added '10.128.0.95' (ECDSA) to the list of known hosts.
scp: ./syz-fuzzer: Read-only file system

run #5: basic kernel testing failed: failed to copy test binary to VM: failed to run ["scp" "-P" "22" "-F" "/dev/null" "-o" "UserKnownHostsFile=/dev/null" "-o" "BatchMode=yes" "-o" "IdentitiesOnly=yes" "-o" "StrictHostKeyChecking=no" "-o" "ConnectTimeout=10" "/syzkaller/jobs/linux/gopath/src/github.com/google/syzkaller/bin/linux_amd64/syz-fuzzer" "root@10.128.10.56:./syz-fuzzer"]: exit status 1
Warning: Permanently added '10.128.10.56' (ECDSA) to the list of known hosts.
scp: ./syz-fuzzer: Read-only file system

run #6: basic kernel testing failed: failed to copy test binary to VM: failed to run ["scp" "-P" "22" "-F" "/dev/null" "-o" "UserKnownHostsFile=/dev/null" "-o" "BatchMode=yes" "-o" "IdentitiesOnly=yes" "-o" "StrictHostKeyChecking=no" "-o" "ConnectTimeout=10" "/syzkaller/jobs/linux/gopath/src/github.com/google/syzkaller/bin/linux_amd64/syz-fuzzer" "root@10.128.10.32:./syz-fuzzer"]: exit status 1
Warning: Permanently added '10.128.10.32' (ECDSA) to the list of known hosts.
scp: ./syz-fuzzer: Read-only file system

run #7: basic kernel testing failed: failed to copy test binary to VM: failed to run ["scp" "-P" "22" "-F" "/dev/null" "-o" "UserKnownHostsFile=/dev/null" "-o" "BatchMode=yes" "-o" "IdentitiesOnly=yes" "-o" "StrictHostKeyChecking=no" "-o" "ConnectTimeout=10" "/syzkaller/jobs/linux/gopath/src/github.com/google/syzkaller/bin/linux_amd64/syz-fuzzer" "root@10.128.0.46:./syz-fuzzer"]: exit status 1
Warning: Permanently added '10.128.0.46' (ECDSA) to the list of known hosts.
scp: ./syz-fuzzer: Read-only file system

run #8: basic kernel testing failed: failed to copy test binary to VM: failed to run ["scp" "-P" "22" "-F" "/dev/null" "-o" "UserKnownHostsFile=/dev/null" "-o" "BatchMode=yes" "-o" "IdentitiesOnly=yes" "-o" "StrictHostKeyChecking=no" "-o" "ConnectTimeout=10" "/syzkaller/jobs/linux/gopath/src/github.com/google/syzkaller/bin/linux_amd64/syz-fuzzer" "root@10.128.0.249:./syz-fuzzer"]: exit status 1
Warning: Permanently added '10.128.0.249' (ECDSA) to the list of known hosts.
scp: ./syz-fuzzer: Read-only file system

run #9: basic kernel testing failed: failed to copy test binary to VM: failed to run ["scp" "-P" "22" "-F" "/dev/null" "-o" "UserKnownHostsFile=/dev/null" "-o" "BatchMode=yes" "-o" "IdentitiesOnly=yes" "-o" "StrictHostKeyChecking=no" "-o" "ConnectTimeout=10" "/syzkaller/jobs/linux/gopath/src/github.com/google/syzkaller/bin/linux_amd64/syz-fuzzer" "root@10.128.0.199:./syz-fuzzer"]: exit status 1
Warning: Permanently added '10.128.0.199' (ECDSA) to the list of known hosts.
scp: ./syz-fuzzer: Read-only file system

testing release v5.1
testing commit e93c9c99a629c61837d5a7fc2120cd2b6c70dbdd
compiler: gcc version 8.4.1 20210217 (GCC)
kernel signature: f3ca03c728bdcc0ea94575148c5b3cacba9508959b44eaa8346dee6e9b297cd5
run #0: basic kernel testing failed: failed to copy test binary to VM: failed to run ["scp" "-P" "22" "-F" "/dev/null" "-o" "UserKnownHostsFile=/dev/null" "-o" "BatchMode=yes" "-o" "IdentitiesOnly=yes" "-o" "StrictHostKeyChecking=no" "-o" "ConnectTimeout=10" "/syzkaller/jobs/linux/gopath/src/github.com/google/syzkaller/bin/linux_amd64/syz-fuzzer" "root@10.128.0.211:./syz-fuzzer"]: exit status 1
Warning: Permanently added '10.128.0.211' (ECDSA) to the list of known hosts.
scp: ./syz-fuzzer: Read-only file system

run #1: basic kernel testing failed: failed to copy test binary to VM: failed to run ["scp" "-P" "22" "-F" "/dev/null" "-o" "UserKnownHostsFile=/dev/null" "-o" "BatchMode=yes" "-o" "IdentitiesOnly=yes" "-o" "StrictHostKeyChecking=no" "-o" "ConnectTimeout=10" "/syzkaller/jobs/linux/gopath/src/github.com/google/syzkaller/bin/linux_amd64/syz-fuzzer" "root@10.128.1.90:./syz-fuzzer"]: exit status 1
Warning: Permanently added '10.128.1.90' (ECDSA) to the list of known hosts.
scp: ./syz-fuzzer: Read-only file system

run #2: basic kernel testing failed: failed to copy test binary to VM: failed to run ["scp" "-P" "22" "-F" "/dev/null" "-o" "UserKnownHostsFile=/dev/null" "-o" "BatchMode=yes" "-o" "IdentitiesOnly=yes" "-o" "StrictHostKeyChecking=no" "-o" "ConnectTimeout=10" "/syzkaller/jobs/linux/gopath/src/github.com/google/syzkaller/bin/linux_amd64/syz-fuzzer" "root@10.128.1.81:./syz-fuzzer"]: exit status 1
Warning: Permanently added '10.128.1.81' (ECDSA) to the list of known hosts.
scp: ./syz-fuzzer: Read-only file system

run #3: basic kernel testing failed: failed to copy test binary to VM: failed to run ["scp" "-P" "22" "-F" "/dev/null" "-o" "UserKnownHostsFile=/dev/null" "-o" "BatchMode=yes" "-o" "IdentitiesOnly=yes" "-o" "StrictHostKeyChecking=no" "-o" "ConnectTimeout=10" "/syzkaller/jobs/linux/gopath/src/github.com/google/syzkaller/bin/linux_amd64/syz-fuzzer" "root@10.128.1.98:./syz-fuzzer"]: exit status 1
Warning: Permanently added '10.128.1.98' (ECDSA) to the list of known hosts.
scp: ./syz-fuzzer: Read-only file system

run #4: basic kernel testing failed: failed to copy test binary to VM: failed to run ["scp" "-P" "22" "-F" "/dev/null" "-o" "UserKnownHostsFile=/dev/null" "-o" "BatchMode=yes" "-o" "IdentitiesOnly=yes" "-o" "StrictHostKeyChecking=no" "-o" "ConnectTimeout=10" "/syzkaller/jobs/linux/gopath/src/github.com/google/syzkaller/bin/linux_amd64/syz-fuzzer" "root@10.128.0.217:./syz-fuzzer"]: exit status 1
Warning: Permanently added '10.128.0.217' (ECDSA) to the list of known hosts.
scp: ./syz-fuzzer: Read-only file system

run #5: basic kernel testing failed: failed to copy test binary to VM: failed to run ["scp" "-P" "22" "-F" "/dev/null" "-o" "UserKnownHostsFile=/dev/null" "-o" "BatchMode=yes" "-o" "IdentitiesOnly=yes" "-o" "StrictHostKeyChecking=no" "-o" "ConnectTimeout=10" "/syzkaller/jobs/linux/gopath/src/github.com/google/syzkaller/bin/linux_amd64/syz-fuzzer" "root@10.128.1.107:./syz-fuzzer"]: exit status 1
Warning: Permanently added '10.128.1.107' (ECDSA) to the list of known hosts.
scp: ./syz-fuzzer: Read-only file system

run #6: basic kernel testing failed: failed to copy test binary to VM: failed to run ["scp" "-P" "22" "-F" "/dev/null" "-o" "UserKnownHostsFile=/dev/null" "-o" "BatchMode=yes" "-o" "IdentitiesOnly=yes" "-o" "StrictHostKeyChecking=no" "-o" "ConnectTimeout=10" "/syzkaller/jobs/linux/gopath/src/github.com/google/syzkaller/bin/linux_amd64/syz-fuzzer" "root@10.128.1.117:./syz-fuzzer"]: exit status 1
Warning: Permanently added '10.128.1.117' (ECDSA) to the list of known hosts.
scp: ./syz-fuzzer: Read-only file system

run #7: basic kernel testing failed: failed to copy test binary to VM: failed to run ["scp" "-P" "22" "-F" "/dev/null" "-o" "UserKnownHostsFile=/dev/null" "-o" "BatchMode=yes" "-o" "IdentitiesOnly=yes" "-o" "StrictHostKeyChecking=no" "-o" "ConnectTimeout=10" "/syzkaller/jobs/linux/gopath/src/github.com/google/syzkaller/bin/linux_amd64/syz-fuzzer" "root@10.128.1.104:./syz-fuzzer"]: exit status 1
Warning: Permanently added '10.128.1.104' (ECDSA) to the list of known hosts.
scp: ./syz-fuzzer: Read-only file system

run #8: basic kernel testing failed: failed to copy test binary to VM: failed to run ["scp" "-P" "22" "-F" "/dev/null" "-o" "UserKnownHostsFile=/dev/null" "-o" "BatchMode=yes" "-o" "IdentitiesOnly=yes" "-o" "StrictHostKeyChecking=no" "-o" "ConnectTimeout=10" "/syzkaller/jobs/linux/gopath/src/github.com/google/syzkaller/bin/linux_amd64/syz-fuzzer" "root@10.128.1.120:./syz-fuzzer"]: exit status 1
Warning: Permanently added '10.128.1.120' (ECDSA) to the list of known hosts.
scp: ./syz-fuzzer: Read-only file system

run #9: basic kernel testing failed: failed to copy test binary to VM: failed to run ["scp" "-P" "22" "-F" "/dev/null" "-o" "UserKnownHostsFile=/dev/null" "-o" "BatchMode=yes" "-o" "IdentitiesOnly=yes" "-o" "StrictHostKeyChecking=no" "-o" "ConnectTimeout=10" "/syzkaller/jobs/linux/gopath/src/github.com/google/syzkaller/bin/linux_amd64/syz-fuzzer" "root@10.128.10.27:./syz-fuzzer"]: exit status 1
Warning: Permanently added '10.128.10.27' (ECDSA) to the list of known hosts.
scp: ./syz-fuzzer: Read-only file system

testing release v5.0
testing commit 1c163f4c7b3f621efff9b28a47abb36f7378d783
compiler: gcc version 8.4.1 20210217 (GCC)
kernel signature: 87cf52371784857a314c4078fe871e1ed2eea364afd39eb670c5a0a6979b7b54
run #0: basic kernel testing failed: failed to copy test binary to VM: failed to run ["scp" "-P" "22" "-F" "/dev/null" "-o" "UserKnownHostsFile=/dev/null" "-o" "BatchMode=yes" "-o" "IdentitiesOnly=yes" "-o" "StrictHostKeyChecking=no" "-o" "ConnectTimeout=10" "/syzkaller/jobs/linux/gopath/src/github.com/google/syzkaller/bin/linux_amd64/syz-fuzzer" "root@10.128.10.18:./syz-fuzzer"]: exit status 1
Warning: Permanently added '10.128.10.18' (ECDSA) to the list of known hosts.
scp: ./syz-fuzzer: Read-only file system

run #1: basic kernel testing failed: failed to copy test binary to VM: failed to run ["scp" "-P" "22" "-F" "/dev/null" "-o" "UserKnownHostsFile=/dev/null" "-o" "BatchMode=yes" "-o" "IdentitiesOnly=yes" "-o" "StrictHostKeyChecking=no" "-o" "ConnectTimeout=10" "/syzkaller/jobs/linux/gopath/src/github.com/google/syzkaller/bin/linux_amd64/syz-fuzzer" "root@10.128.10.19:./syz-fuzzer"]: exit status 1
Warning: Permanently added '10.128.10.19' (ECDSA) to the list of known hosts.
scp: ./syz-fuzzer: Read-only file system

run #2: basic kernel testing failed: failed to copy test binary to VM: failed to run ["scp" "-P" "22" "-F" "/dev/null" "-o" "UserKnownHostsFile=/dev/null" "-o" "BatchMode=yes" "-o" "IdentitiesOnly=yes" "-o" "StrictHostKeyChecking=no" "-o" "ConnectTimeout=10" "/syzkaller/jobs/linux/gopath/src/github.com/google/syzkaller/bin/linux_amd64/syz-fuzzer" "root@10.128.10.29:./syz-fuzzer"]: exit status 1
Warning: Permanently added '10.128.10.29' (ECDSA) to the list of known hosts.
scp: ./syz-fuzzer: Read-only file system

run #3: basic kernel testing failed: failed to copy test binary to VM: failed to run ["scp" "-P" "22" "-F" "/dev/null" "-o" "UserKnownHostsFile=/dev/null" "-o" "BatchMode=yes" "-o" "IdentitiesOnly=yes" "-o" "StrictHostKeyChecking=no" "-o" "ConnectTimeout=10" "/syzkaller/jobs/linux/gopath/src/github.com/google/syzkaller/bin/linux_amd64/syz-fuzzer" "root@10.128.10.27:./syz-fuzzer"]: exit status 1
Warning: Permanently added '10.128.10.27' (ECDSA) to the list of known hosts.
scp: ./syz-fuzzer: Read-only file system

run #4: basic kernel testing failed: failed to copy test binary to VM: failed to run ["scp" "-P" "22" "-F" "/dev/null" "-o" "UserKnownHostsFile=/dev/null" "-o" "BatchMode=yes" "-o" "IdentitiesOnly=yes" "-o" "StrictHostKeyChecking=no" "-o" "ConnectTimeout=10" "/syzkaller/jobs/linux/gopath/src/github.com/google/syzkaller/bin/linux_amd64/syz-fuzzer" "root@10.128.10.26:./syz-fuzzer"]: exit status 1
Warning: Permanently added '10.128.10.26' (ECDSA) to the list of known hosts.
scp: ./syz-fuzzer: Read-only file system

run #5: basic kernel testing failed: failed to copy test binary to VM: failed to run ["scp" "-P" "22" "-F" "/dev/null" "-o" "UserKnownHostsFile=/dev/null" "-o" "BatchMode=yes" "-o" "IdentitiesOnly=yes" "-o" "StrictHostKeyChecking=no" "-o" "ConnectTimeout=10" "/syzkaller/jobs/linux/gopath/src/github.com/google/syzkaller/bin/linux_amd64/syz-fuzzer" "root@10.128.10.38:./syz-fuzzer"]: exit status 1
Warning: Permanently added '10.128.10.38' (ECDSA) to the list of known hosts.
scp: ./syz-fuzzer: Read-only file system

run #6: basic kernel testing failed: failed to copy test binary to VM: failed to run ["scp" "-P" "22" "-F" "/dev/null" "-o" "UserKnownHostsFile=/dev/null" "-o" "BatchMode=yes" "-o" "IdentitiesOnly=yes" "-o" "StrictHostKeyChecking=no" "-o" "ConnectTimeout=10" "/syzkaller/jobs/linux/gopath/src/github.com/google/syzkaller/bin/linux_amd64/syz-fuzzer" "root@10.128.10.42:./syz-fuzzer"]: exit status 1
Warning: Permanently added '10.128.10.42' (ECDSA) to the list of known hosts.
scp: ./syz-fuzzer: Read-only file system

run #7: basic kernel testing failed: failed to copy test binary to VM: failed to run ["scp" "-P" "22" "-F" "/dev/null" "-o" "UserKnownHostsFile=/dev/null" "-o" "BatchMode=yes" "-o" "IdentitiesOnly=yes" "-o" "StrictHostKeyChecking=no" "-o" "ConnectTimeout=10" "/syzkaller/jobs/linux/gopath/src/github.com/google/syzkaller/bin/linux_amd64/syz-fuzzer" "root@10.128.0.69:./syz-fuzzer"]: exit status 1
Warning: Permanently added '10.128.0.69' (ECDSA) to the list of known hosts.
scp: ./syz-fuzzer: Read-only file system

run #8: basic kernel testing failed: failed to copy test binary to VM: failed to run ["scp" "-P" "22" "-F" "/dev/null" "-o" "UserKnownHostsFile=/dev/null" "-o" "BatchMode=yes" "-o" "IdentitiesOnly=yes" "-o" "StrictHostKeyChecking=no" "-o" "ConnectTimeout=10" "/syzkaller/jobs/linux/gopath/src/github.com/google/syzkaller/bin/linux_amd64/syz-fuzzer" "root@10.128.10.51:./syz-fuzzer"]: exit status 1
Warning: Permanently added '10.128.10.51' (ECDSA) to the list of known hosts.
scp: ./syz-fuzzer: Read-only file system

run #9: basic kernel testing failed: failed to copy test binary to VM: failed to run ["scp" "-P" "22" "-F" "/dev/null" "-o" "UserKnownHostsFile=/dev/null" "-o" "BatchMode=yes" "-o" "IdentitiesOnly=yes" "-o" "StrictHostKeyChecking=no" "-o" "ConnectTimeout=10" "/syzkaller/jobs/linux/gopath/src/github.com/google/syzkaller/bin/linux_amd64/syz-fuzzer" "root@10.128.10.9:./syz-fuzzer"]: exit status 1
Warning: Permanently added '10.128.10.9' (ECDSA) to the list of known hosts.
scp: ./syz-fuzzer: Read-only file system

testing release v4.20
testing commit 8fe28cb58bcb235034b64cbbb7550a8a43fd88be
compiler: gcc version 8.4.1 20210217 (GCC)
kernel signature: 0e9c0dc11503e7b0dc6e5b1629f42698119d3b46d91a77d1276f39e7faf05ab2
run #0: basic kernel testing failed: failed to copy test binary to VM: failed to run ["scp" "-P" "22" "-F" "/dev/null" "-o" "UserKnownHostsFile=/dev/null" "-o" "BatchMode=yes" "-o" "IdentitiesOnly=yes" "-o" "StrictHostKeyChecking=no" "-o" "ConnectTimeout=10" "/syzkaller/jobs/linux/gopath/src/github.com/google/syzkaller/bin/linux_amd64/syz-fuzzer" "root@10.128.0.164:./syz-fuzzer"]: exit status 1
Warning: Permanently added '10.128.0.164' (ECDSA) to the list of known hosts.
scp: ./syz-fuzzer: Read-only file system

run #1: basic kernel testing failed: failed to copy test binary to VM: failed to run ["scp" "-P" "22" "-F" "/dev/null" "-o" "UserKnownHostsFile=/dev/null" "-o" "BatchMode=yes" "-o" "IdentitiesOnly=yes" "-o" "StrictHostKeyChecking=no" "-o" "ConnectTimeout=10" "/syzkaller/jobs/linux/gopath/src/github.com/google/syzkaller/bin/linux_amd64/syz-fuzzer" "root@10.128.0.191:./syz-fuzzer"]: exit status 1
Warning: Permanently added '10.128.0.191' (ECDSA) to the list of known hosts.
scp: ./syz-fuzzer: Read-only file system

run #2: basic kernel testing failed: failed to copy test binary to VM: failed to run ["scp" "-P" "22" "-F" "/dev/null" "-o" "UserKnownHostsFile=/dev/null" "-o" "BatchMode=yes" "-o" "IdentitiesOnly=yes" "-o" "StrictHostKeyChecking=no" "-o" "ConnectTimeout=10" "/syzkaller/jobs/linux/gopath/src/github.com/google/syzkaller/bin/linux_amd64/syz-fuzzer" "root@10.128.0.218:./syz-fuzzer"]: exit status 1
Warning: Permanently added '10.128.0.218' (ECDSA) to the list of known hosts.
scp: ./syz-fuzzer: Read-only file system

run #3: basic kernel testing failed: failed to copy test binary to VM: failed to run ["scp" "-P" "22" "-F" "/dev/null" "-o" "UserKnownHostsFile=/dev/null" "-o" "BatchMode=yes" "-o" "IdentitiesOnly=yes" "-o" "StrictHostKeyChecking=no" "-o" "ConnectTimeout=10" "/syzkaller/jobs/linux/gopath/src/github.com/google/syzkaller/bin/linux_amd64/syz-fuzzer" "root@10.128.0.238:./syz-fuzzer"]: exit status 1
Warning: Permanently added '10.128.0.238' (ECDSA) to the list of known hosts.
scp: ./syz-fuzzer: Read-only file system

run #4: basic kernel testing failed: failed to copy test binary to VM: failed to run ["scp" "-P" "22" "-F" "/dev/null" "-o" "UserKnownHostsFile=/dev/null" "-o" "BatchMode=yes" "-o" "IdentitiesOnly=yes" "-o" "StrictHostKeyChecking=no" "-o" "ConnectTimeout=10" "/syzkaller/jobs/linux/gopath/src/github.com/google/syzkaller/bin/linux_amd64/syz-fuzzer" "root@10.128.0.55:./syz-fuzzer"]: exit status 1
Warning: Permanently added '10.128.0.55' (ECDSA) to the list of known hosts.
scp: ./syz-fuzzer: Read-only file system

run #5: basic kernel testing failed: failed to copy test binary to VM: failed to run ["scp" "-P" "22" "-F" "/dev/null" "-o" "UserKnownHostsFile=/dev/null" "-o" "BatchMode=yes" "-o" "IdentitiesOnly=yes" "-o" "StrictHostKeyChecking=no" "-o" "ConnectTimeout=10" "/syzkaller/jobs/linux/gopath/src/github.com/google/syzkaller/bin/linux_amd64/syz-fuzzer" "root@10.128.0.244:./syz-fuzzer"]: exit status 1
Warning: Permanently added '10.128.0.244' (ECDSA) to the list of known hosts.
scp: ./syz-fuzzer: Read-only file system

run #6: basic kernel testing failed: failed to copy test binary to VM: failed to run ["scp" "-P" "22" "-F" "/dev/null" "-o" "UserKnownHostsFile=/dev/null" "-o" "BatchMode=yes" "-o" "IdentitiesOnly=yes" "-o" "StrictHostKeyChecking=no" "-o" "ConnectTimeout=10" "/syzkaller/jobs/linux/gopath/src/github.com/google/syzkaller/bin/linux_amd64/syz-fuzzer" "root@10.128.1.6:./syz-fuzzer"]: exit status 1
Warning: Permanently added '10.128.1.6' (ECDSA) to the list of known hosts.
scp: ./syz-fuzzer: Read-only file system

run #7: basic kernel testing failed: failed to copy test binary to VM: failed to run ["scp" "-P" "22" "-F" "/dev/null" "-o" "UserKnownHostsFile=/dev/null" "-o" "BatchMode=yes" "-o" "IdentitiesOnly=yes" "-o" "StrictHostKeyChecking=no" "-o" "ConnectTimeout=10" "/syzkaller/jobs/linux/gopath/src/github.com/google/syzkaller/bin/linux_amd64/syz-fuzzer" "root@10.128.0.224:./syz-fuzzer"]: exit status 1
Warning: Permanently added '10.128.0.224' (ECDSA) to the list of known hosts.
scp: ./syz-fuzzer: Read-only file system

run #8: basic kernel testing failed: failed to copy test binary to VM: failed to run ["scp" "-P" "22" "-F" "/dev/null" "-o" "UserKnownHostsFile=/dev/null" "-o" "BatchMode=yes" "-o" "IdentitiesOnly=yes" "-o" "StrictHostKeyChecking=no" "-o" "ConnectTimeout=10" "/syzkaller/jobs/linux/gopath/src/github.com/google/syzkaller/bin/linux_amd64/syz-fuzzer" "root@10.128.1.30:./syz-fuzzer"]: exit status 1
Warning: Permanently added '10.128.1.30' (ECDSA) to the list of known hosts.
scp: ./syz-fuzzer: Read-only file system

run #9: basic kernel testing failed: failed to copy test binary to VM: failed to run ["scp" "-P" "22" "-F" "/dev/null" "-o" "UserKnownHostsFile=/dev/null" "-o" "BatchMode=yes" "-o" "IdentitiesOnly=yes" "-o" "StrictHostKeyChecking=no" "-o" "ConnectTimeout=10" "/syzkaller/jobs/linux/gopath/src/github.com/google/syzkaller/bin/linux_amd64/syz-fuzzer" "root@10.128.1.48:./syz-fuzzer"]: exit status 1
Warning: Permanently added '10.128.1.48' (ECDSA) to the list of known hosts.
scp: ./syz-fuzzer: Read-only file system

testing release v4.19
testing commit 84df9525b0c27f3ebc2ebb1864fa62a97fdedb7d
compiler: gcc version 8.4.1 20210217 (GCC)
kernel signature: 9db7273f8e5f7427a108d2e3f2588c2689caa130d2a93c25c1cc37d52679935a
run #0: basic kernel testing failed: failed to copy test binary to VM: failed to run ["scp" "-P" "22" "-F" "/dev/null" "-o" "UserKnownHostsFile=/dev/null" "-o" "BatchMode=yes" "-o" "IdentitiesOnly=yes" "-o" "StrictHostKeyChecking=no" "-o" "ConnectTimeout=10" "/syzkaller/jobs/linux/gopath/src/github.com/google/syzkaller/bin/linux_amd64/syz-fuzzer" "root@10.128.0.111:./syz-fuzzer"]: exit status 1
Warning: Permanently added '10.128.0.111' (ECDSA) to the list of known hosts.
scp: ./syz-fuzzer: Read-only file system

run #1: basic kernel testing failed: failed to copy test binary to VM: failed to run ["scp" "-P" "22" "-F" "/dev/null" "-o" "UserKnownHostsFile=/dev/null" "-o" "BatchMode=yes" "-o" "IdentitiesOnly=yes" "-o" "StrictHostKeyChecking=no" "-o" "ConnectTimeout=10" "/syzkaller/jobs/linux/gopath/src/github.com/google/syzkaller/bin/linux_amd64/syz-fuzzer" "root@10.128.0.176:./syz-fuzzer"]: exit status 1
Warning: Permanently added '10.128.0.176' (ECDSA) to the list of known hosts.
scp: ./syz-fuzzer: Read-only file system

run #2: basic kernel testing failed: failed to copy test binary to VM: failed to run ["scp" "-P" "22" "-F" "/dev/null" "-o" "UserKnownHostsFile=/dev/null" "-o" "BatchMode=yes" "-o" "IdentitiesOnly=yes" "-o" "StrictHostKeyChecking=no" "-o" "ConnectTimeout=10" "/syzkaller/jobs/linux/gopath/src/github.com/google/syzkaller/bin/linux_amd64/syz-fuzzer" "root@10.128.0.56:./syz-fuzzer"]: exit status 1
Warning: Permanently added '10.128.0.56' (ECDSA) to the list of known hosts.
scp: ./syz-fuzzer: Read-only file system

run #3: basic kernel testing failed: failed to copy test binary to VM: failed to run ["scp" "-P" "22" "-F" "/dev/null" "-o" "UserKnownHostsFile=/dev/null" "-o" "BatchMode=yes" "-o" "IdentitiesOnly=yes" "-o" "StrictHostKeyChecking=no" "-o" "ConnectTimeout=10" "/syzkaller/jobs/linux/gopath/src/github.com/google/syzkaller/bin/linux_amd64/syz-fuzzer" "root@10.128.15.192:./syz-fuzzer"]: exit status 1
Warning: Permanently added '10.128.15.192' (ECDSA) to the list of known hosts.
scp: ./syz-fuzzer: Read-only file system

run #4: basic kernel testing failed: failed to copy test binary to VM: failed to run ["scp" "-P" "22" "-F" "/dev/null" "-o" "UserKnownHostsFile=/dev/null" "-o" "BatchMode=yes" "-o" "IdentitiesOnly=yes" "-o" "StrictHostKeyChecking=no" "-o" "ConnectTimeout=10" "/syzkaller/jobs/linux/gopath/src/github.com/google/syzkaller/bin/linux_amd64/syz-fuzzer" "root@10.128.15.194:./syz-fuzzer"]: exit status 1
Warning: Permanently added '10.128.15.194' (ECDSA) to the list of known hosts.
scp: ./syz-fuzzer: Read-only file system

run #5: basic kernel testing failed: failed to copy test binary to VM: failed to run ["scp" "-P" "22" "-F" "/dev/null" "-o" "UserKnownHostsFile=/dev/null" "-o" "BatchMode=yes" "-o" "IdentitiesOnly=yes" "-o" "StrictHostKeyChecking=no" "-o" "ConnectTimeout=10" "/syzkaller/jobs/linux/gopath/src/github.com/google/syzkaller/bin/linux_amd64/syz-fuzzer" "root@10.128.10.44:./syz-fuzzer"]: exit status 1
Warning: Permanently added '10.128.10.44' (ECDSA) to the list of known hosts.
scp: ./syz-fuzzer: Read-only file system

run #6: basic kernel testing failed: failed to copy test binary to VM: failed to run ["scp" "-P" "22" "-F" "/dev/null" "-o" "UserKnownHostsFile=/dev/null" "-o" "BatchMode=yes" "-o" "IdentitiesOnly=yes" "-o" "StrictHostKeyChecking=no" "-o" "ConnectTimeout=10" "/syzkaller/jobs/linux/gopath/src/github.com/google/syzkaller/bin/linux_amd64/syz-fuzzer" "root@10.128.15.195:./syz-fuzzer"]: exit status 1
Warning: Permanently added '10.128.15.195' (ECDSA) to the list of known hosts.
scp: ./syz-fuzzer: Read-only file system

run #7: basic kernel testing failed: failed to copy test binary to VM: failed to run ["scp" "-P" "22" "-F" "/dev/null" "-o" "UserKnownHostsFile=/dev/null" "-o" "BatchMode=yes" "-o" "IdentitiesOnly=yes" "-o" "StrictHostKeyChecking=no" "-o" "ConnectTimeout=10" "/syzkaller/jobs/linux/gopath/src/github.com/google/syzkaller/bin/linux_amd64/syz-fuzzer" "root@10.128.15.197:./syz-fuzzer"]: exit status 1
Warning: Permanently added '10.128.15.197' (ECDSA) to the list of known hosts.
scp: ./syz-fuzzer: Read-only file system

run #8: basic kernel testing failed: failed to copy test binary to VM: failed to run ["scp" "-P" "22" "-F" "/dev/null" "-o" "UserKnownHostsFile=/dev/null" "-o" "BatchMode=yes" "-o" "IdentitiesOnly=yes" "-o" "StrictHostKeyChecking=no" "-o" "ConnectTimeout=10" "/syzkaller/jobs/linux/gopath/src/github.com/google/syzkaller/bin/linux_amd64/syz-fuzzer" "root@10.128.15.198:./syz-fuzzer"]: exit status 1
Warning: Permanently added '10.128.15.198' (ECDSA) to the list of known hosts.
scp: ./syz-fuzzer: Read-only file system

run #9: basic kernel testing failed: failed to copy test binary to VM: failed to run ["scp" "-P" "22" "-F" "/dev/null" "-o" "UserKnownHostsFile=/dev/null" "-o" "BatchMode=yes" "-o" "IdentitiesOnly=yes" "-o" "StrictHostKeyChecking=no" "-o" "ConnectTimeout=10" "/syzkaller/jobs/linux/gopath/src/github.com/google/syzkaller/bin/linux_amd64/syz-fuzzer" "root@10.128.0.104:./syz-fuzzer"]: exit status 1
Warning: Permanently added '10.128.0.104' (ECDSA) to the list of known hosts.
scp: ./syz-fuzzer: Read-only file system

testing release v4.18
testing commit 94710cac0ef4ee177a63b5227664b38c95bbf703
compiler: gcc version 8.4.1 20210217 (GCC)
kernel signature: ca359f4b7e62e1808f7f01d6fc07e23821cbf640a337ad51a4ff186ecd0b36be
all runs: boot failed: kernel panic: Attempted to kill init!
testing release v4.17
testing commit 29dcea88779c856c7dc92040a0c01233263101d4
compiler: gcc (GCC) 8.4.1 20210217
failed to run ["make" "-j" "64" "ARCH=x86_64" "CC=/syzkaller/shared/bisect_bin/gcc-8.1.0/bin/gcc" "bzImage"]: exit status 2
testing release v4.16
testing commit 0adb32858b0bddf4ada5f364a84ed60b196dbcda
compiler: gcc (GCC) 8.4.1 20210217
orc_dump.c:106:2: error: 'elf_getshnum' is deprecated [-Werror=deprecated-declarations]
orc_dump.c:111:2: error: 'elf_getshstrndx' is deprecated [-Werror=deprecated-declarations]
elf.c:135:2: error: 'elf_getshnum' is deprecated [-Werror=deprecated-declarations]
elf.c:140:2: error: 'elf_getshstrndx' is deprecated [-Werror=deprecated-declarations]
testing release v4.15
testing commit d8a5b80568a9cb66810e75b182018e9edb68e8ff
compiler: gcc (GCC) 8.4.1 20210217
orc_dump.c:106:2: error: 'elf_getshnum' is deprecated [-Werror=deprecated-declarations]
orc_dump.c:111:2: error: 'elf_getshstrndx' is deprecated [-Werror=deprecated-declarations]
pager.c:36:12: error: passing argument 2 to 'restrict'-qualified parameter aliases with argument 4 [-Werror=restrict]
elf.c:135:2: error: 'elf_getshnum' is deprecated [-Werror=deprecated-declarations]
elf.c:140:2: error: 'elf_getshstrndx' is deprecated [-Werror=deprecated-declarations]
testing release v4.14
testing commit bebc6082da0a9f5d47a1ea2edc099bf671058bd4
compiler: gcc (GCC) 8.4.1 20210217
orc_dump.c:105:2: error: 'elf_getshnum' is deprecated [-Werror=deprecated-declarations]
orc_dump.c:110:2: error: 'elf_getshstrndx' is deprecated [-Werror=deprecated-declarations]
elf.c:134:2: error: 'elf_getshnum' is deprecated [-Werror=deprecated-declarations]
elf.c:139:2: error: 'elf_getshstrndx' is deprecated [-Werror=deprecated-declarations]
pager.c:36:12: error: passing argument 2 to 'restrict'-qualified parameter aliases with argument 4 [-Werror=restrict]
testing release v4.13
testing commit 569dbb88e80deb68974ef6fdd6a13edb9d686261
compiler: gcc (GCC) 8.4.1 20210217
pager.c:35:12: error: passing argument 2 to 'restrict'-qualified parameter aliases with argument 4 [-Werror=restrict]
elf.c:144:2: error: 'elf_getshnum' is deprecated [-Werror=deprecated-declarations]
elf.c:149:2: error: 'elf_getshstrndx' is deprecated [-Werror=deprecated-declarations]
testing release v4.12
testing commit 6f7da290413ba713f0cdd9ff1a2a9bb129ef4f6c
compiler: gcc (GCC) 8.4.1 20210217
pager.c:35:12: error: passing argument 2 to 'restrict'-qualified parameter aliases with argument 4 [-Werror=restrict]
elf.c:141:2: error: 'elf_getshnum' is deprecated [-Werror=deprecated-declarations]
elf.c:146:2: error: 'elf_getshstrndx' is deprecated [-Werror=deprecated-declarations]
testing release v4.11
testing commit a351e9b9fc24e982ec2f0e76379a49826036da12
compiler: gcc (GCC) 7.5.0
elf.c:141:2: error: 'elf_getshnum' is deprecated [-Werror=deprecated-declarations]
elf.c:146:2: error: 'elf_getshstrndx' is deprecated [-Werror=deprecated-declarations]
pager.c:35:12: error: passing argument 2 to 'restrict'-qualified parameter aliases with argument 4 [-Werror=restrict]
testing release v4.10
testing commit c470abd4fde40ea6a0846a2beab642a578c0b8cd
compiler: gcc (GCC) 5.5.0
tools/include/linux/log2.h:19:1: error: ignoring attribute 'noreturn' because it conflicts with attribute 'const' [-Werror=attributes]
elf.c:129:2: error: 'elf_getshnum' is deprecated [-Werror=deprecated-declarations]
elf.c:134:2: error: 'elf_getshstrndx' is deprecated [-Werror=deprecated-declarations]
pager.c:35:12: error: passing argument 2 to 'restrict'-qualified parameter aliases with argument 4 [-Werror=restrict]
testing release v4.9
testing commit 69973b830859bc6529a7a0468ba0d80ee5117826
compiler: gcc (GCC) 5.5.0
tools/include/linux/log2.h:19:1: error: ignoring attribute 'noreturn' because it conflicts with attribute 'const' [-Werror=attributes]
elf.c:129:2: error: 'elf_getshnum' is deprecated [-Werror=deprecated-declarations]
elf.c:134:2: error: 'elf_getshstrndx' is deprecated [-Werror=deprecated-declarations]
pager.c:35:12: error: passing argument 2 to 'restrict'-qualified parameter aliases with argument 4 [-Werror=restrict]
testing release v4.8
testing commit c8d2bc9bc39ebea8437fd974fdbc21847bb897a3
compiler: gcc (GCC) 5.5.0
tools/include/linux/log2.h:19:1: error: ignoring attribute 'noreturn' because it conflicts with attribute 'const' [-Werror=attributes]
elf.c:129:2: error: 'elf_getshnum' is deprecated [-Werror=deprecated-declarations]
elf.c:134:2: error: 'elf_getshstrndx' is deprecated [-Werror=deprecated-declarations]
pager.c:33:12: error: passing argument 2 to 'restrict'-qualified parameter aliases with argument 4 [-Werror=restrict]
testing release v4.7
testing commit 523d939ef98fd712632d93a5a2b588e477a7565e
compiler: gcc (GCC) 5.5.0
tools/include/linux/log2.h:19:1: error: ignoring attribute 'noreturn' because it conflicts with attribute 'const' [-Werror=attributes]
elf.c:122:2: error: 'elf_getshnum' is deprecated [-Werror=deprecated-declarations]
elf.c:127:2: error: 'elf_getshstrndx' is deprecated [-Werror=deprecated-declarations]
pager.c:33:12: error: passing argument 2 to 'restrict'-qualified parameter aliases with argument 4 [-Werror=restrict]
testing release v4.6
testing commit 2dcd0af568b0cf583645c8a317dd12e344b1c72a
compiler: gcc (GCC) 5.5.0
tools/include/linux/log2.h:19:1: error: ignoring attribute 'noreturn' because it conflicts with attribute 'const' [-Werror=attributes]
pager.c:33:12: error: passing argument 2 to 'restrict'-qualified parameter aliases with argument 4 [-Werror=restrict]
revisions tested: 21, total time: 3h30m57.203235329s (build: 2h25m38.769950798s, test: 59m59.752818191s)
the crash already happened on the oldest tested release
commit msg: Linux 5.11
crash: WARNING in vhost_dev_cleanup
------------[ cut here ]------------
WARNING: CPU: 0 PID: 5889 at drivers/vhost/vhost.c:715 vhost_dev_cleanup+0x7cd/0xbd0 drivers/vhost/vhost.c:721
Modules linked in:
CPU: 0 PID: 5889 Comm: syz-executor173 Not tainted 5.11.0-syzkaller #0
Hardware name: Google Google Compute Engine/Google Compute Engine, BIOS Google 01/01/2011
RIP: 0010:vhost_dev_cleanup+0x7cd/0xbd0 drivers/vhost/vhost.c:715
Code: 3c 02 00 0f 85 08 04 00 00 48 c7 85 90 01 00 00 00 00 00 00 48 83 c4 30 48 89 ef 5b 5d 41 5c 41 5d 41 5e 41 5f e9 43 da ff ff <0f> 0b e9 5d ff ff ff 48 8b 7c 24 08 e8 b2 9e 91 fb e9 5b f8 ff ff
RSP: 0018:ffffc9000162fc80 EFLAGS: 00010282
RAX: ffff888025694d20 RBX: ffff8880256900d0 RCX: 0000000000000000
RDX: 1ffff11004ad2016 RSI: ffffffff888afa60 RDI: ffff8880256900b0
RBP: ffff888025690000 R08: 0000000000000001 R09: 0000000000000001
R10: ffffed1004ad2026 R11: 0000000000000001 R12: ffff8880256900d0
R13: dead000000000122 R14: dffffc0000000000 R15: dead000000000100
FS:  0000000000000000(0000) GS:ffff8880b9e00000(0000) knlGS:0000000000000000
CS:  0010 DS: 0000 ES: 0000 CR0: 0000000080050033
CR2: 0000000000000002 CR3: 0000000022908000 CR4: 00000000003506f0
DR0: 0000000000000000 DR1: 0000000000000000 DR2: 0000000000000000
DR3: 0000000000000000 DR6: 00000000fffe0ff0 DR7: 0000000000000400
Call Trace:
 vhost_vsock_dev_release+0x312/0x480 drivers/vhost/vsock.c:726
 __fput+0x204/0x870 fs/file_table.c:280
 task_work_run+0xc0/0x160 kernel/task_work.c:140
 exit_task_work include/linux/task_work.h:30 [inline]
 do_exit+0xa81/0x2570 kernel/exit.c:825
 do_group_exit+0xe7/0x290 kernel/exit.c:922
 __do_sys_exit_group kernel/exit.c:933 [inline]
 __se_sys_exit_group kernel/exit.c:931 [inline]
 __x64_sys_exit_group+0x35/0x40 kernel/exit.c:931
 do_syscall_64+0x2d/0x70 arch/x86/entry/common.c:46
 entry_SYSCALL_64_after_hwframe+0x44/0xa9
RIP: 0033:0x7f8ff09bdba9
Code: Unable to access opcode bytes at RIP 0x7f8ff09bdb7f.
RSP: 002b:00007ffc7691fa78 EFLAGS: 00000246 ORIG_RAX: 00000000000000e7
RAX: ffffffffffffffda RBX: 00007f8ff0a32330 RCX: 00007f8ff09bdba9
RDX: 000000000000003c RSI: 00000000000000e7 RDI: 0000000000000000
RBP: 0000000000000000 R08: ffffffffffffffc0 R09: 00007ffc7691fc68
R10: 00007ffc7691fc68 R11: 0000000000000246 R12: 00007f8ff0a32330
R13: 0000000000000001 R14: 0000000000000000 R15: 0000000000000001

