bisecting cause commit starting from cd8c917a56f20f48748dd43d9ae3caff51d5b987
building syzkaller on 0230ba3e7ee638765ace8e2c3b436e703017b46c
testing commit cd8c917a56f20f48748dd43d9ae3caff51d5b987
compiler: gcc (GCC) 10.2.1 20210217, GNU ld (GNU Binutils for Debian) 2.35.2
kernel signature: 9033bd3ac2aff8b673b26e20430b62fd9e396aac01681810044fe0833e1c0799
run #0: crashed: WARNING in tcf_chain0_head_change_cb_del
run #1: crashed: WARNING in tcf_chain0_head_change_cb_del
run #2: crashed: WARNING in tcf_chain0_head_change_cb_del
run #3: crashed: WARNING in tcf_chain0_head_change_cb_del
run #4: crashed: WARNING in tcf_chain0_head_change_cb_del
run #5: crashed: WARNING in tcf_chain0_head_change_cb_del
run #6: crashed: WARNING in tcf_chain0_head_change_cb_del
run #7: crashed: WARNING in tcf_chain0_head_change_cb_del
run #8: crashed: WARNING in tcf_chain0_head_change_cb_del
run #9: basic kernel testing failed: failed to copy test binary to VM: failed to run ["scp" "-P" "22" "-F" "/dev/null" "-o" "UserKnownHostsFile=/dev/null" "-o" "BatchMode=yes" "-o" "IdentitiesOnly=yes" "-o" "StrictHostKeyChecking=no" "-o" "ConnectTimeout=10" "/tmp/syz-executor826838130" "root@10.128.10.61:./syz-executor826838130"]: exit status 1
Connection timed out during banner exchange
Connection to 10.128.10.61 port 22 timed out
lost connection

run #10: basic kernel testing failed: failed to copy test binary to VM: failed to run ["scp" "-P" "22" "-F" "/dev/null" "-o" "UserKnownHostsFile=/dev/null" "-o" "BatchMode=yes" "-o" "IdentitiesOnly=yes" "-o" "StrictHostKeyChecking=no" "-o" "ConnectTimeout=10" "/tmp/syz-executor651000436" "root@10.128.0.139:./syz-executor651000436"]: exit status 1
Connection timed out during banner exchange
Connection to 10.128.0.139 port 22 timed out
lost connection

run #11: crashed: WARNING in tcf_chain0_head_change_cb_del
run #12: crashed: WARNING in tcf_chain0_head_change_cb_del
run #13: basic kernel testing failed: failed to copy test binary to VM: failed to run ["scp" "-P" "22" "-F" "/dev/null" "-o" "UserKnownHostsFile=/dev/null" "-o" "BatchMode=yes" "-o" "IdentitiesOnly=yes" "-o" "StrictHostKeyChecking=no" "-o" "ConnectTimeout=10" "/tmp/syz-executor530231386" "root@10.128.15.217:./syz-executor530231386"]: exit status 1
Connection timed out during banner exchange
Connection to 10.128.15.217 port 22 timed out
lost connection

run #14: crashed: WARNING in tcf_chain0_head_change_cb_del
run #15: crashed: WARNING in tcf_chain0_head_change_cb_del
run #16: basic kernel testing failed: failed to copy test binary to VM: failed to run ["scp" "-P" "22" "-F" "/dev/null" "-o" "UserKnownHostsFile=/dev/null" "-o" "BatchMode=yes" "-o" "IdentitiesOnly=yes" "-o" "StrictHostKeyChecking=no" "-o" "ConnectTimeout=10" "/tmp/syz-executor486490670" "root@10.128.15.234:./syz-executor486490670"]: exit status 1
Connection timed out during banner exchange
Connection to 10.128.15.234 port 22 timed out
lost connection

run #17: crashed: kernel panic: System is deadlocked on memory
run #18: basic kernel testing failed: failed to copy test binary to VM: failed to run ["scp" "-P" "22" "-F" "/dev/null" "-o" "UserKnownHostsFile=/dev/null" "-o" "BatchMode=yes" "-o" "IdentitiesOnly=yes" "-o" "StrictHostKeyChecking=no" "-o" "ConnectTimeout=10" "/tmp/syz-executor136432053" "root@10.128.15.229:./syz-executor136432053"]: exit status 1
Connection timed out during banner exchange
Connection to 10.128.15.229 port 22 timed out
lost connection

run #19: basic kernel testing failed: failed to copy test binary to VM: failed to run ["scp" "-P" "22" "-F" "/dev/null" "-o" "UserKnownHostsFile=/dev/null" "-o" "BatchMode=yes" "-o" "IdentitiesOnly=yes" "-o" "StrictHostKeyChecking=no" "-o" "ConnectTimeout=10" "/tmp/syz-executor389682576" "root@10.128.15.230:./syz-executor389682576"]: exit status 1
Connection timed out during banner exchange
Connection to 10.128.15.230 port 22 timed out
lost connection

testing release v5.15
testing commit 8bb7eca972ad531c9b149c0a51ab43a417385813
compiler: gcc (GCC) 10.2.1 20210217, GNU ld (GNU Binutils for Debian) 2.35.2
kernel signature: 23b867ff5df3d6cb6b498368a18ae79abf8004bbd96dea98ad38033811273ce5
run #0: basic kernel testing failed: failed to copy test binary to VM: failed to run ["scp" "-P" "22" "-F" "/dev/null" "-o" "UserKnownHostsFile=/dev/null" "-o" "BatchMode=yes" "-o" "IdentitiesOnly=yes" "-o" "StrictHostKeyChecking=no" "-o" "ConnectTimeout=10" "/tmp/syz-executor602416450" "root@10.128.15.205:./syz-executor602416450"]: exit status 1
Connection timed out during banner exchange
Connection to 10.128.15.205 port 22 timed out
lost connection

run #1: basic kernel testing failed: failed to copy test binary to VM: failed to run ["scp" "-P" "22" "-F" "/dev/null" "-o" "UserKnownHostsFile=/dev/null" "-o" "BatchMode=yes" "-o" "IdentitiesOnly=yes" "-o" "StrictHostKeyChecking=no" "-o" "ConnectTimeout=10" "/tmp/syz-executor830677945" "root@10.128.15.204:./syz-executor830677945"]: exit status 1
Connection timed out during banner exchange
Connection to 10.128.15.204 port 22 timed out
lost connection

run #2: basic kernel testing failed: failed to copy test binary to VM: failed to run ["scp" "-P" "22" "-F" "/dev/null" "-o" "UserKnownHostsFile=/dev/null" "-o" "BatchMode=yes" "-o" "IdentitiesOnly=yes" "-o" "StrictHostKeyChecking=no" "-o" "ConnectTimeout=10" "/tmp/syz-executor103736772" "root@10.128.15.216:./syz-executor103736772"]: exit status 1
Connection timed out during banner exchange
Connection to 10.128.15.216 port 22 timed out
lost connection

run #3: basic kernel testing failed: failed to copy test binary to VM: failed to run ["scp" "-P" "22" "-F" "/dev/null" "-o" "UserKnownHostsFile=/dev/null" "-o" "BatchMode=yes" "-o" "IdentitiesOnly=yes" "-o" "StrictHostKeyChecking=no" "-o" "ConnectTimeout=10" "/tmp/syz-executor268150355" "root@10.128.15.213:./syz-executor268150355"]: exit status 1
Connection timed out during banner exchange
Connection to 10.128.15.213 port 22 timed out
lost connection

run #4: basic kernel testing failed: failed to copy test binary to VM: failed to run ["scp" "-P" "22" "-F" "/dev/null" "-o" "UserKnownHostsFile=/dev/null" "-o" "BatchMode=yes" "-o" "IdentitiesOnly=yes" "-o" "StrictHostKeyChecking=no" "-o" "ConnectTimeout=10" "/tmp/syz-executor766259606" "root@10.128.15.212:./syz-executor766259606"]: exit status 1
Connection timed out during banner exchange
Connection to 10.128.15.212 port 22 timed out
lost connection

run #5: basic kernel testing failed: failed to copy test binary to VM: failed to run ["scp" "-P" "22" "-F" "/dev/null" "-o" "UserKnownHostsFile=/dev/null" "-o" "BatchMode=yes" "-o" "IdentitiesOnly=yes" "-o" "StrictHostKeyChecking=no" "-o" "ConnectTimeout=10" "/tmp/syz-executor429246776" "root@10.128.15.217:./syz-executor429246776"]: exit status 1
Connection timed out during banner exchange
Connection to 10.128.15.217 port 22 timed out
lost connection

run #6: basic kernel testing failed: failed to copy test binary to VM: failed to run ["scp" "-P" "22" "-F" "/dev/null" "-o" "UserKnownHostsFile=/dev/null" "-o" "BatchMode=yes" "-o" "IdentitiesOnly=yes" "-o" "StrictHostKeyChecking=no" "-o" "ConnectTimeout=10" "/tmp/syz-executor632766775" "root@10.128.15.211:./syz-executor632766775"]: exit status 1
Connection timed out during banner exchange
Connection to 10.128.15.211 port 22 timed out
lost connection

run #7: OK
run #8: crashed: INFO: task hung in addrconf_dad_work
run #9: basic kernel testing failed: failed to copy test binary to VM: failed to run ["scp" "-P" "22" "-F" "/dev/null" "-o" "UserKnownHostsFile=/dev/null" "-o" "BatchMode=yes" "-o" "IdentitiesOnly=yes" "-o" "StrictHostKeyChecking=no" "-o" "ConnectTimeout=10" "/tmp/syz-executor300063018" "root@10.128.15.209:./syz-executor300063018"]: exit status 1
Connection timed out during banner exchange
Connection to 10.128.15.209 port 22 timed out
lost connection

testing release v5.14
testing commit 7d2a07b769330c34b4deabeed939325c77a7ec2f
compiler: gcc (GCC) 10.2.1 20210217, GNU ld (GNU Binutils for Debian) 2.35.2
kernel signature: b2164682a4188d600e8629b33fdd665dc2a6573b9b8685e4bb26430826cfdcc6
run #0: basic kernel testing failed: failed to copy test binary to VM: failed to run ["scp" "-P" "22" "-F" "/dev/null" "-o" "UserKnownHostsFile=/dev/null" "-o" "BatchMode=yes" "-o" "IdentitiesOnly=yes" "-o" "StrictHostKeyChecking=no" "-o" "ConnectTimeout=10" "/tmp/syz-executor531698156" "root@10.128.0.125:./syz-executor531698156"]: exit status 1
Connection timed out during banner exchange
Connection to 10.128.0.125 port 22 timed out
lost connection

run #1: basic kernel testing failed: failed to copy test binary to VM: failed to run ["scp" "-P" "22" "-F" "/dev/null" "-o" "UserKnownHostsFile=/dev/null" "-o" "BatchMode=yes" "-o" "IdentitiesOnly=yes" "-o" "StrictHostKeyChecking=no" "-o" "ConnectTimeout=10" "/tmp/syz-executor631039067" "root@10.128.0.180:./syz-executor631039067"]: exit status 1
Connection timed out during banner exchange
Connection to 10.128.0.180 port 22 timed out
lost connection

run #2: basic kernel testing failed: failed to copy test binary to VM: failed to run ["scp" "-P" "22" "-F" "/dev/null" "-o" "UserKnownHostsFile=/dev/null" "-o" "BatchMode=yes" "-o" "IdentitiesOnly=yes" "-o" "StrictHostKeyChecking=no" "-o" "ConnectTimeout=10" "/tmp/syz-executor114992638" "root@10.128.0.96:./syz-executor114992638"]: exit status 1
Connection timed out during banner exchange
Connection to 10.128.0.96 port 22 timed out
lost connection

run #3: basic kernel testing failed: failed to copy test binary to VM: failed to run ["scp" "-P" "22" "-F" "/dev/null" "-o" "UserKnownHostsFile=/dev/null" "-o" "BatchMode=yes" "-o" "IdentitiesOnly=yes" "-o" "StrictHostKeyChecking=no" "-o" "ConnectTimeout=10" "/tmp/syz-executor665192773" "root@10.128.0.82:./syz-executor665192773"]: exit status 1
Connection timed out during banner exchange
Connection to 10.128.0.82 port 22 timed out
lost connection

run #4: basic kernel testing failed: failed to copy test binary to VM: failed to run ["scp" "-P" "22" "-F" "/dev/null" "-o" "UserKnownHostsFile=/dev/null" "-o" "BatchMode=yes" "-o" "IdentitiesOnly=yes" "-o" "StrictHostKeyChecking=no" "-o" "ConnectTimeout=10" "/tmp/syz-executor704409056" "root@10.128.0.68:./syz-executor704409056"]: exit status 1
Connection timed out during banner exchange
Connection to 10.128.0.68 port 22 timed out
lost connection

run #5: basic kernel testing failed: failed to copy test binary to VM: failed to run ["scp" "-P" "22" "-F" "/dev/null" "-o" "UserKnownHostsFile=/dev/null" "-o" "BatchMode=yes" "-o" "IdentitiesOnly=yes" "-o" "StrictHostKeyChecking=no" "-o" "ConnectTimeout=10" "/tmp/syz-executor900871103" "root@10.128.0.176:./syz-executor900871103"]: exit status 1
Connection timed out during banner exchange
Connection to 10.128.0.176 port 22 timed out
lost connection

run #6: basic kernel testing failed: failed to copy test binary to VM: failed to run ["scp" "-P" "22" "-F" "/dev/null" "-o" "UserKnownHostsFile=/dev/null" "-o" "BatchMode=yes" "-o" "IdentitiesOnly=yes" "-o" "StrictHostKeyChecking=no" "-o" "ConnectTimeout=10" "/tmp/syz-executor748737554" "root@10.128.0.55:./syz-executor748737554"]: exit status 1
Connection timed out during banner exchange
Connection to 10.128.0.55 port 22 timed out
lost connection

run #7: basic kernel testing failed: failed to copy test binary to VM: failed to run ["scp" "-P" "22" "-F" "/dev/null" "-o" "UserKnownHostsFile=/dev/null" "-o" "BatchMode=yes" "-o" "IdentitiesOnly=yes" "-o" "StrictHostKeyChecking=no" "-o" "ConnectTimeout=10" "/tmp/syz-executor464393801" "root@10.128.0.182:./syz-executor464393801"]: exit status 1
Connection timed out during banner exchange
Connection to 10.128.0.182 port 22 timed out
lost connection

run #8: basic kernel testing failed: failed to copy test binary to VM: failed to run ["scp" "-P" "22" "-F" "/dev/null" "-o" "UserKnownHostsFile=/dev/null" "-o" "BatchMode=yes" "-o" "IdentitiesOnly=yes" "-o" "StrictHostKeyChecking=no" "-o" "ConnectTimeout=10" "/tmp/syz-executor150515476" "root@10.128.0.226:./syz-executor150515476"]: exit status 1
Connection timed out during banner exchange
Connection to 10.128.0.226 port 22 timed out
lost connection

run #9: basic kernel testing failed: failed to copy test binary to VM: failed to run ["scp" "-P" "22" "-F" "/dev/null" "-o" "UserKnownHostsFile=/dev/null" "-o" "BatchMode=yes" "-o" "IdentitiesOnly=yes" "-o" "StrictHostKeyChecking=no" "-o" "ConnectTimeout=10" "/tmp/syz-executor754282851" "root@10.128.1.30:./syz-executor754282851"]: exit status 1
Connection timed out during banner exchange
Connection to 10.128.1.30 port 22 timed out
lost connection

testing release v5.13
testing commit 62fb9874f5da54fdb243003b386128037319b219
compiler: gcc (GCC) 10.2.1 20210217, GNU ld (GNU Binutils for Debian) 2.35.2
kernel signature: d6fe745592b80ae8986d100cc520c0fff9c440ffd363b3dd0a8a457d65577d25
run #0: basic kernel testing failed: failed to copy test binary to VM: failed to run ["scp" "-P" "22" "-F" "/dev/null" "-o" "UserKnownHostsFile=/dev/null" "-o" "BatchMode=yes" "-o" "IdentitiesOnly=yes" "-o" "StrictHostKeyChecking=no" "-o" "ConnectTimeout=10" "/tmp/syz-executor511368077" "root@10.128.10.47:./syz-executor511368077"]: exit status 1
Connection timed out during banner exchange
Connection to 10.128.10.47 port 22 timed out
lost connection

run #1: basic kernel testing failed: failed to copy test binary to VM: failed to run ["scp" "-P" "22" "-F" "/dev/null" "-o" "UserKnownHostsFile=/dev/null" "-o" "BatchMode=yes" "-o" "IdentitiesOnly=yes" "-o" "StrictHostKeyChecking=no" "-o" "ConnectTimeout=10" "/tmp/syz-executor588117384" "root@10.128.10.62:./syz-executor588117384"]: exit status 1
Connection timed out during banner exchange
Connection to 10.128.10.62 port 22 timed out
lost connection

run #2: basic kernel testing failed: failed to copy test binary to VM: failed to run ["scp" "-P" "22" "-F" "/dev/null" "-o" "UserKnownHostsFile=/dev/null" "-o" "BatchMode=yes" "-o" "IdentitiesOnly=yes" "-o" "StrictHostKeyChecking=no" "-o" "ConnectTimeout=10" "/tmp/syz-executor760632647" "root@10.128.1.30:./syz-executor760632647"]: exit status 1
Connection timed out during banner exchange
Connection to 10.128.1.30 port 22 timed out
lost connection

run #3: basic kernel testing failed: failed to copy test binary to VM: failed to run ["scp" "-P" "22" "-F" "/dev/null" "-o" "UserKnownHostsFile=/dev/null" "-o" "BatchMode=yes" "-o" "IdentitiesOnly=yes" "-o" "StrictHostKeyChecking=no" "-o" "ConnectTimeout=10" "/tmp/syz-executor970801146" "root@10.128.10.57:./syz-executor970801146"]: exit status 1
Connection timed out during banner exchange
Connection to 10.128.10.57 port 22 timed out
lost connection

run #4: basic kernel testing failed: failed to copy test binary to VM: failed to run ["scp" "-P" "22" "-F" "/dev/null" "-o" "UserKnownHostsFile=/dev/null" "-o" "BatchMode=yes" "-o" "IdentitiesOnly=yes" "-o" "StrictHostKeyChecking=no" "-o" "ConnectTimeout=10" "/tmp/syz-executor849905937" "root@10.128.1.28:./syz-executor849905937"]: exit status 1
Connection timed out during banner exchange
Connection to 10.128.1.28 port 22 timed out
lost connection

run #5: basic kernel testing failed: failed to copy test binary to VM: failed to run ["scp" "-P" "22" "-F" "/dev/null" "-o" "UserKnownHostsFile=/dev/null" "-o" "BatchMode=yes" "-o" "IdentitiesOnly=yes" "-o" "StrictHostKeyChecking=no" "-o" "ConnectTimeout=10" "/tmp/syz-executor315331388" "root@10.128.10.60:./syz-executor315331388"]: exit status 1
Connection timed out during banner exchange
Connection to 10.128.10.60 port 22 timed out
lost connection

run #6: basic kernel testing failed: failed to copy test binary to VM: failed to run ["scp" "-P" "22" "-F" "/dev/null" "-o" "UserKnownHostsFile=/dev/null" "-o" "BatchMode=yes" "-o" "IdentitiesOnly=yes" "-o" "StrictHostKeyChecking=no" "-o" "ConnectTimeout=10" "/tmp/syz-executor011063758" "root@10.128.10.56:./syz-executor011063758"]: exit status 1
Connection timed out during banner exchange
Connection to 10.128.10.56 port 22 timed out
lost connection

run #7: basic kernel testing failed: failed to copy test binary to VM: failed to run ["scp" "-P" "22" "-F" "/dev/null" "-o" "UserKnownHostsFile=/dev/null" "-o" "BatchMode=yes" "-o" "IdentitiesOnly=yes" "-o" "StrictHostKeyChecking=no" "-o" "ConnectTimeout=10" "/tmp/syz-executor138959061" "root@10.128.10.50:./syz-executor138959061"]: exit status 1
Connection timed out during banner exchange
Connection to 10.128.10.50 port 22 timed out
lost connection

run #8: basic kernel testing failed: failed to copy test binary to VM: failed to run ["scp" "-P" "22" "-F" "/dev/null" "-o" "UserKnownHostsFile=/dev/null" "-o" "BatchMode=yes" "-o" "IdentitiesOnly=yes" "-o" "StrictHostKeyChecking=no" "-o" "ConnectTimeout=10" "/tmp/syz-executor884690992" "root@10.128.10.44:./syz-executor884690992"]: exit status 1
Connection timed out during banner exchange
Connection to 10.128.10.44 port 22 timed out
lost connection

run #9: OK
testing release v5.12
testing commit 9f4ad9e425a1d3b6a34617b8ea226d56a119a717
compiler: gcc (GCC) 10.2.1 20210217, GNU ld (GNU Binutils for Debian) 2.35.2
kernel signature: 864dad0df29c43a862d859123979720ac13bae730acb39cb4c33aff115ff50f2
run #0: basic kernel testing failed: failed to copy test binary to VM: failed to run ["scp" "-P" "22" "-F" "/dev/null" "-o" "UserKnownHostsFile=/dev/null" "-o" "BatchMode=yes" "-o" "IdentitiesOnly=yes" "-o" "StrictHostKeyChecking=no" "-o" "ConnectTimeout=10" "/tmp/syz-executor813033698" "root@10.128.0.24:./syz-executor813033698"]: exit status 1
Connection timed out during banner exchange
Connection to 10.128.0.24 port 22 timed out
lost connection

run #1: basic kernel testing failed: failed to copy test binary to VM: failed to run ["scp" "-P" "22" "-F" "/dev/null" "-o" "UserKnownHostsFile=/dev/null" "-o" "BatchMode=yes" "-o" "IdentitiesOnly=yes" "-o" "StrictHostKeyChecking=no" "-o" "ConnectTimeout=10" "/tmp/syz-executor634369753" "root@10.128.1.44:./syz-executor634369753"]: exit status 1
Connection timed out during banner exchange
Connection to 10.128.1.44 port 22 timed out
lost connection

run #2: basic kernel testing failed: failed to copy test binary to VM: failed to run ["scp" "-P" "22" "-F" "/dev/null" "-o" "UserKnownHostsFile=/dev/null" "-o" "BatchMode=yes" "-o" "IdentitiesOnly=yes" "-o" "StrictHostKeyChecking=no" "-o" "ConnectTimeout=10" "/tmp/syz-executor235894884" "root@10.128.1.48:./syz-executor235894884"]: exit status 1
Connection timed out during banner exchange
Connection to 10.128.1.48 port 22 timed out
lost connection

run #3: basic kernel testing failed: failed to copy test binary to VM: failed to run ["scp" "-P" "22" "-F" "/dev/null" "-o" "UserKnownHostsFile=/dev/null" "-o" "BatchMode=yes" "-o" "IdentitiesOnly=yes" "-o" "StrictHostKeyChecking=no" "-o" "ConnectTimeout=10" "/tmp/syz-executor740526707" "root@10.128.10.13:./syz-executor740526707"]: exit status 1
Connection timed out during banner exchange
Connection to 10.128.10.13 port 22 timed out
lost connection

run #4: basic kernel testing failed: failed to copy test binary to VM: failed to run ["scp" "-P" "22" "-F" "/dev/null" "-o" "UserKnownHostsFile=/dev/null" "-o" "BatchMode=yes" "-o" "IdentitiesOnly=yes" "-o" "StrictHostKeyChecking=no" "-o" "ConnectTimeout=10" "/tmp/syz-executor890226998" "root@10.128.0.12:./syz-executor890226998"]: exit status 1
Connection timed out during banner exchange
Connection to 10.128.0.12 port 22 timed out
lost connection

run #5: basic kernel testing failed: failed to copy test binary to VM: failed to run ["scp" "-P" "22" "-F" "/dev/null" "-o" "UserKnownHostsFile=/dev/null" "-o" "BatchMode=yes" "-o" "IdentitiesOnly=yes" "-o" "StrictHostKeyChecking=no" "-o" "ConnectTimeout=10" "/tmp/syz-executor275457821" "root@10.128.10.18:./syz-executor275457821"]: exit status 1
Connection timed out during banner exchange
Connection to 10.128.10.18 port 22 timed out
lost connection

run #6: basic kernel testing failed: failed to copy test binary to VM: failed to run ["scp" "-P" "22" "-F" "/dev/null" "-o" "UserKnownHostsFile=/dev/null" "-o" "BatchMode=yes" "-o" "IdentitiesOnly=yes" "-o" "StrictHostKeyChecking=no" "-o" "ConnectTimeout=10" "/tmp/syz-executor044220376" "root@10.128.10.4:./syz-executor044220376"]: exit status 1
Connection timed out during banner exchange
Connection to 10.128.10.4 port 22 timed out
lost connection

run #7: basic kernel testing failed: failed to copy test binary to VM: failed to run ["scp" "-P" "22" "-F" "/dev/null" "-o" "UserKnownHostsFile=/dev/null" "-o" "BatchMode=yes" "-o" "IdentitiesOnly=yes" "-o" "StrictHostKeyChecking=no" "-o" "ConnectTimeout=10" "/tmp/syz-executor080714071" "root@10.128.1.60:./syz-executor080714071"]: exit status 1
Connection timed out during banner exchange
Connection to 10.128.1.60 port 22 timed out
lost connection

run #8: basic kernel testing failed: failed to copy test binary to VM: failed to run ["scp" "-P" "22" "-F" "/dev/null" "-o" "UserKnownHostsFile=/dev/null" "-o" "BatchMode=yes" "-o" "IdentitiesOnly=yes" "-o" "StrictHostKeyChecking=no" "-o" "ConnectTimeout=10" "/tmp/syz-executor773984458" "root@10.128.1.56:./syz-executor773984458"]: exit status 1
Connection timed out during banner exchange
Connection to 10.128.1.56 port 22 timed out
lost connection

run #9: basic kernel testing failed: failed to copy test binary to VM: failed to run ["scp" "-P" "22" "-F" "/dev/null" "-o" "UserKnownHostsFile=/dev/null" "-o" "BatchMode=yes" "-o" "IdentitiesOnly=yes" "-o" "StrictHostKeyChecking=no" "-o" "ConnectTimeout=10" "/tmp/syz-executor312283041" "root@10.128.0.213:./syz-executor312283041"]: exit status 1
Connection timed out during banner exchange
Connection to 10.128.0.213 port 22 timed out
lost connection

testing release v5.11
testing commit f40ddce88593482919761f74910f42f4b84c004b
compiler: gcc (GCC) 10.2.1 20210217, GNU ld (GNU Binutils for Debian) 2.35.2
kernel signature: ff881afc3b439a2c202b9f684ce4fd4adcabd2fe7d0b6317383e3a44098713e9
run #0: basic kernel testing failed: failed to copy test binary to VM: failed to run ["scp" "-P" "22" "-F" "/dev/null" "-o" "UserKnownHostsFile=/dev/null" "-o" "BatchMode=yes" "-o" "IdentitiesOnly=yes" "-o" "StrictHostKeyChecking=no" "-o" "ConnectTimeout=10" "/tmp/syz-executor839186555" "root@10.128.10.47:./syz-executor839186555"]: exit status 1
Connection timed out during banner exchange
Connection to 10.128.10.47 port 22 timed out
lost connection

run #1: basic kernel testing failed: failed to copy test binary to VM: failed to run ["scp" "-P" "22" "-F" "/dev/null" "-o" "UserKnownHostsFile=/dev/null" "-o" "BatchMode=yes" "-o" "IdentitiesOnly=yes" "-o" "StrictHostKeyChecking=no" "-o" "ConnectTimeout=10" "/tmp/syz-executor304189342" "root@10.128.0.33:./syz-executor304189342"]: exit status 1
Connection timed out during banner exchange
Connection to 10.128.0.33 port 22 timed out
lost connection

run #2: basic kernel testing failed: failed to copy test binary to VM: failed to run ["scp" "-P" "22" "-F" "/dev/null" "-o" "UserKnownHostsFile=/dev/null" "-o" "BatchMode=yes" "-o" "IdentitiesOnly=yes" "-o" "StrictHostKeyChecking=no" "-o" "ConnectTimeout=10" "/tmp/syz-executor213339237" "root@10.128.10.55:./syz-executor213339237"]: exit status 1
Connection timed out during banner exchange
Connection to 10.128.10.55 port 22 timed out
lost connection

run #3: basic kernel testing failed: failed to copy test binary to VM: failed to run ["scp" "-P" "22" "-F" "/dev/null" "-o" "UserKnownHostsFile=/dev/null" "-o" "BatchMode=yes" "-o" "IdentitiesOnly=yes" "-o" "StrictHostKeyChecking=no" "-o" "ConnectTimeout=10" "/tmp/syz-executor359406208" "root@10.128.10.29:./syz-executor359406208"]: exit status 1
Connection timed out during banner exchange
Connection to 10.128.10.29 port 22 timed out
lost connection

run #4: basic kernel testing failed: failed to copy test binary to VM: failed to run ["scp" "-P" "22" "-F" "/dev/null" "-o" "UserKnownHostsFile=/dev/null" "-o" "BatchMode=yes" "-o" "IdentitiesOnly=yes" "-o" "StrictHostKeyChecking=no" "-o" "ConnectTimeout=10" "/tmp/syz-executor227550175" "root@10.128.10.15:./syz-executor227550175"]: exit status 1
Connection timed out during banner exchange
Connection to 10.128.10.15 port 22 timed out
lost connection

run #5: basic kernel testing failed: failed to copy test binary to VM: failed to run ["scp" "-P" "22" "-F" "/dev/null" "-o" "UserKnownHostsFile=/dev/null" "-o" "BatchMode=yes" "-o" "IdentitiesOnly=yes" "-o" "StrictHostKeyChecking=no" "-o" "ConnectTimeout=10" "/tmp/syz-executor436081586" "root@10.128.10.17:./syz-executor436081586"]: exit status 1
Connection timed out during banner exchange
Connection to 10.128.10.17 port 22 timed out
lost connection

run #6: basic kernel testing failed: failed to copy test binary to VM: failed to run ["scp" "-P" "22" "-F" "/dev/null" "-o" "UserKnownHostsFile=/dev/null" "-o" "BatchMode=yes" "-o" "IdentitiesOnly=yes" "-o" "StrictHostKeyChecking=no" "-o" "ConnectTimeout=10" "/tmp/syz-executor436981609" "root@10.128.10.34:./syz-executor436981609"]: exit status 1
Connection timed out during banner exchange
Connection to 10.128.10.34 port 22 timed out
lost connection

run #7: basic kernel testing failed: failed to copy test binary to VM: failed to run ["scp" "-P" "22" "-F" "/dev/null" "-o" "UserKnownHostsFile=/dev/null" "-o" "BatchMode=yes" "-o" "IdentitiesOnly=yes" "-o" "StrictHostKeyChecking=no" "-o" "ConnectTimeout=10" "/tmp/syz-executor604179380" "root@10.128.0.141:./syz-executor604179380"]: exit status 1
Connection timed out during banner exchange
Connection to 10.128.0.141 port 22 timed out
lost connection

run #8: basic kernel testing failed: failed to copy test binary to VM: failed to run ["scp" "-P" "22" "-F" "/dev/null" "-o" "UserKnownHostsFile=/dev/null" "-o" "BatchMode=yes" "-o" "IdentitiesOnly=yes" "-o" "StrictHostKeyChecking=no" "-o" "ConnectTimeout=10" "/tmp/syz-executor643573635" "root@10.128.10.49:./syz-executor643573635"]: exit status 1
Connection timed out during banner exchange
Connection to 10.128.10.49 port 22 timed out
lost connection

run #9: basic kernel testing failed: failed to copy test binary to VM: failed to run ["scp" "-P" "22" "-F" "/dev/null" "-o" "UserKnownHostsFile=/dev/null" "-o" "BatchMode=yes" "-o" "IdentitiesOnly=yes" "-o" "StrictHostKeyChecking=no" "-o" "ConnectTimeout=10" "/tmp/syz-executor179236102" "root@10.128.0.153:./syz-executor179236102"]: exit status 1
Connection timed out during banner exchange
Connection to 10.128.0.153 port 22 timed out
lost connection

testing release v5.10
testing commit 2c85ebc57b3e1817b6ce1a6b703928e113a90442
compiler: gcc (GCC) 10.2.1 20210217, GNU ld (GNU Binutils for Debian) 2.35.2
kernel signature: ffa3bc1846989c522c16c86fc21eb8d70808f95a91697a117f234232fb4187eb
run #0: basic kernel testing failed: KASAN: use-after-free Read in task_active_pid_ns
run #1: basic kernel testing failed: KASAN: use-after-free Read in __task_pid_nr_ns
run #2: basic kernel testing failed: KASAN: use-after-free Read in __task_pid_nr_ns
run #3: basic kernel testing failed: KASAN: use-after-free Read in task_active_pid_ns
run #4: basic kernel testing failed: KASAN: use-after-free Read in __task_pid_nr_ns
run #5: basic kernel testing failed: KASAN: use-after-free Read in __task_pid_nr_ns
run #6: basic kernel testing failed: KASAN: use-after-free Read in __task_pid_nr_ns
run #7: basic kernel testing failed: KASAN: use-after-free Read in __task_pid_nr_ns
run #8: basic kernel testing failed: KASAN: use-after-free Read in __task_pid_nr_ns
run #9: basic kernel testing failed: KASAN: use-after-free Read in task_active_pid_ns
testing release v5.9
testing commit bbf5c979011a099af5dc76498918ed7df445635b
compiler: gcc (GCC) 10.2.1 20210217, GNU ld (GNU Binutils for Debian) 2.35.2
kernel signature: 74c981e7841a396f3d3c3161e2d15b9bb981a31f7af64ba52b96d7764743d69d
run #0: basic kernel testing failed: KASAN: use-after-free Read in __task_pid_nr_ns
run #1: basic kernel testing failed: KASAN: use-after-free Read in task_active_pid_ns
run #2: basic kernel testing failed: KASAN: use-after-free Read in task_active_pid_ns
run #3: basic kernel testing failed: KASAN: use-after-free Read in task_active_pid_ns
run #4: basic kernel testing failed: KASAN: use-after-free Read in task_active_pid_ns
run #5: basic kernel testing failed: KASAN: use-after-free Read in task_active_pid_ns
run #6: basic kernel testing failed: KASAN: use-after-free Read in task_active_pid_ns
run #7: basic kernel testing failed: KASAN: use-after-free Read in task_active_pid_ns
run #8: basic kernel testing failed: KASAN: use-after-free Read in task_active_pid_ns
run #9: basic kernel testing failed: KASAN: use-after-free Read in task_active_pid_ns
testing release v5.8
testing commit bcf876870b95592b52519ed4aafcf9d95999bc9c
compiler: gcc (GCC) 8.4.1 20210217, GNU ld (GNU Binutils for Debian) 2.35.2
kernel signature: 4baafe3a0dbb1ec34babd17edaf2cb1c645d883bcd2e806e59b4babcf519014b
all runs: basic kernel testing failed: KASAN: use-after-free Read in task_active_pid_ns
testing release v5.7
testing commit 3d77e6a8804abcc0504c904bd6e5cdf3a5cf8162
compiler: gcc version 8.4.1 20210217 (GCC), GNU ld (GNU Binutils for Debian) 2.35.2
kernel signature: f741855453a16eb6c13470db55eb6c74c9b453ef9d71b713936f24ee20218d27
run #0: basic kernel testing failed: KASAN: use-after-free Read in task_active_pid_ns
run #1: basic kernel testing failed: KASAN: use-after-free Read in __task_pid_nr_ns
run #2: basic kernel testing failed: KASAN: use-after-free Read in task_active_pid_ns
run #3: basic kernel testing failed: KASAN: use-after-free Read in task_active_pid_ns
run #4: basic kernel testing failed: KASAN: use-after-free Read in task_active_pid_ns
run #5: basic kernel testing failed: KASAN: use-after-free Read in task_active_pid_ns
run #6: basic kernel testing failed: KASAN: use-after-free Read in task_active_pid_ns
run #7: basic kernel testing failed: KASAN: use-after-free Read in task_active_pid_ns
run #8: basic kernel testing failed: KASAN: use-after-free Read in task_active_pid_ns
run #9: basic kernel testing failed: KASAN: use-after-free Read in task_active_pid_ns
testing release v5.6
testing commit 7111951b8d4973bda27ff663f2cf18b663d15b48
compiler: gcc version 8.4.1 20210217 (GCC)
kernel signature: b3b7660406d494b051a082d314f50a67b9bb9592830f5dabb5ebc84351374f07
run #0: basic kernel testing failed: KASAN: use-after-free Read in task_active_pid_ns
run #1: basic kernel testing failed: KASAN: use-after-free Read in task_active_pid_ns
run #2: basic kernel testing failed: KASAN: use-after-free Read in task_active_pid_ns
run #3: basic kernel testing failed: KASAN: use-after-free Read in task_active_pid_ns
run #4: basic kernel testing failed: KASAN: use-after-free Read in task_active_pid_ns
run #5: basic kernel testing failed: KASAN: use-after-free Read in task_active_pid_ns
run #6: basic kernel testing failed: KASAN: use-after-free Read in __task_pid_nr_ns
run #7: basic kernel testing failed: KASAN: use-after-free Read in task_active_pid_ns
run #8: basic kernel testing failed: KASAN: use-after-free Read in __task_pid_nr_ns
run #9: basic kernel testing failed: KASAN: use-after-free Read in task_active_pid_ns
testing release v5.5
testing commit d5226fa6dbae0569ee43ecfc08bdcd6770fc4755
compiler: gcc version 8.4.1 20210217 (GCC)
kernel signature: b9272be4fdc95f16ce2b28bae42860b26298a38f5e6c26ec953301b4928a86e1
all runs: basic kernel testing failed: KASAN: use-after-free Read in task_active_pid_ns
testing release v5.4
testing commit 219d54332a09e8d8741c1e1982f5eae56099de85
compiler: gcc version 8.4.1 20210217 (GCC)
kernel signature: 9eebb85d8afb8cfb53b0e326c7da0b3a23f2d333772e42c7613f1d5a13a630ed
run #0: basic kernel testing failed: KASAN: use-after-free Read in task_active_pid_ns
run #1: basic kernel testing failed: KASAN: use-after-free Read in __task_pid_nr_ns
run #2: basic kernel testing failed: KASAN: use-after-free Read in task_active_pid_ns
run #3: basic kernel testing failed: KASAN: use-after-free Read in task_active_pid_ns
run #4: basic kernel testing failed: KASAN: use-after-free Read in task_active_pid_ns
run #5: basic kernel testing failed: KASAN: use-after-free Read in task_active_pid_ns
run #6: basic kernel testing failed: KASAN: use-after-free Read in task_active_pid_ns
run #7: basic kernel testing failed: KASAN: use-after-free Read in task_active_pid_ns
run #8: basic kernel testing failed: KASAN: use-after-free Read in task_active_pid_ns
run #9: basic kernel testing failed: KASAN: use-after-free Read in __task_pid_nr_ns
testing release v5.3
testing commit 4d856f72c10ecb060868ed10ff1b1453943fc6c8
compiler: gcc version 8.4.1 20210217 (GCC)
kernel signature: 24dbbeba5178bdb6deb409e96c7d22a764de2c5b202b3e8dbdbb2e6b753d29ab
run #0: basic kernel testing failed: failed to copy test binary to VM: failed to run ["scp" "-P" "22" "-F" "/dev/null" "-o" "UserKnownHostsFile=/dev/null" "-o" "BatchMode=yes" "-o" "IdentitiesOnly=yes" "-o" "StrictHostKeyChecking=no" "-o" "ConnectTimeout=10" "/syzkaller/jobs/linux/gopath/src/github.com/google/syzkaller/bin/linux_amd64/syz-fuzzer" "root@10.128.0.185:./syz-fuzzer"]: exit status 1
Warning: Permanently added '10.128.0.185' (ECDSA) to the list of known hosts.
scp: ./syz-fuzzer: Read-only file system

run #1: basic kernel testing failed: failed to copy test binary to VM: failed to run ["scp" "-P" "22" "-F" "/dev/null" "-o" "UserKnownHostsFile=/dev/null" "-o" "BatchMode=yes" "-o" "IdentitiesOnly=yes" "-o" "StrictHostKeyChecking=no" "-o" "ConnectTimeout=10" "/syzkaller/jobs/linux/gopath/src/github.com/google/syzkaller/bin/linux_amd64/syz-fuzzer" "root@10.128.0.191:./syz-fuzzer"]: exit status 1
Warning: Permanently added '10.128.0.191' (ECDSA) to the list of known hosts.
scp: ./syz-fuzzer: Read-only file system

run #2: basic kernel testing failed: failed to copy test binary to VM: failed to run ["scp" "-P" "22" "-F" "/dev/null" "-o" "UserKnownHostsFile=/dev/null" "-o" "BatchMode=yes" "-o" "IdentitiesOnly=yes" "-o" "StrictHostKeyChecking=no" "-o" "ConnectTimeout=10" "/syzkaller/jobs/linux/gopath/src/github.com/google/syzkaller/bin/linux_amd64/syz-fuzzer" "root@10.128.0.71:./syz-fuzzer"]: exit status 1
Warning: Permanently added '10.128.0.71' (ECDSA) to the list of known hosts.
scp: ./syz-fuzzer: Read-only file system

run #3: basic kernel testing failed: failed to copy test binary to VM: failed to run ["scp" "-P" "22" "-F" "/dev/null" "-o" "UserKnownHostsFile=/dev/null" "-o" "BatchMode=yes" "-o" "IdentitiesOnly=yes" "-o" "StrictHostKeyChecking=no" "-o" "ConnectTimeout=10" "/syzkaller/jobs/linux/gopath/src/github.com/google/syzkaller/bin/linux_amd64/syz-fuzzer" "root@10.128.0.150:./syz-fuzzer"]: exit status 1
Warning: Permanently added '10.128.0.150' (ECDSA) to the list of known hosts.
scp: ./syz-fuzzer: Read-only file system

run #4: basic kernel testing failed: failed to copy test binary to VM: failed to run ["scp" "-P" "22" "-F" "/dev/null" "-o" "UserKnownHostsFile=/dev/null" "-o" "BatchMode=yes" "-o" "IdentitiesOnly=yes" "-o" "StrictHostKeyChecking=no" "-o" "ConnectTimeout=10" "/syzkaller/jobs/linux/gopath/src/github.com/google/syzkaller/bin/linux_amd64/syz-fuzzer" "root@10.128.0.197:./syz-fuzzer"]: exit status 1
Warning: Permanently added '10.128.0.197' (ECDSA) to the list of known hosts.
scp: ./syz-fuzzer: Read-only file system

run #5: basic kernel testing failed: failed to copy test binary to VM: failed to run ["scp" "-P" "22" "-F" "/dev/null" "-o" "UserKnownHostsFile=/dev/null" "-o" "BatchMode=yes" "-o" "IdentitiesOnly=yes" "-o" "StrictHostKeyChecking=no" "-o" "ConnectTimeout=10" "/syzkaller/jobs/linux/gopath/src/github.com/google/syzkaller/bin/linux_amd64/syz-fuzzer" "root@10.128.0.222:./syz-fuzzer"]: exit status 1
Warning: Permanently added '10.128.0.222' (ECDSA) to the list of known hosts.
scp: ./syz-fuzzer: Read-only file system

run #6: basic kernel testing failed: failed to copy test binary to VM: failed to run ["scp" "-P" "22" "-F" "/dev/null" "-o" "UserKnownHostsFile=/dev/null" "-o" "BatchMode=yes" "-o" "IdentitiesOnly=yes" "-o" "StrictHostKeyChecking=no" "-o" "ConnectTimeout=10" "/syzkaller/jobs/linux/gopath/src/github.com/google/syzkaller/bin/linux_amd64/syz-fuzzer" "root@10.128.0.247:./syz-fuzzer"]: exit status 1
Warning: Permanently added '10.128.0.247' (ECDSA) to the list of known hosts.
scp: ./syz-fuzzer: Read-only file system

run #7: basic kernel testing failed: failed to copy test binary to VM: failed to run ["scp" "-P" "22" "-F" "/dev/null" "-o" "UserKnownHostsFile=/dev/null" "-o" "BatchMode=yes" "-o" "IdentitiesOnly=yes" "-o" "StrictHostKeyChecking=no" "-o" "ConnectTimeout=10" "/syzkaller/jobs/linux/gopath/src/github.com/google/syzkaller/bin/linux_amd64/syz-fuzzer" "root@10.128.1.53:./syz-fuzzer"]: exit status 1
Warning: Permanently added '10.128.1.53' (ECDSA) to the list of known hosts.
scp: ./syz-fuzzer: Read-only file system

run #8: basic kernel testing failed: failed to copy test binary to VM: failed to run ["scp" "-P" "22" "-F" "/dev/null" "-o" "UserKnownHostsFile=/dev/null" "-o" "BatchMode=yes" "-o" "IdentitiesOnly=yes" "-o" "StrictHostKeyChecking=no" "-o" "ConnectTimeout=10" "/syzkaller/jobs/linux/gopath/src/github.com/google/syzkaller/bin/linux_amd64/syz-fuzzer" "root@10.128.10.46:./syz-fuzzer"]: exit status 1
Warning: Permanently added '10.128.10.46' (ECDSA) to the list of known hosts.
scp: ./syz-fuzzer: Read-only file system

run #9: basic kernel testing failed: failed to copy test binary to VM: failed to run ["scp" "-P" "22" "-F" "/dev/null" "-o" "UserKnownHostsFile=/dev/null" "-o" "BatchMode=yes" "-o" "IdentitiesOnly=yes" "-o" "StrictHostKeyChecking=no" "-o" "ConnectTimeout=10" "/syzkaller/jobs/linux/gopath/src/github.com/google/syzkaller/bin/linux_amd64/syz-fuzzer" "root@10.128.0.224:./syz-fuzzer"]: exit status 1
Warning: Permanently added '10.128.0.224' (ECDSA) to the list of known hosts.
scp: ./syz-fuzzer: Read-only file system

testing release v5.2
testing commit 0ecfebd2b52404ae0c54a878c872bb93363ada36
compiler: gcc version 8.4.1 20210217 (GCC)
kernel signature: 46187d7e24ef821929c2870c85196922bdc001c62b3afcd7ba8c625ba8d4739b
run #0: basic kernel testing failed: failed to copy test binary to VM: failed to run ["scp" "-P" "22" "-F" "/dev/null" "-o" "UserKnownHostsFile=/dev/null" "-o" "BatchMode=yes" "-o" "IdentitiesOnly=yes" "-o" "StrictHostKeyChecking=no" "-o" "ConnectTimeout=10" "/syzkaller/jobs/linux/gopath/src/github.com/google/syzkaller/bin/linux_amd64/syz-fuzzer" "root@10.128.1.31:./syz-fuzzer"]: exit status 1
Warning: Permanently added '10.128.1.31' (ECDSA) to the list of known hosts.
scp: ./syz-fuzzer: Read-only file system

run #1: basic kernel testing failed: failed to copy test binary to VM: failed to run ["scp" "-P" "22" "-F" "/dev/null" "-o" "UserKnownHostsFile=/dev/null" "-o" "BatchMode=yes" "-o" "IdentitiesOnly=yes" "-o" "StrictHostKeyChecking=no" "-o" "ConnectTimeout=10" "/syzkaller/jobs/linux/gopath/src/github.com/google/syzkaller/bin/linux_amd64/syz-fuzzer" "root@10.128.0.28:./syz-fuzzer"]: exit status 1
Warning: Permanently added '10.128.0.28' (ECDSA) to the list of known hosts.
scp: ./syz-fuzzer: Read-only file system

run #2: basic kernel testing failed: failed to copy test binary to VM: failed to run ["scp" "-P" "22" "-F" "/dev/null" "-o" "UserKnownHostsFile=/dev/null" "-o" "BatchMode=yes" "-o" "IdentitiesOnly=yes" "-o" "StrictHostKeyChecking=no" "-o" "ConnectTimeout=10" "/syzkaller/jobs/linux/gopath/src/github.com/google/syzkaller/bin/linux_amd64/syz-fuzzer" "root@10.128.0.244:./syz-fuzzer"]: exit status 1
Warning: Permanently added '10.128.0.244' (ECDSA) to the list of known hosts.
scp: ./syz-fuzzer: Read-only file system

run #3: basic kernel testing failed: failed to copy test binary to VM: failed to run ["scp" "-P" "22" "-F" "/dev/null" "-o" "UserKnownHostsFile=/dev/null" "-o" "BatchMode=yes" "-o" "IdentitiesOnly=yes" "-o" "StrictHostKeyChecking=no" "-o" "ConnectTimeout=10" "/syzkaller/jobs/linux/gopath/src/github.com/google/syzkaller/bin/linux_amd64/syz-fuzzer" "root@10.128.1.61:./syz-fuzzer"]: exit status 1
Warning: Permanently added '10.128.1.61' (ECDSA) to the list of known hosts.
scp: ./syz-fuzzer: Read-only file system

run #4: basic kernel testing failed: failed to copy test binary to VM: failed to run ["scp" "-P" "22" "-F" "/dev/null" "-o" "UserKnownHostsFile=/dev/null" "-o" "BatchMode=yes" "-o" "IdentitiesOnly=yes" "-o" "StrictHostKeyChecking=no" "-o" "ConnectTimeout=10" "/syzkaller/jobs/linux/gopath/src/github.com/google/syzkaller/bin/linux_amd64/syz-fuzzer" "root@10.128.1.28:./syz-fuzzer"]: exit status 1
Warning: Permanently added '10.128.1.28' (ECDSA) to the list of known hosts.
scp: ./syz-fuzzer: Read-only file system

run #5: basic kernel testing failed: failed to copy test binary to VM: failed to run ["scp" "-P" "22" "-F" "/dev/null" "-o" "UserKnownHostsFile=/dev/null" "-o" "BatchMode=yes" "-o" "IdentitiesOnly=yes" "-o" "StrictHostKeyChecking=no" "-o" "ConnectTimeout=10" "/syzkaller/jobs/linux/gopath/src/github.com/google/syzkaller/bin/linux_amd64/syz-fuzzer" "root@10.128.1.22:./syz-fuzzer"]: exit status 1
Warning: Permanently added '10.128.1.22' (ECDSA) to the list of known hosts.
scp: ./syz-fuzzer: Read-only file system

run #6: basic kernel testing failed: failed to copy test binary to VM: failed to run ["scp" "-P" "22" "-F" "/dev/null" "-o" "UserKnownHostsFile=/dev/null" "-o" "BatchMode=yes" "-o" "IdentitiesOnly=yes" "-o" "StrictHostKeyChecking=no" "-o" "ConnectTimeout=10" "/syzkaller/jobs/linux/gopath/src/github.com/google/syzkaller/bin/linux_amd64/syz-fuzzer" "root@10.128.1.17:./syz-fuzzer"]: exit status 1
Warning: Permanently added '10.128.1.17' (ECDSA) to the list of known hosts.
scp: ./syz-fuzzer: Read-only file system

run #7: basic kernel testing failed: failed to copy test binary to VM: failed to run ["scp" "-P" "22" "-F" "/dev/null" "-o" "UserKnownHostsFile=/dev/null" "-o" "BatchMode=yes" "-o" "IdentitiesOnly=yes" "-o" "StrictHostKeyChecking=no" "-o" "ConnectTimeout=10" "/syzkaller/jobs/linux/gopath/src/github.com/google/syzkaller/bin/linux_amd64/syz-fuzzer" "root@10.128.1.56:./syz-fuzzer"]: exit status 1
Warning: Permanently added '10.128.1.56' (ECDSA) to the list of known hosts.
scp: ./syz-fuzzer: Read-only file system

run #8: basic kernel testing failed: failed to copy test binary to VM: failed to run ["scp" "-P" "22" "-F" "/dev/null" "-o" "UserKnownHostsFile=/dev/null" "-o" "BatchMode=yes" "-o" "IdentitiesOnly=yes" "-o" "StrictHostKeyChecking=no" "-o" "ConnectTimeout=10" "/syzkaller/jobs/linux/gopath/src/github.com/google/syzkaller/bin/linux_amd64/syz-fuzzer" "root@10.128.1.10:./syz-fuzzer"]: exit status 1
Warning: Permanently added '10.128.1.10' (ECDSA) to the list of known hosts.
scp: ./syz-fuzzer: Read-only file system

run #9: basic kernel testing failed: failed to copy test binary to VM: failed to run ["scp" "-P" "22" "-F" "/dev/null" "-o" "UserKnownHostsFile=/dev/null" "-o" "BatchMode=yes" "-o" "IdentitiesOnly=yes" "-o" "StrictHostKeyChecking=no" "-o" "ConnectTimeout=10" "/syzkaller/jobs/linux/gopath/src/github.com/google/syzkaller/bin/linux_amd64/syz-fuzzer" "root@10.128.1.59:./syz-fuzzer"]: exit status 1
Warning: Permanently added '10.128.1.59' (ECDSA) to the list of known hosts.
scp: ./syz-fuzzer: Read-only file system

testing release v5.1
testing commit e93c9c99a629c61837d5a7fc2120cd2b6c70dbdd
compiler: gcc version 8.4.1 20210217 (GCC)
kernel signature: aa36124fe5ef1497e0548708e24eb4e4b5dcd7e2225fea27f42fe3f1d8a44b4f
run #0: basic kernel testing failed: failed to copy test binary to VM: failed to run ["scp" "-P" "22" "-F" "/dev/null" "-o" "UserKnownHostsFile=/dev/null" "-o" "BatchMode=yes" "-o" "IdentitiesOnly=yes" "-o" "StrictHostKeyChecking=no" "-o" "ConnectTimeout=10" "/syzkaller/jobs/linux/gopath/src/github.com/google/syzkaller/bin/linux_amd64/syz-fuzzer" "root@10.128.1.14:./syz-fuzzer"]: exit status 1
Warning: Permanently added '10.128.1.14' (ECDSA) to the list of known hosts.
scp: ./syz-fuzzer: Read-only file system

run #1: basic kernel testing failed: failed to copy test binary to VM: failed to run ["scp" "-P" "22" "-F" "/dev/null" "-o" "UserKnownHostsFile=/dev/null" "-o" "BatchMode=yes" "-o" "IdentitiesOnly=yes" "-o" "StrictHostKeyChecking=no" "-o" "ConnectTimeout=10" "/syzkaller/jobs/linux/gopath/src/github.com/google/syzkaller/bin/linux_amd64/syz-fuzzer" "root@10.128.1.28:./syz-fuzzer"]: exit status 1
Warning: Permanently added '10.128.1.28' (ECDSA) to the list of known hosts.
scp: ./syz-fuzzer: Read-only file system

run #2: basic kernel testing failed: failed to copy test binary to VM: failed to run ["scp" "-P" "22" "-F" "/dev/null" "-o" "UserKnownHostsFile=/dev/null" "-o" "BatchMode=yes" "-o" "IdentitiesOnly=yes" "-o" "StrictHostKeyChecking=no" "-o" "ConnectTimeout=10" "/syzkaller/jobs/linux/gopath/src/github.com/google/syzkaller/bin/linux_amd64/syz-fuzzer" "root@10.128.10.13:./syz-fuzzer"]: exit status 1
Warning: Permanently added '10.128.10.13' (ECDSA) to the list of known hosts.
scp: ./syz-fuzzer: Read-only file system

run #3: basic kernel testing failed: failed to copy test binary to VM: failed to run ["scp" "-P" "22" "-F" "/dev/null" "-o" "UserKnownHostsFile=/dev/null" "-o" "BatchMode=yes" "-o" "IdentitiesOnly=yes" "-o" "StrictHostKeyChecking=no" "-o" "ConnectTimeout=10" "/syzkaller/jobs/linux/gopath/src/github.com/google/syzkaller/bin/linux_amd64/syz-fuzzer" "root@10.128.0.119:./syz-fuzzer"]: exit status 1
Warning: Permanently added '10.128.0.119' (ECDSA) to the list of known hosts.
scp: ./syz-fuzzer: Read-only file system

run #4: basic kernel testing failed: failed to copy test binary to VM: failed to run ["scp" "-P" "22" "-F" "/dev/null" "-o" "UserKnownHostsFile=/dev/null" "-o" "BatchMode=yes" "-o" "IdentitiesOnly=yes" "-o" "StrictHostKeyChecking=no" "-o" "ConnectTimeout=10" "/syzkaller/jobs/linux/gopath/src/github.com/google/syzkaller/bin/linux_amd64/syz-fuzzer" "root@10.128.1.31:./syz-fuzzer"]: exit status 1
Warning: Permanently added '10.128.1.31' (ECDSA) to the list of known hosts.
scp: ./syz-fuzzer: Read-only file system

run #5: basic kernel testing failed: failed to copy test binary to VM: failed to run ["scp" "-P" "22" "-F" "/dev/null" "-o" "UserKnownHostsFile=/dev/null" "-o" "BatchMode=yes" "-o" "IdentitiesOnly=yes" "-o" "StrictHostKeyChecking=no" "-o" "ConnectTimeout=10" "/syzkaller/jobs/linux/gopath/src/github.com/google/syzkaller/bin/linux_amd64/syz-fuzzer" "root@10.128.10.14:./syz-fuzzer"]: exit status 1
Warning: Permanently added '10.128.10.14' (ECDSA) to the list of known hosts.
scp: ./syz-fuzzer: Read-only file system

run #6: basic kernel testing failed: failed to copy test binary to VM: failed to run ["scp" "-P" "22" "-F" "/dev/null" "-o" "UserKnownHostsFile=/dev/null" "-o" "BatchMode=yes" "-o" "IdentitiesOnly=yes" "-o" "StrictHostKeyChecking=no" "-o" "ConnectTimeout=10" "/syzkaller/jobs/linux/gopath/src/github.com/google/syzkaller/bin/linux_amd64/syz-fuzzer" "root@10.128.0.91:./syz-fuzzer"]: exit status 1
Warning: Permanently added '10.128.0.91' (ECDSA) to the list of known hosts.
scp: ./syz-fuzzer: Read-only file system

run #7: basic kernel testing failed: failed to copy test binary to VM: failed to run ["scp" "-P" "22" "-F" "/dev/null" "-o" "UserKnownHostsFile=/dev/null" "-o" "BatchMode=yes" "-o" "IdentitiesOnly=yes" "-o" "StrictHostKeyChecking=no" "-o" "ConnectTimeout=10" "/syzkaller/jobs/linux/gopath/src/github.com/google/syzkaller/bin/linux_amd64/syz-fuzzer" "root@10.128.1.45:./syz-fuzzer"]: exit status 1
Warning: Permanently added '10.128.1.45' (ECDSA) to the list of known hosts.
scp: ./syz-fuzzer: Read-only file system

run #8: basic kernel testing failed: failed to copy test binary to VM: failed to run ["scp" "-P" "22" "-F" "/dev/null" "-o" "UserKnownHostsFile=/dev/null" "-o" "BatchMode=yes" "-o" "IdentitiesOnly=yes" "-o" "StrictHostKeyChecking=no" "-o" "ConnectTimeout=10" "/syzkaller/jobs/linux/gopath/src/github.com/google/syzkaller/bin/linux_amd64/syz-fuzzer" "root@10.128.1.59:./syz-fuzzer"]: exit status 1
Warning: Permanently added '10.128.1.59' (ECDSA) to the list of known hosts.
scp: ./syz-fuzzer: Read-only file system

run #9: basic kernel testing failed: failed to copy test binary to VM: failed to run ["scp" "-P" "22" "-F" "/dev/null" "-o" "UserKnownHostsFile=/dev/null" "-o" "BatchMode=yes" "-o" "IdentitiesOnly=yes" "-o" "StrictHostKeyChecking=no" "-o" "ConnectTimeout=10" "/syzkaller/jobs/linux/gopath/src/github.com/google/syzkaller/bin/linux_amd64/syz-fuzzer" "root@10.128.1.34:./syz-fuzzer"]: exit status 1
Warning: Permanently added '10.128.1.34' (ECDSA) to the list of known hosts.
scp: ./syz-fuzzer: Read-only file system

testing release v5.0
testing commit 1c163f4c7b3f621efff9b28a47abb36f7378d783
compiler: gcc version 8.4.1 20210217 (GCC)
kernel signature: 506ab0be93a3b5b2459ef46aa16b70a56242935c31c37f2cf7e016bb693f9b7a
run #0: basic kernel testing failed: failed to copy test binary to VM: failed to run ["scp" "-P" "22" "-F" "/dev/null" "-o" "UserKnownHostsFile=/dev/null" "-o" "BatchMode=yes" "-o" "IdentitiesOnly=yes" "-o" "StrictHostKeyChecking=no" "-o" "ConnectTimeout=10" "/syzkaller/jobs/linux/gopath/src/github.com/google/syzkaller/bin/linux_amd64/syz-fuzzer" "root@10.128.0.16:./syz-fuzzer"]: exit status 1
Warning: Permanently added '10.128.0.16' (ECDSA) to the list of known hosts.
scp: ./syz-fuzzer: Read-only file system

run #1: basic kernel testing failed: failed to copy test binary to VM: failed to run ["scp" "-P" "22" "-F" "/dev/null" "-o" "UserKnownHostsFile=/dev/null" "-o" "BatchMode=yes" "-o" "IdentitiesOnly=yes" "-o" "StrictHostKeyChecking=no" "-o" "ConnectTimeout=10" "/syzkaller/jobs/linux/gopath/src/github.com/google/syzkaller/bin/linux_amd64/syz-fuzzer" "root@10.128.1.29:./syz-fuzzer"]: exit status 1
Warning: Permanently added '10.128.1.29' (ECDSA) to the list of known hosts.
scp: ./syz-fuzzer: Read-only file system

run #2: basic kernel testing failed: failed to copy test binary to VM: failed to run ["scp" "-P" "22" "-F" "/dev/null" "-o" "UserKnownHostsFile=/dev/null" "-o" "BatchMode=yes" "-o" "IdentitiesOnly=yes" "-o" "StrictHostKeyChecking=no" "-o" "ConnectTimeout=10" "/syzkaller/jobs/linux/gopath/src/github.com/google/syzkaller/bin/linux_amd64/syz-fuzzer" "root@10.128.15.221:./syz-fuzzer"]: exit status 1
Warning: Permanently added '10.128.15.221' (ECDSA) to the list of known hosts.
scp: ./syz-fuzzer: Read-only file system

run #3: basic kernel testing failed: failed to copy test binary to VM: failed to run ["scp" "-P" "22" "-F" "/dev/null" "-o" "UserKnownHostsFile=/dev/null" "-o" "BatchMode=yes" "-o" "IdentitiesOnly=yes" "-o" "StrictHostKeyChecking=no" "-o" "ConnectTimeout=10" "/syzkaller/jobs/linux/gopath/src/github.com/google/syzkaller/bin/linux_amd64/syz-fuzzer" "root@10.128.15.212:./syz-fuzzer"]: exit status 1
Warning: Permanently added '10.128.15.212' (ECDSA) to the list of known hosts.
scp: ./syz-fuzzer: Read-only file system

run #4: basic kernel testing failed: failed to copy test binary to VM: failed to run ["scp" "-P" "22" "-F" "/dev/null" "-o" "UserKnownHostsFile=/dev/null" "-o" "BatchMode=yes" "-o" "IdentitiesOnly=yes" "-o" "StrictHostKeyChecking=no" "-o" "ConnectTimeout=10" "/syzkaller/jobs/linux/gopath/src/github.com/google/syzkaller/bin/linux_amd64/syz-fuzzer" "root@10.128.15.222:./syz-fuzzer"]: exit status 1
Warning: Permanently added '10.128.15.222' (ECDSA) to the list of known hosts.
scp: ./syz-fuzzer: Read-only file system

run #5: basic kernel testing failed: failed to copy test binary to VM: failed to run ["scp" "-P" "22" "-F" "/dev/null" "-o" "UserKnownHostsFile=/dev/null" "-o" "BatchMode=yes" "-o" "IdentitiesOnly=yes" "-o" "StrictHostKeyChecking=no" "-o" "ConnectTimeout=10" "/syzkaller/jobs/linux/gopath/src/github.com/google/syzkaller/bin/linux_amd64/syz-fuzzer" "root@10.128.15.224:./syz-fuzzer"]: exit status 1
Warning: Permanently added '10.128.15.224' (ECDSA) to the list of known hosts.
scp: ./syz-fuzzer: Read-only file system

run #6: basic kernel testing failed: failed to copy test binary to VM: failed to run ["scp" "-P" "22" "-F" "/dev/null" "-o" "UserKnownHostsFile=/dev/null" "-o" "BatchMode=yes" "-o" "IdentitiesOnly=yes" "-o" "StrictHostKeyChecking=no" "-o" "ConnectTimeout=10" "/syzkaller/jobs/linux/gopath/src/github.com/google/syzkaller/bin/linux_amd64/syz-fuzzer" "root@10.128.15.216:./syz-fuzzer"]: exit status 1
Warning: Permanently added '10.128.15.216' (ECDSA) to the list of known hosts.
scp: ./syz-fuzzer: Read-only file system

run #7: basic kernel testing failed: failed to copy test binary to VM: failed to run ["scp" "-P" "22" "-F" "/dev/null" "-o" "UserKnownHostsFile=/dev/null" "-o" "BatchMode=yes" "-o" "IdentitiesOnly=yes" "-o" "StrictHostKeyChecking=no" "-o" "ConnectTimeout=10" "/syzkaller/jobs/linux/gopath/src/github.com/google/syzkaller/bin/linux_amd64/syz-fuzzer" "root@10.128.15.217:./syz-fuzzer"]: exit status 1
Warning: Permanently added '10.128.15.217' (ECDSA) to the list of known hosts.
scp: ./syz-fuzzer: Read-only file system

run #8: basic kernel testing failed: failed to copy test binary to VM: failed to run ["scp" "-P" "22" "-F" "/dev/null" "-o" "UserKnownHostsFile=/dev/null" "-o" "BatchMode=yes" "-o" "IdentitiesOnly=yes" "-o" "StrictHostKeyChecking=no" "-o" "ConnectTimeout=10" "/syzkaller/jobs/linux/gopath/src/github.com/google/syzkaller/bin/linux_amd64/syz-fuzzer" "root@10.128.15.219:./syz-fuzzer"]: exit status 1
Warning: Permanently added '10.128.15.219' (ECDSA) to the list of known hosts.
scp: ./syz-fuzzer: Read-only file system

run #9: basic kernel testing failed: failed to copy test binary to VM: failed to run ["scp" "-P" "22" "-F" "/dev/null" "-o" "UserKnownHostsFile=/dev/null" "-o" "BatchMode=yes" "-o" "IdentitiesOnly=yes" "-o" "StrictHostKeyChecking=no" "-o" "ConnectTimeout=10" "/syzkaller/jobs/linux/gopath/src/github.com/google/syzkaller/bin/linux_amd64/syz-fuzzer" "root@10.128.1.28:./syz-fuzzer"]: exit status 1
Warning: Permanently added '10.128.1.28' (ECDSA) to the list of known hosts.
scp: ./syz-fuzzer: Read-only file system

testing release v4.20
testing commit 8fe28cb58bcb235034b64cbbb7550a8a43fd88be
compiler: gcc version 8.4.1 20210217 (GCC)
kernel signature: 4e8a48b4458799a8ee364a3b139ad3901f05b6cd7f2e60c3cd41754c0f7e6018
run #0: basic kernel testing failed: failed to copy test binary to VM: failed to run ["scp" "-P" "22" "-F" "/dev/null" "-o" "UserKnownHostsFile=/dev/null" "-o" "BatchMode=yes" "-o" "IdentitiesOnly=yes" "-o" "StrictHostKeyChecking=no" "-o" "ConnectTimeout=10" "/syzkaller/jobs/linux/gopath/src/github.com/google/syzkaller/bin/linux_amd64/syz-fuzzer" "root@10.128.0.139:./syz-fuzzer"]: exit status 1
Warning: Permanently added '10.128.0.139' (ECDSA) to the list of known hosts.
scp: ./syz-fuzzer: Read-only file system

run #1: basic kernel testing failed: failed to copy test binary to VM: failed to run ["scp" "-P" "22" "-F" "/dev/null" "-o" "UserKnownHostsFile=/dev/null" "-o" "BatchMode=yes" "-o" "IdentitiesOnly=yes" "-o" "StrictHostKeyChecking=no" "-o" "ConnectTimeout=10" "/syzkaller/jobs/linux/gopath/src/github.com/google/syzkaller/bin/linux_amd64/syz-fuzzer" "root@10.128.1.26:./syz-fuzzer"]: exit status 1
Warning: Permanently added '10.128.1.26' (ECDSA) to the list of known hosts.
scp: ./syz-fuzzer: Read-only file system

run #2: basic kernel testing failed: failed to copy test binary to VM: failed to run ["scp" "-P" "22" "-F" "/dev/null" "-o" "UserKnownHostsFile=/dev/null" "-o" "BatchMode=yes" "-o" "IdentitiesOnly=yes" "-o" "StrictHostKeyChecking=no" "-o" "ConnectTimeout=10" "/syzkaller/jobs/linux/gopath/src/github.com/google/syzkaller/bin/linux_amd64/syz-fuzzer" "root@10.128.0.178:./syz-fuzzer"]: exit status 1
Warning: Permanently added '10.128.0.178' (ECDSA) to the list of known hosts.
scp: ./syz-fuzzer: Read-only file system

run #3: basic kernel testing failed: failed to copy test binary to VM: failed to run ["scp" "-P" "22" "-F" "/dev/null" "-o" "UserKnownHostsFile=/dev/null" "-o" "BatchMode=yes" "-o" "IdentitiesOnly=yes" "-o" "StrictHostKeyChecking=no" "-o" "ConnectTimeout=10" "/syzkaller/jobs/linux/gopath/src/github.com/google/syzkaller/bin/linux_amd64/syz-fuzzer" "root@10.128.0.179:./syz-fuzzer"]: exit status 1
Warning: Permanently added '10.128.0.179' (ECDSA) to the list of known hosts.
scp: ./syz-fuzzer: Read-only file system

run #4: basic kernel testing failed: failed to copy test binary to VM: failed to run ["scp" "-P" "22" "-F" "/dev/null" "-o" "UserKnownHostsFile=/dev/null" "-o" "BatchMode=yes" "-o" "IdentitiesOnly=yes" "-o" "StrictHostKeyChecking=no" "-o" "ConnectTimeout=10" "/syzkaller/jobs/linux/gopath/src/github.com/google/syzkaller/bin/linux_amd64/syz-fuzzer" "root@10.128.15.216:./syz-fuzzer"]: exit status 1
Warning: Permanently added '10.128.15.216' (ECDSA) to the list of known hosts.
scp: ./syz-fuzzer: Read-only file system

run #5: basic kernel testing failed: failed to copy test binary to VM: failed to run ["scp" "-P" "22" "-F" "/dev/null" "-o" "UserKnownHostsFile=/dev/null" "-o" "BatchMode=yes" "-o" "IdentitiesOnly=yes" "-o" "StrictHostKeyChecking=no" "-o" "ConnectTimeout=10" "/syzkaller/jobs/linux/gopath/src/github.com/google/syzkaller/bin/linux_amd64/syz-fuzzer" "root@10.128.1.27:./syz-fuzzer"]: exit status 1
Warning: Permanently added '10.128.1.27' (ECDSA) to the list of known hosts.
scp: ./syz-fuzzer: Read-only file system

run #6: basic kernel testing failed: failed to copy test binary to VM: failed to run ["scp" "-P" "22" "-F" "/dev/null" "-o" "UserKnownHostsFile=/dev/null" "-o" "BatchMode=yes" "-o" "IdentitiesOnly=yes" "-o" "StrictHostKeyChecking=no" "-o" "ConnectTimeout=10" "/syzkaller/jobs/linux/gopath/src/github.com/google/syzkaller/bin/linux_amd64/syz-fuzzer" "root@10.128.0.83:./syz-fuzzer"]: exit status 1
Warning: Permanently added '10.128.0.83' (ECDSA) to the list of known hosts.
scp: ./syz-fuzzer: Read-only file system

run #7: basic kernel testing failed: failed to copy test binary to VM: failed to run ["scp" "-P" "22" "-F" "/dev/null" "-o" "UserKnownHostsFile=/dev/null" "-o" "BatchMode=yes" "-o" "IdentitiesOnly=yes" "-o" "StrictHostKeyChecking=no" "-o" "ConnectTimeout=10" "/syzkaller/jobs/linux/gopath/src/github.com/google/syzkaller/bin/linux_amd64/syz-fuzzer" "root@10.128.15.195:./syz-fuzzer"]: exit status 1
Warning: Permanently added '10.128.15.195' (ECDSA) to the list of known hosts.
scp: ./syz-fuzzer: Read-only file system

run #8: basic kernel testing failed: failed to copy test binary to VM: failed to run ["scp" "-P" "22" "-F" "/dev/null" "-o" "UserKnownHostsFile=/dev/null" "-o" "BatchMode=yes" "-o" "IdentitiesOnly=yes" "-o" "StrictHostKeyChecking=no" "-o" "ConnectTimeout=10" "/syzkaller/jobs/linux/gopath/src/github.com/google/syzkaller/bin/linux_amd64/syz-fuzzer" "root@10.128.15.212:./syz-fuzzer"]: exit status 1
Warning: Permanently added '10.128.15.212' (ECDSA) to the list of known hosts.
scp: ./syz-fuzzer: Read-only file system

run #9: basic kernel testing failed: failed to copy test binary to VM: failed to run ["scp" "-P" "22" "-F" "/dev/null" "-o" "UserKnownHostsFile=/dev/null" "-o" "BatchMode=yes" "-o" "IdentitiesOnly=yes" "-o" "StrictHostKeyChecking=no" "-o" "ConnectTimeout=10" "/syzkaller/jobs/linux/gopath/src/github.com/google/syzkaller/bin/linux_amd64/syz-fuzzer" "root@10.128.15.215:./syz-fuzzer"]: exit status 1
Warning: Permanently added '10.128.15.215' (ECDSA) to the list of known hosts.
scp: ./syz-fuzzer: Read-only file system

testing release v4.19
testing commit 84df9525b0c27f3ebc2ebb1864fa62a97fdedb7d
compiler: gcc version 8.4.1 20210217 (GCC)
kernel signature: 6b9e5cea47b277837aa81f0522c9c0c9a04655a21f39637d0af10472087483d1
run #0: basic kernel testing failed: failed to copy test binary to VM: failed to run ["scp" "-P" "22" "-F" "/dev/null" "-o" "UserKnownHostsFile=/dev/null" "-o" "BatchMode=yes" "-o" "IdentitiesOnly=yes" "-o" "StrictHostKeyChecking=no" "-o" "ConnectTimeout=10" "/syzkaller/jobs/linux/gopath/src/github.com/google/syzkaller/bin/linux_amd64/syz-fuzzer" "root@10.128.0.251:./syz-fuzzer"]: exit status 1
Warning: Permanently added '10.128.0.251' (ECDSA) to the list of known hosts.
scp: ./syz-fuzzer: Read-only file system

run #1: basic kernel testing failed: failed to copy test binary to VM: failed to run ["scp" "-P" "22" "-F" "/dev/null" "-o" "UserKnownHostsFile=/dev/null" "-o" "BatchMode=yes" "-o" "IdentitiesOnly=yes" "-o" "StrictHostKeyChecking=no" "-o" "ConnectTimeout=10" "/syzkaller/jobs/linux/gopath/src/github.com/google/syzkaller/bin/linux_amd64/syz-fuzzer" "root@10.128.0.81:./syz-fuzzer"]: exit status 1
Warning: Permanently added '10.128.0.81' (ECDSA) to the list of known hosts.
scp: ./syz-fuzzer: Read-only file system

run #2: basic kernel testing failed: failed to copy test binary to VM: failed to run ["scp" "-P" "22" "-F" "/dev/null" "-o" "UserKnownHostsFile=/dev/null" "-o" "BatchMode=yes" "-o" "IdentitiesOnly=yes" "-o" "StrictHostKeyChecking=no" "-o" "ConnectTimeout=10" "/syzkaller/jobs/linux/gopath/src/github.com/google/syzkaller/bin/linux_amd64/syz-fuzzer" "root@10.128.0.67:./syz-fuzzer"]: exit status 1
Warning: Permanently added '10.128.0.67' (ECDSA) to the list of known hosts.
scp: ./syz-fuzzer: Read-only file system

run #3: basic kernel testing failed: failed to copy test binary to VM: failed to run ["scp" "-P" "22" "-F" "/dev/null" "-o" "UserKnownHostsFile=/dev/null" "-o" "BatchMode=yes" "-o" "IdentitiesOnly=yes" "-o" "StrictHostKeyChecking=no" "-o" "ConnectTimeout=10" "/syzkaller/jobs/linux/gopath/src/github.com/google/syzkaller/bin/linux_amd64/syz-fuzzer" "root@10.128.0.113:./syz-fuzzer"]: exit status 1
Warning: Permanently added '10.128.0.113' (ECDSA) to the list of known hosts.
scp: ./syz-fuzzer: Read-only file system

run #4: basic kernel testing failed: failed to copy test binary to VM: failed to run ["scp" "-P" "22" "-F" "/dev/null" "-o" "UserKnownHostsFile=/dev/null" "-o" "BatchMode=yes" "-o" "IdentitiesOnly=yes" "-o" "StrictHostKeyChecking=no" "-o" "ConnectTimeout=10" "/syzkaller/jobs/linux/gopath/src/github.com/google/syzkaller/bin/linux_amd64/syz-fuzzer" "root@10.128.1.45:./syz-fuzzer"]: exit status 1
Warning: Permanently added '10.128.1.45' (ECDSA) to the list of known hosts.
scp: ./syz-fuzzer: Read-only file system

run #5: basic kernel testing failed: failed to copy test binary to VM: failed to run ["scp" "-P" "22" "-F" "/dev/null" "-o" "UserKnownHostsFile=/dev/null" "-o" "BatchMode=yes" "-o" "IdentitiesOnly=yes" "-o" "StrictHostKeyChecking=no" "-o" "ConnectTimeout=10" "/syzkaller/jobs/linux/gopath/src/github.com/google/syzkaller/bin/linux_amd64/syz-fuzzer" "root@10.128.0.116:./syz-fuzzer"]: exit status 1
Warning: Permanently added '10.128.0.116' (ECDSA) to the list of known hosts.
scp: ./syz-fuzzer: Read-only file system

run #6: basic kernel testing failed: failed to copy test binary to VM: failed to run ["scp" "-P" "22" "-F" "/dev/null" "-o" "UserKnownHostsFile=/dev/null" "-o" "BatchMode=yes" "-o" "IdentitiesOnly=yes" "-o" "StrictHostKeyChecking=no" "-o" "ConnectTimeout=10" "/syzkaller/jobs/linux/gopath/src/github.com/google/syzkaller/bin/linux_amd64/syz-fuzzer" "root@10.128.0.205:./syz-fuzzer"]: exit status 1
Warning: Permanently added '10.128.0.205' (ECDSA) to the list of known hosts.
scp: ./syz-fuzzer: Read-only file system

run #7: basic kernel testing failed: failed to copy test binary to VM: failed to run ["scp" "-P" "22" "-F" "/dev/null" "-o" "UserKnownHostsFile=/dev/null" "-o" "BatchMode=yes" "-o" "IdentitiesOnly=yes" "-o" "StrictHostKeyChecking=no" "-o" "ConnectTimeout=10" "/syzkaller/jobs/linux/gopath/src/github.com/google/syzkaller/bin/linux_amd64/syz-fuzzer" "root@10.128.0.232:./syz-fuzzer"]: exit status 1
Warning: Permanently added '10.128.0.232' (ECDSA) to the list of known hosts.
scp: ./syz-fuzzer: Read-only file system

run #8: basic kernel testing failed: failed to copy test binary to VM: failed to run ["scp" "-P" "22" "-F" "/dev/null" "-o" "UserKnownHostsFile=/dev/null" "-o" "BatchMode=yes" "-o" "IdentitiesOnly=yes" "-o" "StrictHostKeyChecking=no" "-o" "ConnectTimeout=10" "/syzkaller/jobs/linux/gopath/src/github.com/google/syzkaller/bin/linux_amd64/syz-fuzzer" "root@10.128.0.243:./syz-fuzzer"]: exit status 1
Warning: Permanently added '10.128.0.243' (ECDSA) to the list of known hosts.
scp: ./syz-fuzzer: Read-only file system

run #9: basic kernel testing failed: failed to copy test binary to VM: failed to run ["scp" "-P" "22" "-F" "/dev/null" "-o" "UserKnownHostsFile=/dev/null" "-o" "BatchMode=yes" "-o" "IdentitiesOnly=yes" "-o" "StrictHostKeyChecking=no" "-o" "ConnectTimeout=10" "/syzkaller/jobs/linux/gopath/src/github.com/google/syzkaller/bin/linux_amd64/syz-fuzzer" "root@10.128.1.30:./syz-fuzzer"]: exit status 1
Warning: Permanently added '10.128.1.30' (ECDSA) to the list of known hosts.
scp: ./syz-fuzzer: Read-only file system

testing release v4.18
testing commit 94710cac0ef4ee177a63b5227664b38c95bbf703
compiler: gcc version 8.4.1 20210217 (GCC)
kernel signature: 3deff611c721efc9d828b4782befe49e5a795f34765d1db82048efba4ba2c5d8
all runs: boot failed: kernel panic: Attempted to kill init!
testing release v4.17
testing commit 29dcea88779c856c7dc92040a0c01233263101d4
compiler: gcc (GCC) 8.4.1 20210217
failed to run ["make" "-j" "64" "ARCH=x86_64" "CC=/syzkaller/shared/bisect_bin/gcc-8.1.0/bin/gcc" "bzImage"]: exit status 2
testing release v4.16
testing commit 0adb32858b0bddf4ada5f364a84ed60b196dbcda
compiler: gcc (GCC) 8.4.1 20210217
orc_dump.c:106:2: error: 'elf_getshnum' is deprecated [-Werror=deprecated-declarations]
orc_dump.c:111:2: error: 'elf_getshstrndx' is deprecated [-Werror=deprecated-declarations]
elf.c:135:2: error: 'elf_getshnum' is deprecated [-Werror=deprecated-declarations]
elf.c:140:2: error: 'elf_getshstrndx' is deprecated [-Werror=deprecated-declarations]
testing release v4.15
testing commit d8a5b80568a9cb66810e75b182018e9edb68e8ff
compiler: gcc (GCC) 8.4.1 20210217
orc_dump.c:106:2: error: 'elf_getshnum' is deprecated [-Werror=deprecated-declarations]
orc_dump.c:111:2: error: 'elf_getshstrndx' is deprecated [-Werror=deprecated-declarations]
pager.c:36:12: error: passing argument 2 to 'restrict'-qualified parameter aliases with argument 4 [-Werror=restrict]
elf.c:135:2: error: 'elf_getshnum' is deprecated [-Werror=deprecated-declarations]
elf.c:140:2: error: 'elf_getshstrndx' is deprecated [-Werror=deprecated-declarations]
testing release v4.14
testing commit bebc6082da0a9f5d47a1ea2edc099bf671058bd4
compiler: gcc (GCC) 8.4.1 20210217
orc_dump.c:105:2: error: 'elf_getshnum' is deprecated [-Werror=deprecated-declarations]
orc_dump.c:110:2: error: 'elf_getshstrndx' is deprecated [-Werror=deprecated-declarations]
elf.c:134:2: error: 'elf_getshnum' is deprecated [-Werror=deprecated-declarations]
elf.c:139:2: error: 'elf_getshstrndx' is deprecated [-Werror=deprecated-declarations]
pager.c:36:12: error: passing argument 2 to 'restrict'-qualified parameter aliases with argument 4 [-Werror=restrict]
testing release v4.13
testing commit 569dbb88e80deb68974ef6fdd6a13edb9d686261
compiler: gcc (GCC) 8.4.1 20210217
pager.c:35:12: error: passing argument 2 to 'restrict'-qualified parameter aliases with argument 4 [-Werror=restrict]
elf.c:144:2: error: 'elf_getshnum' is deprecated [-Werror=deprecated-declarations]
elf.c:149:2: error: 'elf_getshstrndx' is deprecated [-Werror=deprecated-declarations]
testing release v4.12
testing commit 6f7da290413ba713f0cdd9ff1a2a9bb129ef4f6c
compiler: gcc (GCC) 8.4.1 20210217
pager.c:35:12: error: passing argument 2 to 'restrict'-qualified parameter aliases with argument 4 [-Werror=restrict]
elf.c:141:2: error: 'elf_getshnum' is deprecated [-Werror=deprecated-declarations]
elf.c:146:2: error: 'elf_getshstrndx' is deprecated [-Werror=deprecated-declarations]
testing release v4.11
testing commit a351e9b9fc24e982ec2f0e76379a49826036da12
compiler: gcc (GCC) 7.5.0
pager.c:35:12: error: passing argument 2 to 'restrict'-qualified parameter aliases with argument 4 [-Werror=restrict]
elf.c:141:2: error: 'elf_getshnum' is deprecated [-Werror=deprecated-declarations]
elf.c:146:2: error: 'elf_getshstrndx' is deprecated [-Werror=deprecated-declarations]
testing release v4.10
testing commit c470abd4fde40ea6a0846a2beab642a578c0b8cd
compiler: gcc (GCC) 5.5.0
tools/include/linux/log2.h:19:1: error: ignoring attribute 'noreturn' because it conflicts with attribute 'const' [-Werror=attributes]
pager.c:35:12: error: passing argument 2 to 'restrict'-qualified parameter aliases with argument 4 [-Werror=restrict]
elf.c:129:2: error: 'elf_getshnum' is deprecated [-Werror=deprecated-declarations]
elf.c:134:2: error: 'elf_getshstrndx' is deprecated [-Werror=deprecated-declarations]
testing release v4.9
testing commit 69973b830859bc6529a7a0468ba0d80ee5117826
compiler: gcc (GCC) 5.5.0
tools/include/linux/log2.h:19:1: error: ignoring attribute 'noreturn' because it conflicts with attribute 'const' [-Werror=attributes]
elf.c:129:2: error: 'elf_getshnum' is deprecated [-Werror=deprecated-declarations]
elf.c:134:2: error: 'elf_getshstrndx' is deprecated [-Werror=deprecated-declarations]
pager.c:35:12: error: passing argument 2 to 'restrict'-qualified parameter aliases with argument 4 [-Werror=restrict]
testing release v4.8
testing commit c8d2bc9bc39ebea8437fd974fdbc21847bb897a3
compiler: gcc (GCC) 5.5.0
tools/include/linux/log2.h:19:1: error: ignoring attribute 'noreturn' because it conflicts with attribute 'const' [-Werror=attributes]
elf.c:129:2: error: 'elf_getshnum' is deprecated [-Werror=deprecated-declarations]
elf.c:134:2: error: 'elf_getshstrndx' is deprecated [-Werror=deprecated-declarations]
pager.c:33:12: error: passing argument 2 to 'restrict'-qualified parameter aliases with argument 4 [-Werror=restrict]
testing release v4.7
testing commit 523d939ef98fd712632d93a5a2b588e477a7565e
compiler: gcc (GCC) 5.5.0
tools/include/linux/log2.h:19:1: error: ignoring attribute 'noreturn' because it conflicts with attribute 'const' [-Werror=attributes]
pager.c:33:12: error: passing argument 2 to 'restrict'-qualified parameter aliases with argument 4 [-Werror=restrict]
elf.c:122:2: error: 'elf_getshnum' is deprecated [-Werror=deprecated-declarations]
elf.c:127:2: error: 'elf_getshstrndx' is deprecated [-Werror=deprecated-declarations]
testing release v4.6
testing commit 2dcd0af568b0cf583645c8a317dd12e344b1c72a
compiler: gcc (GCC) 5.5.0
tools/include/linux/log2.h:19:1: error: ignoring attribute 'noreturn' because it conflicts with attribute 'const' [-Werror=attributes]
pager.c:33:12: error: passing argument 2 to 'restrict'-qualified parameter aliases with argument 4 [-Werror=restrict]
revisions tested: 20, total time: 3h24m41.578092905s (build: 2h0m30.542513258s, test: 1h18m58.754781305s)
the crash already happened on the oldest tested release
commit msg: Linux 5.15
crash: INFO: task hung in addrconf_dad_work
INFO: task kworker/0:1:7 blocked for more than 143 seconds.
      Not tainted 5.15.0-syzkaller #0
"echo 0 > /proc/sys/kernel/hung_task_timeout_secs" disables this message.
task:kworker/0:1     state:D stack:26560 pid:    7 ppid:     2 flags:0x00004000
Workqueue: ipv6_addrconf addrconf_dad_work
Call Trace:
 context_switch kernel/sched/core.c:4940 [inline]
 __schedule+0xb04/0x5920 kernel/sched/core.c:6287
 schedule+0xd3/0x270 kernel/sched/core.c:6366
 schedule_preempt_disabled+0xf/0x20 kernel/sched/core.c:6425
 __mutex_lock_common kernel/locking/mutex.c:669 [inline]
 __mutex_lock+0xa34/0x12f0 kernel/locking/mutex.c:729
 addrconf_dad_work+0x9f/0x11a0 net/ipv6/addrconf.c:4047
 process_one_work+0x87f/0x1450 kernel/workqueue.c:2297
 worker_thread+0x598/0x1040 kernel/workqueue.c:2444
 kthread+0x38b/0x460 kernel/kthread.c:319
 ret_from_fork+0x1f/0x30 arch/x86/entry/entry_64.S:295
INFO: task kworker/1:0:20 blocked for more than 143 seconds.
      Not tainted 5.15.0-syzkaller #0
"echo 0 > /proc/sys/kernel/hung_task_timeout_secs" disables this message.
task:kworker/1:0     state:D stack:26544 pid:   20 ppid:     2 flags:0x00004000
Workqueue: ipv6_addrconf addrconf_dad_work
Call Trace:
 context_switch kernel/sched/core.c:4940 [inline]
 __schedule+0xb04/0x5920 kernel/sched/core.c:6287
 schedule+0xd3/0x270 kernel/sched/core.c:6366
 schedule_preempt_disabled+0xf/0x20 kernel/sched/core.c:6425
 __mutex_lock_common kernel/locking/mutex.c:669 [inline]
 __mutex_lock+0xa34/0x12f0 kernel/locking/mutex.c:729
 addrconf_dad_work+0x9f/0x11a0 net/ipv6/addrconf.c:4047
 process_one_work+0x87f/0x1450 kernel/workqueue.c:2297
 worker_thread+0x598/0x1040 kernel/workqueue.c:2444
 kthread+0x38b/0x460 kernel/kthread.c:319
 ret_from_fork+0x1f/0x30 arch/x86/entry/entry_64.S:295
INFO: task syz-executor.5:20287 blocked for more than 144 seconds.
      Not tainted 5.15.0-syzkaller #0
"echo 0 > /proc/sys/kernel/hung_task_timeout_secs" disables this message.
task:syz-executor.5  state:D stack:25160 pid:20287 ppid:  3843 flags:0x00000004
Call Trace:
 context_switch kernel/sched/core.c:4940 [inline]
 __schedule+0xb04/0x5920 kernel/sched/core.c:6287
 schedule+0xd3/0x270 kernel/sched/core.c:6366
 schedule_preempt_disabled+0xf/0x20 kernel/sched/core.c:6425
 __mutex_lock_common kernel/locking/mutex.c:669 [inline]
 __mutex_lock+0xa34/0x12f0 kernel/locking/mutex.c:729
 rtnl_lock net/core/rtnetlink.c:72 [inline]
 rtnetlink_rcv_msg+0x2d2/0x8d0 net/core/rtnetlink.c:5569
 netlink_rcv_skb+0x118/0x370 net/netlink/af_netlink.c:2510
 netlink_unicast_kernel net/netlink/af_netlink.c:1319 [inline]
 netlink_unicast+0x42e/0x700 net/netlink/af_netlink.c:1345
 netlink_sendmsg+0x706/0xbf0 net/netlink/af_netlink.c:1935
 sock_sendmsg_nosec net/socket.c:704 [inline]
 sock_sendmsg+0xab/0xe0 net/socket.c:724
 ____sys_sendmsg+0x5bf/0x7a0 net/socket.c:2409
 ___sys_sendmsg+0xd3/0x150 net/socket.c:2463
 __sys_sendmsg+0xb2/0x140 net/socket.c:2492
 do_syscall_x64 arch/x86/entry/common.c:50 [inline]
 do_syscall_64+0x35/0xb0 arch/x86/entry/common.c:80
 entry_SYSCALL_64_after_hwframe+0x44/0xae
RIP: 0033:0x7f7ee0284af9
RSP: 002b:00007f7edf9d9188 EFLAGS: 00000246 ORIG_RAX: 000000000000002e
RAX: ffffffffffffffda RBX: 00007f7ee0398028 RCX: 00007f7ee0284af9
RDX: 0000000000000000 RSI: 0000000020000000 RDI: 0000000000000004
RBP: 00007f7ee02deff7 R08: 0000000000000000 R09: 0000000000000000
R10: 0000000000000000 R11: 0000000000000246 R12: 0000000000000000
R13: 00007ffcf77caa5f R14: 00007f7edf9d9300 R15: 0000000000022000
INFO: task syz-executor.5:20298 blocked for more than 145 seconds.
      Not tainted 5.15.0-syzkaller #0
"echo 0 > /proc/sys/kernel/hung_task_timeout_secs" disables this message.
task:syz-executor.5  state:D stack:28368 pid:20298 ppid:  3843 flags:0x00000004
Call Trace:
 context_switch kernel/sched/core.c:4940 [inline]
 __schedule+0xb04/0x5920 kernel/sched/core.c:6287
 schedule+0xd3/0x270 kernel/sched/core.c:6366
 schedule_preempt_disabled+0xf/0x20 kernel/sched/core.c:6425
 __mutex_lock_common kernel/locking/mutex.c:669 [inline]
 __mutex_lock+0xa34/0x12f0 kernel/locking/mutex.c:729
 rtnl_lock net/core/rtnetlink.c:72 [inline]
 rtnetlink_rcv_msg+0x2d2/0x8d0 net/core/rtnetlink.c:5569
 netlink_rcv_skb+0x118/0x370 net/netlink/af_netlink.c:2510
 netlink_unicast_kernel net/netlink/af_netlink.c:1319 [inline]
 netlink_unicast+0x42e/0x700 net/netlink/af_netlink.c:1345
 netlink_sendmsg+0x706/0xbf0 net/netlink/af_netlink.c:1935
 sock_sendmsg_nosec net/socket.c:704 [inline]
 sock_sendmsg+0xab/0xe0 net/socket.c:724
 ____sys_sendmsg+0x5bf/0x7a0 net/socket.c:2409
 ___sys_sendmsg+0xd3/0x150 net/socket.c:2463
 __sys_sendmsg+0xb2/0x140 net/socket.c:2492
 do_syscall_x64 arch/x86/entry/common.c:50 [inline]
 do_syscall_64+0x35/0xb0 arch/x86/entry/common.c:80
 entry_SYSCALL_64_after_hwframe+0x44/0xae
RIP: 0033:0x7f7ee0284af9
RSP: 002b:00007f7edf9b8188 EFLAGS: 00000246 ORIG_RAX: 000000000000002e
RAX: ffffffffffffffda RBX: 00007f7ee03980f0 RCX: 00007f7ee0284af9
RDX: 0000000000000000 RSI: 00000000200007c0 RDI: 0000000000000003
RBP: 00007f7ee02deff7 R08: 0000000000000000 R09: 0000000000000000
R10: 0000000000000000 R11: 0000000000000246 R12: 0000000000000000
R13: 00007ffcf77caa5f R14: 00007f7edf9b8300 R15: 0000000000022000
INFO: task syz-executor.0:20288 blocked for more than 146 seconds.
      Not tainted 5.15.0-syzkaller #0
"echo 0 > /proc/sys/kernel/hung_task_timeout_secs" disables this message.
task:syz-executor.0  state:D stack:22248 pid:20288 ppid:  3837 flags:0x00000004
Call Trace:
 context_switch kernel/sched/core.c:4940 [inline]
 __schedule+0xb04/0x5920 kernel/sched/core.c:6287
 schedule+0xd3/0x270 kernel/sched/core.c:6366
 schedule_preempt_disabled+0xf/0x20 kernel/sched/core.c:6425
 __mutex_lock_common kernel/locking/mutex.c:669 [inline]
 __mutex_lock+0xa34/0x12f0 kernel/locking/mutex.c:729
 rtnl_lock net/core/rtnetlink.c:72 [inline]
 rtnetlink_rcv_msg+0x2d2/0x8d0 net/core/rtnetlink.c:5569
 netlink_rcv_skb+0x118/0x370 net/netlink/af_netlink.c:2510
 netlink_unicast_kernel net/netlink/af_netlink.c:1319 [inline]
 netlink_unicast+0x42e/0x700 net/netlink/af_netlink.c:1345
 netlink_sendmsg+0x706/0xbf0 net/netlink/af_netlink.c:1935
 sock_sendmsg_nosec net/socket.c:704 [inline]
 sock_sendmsg+0xab/0xe0 net/socket.c:724
 ____sys_sendmsg+0x5bf/0x7a0 net/socket.c:2409
 ___sys_sendmsg+0xd3/0x150 net/socket.c:2463
 __sys_sendmsg+0xb2/0x140 net/socket.c:2492
 do_syscall_x64 arch/x86/entry/common.c:50 [inline]
 do_syscall_64+0x35/0xb0 arch/x86/entry/common.c:80
 entry_SYSCALL_64_after_hwframe+0x44/0xae
RIP: 0033:0x7f3322ff2af9
RSP: 002b:00007f3322768188 EFLAGS: 00000246 ORIG_RAX: 000000000000002e
RAX: ffffffffffffffda RBX: 00007f3323105f60 RCX: 00007f3322ff2af9
RDX: 0000000000000000 RSI: 0000000020000000 RDI: 0000000000000005
RBP: 00007f332304cff7 R08: 0000000000000000 R09: 0000000000000000
R10: 0000000000000000 R11: 0000000000000246 R12: 0000000000000000
R13: 00007fff5ab96a0f R14: 00007f3322768300 R15: 0000000000022000
INFO: task syz-executor.0:20299 blocked for more than 146 seconds.
      Not tainted 5.15.0-syzkaller #0
"echo 0 > /proc/sys/kernel/hung_task_timeout_secs" disables this message.
task:syz-executor.0  state:D stack:28368 pid:20299 ppid:  3837 flags:0x00000004
Call Trace:
 context_switch kernel/sched/core.c:4940 [inline]
 __schedule+0xb04/0x5920 kernel/sched/core.c:6287
 schedule+0xd3/0x270 kernel/sched/core.c:6366
 schedule_preempt_disabled+0xf/0x20 kernel/sched/core.c:6425
 __mutex_lock_common kernel/locking/mutex.c:669 [inline]
 __mutex_lock+0xa34/0x12f0 kernel/locking/mutex.c:729
 rtnl_lock net/core/rtnetlink.c:72 [inline]
 rtnetlink_rcv_msg+0x2d2/0x8d0 net/core/rtnetlink.c:5569
 netlink_rcv_skb+0x118/0x370 net/netlink/af_netlink.c:2510
 netlink_unicast_kernel net/netlink/af_netlink.c:1319 [inline]
 netlink_unicast+0x42e/0x700 net/netlink/af_netlink.c:1345
 netlink_sendmsg+0x706/0xbf0 net/netlink/af_netlink.c:1935
 sock_sendmsg_nosec net/socket.c:704 [inline]
 sock_sendmsg+0xab/0xe0 net/socket.c:724
 ____sys_sendmsg+0x5bf/0x7a0 net/socket.c:2409
 ___sys_sendmsg+0xd3/0x150 net/socket.c:2463
 __sys_sendmsg+0xb2/0x140 net/socket.c:2492
 do_syscall_x64 arch/x86/entry/common.c:50 [inline]
 do_syscall_64+0x35/0xb0 arch/x86/entry/common.c:80
 entry_SYSCALL_64_after_hwframe+0x44/0xae
RIP: 0033:0x7f3322ff2af9
RSP: 002b:00007f3322726188 EFLAGS: 00000246 ORIG_RAX: 000000000000002e
RAX: ffffffffffffffda RBX: 00007f33231060f0 RCX: 00007f3322ff2af9
RDX: 0000000000000000 RSI: 00000000200007c0 RDI: 0000000000000003
RBP: 00007f332304cff7 R08: 0000000000000000 R09: 0000000000000000
R10: 0000000000000000 R11: 0000000000000246 R12: 0000000000000000
R13: 00007fff5ab96a0f R14: 00007f3322726300 R15: 0000000000022000
INFO: task syz-executor.3:20297 blocked for more than 147 seconds.
      Not tainted 5.15.0-syzkaller #0
"echo 0 > /proc/sys/kernel/hung_task_timeout_secs" disables this message.
task:syz-executor.3  state:D stack:27760 pid:20297 ppid:  3839 flags:0x00000004
Call Trace:
 context_switch kernel/sched/core.c:4940 [inline]
 __schedule+0xb04/0x5920 kernel/sched/core.c:6287
 schedule+0xd3/0x270 kernel/sched/core.c:6366
 schedule_preempt_disabled+0xf/0x20 kernel/sched/core.c:6425
 __mutex_lock_common kernel/locking/mutex.c:669 [inline]
 __mutex_lock+0xa34/0x12f0 kernel/locking/mutex.c:729
 rtnl_lock net/core/rtnetlink.c:72 [inline]
 rtnetlink_rcv_msg+0x2d2/0x8d0 net/core/rtnetlink.c:5569
 netlink_rcv_skb+0x118/0x370 net/netlink/af_netlink.c:2510
 netlink_unicast_kernel net/netlink/af_netlink.c:1319 [inline]
 netlink_unicast+0x42e/0x700 net/netlink/af_netlink.c:1345
 netlink_sendmsg+0x706/0xbf0 net/netlink/af_netlink.c:1935
 sock_sendmsg_nosec net/socket.c:704 [inline]
 sock_sendmsg+0xab/0xe0 net/socket.c:724
 ____sys_sendmsg+0x5bf/0x7a0 net/socket.c:2409
 ___sys_sendmsg+0xd3/0x150 net/socket.c:2463
 __sys_sendmsg+0xb2/0x140 net/socket.c:2492
 do_syscall_x64 arch/x86/entry/common.c:50 [inline]
 do_syscall_64+0x35/0xb0 arch/x86/entry/common.c:80
 entry_SYSCALL_64_after_hwframe+0x44/0xae
RIP: 0033:0x7f4f1b5a2af9
RSP: 002b:00007f4f1acf7188 EFLAGS: 00000246 ORIG_RAX: 000000000000002e
RAX: ffffffffffffffda RBX: 00007f4f1b6b6028 RCX: 00007f4f1b5a2af9
RDX: 0000000000000000 RSI: 00000000200007c0 RDI: 0000000000000003
RBP: 00007f4f1b5fcff7 R08: 0000000000000000 R09: 0000000000000000
R10: 0000000000000000 R11: 0000000000000246 R12: 0000000000000000
R13: 00007fff6e34f89f R14: 00007f4f1acf7300 R15: 0000000000022000
INFO: task syz-executor.3:20304 blocked for more than 148 seconds.
      Not tainted 5.15.0-syzkaller #0
"echo 0 > /proc/sys/kernel/hung_task_timeout_secs" disables this message.
task:syz-executor.3  state:D stack:27760 pid:20304 ppid:  3839 flags:0x00000004
Call Trace:
 context_switch kernel/sched/core.c:4940 [inline]
 __schedule+0xb04/0x5920 kernel/sched/core.c:6287
 schedule+0xd3/0x270 kernel/sched/core.c:6366
 schedule_preempt_disabled+0xf/0x20 kernel/sched/core.c:6425
 __mutex_lock_common kernel/locking/mutex.c:669 [inline]
 __mutex_lock+0xa34/0x12f0 kernel/locking/mutex.c:729
 rtnl_lock net/core/rtnetlink.c:72 [inline]
 rtnetlink_rcv_msg+0x2d2/0x8d0 net/core/rtnetlink.c:5569
 netlink_rcv_skb+0x118/0x370 net/netlink/af_netlink.c:2510
 netlink_unicast_kernel net/netlink/af_netlink.c:1319 [inline]
 netlink_unicast+0x42e/0x700 net/netlink/af_netlink.c:1345
 netlink_sendmsg+0x706/0xbf0 net/netlink/af_netlink.c:1935
 sock_sendmsg_nosec net/socket.c:704 [inline]
 sock_sendmsg+0xab/0xe0 net/socket.c:724
 ____sys_sendmsg+0x5bf/0x7a0 net/socket.c:2409
 ___sys_sendmsg+0xd3/0x150 net/socket.c:2463
 __sys_sendmsg+0xb2/0x140 net/socket.c:2492
 do_syscall_x64 arch/x86/entry/common.c:50 [inline]
 do_syscall_64+0x35/0xb0 arch/x86/entry/common.c:80
 entry_SYSCALL_64_after_hwframe+0x44/0xae
RIP: 0033:0x7f4f1b5a2af9
RSP: 002b:00007f4f1acd6188 EFLAGS: 00000246 ORIG_RAX: 000000000000002e
RAX: ffffffffffffffda RBX: 00007f4f1b6b60f0 RCX: 00007f4f1b5a2af9
RDX: 0000000000000000 RSI: 0000000020000000 RDI: 0000000000000004
RBP: 00007f4f1b5fcff7 R08: 0000000000000000 R09: 0000000000000000
R10: 0000000000000000 R11: 0000000000000246 R12: 0000000000000000
R13: 00007fff6e34f89f R14: 00007f4f1acd6300 R15: 0000000000022000
INFO: task syz-executor.3:20305 blocked for more than 149 seconds.
      Not tainted 5.15.0-syzkaller #0
"echo 0 > /proc/sys/kernel/hung_task_timeout_secs" disables this message.
task:syz-executor.3  state:D stack:27760 pid:20305 ppid:  3839 flags:0x00000004
Call Trace:
 context_switch kernel/sched/core.c:4940 [inline]
 __schedule+0xb04/0x5920 kernel/sched/core.c:6287
 schedule+0xd3/0x270 kernel/sched/core.c:6366
 schedule_preempt_disabled+0xf/0x20 kernel/sched/core.c:6425
 __mutex_lock_common kernel/locking/mutex.c:669 [inline]
 __mutex_lock+0xa34/0x12f0 kernel/locking/mutex.c:729
 rtnl_lock net/core/rtnetlink.c:72 [inline]
 rtnetlink_rcv_msg+0x2d2/0x8d0 net/core/rtnetlink.c:5569
 netlink_rcv_skb+0x118/0x370 net/netlink/af_netlink.c:2510
 netlink_unicast_kernel net/netlink/af_netlink.c:1319 [inline]
 netlink_unicast+0x42e/0x700 net/netlink/af_netlink.c:1345
 netlink_sendmsg+0x706/0xbf0 net/netlink/af_netlink.c:1935
 sock_sendmsg_nosec net/socket.c:704 [inline]
 sock_sendmsg+0xab/0xe0 net/socket.c:724
 ____sys_sendmsg+0x5bf/0x7a0 net/socket.c:2409
 ___sys_sendmsg+0xd3/0x150 net/socket.c:2463
 __sys_sendmsg+0xb2/0x140 net/socket.c:2492
 do_syscall_x64 arch/x86/entry/common.c:50 [inline]
 do_syscall_64+0x35/0xb0 arch/x86/entry/common.c:80
 entry_SYSCALL_64_after_hwframe+0x44/0xae
RIP: 0033:0x7f4f1b5a2af9
RSP: 002b:00007f4f1acb5188 EFLAGS: 00000246 ORIG_RAX: 000000000000002e
RAX: ffffffffffffffda RBX: 00007f4f1b6b61b8 RCX: 00007f4f1b5a2af9
RDX: 0000000000000000 RSI: 00000000200007c0 RDI: 0000000000000003
RBP: 00007f4f1b5fcff7 R08: 0000000000000000 R09: 0000000000000000
R10: 0000000000000000 R11: 0000000000000246 R12: 0000000000000000
R13: 00007fff6e34f89f R14: 00007f4f1acb5300 R15: 0000000000022000
INFO: task syz-executor.2:20302 blocked for more than 151 seconds.
      Not tainted 5.15.0-syzkaller #0
"echo 0 > /proc/sys/kernel/hung_task_timeout_secs" disables this message.
task:syz-executor.2  state:D stack:28368 pid:20302 ppid:  3835 flags:0x00000004
Call Trace:
 context_switch kernel/sched/core.c:4940 [inline]
 __schedule+0xb04/0x5920 kernel/sched/core.c:6287
 schedule+0xd3/0x270 kernel/sched/core.c:6366
 schedule_preempt_disabled+0xf/0x20 kernel/sched/core.c:6425
 __mutex_lock_common kernel/locking/mutex.c:669 [inline]
 __mutex_lock+0xa34/0x12f0 kernel/locking/mutex.c:729
 rtnl_lock net/core/rtnetlink.c:72 [inline]
 rtnetlink_rcv_msg+0x2d2/0x8d0 net/core/rtnetlink.c:5569
 netlink_rcv_skb+0x118/0x370 net/netlink/af_netlink.c:2510
 netlink_unicast_kernel net/netlink/af_netlink.c:1319 [inline]
 netlink_unicast+0x42e/0x700 net/netlink/af_netlink.c:1345
 netlink_sendmsg+0x706/0xbf0 net/netlink/af_netlink.c:1935
 sock_sendmsg_nosec net/socket.c:704 [inline]
 sock_sendmsg+0xab/0xe0 net/socket.c:724
 ____sys_sendmsg+0x5bf/0x7a0 net/socket.c:2409
 ___sys_sendmsg+0xd3/0x150 net/socket.c:2463
 __sys_sendmsg+0xb2/0x140 net/socket.c:2492
 do_syscall_x64 arch/x86/entry/common.c:50 [inline]
 do_syscall_64+0x35/0xb0 arch/x86/entry/common.c:80
 entry_SYSCALL_64_after_hwframe+0x44/0xae
RIP: 0033:0x7f16f65e3af9
RSP: 002b:00007f16f5d17188 EFLAGS: 00000246 ORIG_RAX: 000000000000002e
RAX: ffffffffffffffda RBX: 00007f16f66f70f0 RCX: 00007f16f65e3af9
RDX: 0000000000000000 RSI: 0000000020000000 RDI: 0000000000000004
RBP: 00007f16f663dff7 R08: 0000000000000000 R09: 0000000000000000
R10: 0000000000000000 R11: 0000000000000246 R12: 0000000000000000
R13: 00007ffd979df38f R14: 00007f16f5d17300 R15: 0000000000022000

Showing all locks held in the system:
3 locks held by kworker/0:1/7:
 #0: ffff888021386538 ((wq_completion)ipv6_addrconf){+.+.}-{0:0}, at: arch_atomic64_set arch/x86/include/asm/atomic64_64.h:34 [inline]
 #0: ffff888021386538 ((wq_completion)ipv6_addrconf){+.+.}-{0:0}, at: arch_atomic_long_set include/linux/atomic/atomic-long.h:41 [inline]
 #0: ffff888021386538 ((wq_completion)ipv6_addrconf){+.+.}-{0:0}, at: atomic_long_set include/linux/atomic/atomic-instrumented.h:1198 [inline]
 #0: ffff888021386538 ((wq_completion)ipv6_addrconf){+.+.}-{0:0}, at: set_work_data kernel/workqueue.c:634 [inline]
 #0: ffff888021386538 ((wq_completion)ipv6_addrconf){+.+.}-{0:0}, at: set_work_pool_and_clear_pending kernel/workqueue.c:661 [inline]
 #0: ffff888021386538 ((wq_completion)ipv6_addrconf){+.+.}-{0:0}, at: process_one_work+0x7a4/0x1450 kernel/workqueue.c:2268
 #1: ffffc90000cc7db8 ((work_completion)(&(&ifa->dad_work)->work)){+.+.}-{0:0}, at: process_one_work+0x7d1/0x1450 kernel/workqueue.c:2272
 #2: ffffffff8c22f308 (rtnl_mutex){+.+.}-{3:3}, at: addrconf_dad_work+0x9f/0x11a0 net/ipv6/addrconf.c:4047
3 locks held by kworker/1:0/20:
 #0: ffff888021386538 ((wq_completion)ipv6_addrconf){+.+.}-{0:0}, at: arch_atomic64_set arch/x86/include/asm/atomic64_64.h:34 [inline]
 #0: ffff888021386538 ((wq_completion)ipv6_addrconf){+.+.}-{0:0}, at: arch_atomic_long_set include/linux/atomic/atomic-long.h:41 [inline]
 #0: ffff888021386538 ((wq_completion)ipv6_addrconf){+.+.}-{0:0}, at: atomic_long_set include/linux/atomic/atomic-instrumented.h:1198 [inline]
 #0: ffff888021386538 ((wq_completion)ipv6_addrconf){+.+.}-{0:0}, at: set_work_data kernel/workqueue.c:634 [inline]
 #0: ffff888021386538 ((wq_completion)ipv6_addrconf){+.+.}-{0:0}, at: set_work_pool_and_clear_pending kernel/workqueue.c:661 [inline]
 #0: ffff888021386538 ((wq_completion)ipv6_addrconf){+.+.}-{0:0}, at: process_one_work+0x7a4/0x1450 kernel/workqueue.c:2268
 #1: ffffc90000da7db8 ((work_completion)(&(&ifa->dad_work)->work)){+.+.}-{0:0}, at: process_one_work+0x7d1/0x1450 kernel/workqueue.c:2272
 #2: ffffffff8c22f308 (rtnl_mutex){+.+.}-{3:3}, at: addrconf_dad_work+0x9f/0x11a0 net/ipv6/addrconf.c:4047
1 lock held by khungtaskd/26:
 #0: ffffffff8ab78540 (rcu_read_lock){....}-{1:2}, at: debug_show_all_locks+0x53/0x260 kernel/locking/lockdep.c:6446
3 locks held by kworker/1:1/31:
 #0: ffff88800fc64d38 ((wq_completion)events){+.+.}-{0:0}, at: arch_atomic64_set arch/x86/include/asm/atomic64_64.h:34 [inline]
 #0: ffff88800fc64d38 ((wq_completion)events){+.+.}-{0:0}, at: arch_atomic_long_set include/linux/atomic/atomic-long.h:41 [inline]
 #0: ffff88800fc64d38 ((wq_completion)events){+.+.}-{0:0}, at: atomic_long_set include/linux/atomic/atomic-instrumented.h:1198 [inline]
 #0: ffff88800fc64d38 ((wq_completion)events){+.+.}-{0:0}, at: set_work_data kernel/workqueue.c:634 [inline]
 #0: ffff88800fc64d38 ((wq_completion)events){+.+.}-{0:0}, at: set_work_pool_and_clear_pending kernel/workqueue.c:661 [inline]
 #0: ffff88800fc64d38 ((wq_completion)events){+.+.}-{0:0}, at: process_one_work+0x7a4/0x1450 kernel/workqueue.c:2268
 #1: ffffc90000e6fdb8 (deferred_process_work){+.+.}-{0:0}, at: process_one_work+0x7d1/0x1450 kernel/workqueue.c:2272
 #2: ffffffff8c22f308 (rtnl_mutex){+.+.}-{3:3}, at: switchdev_deferred_process_work+0x5/0x10 net/switchdev/switchdev.c:74
2 locks held by kworker/u4:6/1227:
 #0: ffff8880b9e31a18 (&rq->__lock){-.-.}-{2:2}, at: raw_spin_rq_lock_nested+0x2b/0x120 kernel/sched/core.c:474
 #1: ffff8880b9e1f9c8 (&per_cpu_ptr(group->pcpu, cpu)->seq){-.-.}-{0:0}, at: psi_task_switch+0x16a/0x480 kernel/sched/psi.c:871
1 lock held by jbd2/sda1-8/2903:
 #0: ffffffff8ac4e808 (oom_lock){+.+.}-{3:3}, at: __alloc_pages_may_oom mm/page_alloc.c:4269 [inline]
 #0: ffffffff8ac4e808 (oom_lock){+.+.}-{3:3}, at: __alloc_pages_slowpath.constprop.0+0xb10/0x21b0 mm/page_alloc.c:5063
2 locks held by klogd/2928:
 #0: ffff88801c8bdf48 (mapping.invalidate_lock){++++}-{3:3}, at: filemap_invalidate_lock_shared include/linux/fs.h:841 [inline]
 #0: ffff88801c8bdf48 (mapping.invalidate_lock){++++}-{3:3}, at: filemap_fault+0x1082/0x2100 mm/filemap.c:3081
 #1: ffffffff8ac94100 (fs_reclaim){+.+.}-{0:0}, at: __perform_reclaim mm/page_alloc.c:4591 [inline]
 #1: ffffffff8ac94100 (fs_reclaim){+.+.}-{0:0}, at: __alloc_pages_direct_reclaim mm/page_alloc.c:4615 [inline]
 #1: ffffffff8ac94100 (fs_reclaim){+.+.}-{0:0}, at: __alloc_pages_slowpath.constprop.0+0x77f/0x21b0 mm/page_alloc.c:5019
2 locks held by dhcpcd/3149:
 #0: ffff88801c8bf338 (mapping.invalidate_lock){++++}-{3:3}, at: filemap_invalidate_lock_shared include/linux/fs.h:841 [inline]
 #0: ffff88801c8bf338 (mapping.invalidate_lock){++++}-{3:3}, at: filemap_fault+0x1082/0x2100 mm/filemap.c:3081
 #1: ffffffff8ac94100 (fs_reclaim){+.+.}-{0:0}, at: __perform_reclaim mm/page_alloc.c:4591 [inline]
 #1: ffffffff8ac94100 (fs_reclaim){+.+.}-{0:0}, at: __alloc_pages_direct_reclaim mm/page_alloc.c:4615 [inline]
 #1: ffffffff8ac94100 (fs_reclaim){+.+.}-{0:0}, at: __alloc_pages_slowpath.constprop.0+0x77f/0x21b0 mm/page_alloc.c:5019
4 locks held by dhcpcd/3150:
 #0: ffffffff8ac44e30 (dup_mmap_sem){.+.+}-{0:0}, at: dup_mmap kernel/fork.c:498 [inline]
 #0: ffffffff8ac44e30 (dup_mmap_sem){.+.+}-{0:0}, at: dup_mm+0xf4/0x10d0 kernel/fork.c:1453
 #1: ffff888021566a28 (&mm->mmap_lock#2){++++}-{3:3}, at: mmap_write_lock_killable include/linux/mmap_lock.h:87 [inline]
 #1: ffff888021566a28 (&mm->mmap_lock#2){++++}-{3:3}, at: dup_mmap kernel/fork.c:499 [inline]
 #1: ffff888021566a28 (&mm->mmap_lock#2){++++}-{3:3}, at: dup_mm+0x10d/0x10d0 kernel/fork.c:1453
 #2: ffff8881c38b2428 (&mm->mmap_lock/1){+.+.}-{3:3}, at: mmap_write_lock_nested include/linux/mmap_lock.h:78 [inline]
 #2: ffff8881c38b2428 (&mm->mmap_lock/1){+.+.}-{3:3}, at: dup_mmap kernel/fork.c:508 [inline]
 #2: ffff8881c38b2428 (&mm->mmap_lock/1){+.+.}-{3:3}, at: dup_mm+0x146/0x10d0 kernel/fork.c:1453
 #3: ffffffff8ac94100 (fs_reclaim){+.+.}-{0:0}, at: __perform_reclaim mm/page_alloc.c:4591 [inline]
 #3: ffffffff8ac94100 (fs_reclaim){+.+.}-{0:0}, at: __alloc_pages_direct_reclaim mm/page_alloc.c:4615 [inline]
 #3: ffffffff8ac94100 (fs_reclaim){+.+.}-{0:0}, at: __alloc_pages_slowpath.constprop.0+0x77f/0x21b0 mm/page_alloc.c:5019
2 locks held by getty/3249:
 #0: ffff888022570098 (&tty->ldisc_sem){++++}-{0:0}, at: tty_ldisc_ref_wait+0x1f/0x70 drivers/tty/tty_ldisc.c:252
 #1: ffffc900020662e8 (&ldata->atomic_read_lock){+.+.}-{3:3}, at: n_tty_read+0x9dd/0xed0 drivers/tty/n_tty.c:2113
3 locks held by kworker/0:4/3584:
 #0: ffff88800fc64d38 ((wq_completion)events){+.+.}-{0:0}, at: arch_atomic64_set arch/x86/include/asm/atomic64_64.h:34 [inline]
 #0: ffff88800fc64d38 ((wq_completion)events){+.+.}-{0:0}, at: arch_atomic_long_set include/linux/atomic/atomic-long.h:41 [inline]
 #0: ffff88800fc64d38 ((wq_completion)events){+.+.}-{0:0}, at: atomic_long_set include/linux/atomic/atomic-instrumented.h:1198 [inline]
 #0: ffff88800fc64d38 ((wq_completion)events){+.+.}-{0:0}, at: set_work_data kernel/workqueue.c:634 [inline]
 #0: ffff88800fc64d38 ((wq_completion)events){+.+.}-{0:0}, at: set_work_pool_and_clear_pending kernel/workqueue.c:661 [inline]
 #0: ffff88800fc64d38 ((wq_completion)events){+.+.}-{0:0}, at: process_one_work+0x7a4/0x1450 kernel/workqueue.c:2268
 #1: ffffc90002a4fdb8 ((work_completion)(&(&krcp->page_cache_work)->work)){+.+.}-{0:0}, at: process_one_work+0x7d1/0x1450 kernel/workqueue.c:2272
 #2: ffffffff8ac94100 (fs_reclaim){+.+.}-{0:0}, at: __perform_reclaim mm/page_alloc.c:4591 [inline]
 #2: ffffffff8ac94100 (fs_reclaim){+.+.}-{0:0}, at: __alloc_pages_direct_reclaim mm/page_alloc.c:4615 [inline]
 #2: ffffffff8ac94100 (fs_reclaim){+.+.}-{0:0}, at: __alloc_pages_slowpath.constprop.0+0x77f/0x21b0 mm/page_alloc.c:5019
2 locks held by syz-execprog/3800:
 #0: ffff888074a6d550 (mapping.invalidate_lock){++++}-{3:3}, at: filemap_invalidate_lock_shared include/linux/fs.h:841 [inline]
 #0: ffff888074a6d550 (mapping.invalidate_lock){++++}-{3:3}, at: filemap_fault+0x1082/0x2100 mm/filemap.c:3081
 #1: ffffffff8ac94100 (fs_reclaim){+.+.}-{0:0}, at: __perform_reclaim mm/page_alloc.c:4591 [inline]
 #1: ffffffff8ac94100 (fs_reclaim){+.+.}-{0:0}, at: __alloc_pages_direct_reclaim mm/page_alloc.c:4615 [inline]
 #1: ffffffff8ac94100 (fs_reclaim){+.+.}-{0:0}, at: __alloc_pages_slowpath.constprop.0+0x77f/0x21b0 mm/page_alloc.c:5019
2 locks held by syz-execprog/3801:
 #0: ffff888074a6d550 (mapping.invalidate_lock){++++}-{3:3}, at: filemap_invalidate_lock_shared include/linux/fs.h:841 [inline]
 #0: ffff888074a6d550 (mapping.invalidate_lock){++++}-{3:3}, at: filemap_fault+0x1082/0x2100 mm/filemap.c:3081
 #1: ffffffff8ac94100 (fs_reclaim){+.+.}-{0:0}, at: __perform_reclaim mm/page_alloc.c:4591 [inline]
 #1: ffffffff8ac94100 (fs_reclaim){+.+.}-{0:0}, at: __alloc_pages_direct_reclaim mm/page_alloc.c:4615 [inline]
 #1: ffffffff8ac94100 (fs_reclaim){+.+.}-{0:0}, at: __alloc_pages_slowpath.constprop.0+0x77f/0x21b0 mm/page_alloc.c:5019
2 locks held by syz-execprog/4945:
 #0: ffff888021e62428 (&mm->mmap_lock#2){++++}-{3:3}, at: mmap_read_trylock include/linux/mmap_lock.h:136 [inline]
 #0: ffff888021e62428 (&mm->mmap_lock#2){++++}-{3:3}, at: do_user_addr_fault+0x18d/0xcd0 arch/x86/mm/fault.c:1338
 #1: ffffffff8ac94100 (fs_reclaim){+.+.}-{0:0}, at: __perform_reclaim mm/page_alloc.c:4591 [inline]
 #1: ffffffff8ac94100 (fs_reclaim){+.+.}-{0:0}, at: __alloc_pages_direct_reclaim mm/page_alloc.c:4615 [inline]
 #1: ffffffff8ac94100 (fs_reclaim){+.+.}-{0:0}, at: __alloc_pages_slowpath.constprop.0+0x77f/0x21b0 mm/page_alloc.c:5019
1 lock held by syz-executor.1/3845:
1 lock held by syz-executor.5/20287:
 #0: ffffffff8c22f308 (rtnl_mutex){+.+.}-{3:3}, at: rtnl_lock net/core/rtnetlink.c:72 [inline]
 #0: ffffffff8c22f308 (rtnl_mutex){+.+.}-{3:3}, at: rtnetlink_rcv_msg+0x2d2/0x8d0 net/core/rtnetlink.c:5569
1 lock held by syz-executor.5/20298:
 #0: ffffffff8c22f308 (rtnl_mutex){+.+.}-{3:3}, at: rtnl_lock net/core/rtnetlink.c:72 [inline]
 #0: ffffffff8c22f308 (rtnl_mutex){+.+.}-{3:3}, at: rtnetlink_rcv_msg+0x2d2/0x8d0 net/core/rtnetlink.c:5569
1 lock held by syz-executor.0/20288:
 #0: ffffffff8c22f308 (rtnl_mutex){+.+.}-{3:3}, at: rtnl_lock net/core/rtnetlink.c:72 [inline]
 #0: ffffffff8c22f308 (rtnl_mutex){+.+.}-{3:3}, at: rtnetlink_rcv_msg+0x2d2/0x8d0 net/core/rtnetlink.c:5569
1 lock held by syz-executor.0/20299:
 #0: ffffffff8c22f308 (rtnl_mutex){+.+.}-{3:3}, at: rtnl_lock net/core/rtnetlink.c:72 [inline]
 #0: ffffffff8c22f308 (rtnl_mutex){+.+.}-{3:3}, at: rtnetlink_rcv_msg+0x2d2/0x8d0 net/core/rtnetlink.c:5569
1 lock held by syz-executor.3/20297:
 #0: ffffffff8c22f308 (rtnl_mutex){+.+.}-{3:3}, at: rtnl_lock net/core/rtnetlink.c:72 [inline]
 #0: ffffffff8c22f308 (rtnl_mutex){+.+.}-{3:3}, at: rtnetlink_rcv_msg+0x2d2/0x8d0 net/core/rtnetlink.c:5569
1 lock held by syz-executor.3/20304:
 #0: ffffffff8c22f308 (rtnl_mutex){+.+.}-{3:3}, at: rtnl_lock net/core/rtnetlink.c:72 [inline]
 #0: ffffffff8c22f308 (rtnl_mutex){+.+.}-{3:3}, at: rtnetlink_rcv_msg+0x2d2/0x8d0 net/core/rtnetlink.c:5569
1 lock held by syz-executor.3/20305:
 #0: ffffffff8c22f308 (rtnl_mutex){+.+.}-{3:3}, at: rtnl_lock net/core/rtnetlink.c:72 [inline]
 #0: ffffffff8c22f308 (rtnl_mutex){+.+.}-{3:3}, at: rtnetlink_rcv_msg+0x2d2/0x8d0 net/core/rtnetlink.c:5569
2 locks held by syz-executor.2/20293:
 #0: ffffffff8c22f308 (rtnl_mutex){+.+.}-{3:3}, at: rtnl_lock net/core/rtnetlink.c:72 [inline]
 #0: ffffffff8c22f308 (rtnl_mutex){+.+.}-{3:3}, at: rtnetlink_rcv_msg+0x2d2/0x8d0 net/core/rtnetlink.c:5569
 #1: ffffffff8ac94100 (fs_reclaim){+.+.}-{0:0}, at: __perform_reclaim mm/page_alloc.c:4591 [inline]
 #1: ffffffff8ac94100 (fs_reclaim){+.+.}-{0:0}, at: __alloc_pages_direct_reclaim mm/page_alloc.c:4615 [inline]
 #1: ffffffff8ac94100 (fs_reclaim){+.+.}-{0:0}, at: __alloc_pages_slowpath.constprop.0+0x77f/0x21b0 mm/page_alloc.c:5019
1 lock held by syz-executor.2/20302:
 #0: ffffffff8c22f308 (rtnl_mutex){+.+.}-{3:3}, at: rtnl_lock net/core/rtnetlink.c:72 [inline]
 #0: ffffffff8c22f308 (rtnl_mutex){+.+.}-{3:3}, at: rtnetlink_rcv_msg+0x2d2/0x8d0 net/core/rtnetlink.c:5569
1 lock held by syz-executor.2/20303:
 #0: ffffffff8c22f308 (rtnl_mutex){+.+.}-{3:3}, at: rtnl_lock net/core/rtnetlink.c:72 [inline]
 #0: ffffffff8c22f308 (rtnl_mutex){+.+.}-{3:3}, at: rtnetlink_rcv_msg+0x2d2/0x8d0 net/core/rtnetlink.c:5569
1 lock held by syz-executor.4/20295:
 #0: ffffffff8c22f308 (rtnl_mutex){+.+.}-{3:3}, at: rtnl_lock net/core/rtnetlink.c:72 [inline]
 #0: ffffffff8c22f308 (rtnl_mutex){+.+.}-{3:3}, at: rtnetlink_rcv_msg+0x2d2/0x8d0 net/core/rtnetlink.c:5569
1 lock held by syz-executor.4/20296:
 #0: ffffffff8c22f308 (rtnl_mutex){+.+.}-{3:3}, at: rtnl_lock net/core/rtnetlink.c:72 [inline]
 #0: ffffffff8c22f308 (rtnl_mutex){+.+.}-{3:3}, at: rtnetlink_rcv_msg+0x2d2/0x8d0 net/core/rtnetlink.c:5569
1 lock held by syz-executor.4/20300:
 #0: ffffffff8c22f308 (rtnl_mutex){+.+.}-{3:3}, at: rtnl_lock net/core/rtnetlink.c:72 [inline]
 #0: ffffffff8c22f308 (rtnl_mutex){+.+.}-{3:3}, at: rtnetlink_rcv_msg+0x2d2/0x8d0 net/core/rtnetlink.c:5569
1 lock held by syz-executor.4/20301:
 #0: ffffffff8c22f308 (rtnl_mutex){+.+.}-{3:3}, at: rtnl_lock net/core/rtnetlink.c:72 [inline]
 #0: ffffffff8c22f308 (rtnl_mutex){+.+.}-{3:3}, at: rtnetlink_rcv_msg+0x2d2/0x8d0 net/core/rtnetlink.c:5569


