./include/linux/page-flags.h:806:29: error: macro "PAGEFLAG_FALSE" requires 2 arguments, but only 1 given
./include/linux/page-flags.h:807:32: error: macro "TESTSCFLAG_FALSE" requires 2 arguments, but only 1 given
./include/linux/page-flags.h:806:1: error: unknown type name 'PAGEFLAG_FALSE'
./include/linux/page-flags.h:807:18: error: expected ';' before 'static'